

Microchip MPLAB XC8 Assembler V2.31 build 20201012212115 
                                                                                               Thu Feb 25 21:24:47 2021

Microchip MPLAB XC8 C Compiler v2.31 (Free license) build 20201012212115 Og1 
     1                           	processor	18F27Q43
     2                           	fnconf	rparam,??,?,0
     3                           	pagewidth 120
     4                           	opt	flic
     5                           	psect	idataCOMRAM,global,class=CODE,delta=1,noexec
     6                           	psect	cinit,global,reloc=2,class=CODE,delta=1
     7                           	psect	bssCOMRAM,global,class=COMRAM,space=1,delta=1,lowdata,noexec
     8                           	psect	dataCOMRAM,global,class=COMRAM,space=1,delta=1,lowdata,noexec
     9                           	psect	cstackCOMRAM,global,class=COMRAM,space=1,delta=1,lowdata,noexec
    10                           	psect	text0,global,reloc=2,class=CODE,delta=1
    11                           	psect	text1,global,reloc=2,class=CODE,delta=1
    12                           	psect	text2,global,reloc=2,class=CODE,delta=1
    13                           	psect	text3,global,reloc=2,class=CODE,delta=1
    14                           	psect	text4,global,reloc=2,class=CODE,delta=1
    15                           	psect	text5,global,reloc=2,class=CODE,delta=1
    16                           	psect	text6,global,reloc=2,class=CODE,delta=1
    17                           	psect	intsave_regs,global,class=BIGRAM,space=1,delta=1,noexec
    18                           	psect	rparam,global,class=COMRAM,space=1,delta=1,noexec
    19                           	psect	idloc,global,abs,ovrld,class=IDLOC,space=5,delta=1,noexec
    20                           	psect	config,global,abs,ovrld,class=CONFIG,space=4,delta=1,noexec
    21  0000                     
    22                           ; Version 2.30
    23                           ; Generated 20/08/2020 GMT
    24                           ; 
    25                           ; Copyright © 2020, Microchip Technology Inc. and its subsidiaries ("Microchip")
    26                           ; All rights reserved.
    27                           ; 
    28                           ; This software is developed by Microchip Technology Inc. and its subsidiaries ("Microch
      +                          ip").
    29                           ; 
    30                           ; Redistribution and use in source and binary forms, with or without modification, are
    31                           ; permitted provided that the following conditions are met:
    32                           ; 
    33                           ;     1. Redistributions of source code must retain the above copyright notice, this lis
      +                          t of
    34                           ;        conditions and the following disclaimer.
    35                           ; 
    36                           ;     2. Redistributions in binary form must reproduce the above copyright notice, this 
      +                          list
    37                           ;        of conditions and the following disclaimer in the documentation and/or other
    38                           ;        materials provided with the distribution. Publication is not required when
    39                           ;        this file is used in an embedded application.
    40                           ; 
    41                           ;     3. Microchip's name may not be used to endorse or promote products derived from th
      +                          is
    42                           ;        software without specific prior written permission.
    43                           ; 
    44                           ; THIS SOFTWARE IS PROVIDED BY MICROCHIP "AS IS" AND ANY EXPRESS OR IMPLIED WARRANTIES,
    45                           ; INCLUDING, BUT NOT LIMITED TO, THE IMPLIED WARRANTIES OF MERCHANTABILITY AND FITNESS F
      +                          OR
    46                           ; PURPOSE ARE DISCLAIMED.  IN NO EVENT SHALL MICROCHIP BE LIABLE FOR ANY DIRECT, INDIREC
      +                          T,
    47                           ; INCIDENTAL, SPECIAL, EXEMPLARY, OR CONSEQUENTIAL DAMAGES (INCLUDING BUT NOT LIMITED TO
    48                           ; PROCUREMENT OF SUBSTITUTE GOODS OR SERVICES; LOSS OF USE, DATA OR PROFITS; OR BUSINESS
    49                           ; INTERRUPTION) HOWSOEVER CAUSED AND ON ANY THEORY OF LIABILITY, WHETHER IN CONTRACT, ST
      +                          RICT
    50                           ; LIABILITY, OR TORT (INCLUDING NEGLIGENCE OR OTHERWISE) ARISING IN ANY WAY OUT OF THE U
      +                          SE OF
    51                           ; THIS SOFTWARE, EVEN IF ADVISED OF THE POSSIBILITY OF SUCH DAMAGE.
    52                           ; 
    53                           ; 
    54                           ; Code-generator required, PIC18F27Q43 Definitions
    55                           ; 
    56                           ; SFR Addresses
    57  0000                     
    58                           	psect	idataCOMRAM
    59  01FEF5                     __pidataCOMRAM:
    60                           	callstack 0
    61                           
    62                           ;initializer for UserAppRun@bLedstate
    63  01FEF5  01                 	db	1
    64  0000                     _ANSELB	set	1032
    65  0000                     _ANSELA	set	1024
    66  0000                     _LATA	set	1214
    67  0000                     _TRISB	set	1223
    68  0000                     _PORTB	set	1231
    69  0000                     _PORTA	set	1230
    70  0000                     _TRISA	set	1222
    71  0000                     _RB5	set	9853
    72                           
    73                           ; #config settings
    74                           
    75                           	psect	cinit
    76  01FF5C                     __pcinit:
    77                           	callstack 0
    78  01FF5C                     start_initialization:
    79                           	callstack 0
    80  01FF5C                     __initialization:
    81                           	callstack 0
    82                           
    83                           ; Initialize objects allocated to COMRAM (1 bytes)
    84                           ; load TBLPTR registers with __pidataCOMRAM
    85  01FF5C  0EF5               	movlw	low __pidataCOMRAM
    86  01FF5E  6EF6               	movwf	tblptrl,c
    87  01FF60  0EFE               	movlw	high __pidataCOMRAM
    88  01FF62  6EF7               	movwf	tblptrh,c
    89  01FF64  0E01               	movlw	low (__pidataCOMRAM shr (0+16))
    90  01FF66  6EF8               	movwf	tblptru,c
    91  01FF68  0009               	tblrd		*+	;fetch initializer
    92  01FF6A  0061 F3D4  F516    	movff	tablat,__pdataCOMRAM
    93                           
    94                           ; Clear objects allocated to COMRAM (21 bytes)
    95  01FF70  EE01  F101         	lfsr	0,__pbssCOMRAM
    96  01FF74  0E15               	movlw	21
    97  01FF76                     clear_0:
    98  01FF76  6AEE               	clrf	postinc0,c
    99  01FF78  06E8               	decf	wreg,f,c
   100  01FF7A  E1FD               	bnz	clear_0
   101  01FF7C                     end_of_initialization:
   102                           	callstack 0
   103  01FF7C                     __end_of__initialization:
   104                           	callstack 0
   105  01FF7C  0100               	movlb	0
   106  01FF7E  EF9D  F0FF         	goto	_main	;jump to C main() function
   107                           
   108                           	psect	bssCOMRAM
   109  000501                     __pbssCOMRAM:
   110                           	callstack 0
   111  000501                     	ds	4
   112  000505                     UserAppRun@u32Counter:
   113                           	callstack 0
   114  000505                     	ds	4
   115  000509                     _G_u32SystemFlags:
   116                           	callstack 0
   117  000509                     	ds	4
   118  00050D                     _G_u32SystemTime1s:
   119                           	callstack 0
   120  00050D                     	ds	4
   121  000511                     _G_u32SystemTime1ms:
   122                           	callstack 0
   123  000511                     	ds	4
   124  000515                     _G_u8UserAppFlags:
   125                           	callstack 0
   126  000515                     	ds	1
   127                           
   128                           	psect	dataCOMRAM
   129  000516                     __pdataCOMRAM:
   130                           	callstack 0
   131  000516                     UserAppRun@bLedstate:
   132                           	callstack 0
   133  000516                     	ds	1
   134                           
   135                           	psect	cstackCOMRAM
   136  000000                     __pcstackCOMRAM:
   137                           	callstack 0
   138  000000                     
   139                           ; 1 bytes @ 0x0
   140 ;;
   141 ;;Main: autosize = 0, tempsize = 0, incstack = 0, save=0
   142 ;;
   143 ;; *************** function _main *****************
   144 ;; Defined at:
   145 ;;		line 35 in file "main.c"
   146 ;; Parameters:    Size  Location     Type
   147 ;;		None
   148 ;; Auto vars:     Size  Location     Type
   149 ;;		None
   150 ;; Return value:  Size  Location     Type
   151 ;;                  1    wreg      void 
   152 ;; Registers used:
   153 ;;		wreg, status,2, status,0, cstack
   154 ;; Tracked objects:
   155 ;;		On entry : 0/0
   156 ;;		On exit  : 0/0
   157 ;;		Unchanged: 0/0
   158 ;; Data sizes:     COMRAM   BANK5   BANK6   BANK7   BANK8   BANK9  BANK10  BANK11  BANK12  BANK13  BANK14  BANK15  BANK1
      +6  BANK17  BANK18  BANK19  BANK20  BANK21  BANK22  BANK23  BANK24  BANK25  BANK26  BANK27  BANK28  BANK29  BANK30  BANK3
      +1  BANK32  BANK33  BANK34  BANK35  BANK36  BANK37
   159 ;;      Params:         0       0       0       0       0       0       0       0       0       0       0       0       
      +0       0       0       0       0       0       0       0       0       0       0       0       0       0       0       
      +0       0       0       0       0       0       0
   160 ;;      Locals:         0       0       0       0       0       0       0       0       0       0       0       0       
      +0       0       0       0       0       0       0       0       0       0       0       0       0       0       0       
      +0       0       0       0       0       0       0
   161 ;;      Temps:          0       0       0       0       0       0       0       0       0       0       0       0       
      +0       0       0       0       0       0       0       0       0       0       0       0       0       0       0       
      +0       0       0       0       0       0       0
   162 ;;      Totals:         0       0       0       0       0       0       0       0       0       0       0       0       
      +0       0       0       0       0       0       0       0       0       0       0       0       0       0       0       
      +0       0       0       0       0       0       0
   163 ;;Total ram usage:        0 bytes
   164 ;; Hardware stack levels required when called:    1
   165 ;; This function calls:
   166 ;;		_ClockSetup
   167 ;;		_GpioSetup
   168 ;;		_SysTickSetup
   169 ;;		_SystemSleep
   170 ;;		_UserAppInitialize
   171 ;;		_UserAppRun
   172 ;; This function is called by:
   173 ;;		Startup code after reset
   174 ;; This function uses a non-reentrant model
   175 ;;
   176                           
   177                           	psect	text0
   178  01FF3A                     __ptext0:
   179                           	callstack 0
   180  01FF3A                     _main:
   181                           	callstack 127
   182  01FF3A                     
   183                           ;main.c: 37:   G_u32SystemFlags |= (u32)0x80000000;
   184  01FF3A  8E0C               	bsf	(_G_u32SystemFlags+3)^(0+1280),7,c	;volatile
   185  01FF3C                     
   186                           ;main.c: 40:   ClockSetup();
   187  01FF3C  EC7B  F0FF         	call	_ClockSetup	;wreg free
   188  01FF40                     
   189                           ;main.c: 41:   SysTickSetup();
   190  01FF40  EC8C  F0FF         	call	_SysTickSetup	;wreg free
   191  01FF44                     
   192                           ;main.c: 42:   GpioSetup();
   193  01FF44  EC7E  F0FF         	call	_GpioSetup	;wreg free
   194  01FF48                     
   195                           ;main.c: 47:   UserAppInitialize();
   196  01FF48  EC7D  F0FF         	call	_UserAppInitialize	;wreg free
   197  01FF4C                     l799:
   198                           
   199                           ;main.c: 53:   {;main.c: 57:     UserAppRun();
   200  01FF4C  ECC1  F0FF         	call	_UserAppRun	;wreg free
   201  01FF50                     
   202                           ;main.c: 62:     SystemSleep();
   203  01FF50  EC7C  F0FF         	call	_SystemSleep	;wreg free
   204  01FF54  EFA6  F0FF         	goto	l799
   205  01FF58  EFFE  F0FF         	goto	start
   206  01FF5C                     __end_of_main:
   207                           	callstack 0
   208                           
   209 ;; *************** function _UserAppRun *****************
   210 ;; Defined at:
   211 ;;		line 95 in file "user_app.c"
   212 ;; Parameters:    Size  Location     Type
   213 ;;		None
   214 ;; Auto vars:     Size  Location     Type
   215 ;;		None
   216 ;; Return value:  Size  Location     Type
   217 ;;                  1    wreg      void 
   218 ;; Registers used:
   219 ;;		wreg, status,2, status,0
   220 ;; Tracked objects:
   221 ;;		On entry : 0/0
   222 ;;		On exit  : 0/0
   223 ;;		Unchanged: 0/0
   224 ;; Data sizes:     COMRAM   BANK5   BANK6   BANK7   BANK8   BANK9  BANK10  BANK11  BANK12  BANK13  BANK14  BANK15  BANK1
      +6  BANK17  BANK18  BANK19  BANK20  BANK21  BANK22  BANK23  BANK24  BANK25  BANK26  BANK27  BANK28  BANK29  BANK30  BANK3
      +1  BANK32  BANK33  BANK34  BANK35  BANK36  BANK37
   225 ;;      Params:         0       0       0       0       0       0       0       0       0       0       0       0       
      +0       0       0       0       0       0       0       0       0       0       0       0       0       0       0       
      +0       0       0       0       0       0       0
   226 ;;      Locals:         0       0       0       0       0       0       0       0       0       0       0       0       
      +0       0       0       0       0       0       0       0       0       0       0       0       0       0       0       
      +0       0       0       0       0       0       0
   227 ;;      Temps:          0       0       0       0       0       0       0       0       0       0       0       0       
      +0       0       0       0       0       0       0       0       0       0       0       0       0       0       0       
      +0       0       0       0       0       0       0
   228 ;;      Totals:         0       0       0       0       0       0       0       0       0       0       0       0       
      +0       0       0       0       0       0       0       0       0       0       0       0       0       0       0       
      +0       0       0       0       0       0       0
   229 ;;Total ram usage:        0 bytes
   230 ;; Hardware stack levels used:    1
   231 ;; This function calls:
   232 ;;		Nothing
   233 ;; This function is called by:
   234 ;;		_main
   235 ;; This function uses a non-reentrant model
   236 ;;
   237                           
   238                           	psect	text1
   239  01FF82                     __ptext1:
   240                           	callstack 0
   241  01FF82                     _UserAppRun:
   242                           	callstack 127
   243  01FF82                     
   244                           ;user_app.c: 97:     static u32 u32Counter=0;;user_app.c: 98:     static _Bool bLedstate
      +                          =1;;user_app.c: 99:     static u32 Buttonold=0;;user_app.c: 101:     if(RB5==1)
   245  01FF82  AACF               	btfss	1231,5,c	;volatile
   246  01FF84  EFC6  F0FF         	goto	u11
   247  01FF88  EFC8  F0FF         	goto	u10
   248  01FF8C                     u11:
   249  01FF8C  EFFD  F0FF         	goto	l79
   250  01FF90                     u10:
   251  01FF90                     
   252                           ;user_app.c: 102:     {;user_app.c: 103:         if(bLedstate==1 && u32Counter<64)
   253  01FF90  0416               	decf	UserAppRun@bLedstate^(0+1280),w,c
   254  01FF92  A4D8               	btfss	status,2,c
   255  01FF94  EFCE  F0FF         	goto	u21
   256  01FF98  EFD0  F0FF         	goto	u20
   257  01FF9C                     u21:
   258  01FF9C  EFE8  F0FF         	goto	l767
   259  01FFA0                     u20:
   260  01FFA0  5008               	movf	(UserAppRun@u32Counter+3)^(0+1280),w,c
   261  01FFA2  1007               	iorwf	(UserAppRun@u32Counter+2)^(0+1280),w,c
   262  01FFA4  1006               	iorwf	(UserAppRun@u32Counter+1)^(0+1280),w,c
   263  01FFA6  E107               	bnz	u31
   264  01FFA8  0E40               	movlw	64
   265  01FFAA  5C05               	subwf	UserAppRun@u32Counter^(0+1280),w,c
   266  01FFAC  B0D8               	btfsc	status,0,c
   267  01FFAE  EFDB  F0FF         	goto	u31
   268  01FFB2  EFDD  F0FF         	goto	u30
   269  01FFB6                     u31:
   270  01FFB6  EFE8  F0FF         	goto	l767
   271  01FFBA                     u30:
   272  01FFBA                     
   273                           ;user_app.c: 104:         {;user_app.c: 105:             u32Counter+=1;
   274  01FFBA  0E01               	movlw	1
   275  01FFBC  2605               	addwf	UserAppRun@u32Counter^(0+1280),f,c
   276  01FFBE  0E00               	movlw	0
   277  01FFC0  2206               	addwfc	(UserAppRun@u32Counter+1)^(0+1280),f,c
   278  01FFC2  2207               	addwfc	(UserAppRun@u32Counter+2)^(0+1280),f,c
   279  01FFC4  2208               	addwfc	(UserAppRun@u32Counter+3)^(0+1280),f,c
   280                           
   281                           ;user_app.c: 106:             LATA=128+u32Counter;
   282  01FFC6  5005               	movf	UserAppRun@u32Counter^(0+1280),w,c
   283  01FFC8  0F80               	addlw	128
   284  01FFCA  6EBE               	movwf	190,c	;volatile
   285                           
   286                           ;user_app.c: 107:         }
   287  01FFCC  EFFD  F0FF         	goto	l79
   288  01FFD0                     l767:
   289  01FFD0  0E10               	movlw	16
   290  01FFD2  18CF               	xorwf	207,w,c	;volatile
   291  01FFD4  A4D8               	btfss	status,2,c
   292  01FFD6  EFEF  F0FF         	goto	u41
   293  01FFDA  EFF1  F0FF         	goto	u40
   294  01FFDE                     u41:
   295  01FFDE  EFF5  F0FF         	goto	l771
   296  01FFE2                     u40:
   297  01FFE2                     
   298                           ;user_app.c: 109:         {;user_app.c: 110:             bLedstate=0;
   299  01FFE2  0E00               	movlw	0
   300  01FFE4  6E16               	movwf	UserAppRun@bLedstate^(0+1280),c
   301                           
   302                           ;user_app.c: 111:         }
   303  01FFE6  EFFD  F0FF         	goto	l79
   304  01FFEA                     l771:
   305                           
   306                           ;user_app.c: 113:             u32Counter=0;
   307  01FFEA  0E00               	movlw	0
   308  01FFEC  6E05               	movwf	UserAppRun@u32Counter^(0+1280),c
   309  01FFEE  0E00               	movlw	0
   310  01FFF0  6E06               	movwf	(UserAppRun@u32Counter+1)^(0+1280),c
   311  01FFF2  0E00               	movlw	0
   312  01FFF4  6E07               	movwf	(UserAppRun@u32Counter+2)^(0+1280),c
   313  01FFF6  0E00               	movlw	0
   314  01FFF8  6E08               	movwf	(UserAppRun@u32Counter+3)^(0+1280),c
   315  01FFFA                     l79:
   316  01FFFA  0012               	return		;funcret
   317  01FFFC                     __end_of_UserAppRun:
   318                           	callstack 0
   319                           
   320 ;; *************** function _UserAppInitialize *****************
   321 ;; Defined at:
   322 ;;		line 76 in file "user_app.c"
   323 ;; Parameters:    Size  Location     Type
   324 ;;		None
   325 ;; Auto vars:     Size  Location     Type
   326 ;;		None
   327 ;; Return value:  Size  Location     Type
   328 ;;                  1    wreg      void 
   329 ;; Registers used:
   330 ;;		None
   331 ;; Tracked objects:
   332 ;;		On entry : 0/0
   333 ;;		On exit  : 0/0
   334 ;;		Unchanged: 0/0
   335 ;; Data sizes:     COMRAM   BANK5   BANK6   BANK7   BANK8   BANK9  BANK10  BANK11  BANK12  BANK13  BANK14  BANK15  BANK1
      +6  BANK17  BANK18  BANK19  BANK20  BANK21  BANK22  BANK23  BANK24  BANK25  BANK26  BANK27  BANK28  BANK29  BANK30  BANK3
      +1  BANK32  BANK33  BANK34  BANK35  BANK36  BANK37
   336 ;;      Params:         0       0       0       0       0       0       0       0       0       0       0       0       
      +0       0       0       0       0       0       0       0       0       0       0       0       0       0       0       
      +0       0       0       0       0       0       0
   337 ;;      Locals:         0       0       0       0       0       0       0       0       0       0       0       0       
      +0       0       0       0       0       0       0       0       0       0       0       0       0       0       0       
      +0       0       0       0       0       0       0
   338 ;;      Temps:          0       0       0       0       0       0       0       0       0       0       0       0       
      +0       0       0       0       0       0       0       0       0       0       0       0       0       0       0       
      +0       0       0       0       0       0       0
   339 ;;      Totals:         0       0       0       0       0       0       0       0       0       0       0       0       
      +0       0       0       0       0       0       0       0       0       0       0       0       0       0       0       
      +0       0       0       0       0       0       0
   340 ;;Total ram usage:        0 bytes
   341 ;; Hardware stack levels used:    1
   342 ;; This function calls:
   343 ;;		Nothing
   344 ;; This function is called by:
   345 ;;		_main
   346 ;; This function uses a non-reentrant model
   347 ;;
   348                           
   349                           	psect	text2
   350  01FEFA                     __ptext2:
   351                           	callstack 0
   352  01FEFA                     _UserAppInitialize:
   353                           	callstack 127
   354  01FEFA  0012               	return		;funcret
   355  01FEFC                     __end_of_UserAppInitialize:
   356                           	callstack 0
   357                           
   358 ;; *************** function _SystemSleep *****************
   359 ;; Defined at:
   360 ;;		line 137 in file "encm369_pic18.c"
   361 ;; Parameters:    Size  Location     Type
   362 ;;		None
   363 ;; Auto vars:     Size  Location     Type
   364 ;;		None
   365 ;; Return value:  Size  Location     Type
   366 ;;                  1    wreg      void 
   367 ;; Registers used:
   368 ;;		None
   369 ;; Tracked objects:
   370 ;;		On entry : 0/0
   371 ;;		On exit  : 0/0
   372 ;;		Unchanged: 0/0
   373 ;; Data sizes:     COMRAM   BANK5   BANK6   BANK7   BANK8   BANK9  BANK10  BANK11  BANK12  BANK13  BANK14  BANK15  BANK1
      +6  BANK17  BANK18  BANK19  BANK20  BANK21  BANK22  BANK23  BANK24  BANK25  BANK26  BANK27  BANK28  BANK29  BANK30  BANK3
      +1  BANK32  BANK33  BANK34  BANK35  BANK36  BANK37
   374 ;;      Params:         0       0       0       0       0       0       0       0       0       0       0       0       
      +0       0       0       0       0       0       0       0       0       0       0       0       0       0       0       
      +0       0       0       0       0       0       0
   375 ;;      Locals:         0       0       0       0       0       0       0       0       0       0       0       0       
      +0       0       0       0       0       0       0       0       0       0       0       0       0       0       0       
      +0       0       0       0       0       0       0
   376 ;;      Temps:          0       0       0       0       0       0       0       0       0       0       0       0       
      +0       0       0       0       0       0       0       0       0       0       0       0       0       0       0       
      +0       0       0       0       0       0       0
   377 ;;      Totals:         0       0       0       0       0       0       0       0       0       0       0       0       
      +0       0       0       0       0       0       0       0       0       0       0       0       0       0       0       
      +0       0       0       0       0       0       0
   378 ;;Total ram usage:        0 bytes
   379 ;; Hardware stack levels used:    1
   380 ;; This function calls:
   381 ;;		Nothing
   382 ;; This function is called by:
   383 ;;		_main
   384 ;; This function uses a non-reentrant model
   385 ;;
   386                           
   387                           	psect	text3
   388  01FEF8                     __ptext3:
   389                           	callstack 0
   390  01FEF8                     _SystemSleep:
   391                           	callstack 127
   392  01FEF8  0012               	return		;funcret
   393  01FEFA                     __end_of_SystemSleep:
   394                           	callstack 0
   395                           
   396 ;; *************** function _SysTickSetup *****************
   397 ;; Defined at:
   398 ;;		line 115 in file "encm369_pic18.c"
   399 ;; Parameters:    Size  Location     Type
   400 ;;		None
   401 ;; Auto vars:     Size  Location     Type
   402 ;;		None
   403 ;; Return value:  Size  Location     Type
   404 ;;                  1    wreg      void 
   405 ;; Registers used:
   406 ;;		wreg, status,2
   407 ;; Tracked objects:
   408 ;;		On entry : 0/0
   409 ;;		On exit  : 0/0
   410 ;;		Unchanged: 0/0
   411 ;; Data sizes:     COMRAM   BANK5   BANK6   BANK7   BANK8   BANK9  BANK10  BANK11  BANK12  BANK13  BANK14  BANK15  BANK1
      +6  BANK17  BANK18  BANK19  BANK20  BANK21  BANK22  BANK23  BANK24  BANK25  BANK26  BANK27  BANK28  BANK29  BANK30  BANK3
      +1  BANK32  BANK33  BANK34  BANK35  BANK36  BANK37
   412 ;;      Params:         0       0       0       0       0       0       0       0       0       0       0       0       
      +0       0       0       0       0       0       0       0       0       0       0       0       0       0       0       
      +0       0       0       0       0       0       0
   413 ;;      Locals:         0       0       0       0       0       0       0       0       0       0       0       0       
      +0       0       0       0       0       0       0       0       0       0       0       0       0       0       0       
      +0       0       0       0       0       0       0
   414 ;;      Temps:          0       0       0       0       0       0       0       0       0       0       0       0       
      +0       0       0       0       0       0       0       0       0       0       0       0       0       0       0       
      +0       0       0       0       0       0       0
   415 ;;      Totals:         0       0       0       0       0       0       0       0       0       0       0       0       
      +0       0       0       0       0       0       0       0       0       0       0       0       0       0       0       
      +0       0       0       0       0       0       0
   416 ;;Total ram usage:        0 bytes
   417 ;; Hardware stack levels used:    1
   418 ;; This function calls:
   419 ;;		Nothing
   420 ;; This function is called by:
   421 ;;		_main
   422 ;; This function uses a non-reentrant model
   423 ;;
   424                           
   425                           	psect	text4
   426  01FF18                     __ptext4:
   427                           	callstack 0
   428  01FF18                     _SysTickSetup:
   429                           	callstack 127
   430  01FF18                     
   431                           ;encm369_pic18.c: 117:   G_u32SystemTime1ms = 0;
   432  01FF18  0E00               	movlw	0
   433  01FF1A  6E11               	movwf	_G_u32SystemTime1ms^(0+1280),c	;volatile
   434  01FF1C  0E00               	movlw	0
   435  01FF1E  6E12               	movwf	(_G_u32SystemTime1ms+1)^(0+1280),c	;volatile
   436  01FF20  0E00               	movlw	0
   437  01FF22  6E13               	movwf	(_G_u32SystemTime1ms+2)^(0+1280),c	;volatile
   438  01FF24  0E00               	movlw	0
   439  01FF26  6E14               	movwf	(_G_u32SystemTime1ms+3)^(0+1280),c	;volatile
   440                           
   441                           ;encm369_pic18.c: 118:   G_u32SystemTime1s = 0;
   442  01FF28  0E00               	movlw	0
   443  01FF2A  6E0D               	movwf	_G_u32SystemTime1s^(0+1280),c	;volatile
   444  01FF2C  0E00               	movlw	0
   445  01FF2E  6E0E               	movwf	(_G_u32SystemTime1s+1)^(0+1280),c	;volatile
   446  01FF30  0E00               	movlw	0
   447  01FF32  6E0F               	movwf	(_G_u32SystemTime1s+2)^(0+1280),c	;volatile
   448  01FF34  0E00               	movlw	0
   449  01FF36  6E10               	movwf	(_G_u32SystemTime1s+3)^(0+1280),c	;volatile
   450  01FF38  0012               	return		;funcret
   451  01FF3A                     __end_of_SysTickSetup:
   452                           	callstack 0
   453                           
   454 ;; *************** function _GpioSetup *****************
   455 ;; Defined at:
   456 ;;		line 89 in file "encm369_pic18.c"
   457 ;; Parameters:    Size  Location     Type
   458 ;;		None
   459 ;; Auto vars:     Size  Location     Type
   460 ;;		None
   461 ;; Return value:  Size  Location     Type
   462 ;;                  1    wreg      void 
   463 ;; Registers used:
   464 ;;		wreg, status,2
   465 ;; Tracked objects:
   466 ;;		On entry : 0/0
   467 ;;		On exit  : 0/0
   468 ;;		Unchanged: 0/0
   469 ;; Data sizes:     COMRAM   BANK5   BANK6   BANK7   BANK8   BANK9  BANK10  BANK11  BANK12  BANK13  BANK14  BANK15  BANK1
      +6  BANK17  BANK18  BANK19  BANK20  BANK21  BANK22  BANK23  BANK24  BANK25  BANK26  BANK27  BANK28  BANK29  BANK30  BANK3
      +1  BANK32  BANK33  BANK34  BANK35  BANK36  BANK37
   470 ;;      Params:         0       0       0       0       0       0       0       0       0       0       0       0       
      +0       0       0       0       0       0       0       0       0       0       0       0       0       0       0       
      +0       0       0       0       0       0       0
   471 ;;      Locals:         0       0       0       0       0       0       0       0       0       0       0       0       
      +0       0       0       0       0       0       0       0       0       0       0       0       0       0       0       
      +0       0       0       0       0       0       0
   472 ;;      Temps:          0       0       0       0       0       0       0       0       0       0       0       0       
      +0       0       0       0       0       0       0       0       0       0       0       0       0       0       0       
      +0       0       0       0       0       0       0
   473 ;;      Totals:         0       0       0       0       0       0       0       0       0       0       0       0       
      +0       0       0       0       0       0       0       0       0       0       0       0       0       0       0       
      +0       0       0       0       0       0       0
   474 ;;Total ram usage:        0 bytes
   475 ;; Hardware stack levels used:    1
   476 ;; This function calls:
   477 ;;		Nothing
   478 ;; This function is called by:
   479 ;;		_main
   480 ;; This function uses a non-reentrant model
   481 ;;
   482                           
   483                           	psect	text5
   484  01FEFC                     __ptext5:
   485                           	callstack 0
   486  01FEFC                     _GpioSetup:
   487                           	callstack 127
   488  01FEFC                     
   489                           ;encm369_pic18.c: 91:   TRISA = 0x00;
   490  01FEFC  0E00               	movlw	0
   491  01FEFE  6EC6               	movwf	198,c	;volatile
   492                           
   493                           ;encm369_pic18.c: 92:   PORTA = 0x00;
   494  01FF00  0E00               	movlw	0
   495  01FF02  6ECE               	movwf	206,c	;volatile
   496                           
   497                           ;encm369_pic18.c: 93:   ANSELA = 0x00;
   498  01FF04  0E00               	movlw	0
   499  01FF06  0104               	movlb	4	; () banked
   500  01FF08  6F00               	movwf	0,b	;volatile
   501                           
   502                           ;encm369_pic18.c: 95:   PORTB= 0x00;
   503  01FF0A  0E00               	movlw	0
   504  01FF0C  6ECF               	movwf	207,c	;volatile
   505                           
   506                           ;encm369_pic18.c: 96:   ANSELB= 0x00;
   507  01FF0E  0E00               	movlw	0
   508  01FF10  6F08               	movwf	8,b	;volatile
   509                           
   510                           ;encm369_pic18.c: 97:   TRISB= 0x30;
   511  01FF12  0E30               	movlw	48
   512  01FF14  6EC7               	movwf	199,c	;volatile
   513  01FF16                     
   514                           ; BSR set to: 4
   515  01FF16  0012               	return		;funcret
   516  01FF18                     __end_of_GpioSetup:
   517                           	callstack 0
   518                           
   519 ;; *************** function _ClockSetup *****************
   520 ;; Defined at:
   521 ;;		line 70 in file "encm369_pic18.c"
   522 ;; Parameters:    Size  Location     Type
   523 ;;		None
   524 ;; Auto vars:     Size  Location     Type
   525 ;;		None
   526 ;; Return value:  Size  Location     Type
   527 ;;                  1    wreg      void 
   528 ;; Registers used:
   529 ;;		None
   530 ;; Tracked objects:
   531 ;;		On entry : 0/0
   532 ;;		On exit  : 0/0
   533 ;;		Unchanged: 0/0
   534 ;; Data sizes:     COMRAM   BANK5   BANK6   BANK7   BANK8   BANK9  BANK10  BANK11  BANK12  BANK13  BANK14  BANK15  BANK1
      +6  BANK17  BANK18  BANK19  BANK20  BANK21  BANK22  BANK23  BANK24  BANK25  BANK26  BANK27  BANK28  BANK29  BANK30  BANK3
      +1  BANK32  BANK33  BANK34  BANK35  BANK36  BANK37
   535 ;;      Params:         0       0       0       0       0       0       0       0       0       0       0       0       
      +0       0       0       0       0       0       0       0       0       0       0       0       0       0       0       
      +0       0       0       0       0       0       0
   536 ;;      Locals:         0       0       0       0       0       0       0       0       0       0       0       0       
      +0       0       0       0       0       0       0       0       0       0       0       0       0       0       0       
      +0       0       0       0       0       0       0
   537 ;;      Temps:          0       0       0       0       0       0       0       0       0       0       0       0       
      +0       0       0       0       0       0       0       0       0       0       0       0       0       0       0       
      +0       0       0       0       0       0       0
   538 ;;      Totals:         0       0       0       0       0       0       0       0       0       0       0       0       
      +0       0       0       0       0       0       0       0       0       0       0       0       0       0       0       
      +0       0       0       0       0       0       0
   539 ;;Total ram usage:        0 bytes
   540 ;; Hardware stack levels used:    1
   541 ;; This function calls:
   542 ;;		Nothing
   543 ;; This function is called by:
   544 ;;		_main
   545 ;; This function uses a non-reentrant model
   546 ;;
   547                           
   548                           	psect	text6
   549  01FEF6                     __ptext6:
   550                           	callstack 0
   551  01FEF6                     _ClockSetup:
   552                           	callstack 127
   553  01FEF6  0012               	return		;funcret
   554  01FEF8                     __end_of_ClockSetup:
   555                           	callstack 0
   556  0000                     
   557                           	psect	rparam
   558  0000                     
   559                           	psect	idloc
   560                           
   561                           ;Config register IDLOC0 @ 0x200000
   562                           ;	unspecified, using default values
   563  200000                     	org	2097152
   564  200000  0FFF               	dw	4095
   565                           
   566                           ;Config register IDLOC1 @ 0x200002
   567                           ;	unspecified, using default values
   568  200002                     	org	2097154
   569  200002  0FFF               	dw	4095
   570                           
   571                           ;Config register IDLOC2 @ 0x200004
   572                           ;	unspecified, using default values
   573  200004                     	org	2097156
   574  200004  0FFF               	dw	4095
   575                           
   576                           ;Config register IDLOC3 @ 0x200006
   577                           ;	unspecified, using default values
   578  200006                     	org	2097158
   579  200006  0FFF               	dw	4095
   580                           
   581                           ;Config register IDLOC4 @ 0x200008
   582                           ;	unspecified, using default values
   583  200008                     	org	2097160
   584  200008  0FFF               	dw	4095
   585                           
   586                           ;Config register IDLOC5 @ 0x20000A
   587                           ;	unspecified, using default values
   588  20000A                     	org	2097162
   589  20000A  0FFF               	dw	4095
   590                           
   591                           ;Config register IDLOC6 @ 0x20000C
   592                           ;	unspecified, using default values
   593  20000C                     	org	2097164
   594  20000C  0FFF               	dw	4095
   595                           
   596                           ;Config register IDLOC7 @ 0x20000E
   597                           ;	unspecified, using default values
   598  20000E                     	org	2097166
   599  20000E  0FFF               	dw	4095
   600                           
   601                           ;Config register IDLOC8 @ 0x200010
   602                           ;	unspecified, using default values
   603  200010                     	org	2097168
   604  200010  0FFF               	dw	4095
   605                           
   606                           ;Config register IDLOC9 @ 0x200012
   607                           ;	unspecified, using default values
   608  200012                     	org	2097170
   609  200012  0FFF               	dw	4095
   610                           
   611                           ;Config register IDLOC10 @ 0x200014
   612                           ;	unspecified, using default values
   613  200014                     	org	2097172
   614  200014  0FFF               	dw	4095
   615                           
   616                           ;Config register IDLOC11 @ 0x200016
   617                           ;	unspecified, using default values
   618  200016                     	org	2097174
   619  200016  0FFF               	dw	4095
   620                           
   621                           ;Config register IDLOC12 @ 0x200018
   622                           ;	unspecified, using default values
   623  200018                     	org	2097176
   624  200018  0FFF               	dw	4095
   625                           
   626                           ;Config register IDLOC13 @ 0x20001A
   627                           ;	unspecified, using default values
   628  20001A                     	org	2097178
   629  20001A  0FFF               	dw	4095
   630                           
   631                           ;Config register IDLOC14 @ 0x20001C
   632                           ;	unspecified, using default values
   633  20001C                     	org	2097180
   634  20001C  0FFF               	dw	4095
   635                           
   636                           ;Config register IDLOC15 @ 0x20001E
   637                           ;	unspecified, using default values
   638  20001E                     	org	2097182
   639  20001E  0FFF               	dw	4095
   640                           
   641                           	psect	config
   642                           
   643                           ;Config register CONFIG1 @ 0x300000
   644                           ;	External Oscillator Selection
   645                           ;	FEXTOSC = OFF, Oscillator not enabled
   646                           ;	Reset Oscillator Selection
   647                           ;	RSTOSC = HFINTOSC_64MHZ, HFINTOSC with HFFRQ = 64 MHz and CDIV = 1:1
   648  300000                     	org	3145728
   649  300000  8C                 	db	140
   650                           
   651                           ;Config register CONFIG2 @ 0x300001
   652                           ;	Clock out Enable bit
   653                           ;	CLKOUTEN = ON, CLKOUT function is enabled
   654                           ;	PRLOCKED One-Way Set Enable bit
   655                           ;	PR1WAY = ON, PRLOCKED bit can be cleared and set only once
   656                           ;	Clock Switch Enable bit
   657                           ;	CSWEN = ON, Writing to NOSC and NDIV is allowed
   658                           ;	Fail-Safe Clock Monitor Enable bit
   659                           ;	FCMEN = ON, Fail-Safe Clock Monitor enabled
   660  300001                     	org	3145729
   661  300001  FE                 	db	254
   662                           
   663                           ;Config register CONFIG3 @ 0x300002
   664                           ;	MCLR Enable bit
   665                           ;	MCLRE = EXTMCLR, If LVP = 0, MCLR pin is MCLR; If LVP = 1, RE3 pin function is MCLR
   666                           ;	Power-up timer selection bits
   667                           ;	PWRTS = PWRT_OFF, PWRT is disabled
   668                           ;	Multi-vector enable bit
   669                           ;	MVECEN = ON, Multi-vector enabled, Vector table used for interrupts
   670                           ;	IVTLOCK bit One-way set enable bit
   671                           ;	IVT1WAY = ON, IVTLOCKED bit can be cleared and set only once
   672                           ;	Low Power BOR Enable bit
   673                           ;	LPBOREN = OFF, Low-Power BOR disabled
   674                           ;	Brown-out Reset Enable bits
   675                           ;	BOREN = SBORDIS, Brown-out Reset enabled , SBOREN bit is ignored
   676  300002                     	org	3145730
   677  300002  FF                 	db	255
   678                           
   679                           ;Config register CONFIG4 @ 0x300003
   680                           ;	Brown-out Reset Voltage Selection bits
   681                           ;	BORV = VBOR_2P85, Brown-out Reset Voltage (VBOR) set to 2.8V
   682                           ;	ZCD Disable bit
   683                           ;	ZCD = OFF, ZCD module is disabled. ZCD can be enabled by setting the ZCDSEN bit of ZCD
      +                          CON
   684                           ;	PPSLOCK bit One-Way Set Enable bit
   685                           ;	PPS1WAY = ON, PPSLOCKED bit can be cleared and set only once; PPS registers remain loc
      +                          ked after one clear/set cycle
   686                           ;	Stack Full/Underflow Reset Enable bit
   687                           ;	STVREN = ON, Stack full/underflow will cause Reset
   688                           ;	Low Voltage Programming Enable bit
   689                           ;	LVP = ON, Low voltage programming enabled. MCLR/VPP pin function is MCLR. MCLRE config
      +                          uration bit is ignored
   690                           ;	Extended Instruction Set Enable bit
   691                           ;	XINST = OFF, Extended Instruction Set and Indexed Addressing Mode disabled
   692  300003                     	org	3145731
   693  300003  FC                 	db	252
   694                           
   695                           ;Config register CONFIG5 @ 0x300004
   696                           ;	WDT Period selection bits
   697                           ;	WDTCPS = WDTCPS_31, Divider ratio 1:65536; software control of WDTPS
   698                           ;	WDT operating mode
   699                           ;	WDTE = OFF, WDT Disabled; SWDTEN is ignored
   700  300004                     	org	3145732
   701  300004  9F                 	db	159
   702                           
   703                           ;Config register CONFIG6 @ 0x300005
   704                           ;	WDT Window Select bits
   705                           ;	WDTCWS = WDTCWS_7, window always open (100%); software control; keyed access not requi
      +                          red
   706                           ;	WDT input clock selector
   707                           ;	WDTCCS = SC, Software Control
   708  300005                     	org	3145733
   709  300005  FF                 	db	255
   710                           
   711                           ;Config register CONFIG7 @ 0x300006
   712                           ;	Boot Block Size selection bits
   713                           ;	BBSIZE = BBSIZE_512, Boot Block size is 512 words
   714                           ;	Boot Block enable bit
   715                           ;	BBEN = OFF, Boot block disabled
   716                           ;	Storage Area Flash enable bit
   717                           ;	SAFEN = OFF, SAF disabled
   718                           ;	Background Debugger
   719                           ;	DEBUG = OFF, Background Debugger disabled
   720  300006                     	org	3145734
   721  300006  FF                 	db	255
   722                           
   723                           ;Config register CONFIG8 @ 0x300007
   724                           ;	Boot Block Write Protection bit
   725                           ;	WRTB = OFF, Boot Block not Write protected
   726                           ;	Configuration Register Write Protection bit
   727                           ;	WRTC = OFF, Configuration registers not Write protected
   728                           ;	Data EEPROM Write Protection bit
   729                           ;	WRTD = OFF, Data EEPROM not Write protected
   730                           ;	SAF Write protection bit
   731                           ;	WRTSAF = OFF, SAF not Write Protected
   732                           ;	Application Block write protection bit
   733                           ;	WRTAPP = OFF, Application Block not write protected
   734  300007                     	org	3145735
   735  300007  FF                 	db	255
   736                           
   737                           ; Padding undefined space
   738  300008                     	org	3145736
   739  300008  FF                 	db	255
   740                           
   741                           ;Config register CONFIG10 @ 0x300009
   742                           ;	PFM and Data EEPROM Code Protection bit
   743                           ;	CP = OFF, PFM and Data EEPROM code protection disabled
   744  300009                     	org	3145737
   745  300009  FF                 	db	255
   746                           tosu	equ	0x4FF
   747                           tosh	equ	0x4FE
   748                           tosl	equ	0x4FD
   749                           stkptr	equ	0x4FC
   750                           pclatu	equ	0x4FB
   751                           pclath	equ	0x4FA
   752                           pcl	equ	0x4F9
   753                           tblptru	equ	0x4F8
   754                           tblptrh	equ	0x4F7
   755                           tblptrl	equ	0x4F6
   756                           tablat	equ	0x4F5
   757                           prodh	equ	0x4F4
   758                           prodl	equ	0x4F3
   759                           indf0	equ	0x4EF
   760                           postinc0	equ	0x4EE
   761                           postdec0	equ	0x4ED
   762                           preinc0	equ	0x4EC
   763                           plusw0	equ	0x4EB
   764                           fsr0h	equ	0x4EA
   765                           fsr0l	equ	0x4E9
   766                           wreg	equ	0x4E8
   767                           indf1	equ	0x4E7
   768                           postinc1	equ	0x4E6
   769                           postdec1	equ	0x4E5
   770                           preinc1	equ	0x4E4
   771                           plusw1	equ	0x4E3
   772                           fsr1h	equ	0x4E2
   773                           fsr1l	equ	0x4E1
   774                           bsr	equ	0x4E0
   775                           indf2	equ	0x4DF
   776                           postinc2	equ	0x4DE
   777                           postdec2	equ	0x4DD
   778                           preinc2	equ	0x4DC
   779                           plusw2	equ	0x4DB
   780                           fsr2h	equ	0x4DA
   781                           fsr2l	equ	0x4D9
   782                           status	equ	0x4D8

Data Sizes:
    Strings     0
    Constant    0
    Data        1
    BSS         21
    Persistent  0
    Stack       0

Auto Spaces:
    Space          Size  Autos    Used
    COMRAM           95      0      22
    BANK5           160      0       0
    BANK6           256      0       0
    BANK7           256      0       0
    BANK8           256      0       0
    BANK9           256      0       0
    BANK10          256      0       0
    BANK11          256      0       0
    BANK12          256      0       0
    BANK13          256      0       0
    BANK14          256      0       0
    BANK15          256      0       0
    BANK16          256      0       0
    BANK17          256      0       0
    BANK18          256      0       0
    BANK19          256      0       0
    BANK20          256      0       0
    BANK21          256      0       0
    BANK22          256      0       0
    BANK23          256      0       0
    BANK24          256      0       0
    BANK25          256      0       0
    BANK26          256      0       0
    BANK27          256      0       0
    BANK28          256      0       0
    BANK29          256      0       0
    BANK30          256      0       0
    BANK31          256      0       0
    BANK32          256      0       0
    BANK33          256      0       0
    BANK34          256      0       0
    BANK35          256      0       0
    BANK36          256      0       0
    BANK37          256      0       0

Pointer List with Targets:

    None.

Critical Paths under _main in COMRAM

    None.

Critical Paths under _main in BANK5

    None.

Critical Paths under _main in BANK6

    None.

Critical Paths under _main in BANK7

    None.

Critical Paths under _main in BANK8

    None.

Critical Paths under _main in BANK9

    None.

Critical Paths under _main in BANK10

    None.

Critical Paths under _main in BANK11

    None.

Critical Paths under _main in BANK12

    None.

Critical Paths under _main in BANK13

    None.

Critical Paths under _main in BANK14

    None.

Critical Paths under _main in BANK15

    None.

Critical Paths under _main in BANK16

    None.

Critical Paths under _main in BANK17

    None.

Critical Paths under _main in BANK18

    None.

Critical Paths under _main in BANK19

    None.

Critical Paths under _main in BANK20

    None.

Critical Paths under _main in BANK21

    None.

Critical Paths under _main in BANK22

    None.

Critical Paths under _main in BANK23

    None.

Critical Paths under _main in BANK24

    None.

Critical Paths under _main in BANK25

    None.

Critical Paths under _main in BANK26

    None.

Critical Paths under _main in BANK27

    None.

Critical Paths under _main in BANK28

    None.

Critical Paths under _main in BANK29

    None.

Critical Paths under _main in BANK30

    None.

Critical Paths under _main in BANK31

    None.

Critical Paths under _main in BANK32

    None.

Critical Paths under _main in BANK33

    None.

Critical Paths under _main in BANK34

    None.

Critical Paths under _main in BANK35

    None.

Critical Paths under _main in BANK36

    None.

Critical Paths under _main in BANK37

    None.

Call Graph Tables:

 ---------------------------------------------------------------------------------
 (Depth) Function   	        Calls       Base Space   Used Autos Params    Refs
 ---------------------------------------------------------------------------------
 (0) _main                                                 0     0      0       0
                         _ClockSetup
                          _GpioSetup
                       _SysTickSetup
                        _SystemSleep
                  _UserAppInitialize
                         _UserAppRun
 ---------------------------------------------------------------------------------
 (1) _UserAppRun                                           0     0      0       0
 ---------------------------------------------------------------------------------
 (1) _UserAppInitialize                                    0     0      0       0
 ---------------------------------------------------------------------------------
 (1) _SystemSleep                                          0     0      0       0
 ---------------------------------------------------------------------------------
 (1) _SysTickSetup                                         0     0      0       0
 ---------------------------------------------------------------------------------
 (1) _GpioSetup                                            0     0      0       0
 ---------------------------------------------------------------------------------
 (1) _ClockSetup                                           0     0      0       0
 ---------------------------------------------------------------------------------
 Estimated maximum stack depth 1
 ---------------------------------------------------------------------------------

 Call Graph Graphs:

 _main (ROOT)
   _ClockSetup
   _GpioSetup
   _SysTickSetup
   _SystemSleep
   _UserAppInitialize
   _UserAppRun

 Address spaces:
Name               Size   Autos  Total    Cost      Usage
BIGRAM            20FF      0       0      71        0.0%
EEDATA             400      0       0       0        0.0%
BITBANK37          100      0       0      70        0.0%
BANK37             100      0       0      68        0.0%
BITBANK36          100      0       0      66        0.0%
BANK36             100      0       0      67        0.0%
BITBANK35          100      0       0      64        0.0%
BANK35             100      0       0      65        0.0%
BITBANK34          100      0       0      62        0.0%
BANK34             100      0       0      63        0.0%
BITBANK33          100      0       0      60        0.0%
BANK33             100      0       0      61        0.0%
BITBANK32          100      0       0      58        0.0%
BANK32             100      0       0      59        0.0%
BITBANK31          100      0       0      56        0.0%
BANK31             100      0       0      57        0.0%
BITBANK30          100      0       0      54        0.0%
BANK30             100      0       0      55        0.0%
BITBANK29          100      0       0      52        0.0%
BANK29             100      0       0      53        0.0%
BITBANK28          100      0       0      50        0.0%
BANK28             100      0       0      51        0.0%
BITBANK27          100      0       0      48        0.0%
BANK27             100      0       0      49        0.0%
BITBANK26          100      0       0      46        0.0%
BANK26             100      0       0      47        0.0%
BITBANK25          100      0       0      44        0.0%
BANK25             100      0       0      45        0.0%
BITBANK24          100      0       0      42        0.0%
BANK24             100      0       0      43        0.0%
BITBANK23          100      0       0      40        0.0%
BANK23             100      0       0      41        0.0%
BITBANK22          100      0       0      38        0.0%
BANK22             100      0       0      39        0.0%
BITBANK21          100      0       0      36        0.0%
BANK21             100      0       0      37        0.0%
BITBANK20          100      0       0      34        0.0%
BANK20             100      0       0      35        0.0%
BITBANK19          100      0       0      32        0.0%
BANK19             100      0       0      33        0.0%
BITBANK18          100      0       0      30        0.0%
BANK18             100      0       0      31        0.0%
BITBANK17          100      0       0      28        0.0%
BANK17             100      0       0      29        0.0%
BITBANK16          100      0       0      26        0.0%
BANK16             100      0       0      27        0.0%
BITBANK15          100      0       0      24        0.0%
BANK15             100      0       0      25        0.0%
BITBANK14          100      0       0      22        0.0%
BANK14             100      0       0      23        0.0%
BITBANK13          100      0       0      20        0.0%
BANK13             100      0       0      21        0.0%
BITBANK12          100      0       0      18        0.0%
BANK12             100      0       0      19        0.0%
BITBANK11          100      0       0      16        0.0%
BANK11             100      0       0      17        0.0%
BITBANK10          100      0       0      14        0.0%
BANK10             100      0       0      15        0.0%
BITBANK9           100      0       0      12        0.0%
BANK9              100      0       0      13        0.0%
BITBANK8           100      0       0      10        0.0%
BANK8              100      0       0      11        0.0%
BITBANK7           100      0       0       8        0.0%
BANK7              100      0       0       9        0.0%
BITBANK6           100      0       0       6        0.0%
BANK6              100      0       0       7        0.0%
BITBANK5            A0      0       0       4        0.0%
BANK5               A0      0       0       5        0.0%
BITCOMRAM           5F      0       0       0        0.0%
COMRAM              5F      0      16       1       23.2%
BITSFR_5             0      0       0     200        0.0%
SFR_5                0      0       0     200        0.0%
BITSFR_4             0      0       0     200        0.0%
SFR_4                0      0       0     200        0.0%
BITSFR_3             0      0       0     200        0.0%
SFR_3                0      0       0     200        0.0%
BITSFR_2             0      0       0     200        0.0%
SFR_2                0      0       0     200        0.0%
BITSFR_1             0      0       0     200        0.0%
SFR_1                0      0       0     200        0.0%
BITSFR               0      0       0     200        0.0%
SFR                  0      0       0     200        0.0%
STACK                0      0       0       2        0.0%
NULL                 0      0       0       0        0.0%
ABS                  0      0      16      69        0.0%
DATA                 0      0      16       3        0.0%
CODE                 0      0       0       0        0.0%


Microchip Technology PIC18 Macro Assembler V2.31 build 20201012212115 
Symbol Table                                                                                   Thu Feb 25 21:24:47 2021

     __size_of_SysTickSetup 0022                          l22 FF16                          l25 FF38  
                        l19 FEF6                          l28 FEF8                          l65 FEFA  
                        l79 FFFA                          u10 FF90                          u11 FF8C  
                        u20 FFA0                          u21 FF9C                          u30 FFBA  
                        u31 FFB6                          u40 FFE2                          u41 FFDE  
                       l801 FF50                         l761 FF90                         l755 FEFC  
                       l771 FFEA                         l763 FFA0                         l765 FFBA  
                       l767 FFD0                         l759 FF82                         l791 FF3C  
                       l769 FFE2                         l793 FF40                         l787 FF18  
                       l795 FF44                         l797 FF48                         l789 FF3A  
                       l799 FF4C                         _RB5 00267D                         wreg 0004E8  
                      _LATA 0004BE                        _main FF3A                _SysTickSetup FF18  
                      start FFFC        __size_of_SystemSleep 0002                ___param_bank 000000  
                _ClockSetup FEF6                       ?_main 0000                       _PORTA 0004CE  
                     _PORTB 0004CF                       _TRISA 0004C6                       _TRISB 0004C7  
                     tablat 0004F5                       status 0004D8             __initialization FF5C  
              __end_of_main FF5C                      ??_main 0000               __activetblptr 000000  
                    _ANSELA 000400                      _ANSELB 000408          __size_of_GpioSetup 001C  
               ?_ClockSetup 0000                      clear_0 FF76                __pdataCOMRAM 0516  
                    tblptrh 0004F7                      tblptrl 0004F6                      tblptru 0004F8  
                _UserAppRun FF82                  __accesstop 0560     __end_of__initialization FF7C  
             ___rparam_used 000001            _G_u8UserAppFlags 0515              __pcstackCOMRAM 0000  
         __end_of_GpioSetup FF18         __size_of_ClockSetup 0002                 ?_UserAppRun 0000  
             ??_SystemSleep 0000                     __Hparam 0000                     __Lparam 0000  
                   __pcinit FF5C                     __ramtop 2600                     __ptext0 FF3A  
                   __ptext1 FF82                     __ptext2 FEFA                     __ptext3 FEF8  
                   __ptext4 FF18                     __ptext5 FEFC                     __ptext6 FEF6  
      end_of_initialization FF7C            _G_u32SystemFlags 0509                     postinc0 0004EE  
       __end_of_SystemSleep FEFA                ??_ClockSetup 0000         __size_of_UserAppRun 007A  
      UserAppRun@u32Counter 0505          __end_of_ClockSetup FEF8               __pidataCOMRAM FEF5  
                 _GpioSetup FEFC         start_initialization FF5C               ?_SysTickSetup 0000  
               _SystemSleep FEF8                  ?_GpioSetup 0000                 __pbssCOMRAM 0501  
         _UserAppInitialize FEFA                ??_UserAppRun 0000          ?_UserAppInitialize 0000  
            ??_SysTickSetup 0000         ??_UserAppInitialize 0000          __end_of_UserAppRun FFFC  
 __end_of_UserAppInitialize FEFC                 ??_GpioSetup 0000         UserAppRun@Buttonold 0501  
                  __Hrparam 0000                    __Lrparam 0000         UserAppRun@bLedstate 0516  
      __end_of_SysTickSetup FF3A  __size_of_UserAppInitialize 0002               __size_of_main 0022  
              ?_SystemSleep 0000          _G_u32SystemTime1ms 0511           _G_u32SystemTime1s 050D  
