

Microchip MPLAB XC8 Assembler V2.31 build 20201012212115 
                                                                                               Fri Mar 05 10:24:22 2021

Microchip MPLAB XC8 C Compiler v2.31 (Free license) build 20201012212115 Og1 
     1                           	processor	18F27Q43
     2                           	fnconf	rparam,??,?,0
     3                           	pagewidth 120
     4                           	opt	flic
     5                           	psect	idataCOMRAM,global,class=CODE,delta=1,noexec
     6                           	psect	cinit,global,reloc=2,class=CODE,delta=1
     7                           	psect	bssCOMRAM,global,class=COMRAM,space=1,delta=1,lowdata,noexec
     8                           	psect	dataCOMRAM,global,class=COMRAM,space=1,delta=1,lowdata,noexec
     9                           	psect	cstackCOMRAM,global,class=COMRAM,space=1,delta=1,lowdata,noexec
    10                           	psect	text0,global,reloc=2,class=CODE,delta=1
    11                           	psect	text1,global,reloc=2,class=CODE,delta=1
    12                           	psect	text2,global,reloc=2,class=CODE,delta=1
    13                           	psect	text3,global,reloc=2,class=CODE,delta=1
    14                           	psect	text4,global,reloc=2,class=CODE,delta=1
    15                           	psect	text5,global,reloc=2,class=CODE,delta=1
    16                           	psect	text6,global,reloc=2,class=CODE,delta=1
    17                           	psect	text7,global,reloc=2,class=CODE,delta=1
    18                           	psect	intsave_regs,global,class=BIGRAM,space=1,delta=1,noexec
    19                           	psect	rparam,global,class=COMRAM,space=1,delta=1,noexec
    20                           	psect	idloc,global,abs,ovrld,class=IDLOC,space=5,delta=1,noexec
    21                           	psect	config,global,abs,ovrld,class=CONFIG,space=4,delta=1,noexec
    22  0000                     
    23                           ; Version 2.30
    24                           ; Generated 20/08/2020 GMT
    25                           ; 
    26                           ; Copyright © 2020, Microchip Technology Inc. and its subsidiaries ("Microchip")
    27                           ; All rights reserved.
    28                           ; 
    29                           ; This software is developed by Microchip Technology Inc. and its subsidiaries ("Microch
      +                          ip").
    30                           ; 
    31                           ; Redistribution and use in source and binary forms, with or without modification, are
    32                           ; permitted provided that the following conditions are met:
    33                           ; 
    34                           ;     1. Redistributions of source code must retain the above copyright notice, this lis
      +                          t of
    35                           ;        conditions and the following disclaimer.
    36                           ; 
    37                           ;     2. Redistributions in binary form must reproduce the above copyright notice, this 
      +                          list
    38                           ;        of conditions and the following disclaimer in the documentation and/or other
    39                           ;        materials provided with the distribution. Publication is not required when
    40                           ;        this file is used in an embedded application.
    41                           ; 
    42                           ;     3. Microchip's name may not be used to endorse or promote products derived from th
      +                          is
    43                           ;        software without specific prior written permission.
    44                           ; 
    45                           ; THIS SOFTWARE IS PROVIDED BY MICROCHIP "AS IS" AND ANY EXPRESS OR IMPLIED WARRANTIES,
    46                           ; INCLUDING, BUT NOT LIMITED TO, THE IMPLIED WARRANTIES OF MERCHANTABILITY AND FITNESS F
      +                          OR
    47                           ; PURPOSE ARE DISCLAIMED.  IN NO EVENT SHALL MICROCHIP BE LIABLE FOR ANY DIRECT, INDIREC
      +                          T,
    48                           ; INCIDENTAL, SPECIAL, EXEMPLARY, OR CONSEQUENTIAL DAMAGES (INCLUDING BUT NOT LIMITED TO
    49                           ; PROCUREMENT OF SUBSTITUTE GOODS OR SERVICES; LOSS OF USE, DATA OR PROFITS; OR BUSINESS
    50                           ; INTERRUPTION) HOWSOEVER CAUSED AND ON ANY THEORY OF LIABILITY, WHETHER IN CONTRACT, ST
      +                          RICT
    51                           ; LIABILITY, OR TORT (INCLUDING NEGLIGENCE OR OTHERWISE) ARISING IN ANY WAY OUT OF THE U
      +                          SE OF
    52                           ; THIS SOFTWARE, EVEN IF ADVISED OF THE POSSIBILITY OF SUCH DAMAGE.
    53                           ; 
    54                           ; 
    55                           ; Code-generator required, PIC18F27Q43 Definitions
    56                           ; 
    57                           ; SFR Addresses
    58  0000                     
    59                           	psect	idataCOMRAM
    60  01FECD                     __pidataCOMRAM:
    61                           	callstack 0
    62                           
    63                           ;initializer for UserAppRun@F15926
    64  01FECD  01                 	db	1
    65  01FECE  02                 	db	2
    66                           
    67                           ;initializer for UserAppRun@n
    68  01FECF  02                 	db	2
    69  0000                     _TMR0L	set	792
    70  0000                     _TMR0H	set	793
    71  0000                     _T0CON1	set	795
    72  0000                     _T0CON0	set	794
    73  0000                     _ANSELB	set	1032
    74  0000                     _ANSELA	set	1024
    75  0000                     _PIR3	set	1201
    76  0000                     _TRISB	set	1223
    77  0000                     _PORTB	set	1231
    78  0000                     _LATA	set	1214
    79  0000                     _TRISA	set	1222
    80                           
    81                           ; #config settings
    82                           
    83                           	psect	cinit
    84  01FF3C                     __pcinit:
    85                           	callstack 0
    86  01FF3C                     start_initialization:
    87                           	callstack 0
    88  01FF3C                     __initialization:
    89                           	callstack 0
    90                           
    91                           ; Initialize objects allocated to COMRAM (3 bytes)
    92                           ; load TBLPTR registers with __pidataCOMRAM
    93  01FF3C  0ECD               	movlw	low __pidataCOMRAM
    94  01FF3E  6EF6               	movwf	tblptrl,c
    95  01FF40  0EFE               	movlw	high __pidataCOMRAM
    96  01FF42  6EF7               	movwf	tblptrh,c
    97  01FF44  0E01               	movlw	low (__pidataCOMRAM shr (0+16))
    98  01FF46  6EF8               	movwf	tblptru,c
    99  01FF48  0009               	tblrd		*+	;fetch initializer
   100  01FF4A  0061 F3D4  F516    	movff	tablat,__pdataCOMRAM
   101  01FF50  0009               	tblrd		*+	;fetch initializer
   102  01FF52  0061 F3D4  F517    	movff	tablat,__pdataCOMRAM+1
   103  01FF58  0009               	tblrd		*+	;fetch initializer
   104  01FF5A  0061 F3D4  F518    	movff	tablat,__pdataCOMRAM+2
   105                           
   106                           ; Clear objects allocated to COMRAM (14 bytes)
   107  01FF60  EE01  F101         	lfsr	0,__pbssCOMRAM
   108  01FF64  0E0E               	movlw	14
   109  01FF66                     clear_0:
   110  01FF66  6AEE               	clrf	postinc0,c
   111  01FF68  06E8               	decf	wreg,f,c
   112  01FF6A  E1FD               	bnz	clear_0
   113  01FF6C                     end_of_initialization:
   114                           	callstack 0
   115  01FF6C                     __end_of__initialization:
   116                           	callstack 0
   117  01FF6C  0100               	movlb	0
   118  01FF6E  EFB9  F0FF         	goto	_main	;jump to C main() function
   119                           
   120                           	psect	bssCOMRAM
   121  000501                     __pbssCOMRAM:
   122                           	callstack 0
   123  000501                     _G_u32SystemFlags:
   124                           	callstack 0
   125  000501                     	ds	4
   126  000505                     _G_u32SystemTime1s:
   127                           	callstack 0
   128  000505                     	ds	4
   129  000509                     _G_u32SystemTime1ms:
   130                           	callstack 0
   131  000509                     	ds	4
   132  00050D                     UserAppRun@increments:
   133                           	callstack 0
   134  00050D                     	ds	1
   135  00050E                     _G_u8UserAppFlags:
   136                           	callstack 0
   137  00050E                     	ds	1
   138                           
   139                           	psect	dataCOMRAM
   140  000516                     __pdataCOMRAM:
   141                           	callstack 0
   142  000516                     UserAppRun@F15926:
   143                           	callstack 0
   144  000516                     	ds	2
   145  000518                     	ds	1
   146                           
   147                           	psect	cstackCOMRAM
   148  00050F                     __pcstackCOMRAM:
   149                           	callstack 0
   150  00050F                     UserAppRun@u8Pattern:
   151                           	callstack 0
   152  00050F                     TimeXus@u16Time_delay:
   153                           	callstack 0
   154                           
   155                           ; 2 bytes @ 0x0
   156  00050F                     	ds	2
   157  000511                     ??_TimeXus:
   158  000511                     UserAppRun@u8Counter:
   159                           	callstack 0
   160                           
   161                           ; 4 bytes @ 0x2
   162  000511                     	ds	4
   163  000515                     UserAppRun@u8Var:
   164                           	callstack 0
   165                           
   166                           ; 1 bytes @ 0x6
   167  000515                     	ds	1
   168  000516                     
   169                           ; 1 bytes @ 0x7
   170 ;;
   171 ;;Main: autosize = 0, tempsize = 0, incstack = 0, save=0
   172 ;;
   173 ;; *************** function _main *****************
   174 ;; Defined at:
   175 ;;		line 35 in file "main.c"
   176 ;; Parameters:    Size  Location     Type
   177 ;;		None
   178 ;; Auto vars:     Size  Location     Type
   179 ;;		None
   180 ;; Return value:  Size  Location     Type
   181 ;;                  1    wreg      void 
   182 ;; Registers used:
   183 ;;		wreg, fsr2l, fsr2h, status,2, status,0, cstack
   184 ;; Tracked objects:
   185 ;;		On entry : 0/0
   186 ;;		On exit  : 0/0
   187 ;;		Unchanged: 0/0
   188 ;; Data sizes:     COMRAM   BANK5   BANK6   BANK7   BANK8   BANK9  BANK10  BANK11  BANK12  BANK13  BANK14  BANK15  BANK1
      +6  BANK17  BANK18  BANK19  BANK20  BANK21  BANK22  BANK23  BANK24  BANK25  BANK26  BANK27  BANK28  BANK29  BANK30  BANK3
      +1  BANK32  BANK33  BANK34  BANK35  BANK36  BANK37
   189 ;;      Params:         0       0       0       0       0       0       0       0       0       0       0       0       
      +0       0       0       0       0       0       0       0       0       0       0       0       0       0       0       
      +0       0       0       0       0       0       0
   190 ;;      Locals:         0       0       0       0       0       0       0       0       0       0       0       0       
      +0       0       0       0       0       0       0       0       0       0       0       0       0       0       0       
      +0       0       0       0       0       0       0
   191 ;;      Temps:          0       0       0       0       0       0       0       0       0       0       0       0       
      +0       0       0       0       0       0       0       0       0       0       0       0       0       0       0       
      +0       0       0       0       0       0       0
   192 ;;      Totals:         0       0       0       0       0       0       0       0       0       0       0       0       
      +0       0       0       0       0       0       0       0       0       0       0       0       0       0       0       
      +0       0       0       0       0       0       0
   193 ;;Total ram usage:        0 bytes
   194 ;; Hardware stack levels required when called:    1
   195 ;; This function calls:
   196 ;;		_ClockSetup
   197 ;;		_GpioSetup
   198 ;;		_SysTickSetup
   199 ;;		_SystemSleep
   200 ;;		_TimeXus
   201 ;;		_UserAppInitialize
   202 ;;		_UserAppRun
   203 ;; This function is called by:
   204 ;;		Startup code after reset
   205 ;; This function uses a non-reentrant model
   206 ;;
   207                           
   208                           	psect	text0
   209  01FF72                     __ptext0:
   210                           	callstack 0
   211  01FF72                     _main:
   212                           	callstack 127
   213  01FF72                     
   214                           ;main.c: 37:   G_u32SystemFlags |= (u32)0x80000000;
   215  01FF72  8E04               	bsf	(_G_u32SystemFlags+3)^(0+1280),7,c	;volatile
   216  01FF74                     
   217                           ;main.c: 40:   ClockSetup();
   218  01FF74  EC64  F0FF         	call	_ClockSetup	;wreg free
   219  01FF78                     
   220                           ;main.c: 41:   SysTickSetup();
   221  01FF78  EC7C  F0FF         	call	_SysTickSetup	;wreg free
   222  01FF7C                     
   223                           ;main.c: 42:   GpioSetup();
   224  01FF7C  EC6E  F0FF         	call	_GpioSetup	;wreg free
   225  01FF80                     
   226                           ;main.c: 47:   UserAppInitialize();
   227  01FF80  EC68  F0FF         	call	_UserAppInitialize	;wreg free
   228  01FF84                     l836:
   229                           
   230                           ;main.c: 53:   {;main.c: 57:     UserAppRun();
   231  01FF84  ECD9  F0FF         	call	_UserAppRun	;wreg free
   232  01FF88                     
   233                           ;main.c: 61:     (LATA &=0x7F);
   234  01FF88  9EBE               	bcf	190,7,c	;volatile
   235  01FF8A                     
   236                           ;main.c: 62:     SystemSleep();
   237  01FF8A  EC65  F0FF         	call	_SystemSleep	;wreg free
   238  01FF8E                     
   239                           ;main.c: 63:     TimeXus(0x3e8);
   240  01FF8E  0E03               	movlw	3
   241  01FF90  6E10               	movwf	(TimeXus@u16Time_delay+1)^(0+1280),c
   242  01FF92  0EE8               	movlw	232
   243  01FF94  6E0F               	movwf	TimeXus@u16Time_delay^(0+1280),c
   244  01FF96  EC8D  F0FF         	call	_TimeXus	;wreg free
   245  01FF9A                     l58:
   246                           
   247                           ;main.c: 64:     while(PIR3 & 0x80)
   248  01FF9A  BEB1               	btfsc	177,7,c	;volatile
   249  01FF9C  EFD2  F0FF         	goto	u31
   250  01FFA0  EFD4  F0FF         	goto	u30
   251  01FFA4                     u31:
   252  01FFA4  EFCD  F0FF         	goto	l58
   253  01FFA8                     u30:
   254  01FFA8                     
   255                           ;main.c: 68:     (LATA |=0x80);
   256  01FFA8  8EBE               	bsf	190,7,c	;volatile
   257  01FFAA  EFC2  F0FF         	goto	l836
   258  01FFAE  EFFE  F0FF         	goto	start
   259  01FFB2                     __end_of_main:
   260                           	callstack 0
   261                           
   262 ;; *************** function _UserAppRun *****************
   263 ;; Defined at:
   264 ;;		line 96 in file "user_app.c"
   265 ;; Parameters:    Size  Location     Type
   266 ;;		None
   267 ;; Auto vars:     Size  Location     Type
   268 ;;  u8Counter       4    2[COMRAM] unsigned long 
   269 ;;  u8Pattern       2    0[COMRAM] unsigned char [2]
   270 ;;  u8Var           1    6[COMRAM] unsigned char 
   271 ;; Return value:  Size  Location     Type
   272 ;;                  1    wreg      void 
   273 ;; Registers used:
   274 ;;		wreg, fsr2l, fsr2h, status,2, status,0
   275 ;; Tracked objects:
   276 ;;		On entry : 0/0
   277 ;;		On exit  : 0/0
   278 ;;		Unchanged: 0/0
   279 ;; Data sizes:     COMRAM   BANK5   BANK6   BANK7   BANK8   BANK9  BANK10  BANK11  BANK12  BANK13  BANK14  BANK15  BANK1
      +6  BANK17  BANK18  BANK19  BANK20  BANK21  BANK22  BANK23  BANK24  BANK25  BANK26  BANK27  BANK28  BANK29  BANK30  BANK3
      +1  BANK32  BANK33  BANK34  BANK35  BANK36  BANK37
   280 ;;      Params:         0       0       0       0       0       0       0       0       0       0       0       0       
      +0       0       0       0       0       0       0       0       0       0       0       0       0       0       0       
      +0       0       0       0       0       0       0
   281 ;;      Locals:         7       0       0       0       0       0       0       0       0       0       0       0       
      +0       0       0       0       0       0       0       0       0       0       0       0       0       0       0       
      +0       0       0       0       0       0       0
   282 ;;      Temps:          0       0       0       0       0       0       0       0       0       0       0       0       
      +0       0       0       0       0       0       0       0       0       0       0       0       0       0       0       
      +0       0       0       0       0       0       0
   283 ;;      Totals:         7       0       0       0       0       0       0       0       0       0       0       0       
      +0       0       0       0       0       0       0       0       0       0       0       0       0       0       0       
      +0       0       0       0       0       0       0
   284 ;;Total ram usage:        7 bytes
   285 ;; Hardware stack levels used:    1
   286 ;; This function calls:
   287 ;;		Nothing
   288 ;; This function is called by:
   289 ;;		_main
   290 ;; This function uses a non-reentrant model
   291 ;;
   292                           
   293                           	psect	text1
   294  01FFB2                     __ptext1:
   295                           	callstack 0
   296  01FFB2                     _UserAppRun:
   297                           	callstack 127
   298  01FFB2                     
   299                           ;user_app.c: 98:      u32 u8Counter=LATA;
   300  01FFB2  50BE               	movf	190,w,c	;volatile
   301  01FFB4  6E11               	movwf	UserAppRun@u8Counter^(0+1280),c
   302  01FFB6  6A12               	clrf	(UserAppRun@u8Counter+1)^(0+1280),c
   303  01FFB8  6A13               	clrf	(UserAppRun@u8Counter+2)^(0+1280),c
   304  01FFBA  6A14               	clrf	(UserAppRun@u8Counter+3)^(0+1280),c
   305  01FFBC                     
   306                           ;user_app.c: 99:      u8 u8Var = u8Counter & 0x80;
   307  01FFBC  5011               	movf	UserAppRun@u8Counter^(0+1280),w,c
   308  01FFBE  0B80               	andlw	128
   309  01FFC0  6E15               	movwf	UserAppRun@u8Var^(0+1280),c
   310  01FFC2                     
   311                           ;user_app.c: 100:       static u8 n=2;;user_app.c: 101:       static u8 increments=0;;us
      +                          er_app.c: 104:     u8 u8Pattern[] = {0x01, 0x02};
   312  01FFC2  C516  F50F         	movff	UserAppRun@F15926,UserAppRun@u8Pattern
   313  01FFC6  C517  F510         	movff	UserAppRun@F15926+1,UserAppRun@u8Pattern+1
   314  01FFCA                     
   315                           ;user_app.c: 105:     if(increments < n)
   316  01FFCA  0E02               	movlw	2
   317  01FFCC  600D               	cpfslt	UserAppRun@increments^(0+1280),c
   318  01FFCE  EFEB  F0FF         	goto	u11
   319  01FFD2  EFED  F0FF         	goto	u10
   320  01FFD6                     u11:
   321  01FFD6  EFF0  F0FF         	goto	l786
   322  01FFDA                     u10:
   323  01FFDA                     
   324                           ;user_app.c: 106:     {;user_app.c: 107:         increments+=1;
   325  01FFDA  2A0D               	incf	UserAppRun@increments^(0+1280),f,c
   326                           
   327                           ;user_app.c: 108:     }
   328  01FFDC  EFF2  F0FF         	goto	l788
   329  01FFE0                     l786:
   330                           
   331                           ;user_app.c: 110:     {;user_app.c: 111:         increments = 0;
   332  01FFE0  0E00               	movlw	0
   333  01FFE2  6E0D               	movwf	UserAppRun@increments^(0+1280),c
   334  01FFE4                     l788:
   335                           
   336                           ;user_app.c: 114:     u8Var |= u8Pattern[increments];
   337  01FFE4  0E0F               	movlw	low UserAppRun@u8Pattern
   338  01FFE6  240D               	addwf	UserAppRun@increments^(0+1280),w,c
   339  01FFE8  6ED9               	movwf	fsr2l,c
   340  01FFEA  6ADA               	clrf	fsr2h,c
   341  01FFEC  0E05               	movlw	high UserAppRun@u8Pattern
   342  01FFEE  22DA               	addwfc	fsr2h,f,c
   343  01FFF0  50DF               	movf	indf2,w,c
   344  01FFF2  1215               	iorwf	UserAppRun@u8Var^(0+1280),f,c
   345  01FFF4                     
   346                           ;user_app.c: 115:     LATA = u8Var;
   347  01FFF4  0061  F454  F4BE   	movff	UserAppRun@u8Var,1214	;volatile
   348  01FFFA  0012               	return		;funcret
   349  01FFFC                     __end_of_UserAppRun:
   350                           	callstack 0
   351                           
   352 ;; *************** function _UserAppInitialize *****************
   353 ;; Defined at:
   354 ;;		line 76 in file "user_app.c"
   355 ;; Parameters:    Size  Location     Type
   356 ;;		None
   357 ;; Auto vars:     Size  Location     Type
   358 ;;		None
   359 ;; Return value:  Size  Location     Type
   360 ;;                  1    wreg      void 
   361 ;; Registers used:
   362 ;;		wreg, status,2
   363 ;; Tracked objects:
   364 ;;		On entry : 0/0
   365 ;;		On exit  : 0/0
   366 ;;		Unchanged: 0/0
   367 ;; Data sizes:     COMRAM   BANK5   BANK6   BANK7   BANK8   BANK9  BANK10  BANK11  BANK12  BANK13  BANK14  BANK15  BANK1
      +6  BANK17  BANK18  BANK19  BANK20  BANK21  BANK22  BANK23  BANK24  BANK25  BANK26  BANK27  BANK28  BANK29  BANK30  BANK3
      +1  BANK32  BANK33  BANK34  BANK35  BANK36  BANK37
   368 ;;      Params:         0       0       0       0       0       0       0       0       0       0       0       0       
      +0       0       0       0       0       0       0       0       0       0       0       0       0       0       0       
      +0       0       0       0       0       0       0
   369 ;;      Locals:         0       0       0       0       0       0       0       0       0       0       0       0       
      +0       0       0       0       0       0       0       0       0       0       0       0       0       0       0       
      +0       0       0       0       0       0       0
   370 ;;      Temps:          0       0       0       0       0       0       0       0       0       0       0       0       
      +0       0       0       0       0       0       0       0       0       0       0       0       0       0       0       
      +0       0       0       0       0       0       0
   371 ;;      Totals:         0       0       0       0       0       0       0       0       0       0       0       0       
      +0       0       0       0       0       0       0       0       0       0       0       0       0       0       0       
      +0       0       0       0       0       0       0
   372 ;;Total ram usage:        0 bytes
   373 ;; Hardware stack levels used:    1
   374 ;; This function calls:
   375 ;;		Nothing
   376 ;; This function is called by:
   377 ;;		_main
   378 ;; This function uses a non-reentrant model
   379 ;;
   380                           
   381                           	psect	text2
   382  01FED0                     __ptext2:
   383                           	callstack 0
   384  01FED0                     _UserAppInitialize:
   385                           	callstack 127
   386  01FED0                     
   387                           ;user_app.c: 78:     T0CON0 = 0x90;
   388  01FED0  0E90               	movlw	144
   389  01FED2  0103               	movlb	3	; () banked
   390  01FED4  6F1A               	movwf	26,b	;volatile
   391                           
   392                           ;user_app.c: 79:     T0CON1 = 0x54;
   393  01FED6  0E54               	movlw	84
   394  01FED8  6F1B               	movwf	27,b	;volatile
   395  01FEDA                     
   396                           ; BSR set to: 3
   397  01FEDA  0012               	return		;funcret
   398  01FEDC                     __end_of_UserAppInitialize:
   399                           	callstack 0
   400                           
   401 ;; *************** function _TimeXus *****************
   402 ;; Defined at:
   403 ;;		line 120 in file "user_app.c"
   404 ;; Parameters:    Size  Location     Type
   405 ;;  u16Time_dela    2    0[COMRAM] unsigned short 
   406 ;; Auto vars:     Size  Location     Type
   407 ;;		None
   408 ;; Return value:  Size  Location     Type
   409 ;;                  1    wreg      void 
   410 ;; Registers used:
   411 ;;		wreg, status,2, status,0
   412 ;; Tracked objects:
   413 ;;		On entry : 0/0
   414 ;;		On exit  : 0/0
   415 ;;		Unchanged: 0/0
   416 ;; Data sizes:     COMRAM   BANK5   BANK6   BANK7   BANK8   BANK9  BANK10  BANK11  BANK12  BANK13  BANK14  BANK15  BANK1
      +6  BANK17  BANK18  BANK19  BANK20  BANK21  BANK22  BANK23  BANK24  BANK25  BANK26  BANK27  BANK28  BANK29  BANK30  BANK3
      +1  BANK32  BANK33  BANK34  BANK35  BANK36  BANK37
   417 ;;      Params:         2       0       0       0       0       0       0       0       0       0       0       0       
      +0       0       0       0       0       0       0       0       0       0       0       0       0       0       0       
      +0       0       0       0       0       0       0
   418 ;;      Locals:         0       0       0       0       0       0       0       0       0       0       0       0       
      +0       0       0       0       0       0       0       0       0       0       0       0       0       0       0       
      +0       0       0       0       0       0       0
   419 ;;      Temps:          2       0       0       0       0       0       0       0       0       0       0       0       
      +0       0       0       0       0       0       0       0       0       0       0       0       0       0       0       
      +0       0       0       0       0       0       0
   420 ;;      Totals:         4       0       0       0       0       0       0       0       0       0       0       0       
      +0       0       0       0       0       0       0       0       0       0       0       0       0       0       0       
      +0       0       0       0       0       0       0
   421 ;;Total ram usage:        4 bytes
   422 ;; Hardware stack levels used:    1
   423 ;; This function calls:
   424 ;;		Nothing
   425 ;; This function is called by:
   426 ;;		_main
   427 ;; This function uses a non-reentrant model
   428 ;;
   429                           
   430                           	psect	text3
   431  01FF1A                     __ptext3:
   432                           	callstack 0
   433  01FF1A                     _TimeXus:
   434                           	callstack 127
   435  01FF1A                     
   436                           ;user_app.c: 120: void TimeXus(u16 u16Time_delay);user_app.c: 121: {;user_app.c: 122:   
      +                            T0CON0 &= 0x7F;
   437  01FF1A  0103               	movlb	3	; () banked
   438  01FF1C  9F1A               	bcf	26,7,b	;volatile
   439  01FF1E                     
   440                           ; BSR set to: 3
   441                           ;user_app.c: 125:     TMR0H = (u8)((0xFFFF - u16Time_delay) >> 8);
   442  01FF1E  1C0F               	comf	TimeXus@u16Time_delay^(0+1280),w,c
   443  01FF20  6E11               	movwf	??_TimeXus^(0+1280),c
   444  01FF22  1C10               	comf	(TimeXus@u16Time_delay+1)^(0+1280),w,c
   445  01FF24  6E12               	movwf	(??_TimeXus+1)^(0+1280),c
   446  01FF26  C512  F511         	movff	??_TimeXus+1,??_TimeXus
   447  01FF2A  6A12               	clrf	(??_TimeXus+1)^(0+1280),c
   448  01FF2C  5011               	movf	??_TimeXus^(0+1280),w,c
   449  01FF2E  6F19               	movwf	25,b	;volatile
   450  01FF30                     
   451                           ; BSR set to: 3
   452                           ;user_app.c: 126:     TMR0L = (u8)((0xFFFF - u16Time_delay) & 0x00FF);
   453  01FF30  500F               	movf	TimeXus@u16Time_delay^(0+1280),w,c
   454  01FF32  0AFF               	xorlw	255
   455  01FF34  6F18               	movwf	24,b	;volatile
   456                           
   457                           ;user_app.c: 129:     PIR3 &= 0x7F;
   458  01FF36  9EB1               	bcf	177,7,c	;volatile
   459                           
   460                           ;user_app.c: 130:     T0CON0 |= 0x80;
   461  01FF38  8F1A               	bsf	26,7,b	;volatile
   462  01FF3A                     
   463                           ; BSR set to: 3
   464  01FF3A  0012               	return		;funcret
   465  01FF3C                     __end_of_TimeXus:
   466                           	callstack 0
   467                           
   468 ;; *************** function _SystemSleep *****************
   469 ;; Defined at:
   470 ;;		line 137 in file "encm369_pic18.c"
   471 ;; Parameters:    Size  Location     Type
   472 ;;		None
   473 ;; Auto vars:     Size  Location     Type
   474 ;;		None
   475 ;; Return value:  Size  Location     Type
   476 ;;                  1    wreg      void 
   477 ;; Registers used:
   478 ;;		None
   479 ;; Tracked objects:
   480 ;;		On entry : 0/0
   481 ;;		On exit  : 0/0
   482 ;;		Unchanged: 0/0
   483 ;; Data sizes:     COMRAM   BANK5   BANK6   BANK7   BANK8   BANK9  BANK10  BANK11  BANK12  BANK13  BANK14  BANK15  BANK1
      +6  BANK17  BANK18  BANK19  BANK20  BANK21  BANK22  BANK23  BANK24  BANK25  BANK26  BANK27  BANK28  BANK29  BANK30  BANK3
      +1  BANK32  BANK33  BANK34  BANK35  BANK36  BANK37
   484 ;;      Params:         0       0       0       0       0       0       0       0       0       0       0       0       
      +0       0       0       0       0       0       0       0       0       0       0       0       0       0       0       
      +0       0       0       0       0       0       0
   485 ;;      Locals:         0       0       0       0       0       0       0       0       0       0       0       0       
      +0       0       0       0       0       0       0       0       0       0       0       0       0       0       0       
      +0       0       0       0       0       0       0
   486 ;;      Temps:          0       0       0       0       0       0       0       0       0       0       0       0       
      +0       0       0       0       0       0       0       0       0       0       0       0       0       0       0       
      +0       0       0       0       0       0       0
   487 ;;      Totals:         0       0       0       0       0       0       0       0       0       0       0       0       
      +0       0       0       0       0       0       0       0       0       0       0       0       0       0       0       
      +0       0       0       0       0       0       0
   488 ;;Total ram usage:        0 bytes
   489 ;; Hardware stack levels used:    1
   490 ;; This function calls:
   491 ;;		Nothing
   492 ;; This function is called by:
   493 ;;		_main
   494 ;; This function uses a non-reentrant model
   495 ;;
   496                           
   497                           	psect	text4
   498  01FECA                     __ptext4:
   499                           	callstack 0
   500  01FECA                     _SystemSleep:
   501                           	callstack 127
   502  01FECA  0012               	return		;funcret
   503  01FECC                     __end_of_SystemSleep:
   504                           	callstack 0
   505                           
   506 ;; *************** function _SysTickSetup *****************
   507 ;; Defined at:
   508 ;;		line 115 in file "encm369_pic18.c"
   509 ;; Parameters:    Size  Location     Type
   510 ;;		None
   511 ;; Auto vars:     Size  Location     Type
   512 ;;		None
   513 ;; Return value:  Size  Location     Type
   514 ;;                  1    wreg      void 
   515 ;; Registers used:
   516 ;;		wreg, status,2
   517 ;; Tracked objects:
   518 ;;		On entry : 0/0
   519 ;;		On exit  : 0/0
   520 ;;		Unchanged: 0/0
   521 ;; Data sizes:     COMRAM   BANK5   BANK6   BANK7   BANK8   BANK9  BANK10  BANK11  BANK12  BANK13  BANK14  BANK15  BANK1
      +6  BANK17  BANK18  BANK19  BANK20  BANK21  BANK22  BANK23  BANK24  BANK25  BANK26  BANK27  BANK28  BANK29  BANK30  BANK3
      +1  BANK32  BANK33  BANK34  BANK35  BANK36  BANK37
   522 ;;      Params:         0       0       0       0       0       0       0       0       0       0       0       0       
      +0       0       0       0       0       0       0       0       0       0       0       0       0       0       0       
      +0       0       0       0       0       0       0
   523 ;;      Locals:         0       0       0       0       0       0       0       0       0       0       0       0       
      +0       0       0       0       0       0       0       0       0       0       0       0       0       0       0       
      +0       0       0       0       0       0       0
   524 ;;      Temps:          0       0       0       0       0       0       0       0       0       0       0       0       
      +0       0       0       0       0       0       0       0       0       0       0       0       0       0       0       
      +0       0       0       0       0       0       0
   525 ;;      Totals:         0       0       0       0       0       0       0       0       0       0       0       0       
      +0       0       0       0       0       0       0       0       0       0       0       0       0       0       0       
      +0       0       0       0       0       0       0
   526 ;;Total ram usage:        0 bytes
   527 ;; Hardware stack levels used:    1
   528 ;; This function calls:
   529 ;;		Nothing
   530 ;; This function is called by:
   531 ;;		_main
   532 ;; This function uses a non-reentrant model
   533 ;;
   534                           
   535                           	psect	text5
   536  01FEF8                     __ptext5:
   537                           	callstack 0
   538  01FEF8                     _SysTickSetup:
   539                           	callstack 127
   540  01FEF8                     
   541                           ;encm369_pic18.c: 117:   G_u32SystemTime1ms = 0;
   542  01FEF8  0E00               	movlw	0
   543  01FEFA  6E09               	movwf	_G_u32SystemTime1ms^(0+1280),c	;volatile
   544  01FEFC  0E00               	movlw	0
   545  01FEFE  6E0A               	movwf	(_G_u32SystemTime1ms+1)^(0+1280),c	;volatile
   546  01FF00  0E00               	movlw	0
   547  01FF02  6E0B               	movwf	(_G_u32SystemTime1ms+2)^(0+1280),c	;volatile
   548  01FF04  0E00               	movlw	0
   549  01FF06  6E0C               	movwf	(_G_u32SystemTime1ms+3)^(0+1280),c	;volatile
   550                           
   551                           ;encm369_pic18.c: 118:   G_u32SystemTime1s = 0;
   552  01FF08  0E00               	movlw	0
   553  01FF0A  6E05               	movwf	_G_u32SystemTime1s^(0+1280),c	;volatile
   554  01FF0C  0E00               	movlw	0
   555  01FF0E  6E06               	movwf	(_G_u32SystemTime1s+1)^(0+1280),c	;volatile
   556  01FF10  0E00               	movlw	0
   557  01FF12  6E07               	movwf	(_G_u32SystemTime1s+2)^(0+1280),c	;volatile
   558  01FF14  0E00               	movlw	0
   559  01FF16  6E08               	movwf	(_G_u32SystemTime1s+3)^(0+1280),c	;volatile
   560  01FF18  0012               	return		;funcret
   561  01FF1A                     __end_of_SysTickSetup:
   562                           	callstack 0
   563                           
   564 ;; *************** function _GpioSetup *****************
   565 ;; Defined at:
   566 ;;		line 89 in file "encm369_pic18.c"
   567 ;; Parameters:    Size  Location     Type
   568 ;;		None
   569 ;; Auto vars:     Size  Location     Type
   570 ;;		None
   571 ;; Return value:  Size  Location     Type
   572 ;;                  1    wreg      void 
   573 ;; Registers used:
   574 ;;		wreg, status,2
   575 ;; Tracked objects:
   576 ;;		On entry : 0/0
   577 ;;		On exit  : 0/0
   578 ;;		Unchanged: 0/0
   579 ;; Data sizes:     COMRAM   BANK5   BANK6   BANK7   BANK8   BANK9  BANK10  BANK11  BANK12  BANK13  BANK14  BANK15  BANK1
      +6  BANK17  BANK18  BANK19  BANK20  BANK21  BANK22  BANK23  BANK24  BANK25  BANK26  BANK27  BANK28  BANK29  BANK30  BANK3
      +1  BANK32  BANK33  BANK34  BANK35  BANK36  BANK37
   580 ;;      Params:         0       0       0       0       0       0       0       0       0       0       0       0       
      +0       0       0       0       0       0       0       0       0       0       0       0       0       0       0       
      +0       0       0       0       0       0       0
   581 ;;      Locals:         0       0       0       0       0       0       0       0       0       0       0       0       
      +0       0       0       0       0       0       0       0       0       0       0       0       0       0       0       
      +0       0       0       0       0       0       0
   582 ;;      Temps:          0       0       0       0       0       0       0       0       0       0       0       0       
      +0       0       0       0       0       0       0       0       0       0       0       0       0       0       0       
      +0       0       0       0       0       0       0
   583 ;;      Totals:         0       0       0       0       0       0       0       0       0       0       0       0       
      +0       0       0       0       0       0       0       0       0       0       0       0       0       0       0       
      +0       0       0       0       0       0       0
   584 ;;Total ram usage:        0 bytes
   585 ;; Hardware stack levels used:    1
   586 ;; This function calls:
   587 ;;		Nothing
   588 ;; This function is called by:
   589 ;;		_main
   590 ;; This function uses a non-reentrant model
   591 ;;
   592                           
   593                           	psect	text6
   594  01FEDC                     __ptext6:
   595                           	callstack 0
   596  01FEDC                     _GpioSetup:
   597                           	callstack 127
   598  01FEDC                     
   599                           ;encm369_pic18.c: 91:   TRISA = 0x00;
   600  01FEDC  0E00               	movlw	0
   601  01FEDE  6EC6               	movwf	198,c	;volatile
   602                           
   603                           ;encm369_pic18.c: 92:   LATA = 0x80;
   604  01FEE0  0E80               	movlw	128
   605  01FEE2  6EBE               	movwf	190,c	;volatile
   606                           
   607                           ;encm369_pic18.c: 93:   ANSELA = 0x00;
   608  01FEE4  0E00               	movlw	0
   609  01FEE6  0104               	movlb	4	; () banked
   610  01FEE8  6F00               	movwf	0,b	;volatile
   611                           
   612                           ;encm369_pic18.c: 95:   PORTB= 0x00;
   613  01FEEA  0E00               	movlw	0
   614  01FEEC  6ECF               	movwf	207,c	;volatile
   615                           
   616                           ;encm369_pic18.c: 96:   ANSELB= 0x00;
   617  01FEEE  0E00               	movlw	0
   618  01FEF0  6F08               	movwf	8,b	;volatile
   619                           
   620                           ;encm369_pic18.c: 97:   TRISB= 0x30;
   621  01FEF2  0E30               	movlw	48
   622  01FEF4  6EC7               	movwf	199,c	;volatile
   623  01FEF6                     
   624                           ; BSR set to: 4
   625  01FEF6  0012               	return		;funcret
   626  01FEF8                     __end_of_GpioSetup:
   627                           	callstack 0
   628                           
   629 ;; *************** function _ClockSetup *****************
   630 ;; Defined at:
   631 ;;		line 70 in file "encm369_pic18.c"
   632 ;; Parameters:    Size  Location     Type
   633 ;;		None
   634 ;; Auto vars:     Size  Location     Type
   635 ;;		None
   636 ;; Return value:  Size  Location     Type
   637 ;;                  1    wreg      void 
   638 ;; Registers used:
   639 ;;		None
   640 ;; Tracked objects:
   641 ;;		On entry : 0/0
   642 ;;		On exit  : 0/0
   643 ;;		Unchanged: 0/0
   644 ;; Data sizes:     COMRAM   BANK5   BANK6   BANK7   BANK8   BANK9  BANK10  BANK11  BANK12  BANK13  BANK14  BANK15  BANK1
      +6  BANK17  BANK18  BANK19  BANK20  BANK21  BANK22  BANK23  BANK24  BANK25  BANK26  BANK27  BANK28  BANK29  BANK30  BANK3
      +1  BANK32  BANK33  BANK34  BANK35  BANK36  BANK37
   645 ;;      Params:         0       0       0       0       0       0       0       0       0       0       0       0       
      +0       0       0       0       0       0       0       0       0       0       0       0       0       0       0       
      +0       0       0       0       0       0       0
   646 ;;      Locals:         0       0       0       0       0       0       0       0       0       0       0       0       
      +0       0       0       0       0       0       0       0       0       0       0       0       0       0       0       
      +0       0       0       0       0       0       0
   647 ;;      Temps:          0       0       0       0       0       0       0       0       0       0       0       0       
      +0       0       0       0       0       0       0       0       0       0       0       0       0       0       0       
      +0       0       0       0       0       0       0
   648 ;;      Totals:         0       0       0       0       0       0       0       0       0       0       0       0       
      +0       0       0       0       0       0       0       0       0       0       0       0       0       0       0       
      +0       0       0       0       0       0       0
   649 ;;Total ram usage:        0 bytes
   650 ;; Hardware stack levels used:    1
   651 ;; This function calls:
   652 ;;		Nothing
   653 ;; This function is called by:
   654 ;;		_main
   655 ;; This function uses a non-reentrant model
   656 ;;
   657                           
   658                           	psect	text7
   659  01FEC8                     __ptext7:
   660                           	callstack 0
   661  01FEC8                     _ClockSetup:
   662                           	callstack 127
   663  01FEC8  0012               	return		;funcret
   664  01FECA                     __end_of_ClockSetup:
   665                           	callstack 0
   666  0000                     
   667                           	psect	rparam
   668  0000                     
   669                           	psect	idloc
   670                           
   671                           ;Config register IDLOC0 @ 0x200000
   672                           ;	unspecified, using default values
   673  200000                     	org	2097152
   674  200000  0FFF               	dw	4095
   675                           
   676                           ;Config register IDLOC1 @ 0x200002
   677                           ;	unspecified, using default values
   678  200002                     	org	2097154
   679  200002  0FFF               	dw	4095
   680                           
   681                           ;Config register IDLOC2 @ 0x200004
   682                           ;	unspecified, using default values
   683  200004                     	org	2097156
   684  200004  0FFF               	dw	4095
   685                           
   686                           ;Config register IDLOC3 @ 0x200006
   687                           ;	unspecified, using default values
   688  200006                     	org	2097158
   689  200006  0FFF               	dw	4095
   690                           
   691                           ;Config register IDLOC4 @ 0x200008
   692                           ;	unspecified, using default values
   693  200008                     	org	2097160
   694  200008  0FFF               	dw	4095
   695                           
   696                           ;Config register IDLOC5 @ 0x20000A
   697                           ;	unspecified, using default values
   698  20000A                     	org	2097162
   699  20000A  0FFF               	dw	4095
   700                           
   701                           ;Config register IDLOC6 @ 0x20000C
   702                           ;	unspecified, using default values
   703  20000C                     	org	2097164
   704  20000C  0FFF               	dw	4095
   705                           
   706                           ;Config register IDLOC7 @ 0x20000E
   707                           ;	unspecified, using default values
   708  20000E                     	org	2097166
   709  20000E  0FFF               	dw	4095
   710                           
   711                           ;Config register IDLOC8 @ 0x200010
   712                           ;	unspecified, using default values
   713  200010                     	org	2097168
   714  200010  0FFF               	dw	4095
   715                           
   716                           ;Config register IDLOC9 @ 0x200012
   717                           ;	unspecified, using default values
   718  200012                     	org	2097170
   719  200012  0FFF               	dw	4095
   720                           
   721                           ;Config register IDLOC10 @ 0x200014
   722                           ;	unspecified, using default values
   723  200014                     	org	2097172
   724  200014  0FFF               	dw	4095
   725                           
   726                           ;Config register IDLOC11 @ 0x200016
   727                           ;	unspecified, using default values
   728  200016                     	org	2097174
   729  200016  0FFF               	dw	4095
   730                           
   731                           ;Config register IDLOC12 @ 0x200018
   732                           ;	unspecified, using default values
   733  200018                     	org	2097176
   734  200018  0FFF               	dw	4095
   735                           
   736                           ;Config register IDLOC13 @ 0x20001A
   737                           ;	unspecified, using default values
   738  20001A                     	org	2097178
   739  20001A  0FFF               	dw	4095
   740                           
   741                           ;Config register IDLOC14 @ 0x20001C
   742                           ;	unspecified, using default values
   743  20001C                     	org	2097180
   744  20001C  0FFF               	dw	4095
   745                           
   746                           ;Config register IDLOC15 @ 0x20001E
   747                           ;	unspecified, using default values
   748  20001E                     	org	2097182
   749  20001E  0FFF               	dw	4095
   750                           
   751                           	psect	config
   752                           
   753                           ;Config register CONFIG1 @ 0x300000
   754                           ;	External Oscillator Selection
   755                           ;	FEXTOSC = OFF, Oscillator not enabled
   756                           ;	Reset Oscillator Selection
   757                           ;	RSTOSC = HFINTOSC_64MHZ, HFINTOSC with HFFRQ = 64 MHz and CDIV = 1:1
   758  300000                     	org	3145728
   759  300000  8C                 	db	140
   760                           
   761                           ;Config register CONFIG2 @ 0x300001
   762                           ;	Clock out Enable bit
   763                           ;	CLKOUTEN = ON, CLKOUT function is enabled
   764                           ;	PRLOCKED One-Way Set Enable bit
   765                           ;	PR1WAY = ON, PRLOCKED bit can be cleared and set only once
   766                           ;	Clock Switch Enable bit
   767                           ;	CSWEN = ON, Writing to NOSC and NDIV is allowed
   768                           ;	Fail-Safe Clock Monitor Enable bit
   769                           ;	FCMEN = ON, Fail-Safe Clock Monitor enabled
   770  300001                     	org	3145729
   771  300001  FE                 	db	254
   772                           
   773                           ;Config register CONFIG3 @ 0x300002
   774                           ;	MCLR Enable bit
   775                           ;	MCLRE = EXTMCLR, If LVP = 0, MCLR pin is MCLR; If LVP = 1, RE3 pin function is MCLR
   776                           ;	Power-up timer selection bits
   777                           ;	PWRTS = PWRT_OFF, PWRT is disabled
   778                           ;	Multi-vector enable bit
   779                           ;	MVECEN = ON, Multi-vector enabled, Vector table used for interrupts
   780                           ;	IVTLOCK bit One-way set enable bit
   781                           ;	IVT1WAY = ON, IVTLOCKED bit can be cleared and set only once
   782                           ;	Low Power BOR Enable bit
   783                           ;	LPBOREN = OFF, Low-Power BOR disabled
   784                           ;	Brown-out Reset Enable bits
   785                           ;	BOREN = SBORDIS, Brown-out Reset enabled , SBOREN bit is ignored
   786  300002                     	org	3145730
   787  300002  FF                 	db	255
   788                           
   789                           ;Config register CONFIG4 @ 0x300003
   790                           ;	Brown-out Reset Voltage Selection bits
   791                           ;	BORV = VBOR_2P85, Brown-out Reset Voltage (VBOR) set to 2.8V
   792                           ;	ZCD Disable bit
   793                           ;	ZCD = OFF, ZCD module is disabled. ZCD can be enabled by setting the ZCDSEN bit of ZCD
      +                          CON
   794                           ;	PPSLOCK bit One-Way Set Enable bit
   795                           ;	PPS1WAY = ON, PPSLOCKED bit can be cleared and set only once; PPS registers remain loc
      +                          ked after one clear/set cycle
   796                           ;	Stack Full/Underflow Reset Enable bit
   797                           ;	STVREN = ON, Stack full/underflow will cause Reset
   798                           ;	Low Voltage Programming Enable bit
   799                           ;	LVP = ON, Low voltage programming enabled. MCLR/VPP pin function is MCLR. MCLRE config
      +                          uration bit is ignored
   800                           ;	Extended Instruction Set Enable bit
   801                           ;	XINST = OFF, Extended Instruction Set and Indexed Addressing Mode disabled
   802  300003                     	org	3145731
   803  300003  FC                 	db	252
   804                           
   805                           ;Config register CONFIG5 @ 0x300004
   806                           ;	WDT Period selection bits
   807                           ;	WDTCPS = WDTCPS_31, Divider ratio 1:65536; software control of WDTPS
   808                           ;	WDT operating mode
   809                           ;	WDTE = OFF, WDT Disabled; SWDTEN is ignored
   810  300004                     	org	3145732
   811  300004  9F                 	db	159
   812                           
   813                           ;Config register CONFIG6 @ 0x300005
   814                           ;	WDT Window Select bits
   815                           ;	WDTCWS = WDTCWS_7, window always open (100%); software control; keyed access not requi
      +                          red
   816                           ;	WDT input clock selector
   817                           ;	WDTCCS = SC, Software Control
   818  300005                     	org	3145733
   819  300005  FF                 	db	255
   820                           
   821                           ;Config register CONFIG7 @ 0x300006
   822                           ;	Boot Block Size selection bits
   823                           ;	BBSIZE = BBSIZE_512, Boot Block size is 512 words
   824                           ;	Boot Block enable bit
   825                           ;	BBEN = OFF, Boot block disabled
   826                           ;	Storage Area Flash enable bit
   827                           ;	SAFEN = OFF, SAF disabled
   828                           ;	Background Debugger
   829                           ;	DEBUG = OFF, Background Debugger disabled
   830  300006                     	org	3145734
   831  300006  FF                 	db	255
   832                           
   833                           ;Config register CONFIG8 @ 0x300007
   834                           ;	Boot Block Write Protection bit
   835                           ;	WRTB = OFF, Boot Block not Write protected
   836                           ;	Configuration Register Write Protection bit
   837                           ;	WRTC = OFF, Configuration registers not Write protected
   838                           ;	Data EEPROM Write Protection bit
   839                           ;	WRTD = OFF, Data EEPROM not Write protected
   840                           ;	SAF Write protection bit
   841                           ;	WRTSAF = OFF, SAF not Write Protected
   842                           ;	Application Block write protection bit
   843                           ;	WRTAPP = OFF, Application Block not write protected
   844  300007                     	org	3145735
   845  300007  FF                 	db	255
   846                           
   847                           ; Padding undefined space
   848  300008                     	org	3145736
   849  300008  FF                 	db	255
   850                           
   851                           ;Config register CONFIG10 @ 0x300009
   852                           ;	PFM and Data EEPROM Code Protection bit
   853                           ;	CP = OFF, PFM and Data EEPROM code protection disabled
   854  300009                     	org	3145737
   855  300009  FF                 	db	255
   856                           tosu	equ	0x4FF
   857                           tosh	equ	0x4FE
   858                           tosl	equ	0x4FD
   859                           stkptr	equ	0x4FC
   860                           pclatu	equ	0x4FB
   861                           pclath	equ	0x4FA
   862                           pcl	equ	0x4F9
   863                           tblptru	equ	0x4F8
   864                           tblptrh	equ	0x4F7
   865                           tblptrl	equ	0x4F6
   866                           tablat	equ	0x4F5
   867                           prodh	equ	0x4F4
   868                           prodl	equ	0x4F3
   869                           indf0	equ	0x4EF
   870                           postinc0	equ	0x4EE
   871                           postdec0	equ	0x4ED
   872                           preinc0	equ	0x4EC
   873                           plusw0	equ	0x4EB
   874                           fsr0h	equ	0x4EA
   875                           fsr0l	equ	0x4E9
   876                           wreg	equ	0x4E8
   877                           indf1	equ	0x4E7
   878                           postinc1	equ	0x4E6
   879                           postdec1	equ	0x4E5
   880                           preinc1	equ	0x4E4
   881                           plusw1	equ	0x4E3
   882                           fsr1h	equ	0x4E2
   883                           fsr1l	equ	0x4E1
   884                           bsr	equ	0x4E0
   885                           indf2	equ	0x4DF
   886                           postinc2	equ	0x4DE
   887                           postdec2	equ	0x4DD
   888                           preinc2	equ	0x4DC
   889                           plusw2	equ	0x4DB
   890                           fsr2h	equ	0x4DA
   891                           fsr2l	equ	0x4D9
   892                           status	equ	0x4D8

Data Sizes:
    Strings     0
    Constant    0
    Data        3
    BSS         14
    Persistent  0
    Stack       0

Auto Spaces:
    Space          Size  Autos    Used
    COMRAM           95      7      24
    BANK5           160      0       0
    BANK6           256      0       0
    BANK7           256      0       0
    BANK8           256      0       0
    BANK9           256      0       0
    BANK10          256      0       0
    BANK11          256      0       0
    BANK12          256      0       0
    BANK13          256      0       0
    BANK14          256      0       0
    BANK15          256      0       0
    BANK16          256      0       0
    BANK17          256      0       0
    BANK18          256      0       0
    BANK19          256      0       0
    BANK20          256      0       0
    BANK21          256      0       0
    BANK22          256      0       0
    BANK23          256      0       0
    BANK24          256      0       0
    BANK25          256      0       0
    BANK26          256      0       0
    BANK27          256      0       0
    BANK28          256      0       0
    BANK29          256      0       0
    BANK30          256      0       0
    BANK31          256      0       0
    BANK32          256      0       0
    BANK33          256      0       0
    BANK34          256      0       0
    BANK35          256      0       0
    BANK36          256      0       0
    BANK37          256      0       0

Pointer List with Targets:

    None.

Critical Paths under _main in COMRAM

    _main->_UserAppRun

Critical Paths under _main in BANK5

    None.

Critical Paths under _main in BANK6

    None.

Critical Paths under _main in BANK7

    None.

Critical Paths under _main in BANK8

    None.

Critical Paths under _main in BANK9

    None.

Critical Paths under _main in BANK10

    None.

Critical Paths under _main in BANK11

    None.

Critical Paths under _main in BANK12

    None.

Critical Paths under _main in BANK13

    None.

Critical Paths under _main in BANK14

    None.

Critical Paths under _main in BANK15

    None.

Critical Paths under _main in BANK16

    None.

Critical Paths under _main in BANK17

    None.

Critical Paths under _main in BANK18

    None.

Critical Paths under _main in BANK19

    None.

Critical Paths under _main in BANK20

    None.

Critical Paths under _main in BANK21

    None.

Critical Paths under _main in BANK22

    None.

Critical Paths under _main in BANK23

    None.

Critical Paths under _main in BANK24

    None.

Critical Paths under _main in BANK25

    None.

Critical Paths under _main in BANK26

    None.

Critical Paths under _main in BANK27

    None.

Critical Paths under _main in BANK28

    None.

Critical Paths under _main in BANK29

    None.

Critical Paths under _main in BANK30

    None.

Critical Paths under _main in BANK31

    None.

Critical Paths under _main in BANK32

    None.

Critical Paths under _main in BANK33

    None.

Critical Paths under _main in BANK34

    None.

Critical Paths under _main in BANK35

    None.

Critical Paths under _main in BANK36

    None.

Critical Paths under _main in BANK37

    None.

Call Graph Tables:

 ---------------------------------------------------------------------------------
 (Depth) Function   	        Calls       Base Space   Used Autos Params    Refs
 ---------------------------------------------------------------------------------
 (0) _main                                                 0     0      0     165
                         _ClockSetup
                          _GpioSetup
                       _SysTickSetup
                        _SystemSleep
                            _TimeXus
                  _UserAppInitialize
                         _UserAppRun
 ---------------------------------------------------------------------------------
 (1) _UserAppRun                                           7     7      0      45
                                              0 COMRAM     7     7      0
 ---------------------------------------------------------------------------------
 (1) _UserAppInitialize                                    0     0      0       0
 ---------------------------------------------------------------------------------
 (1) _TimeXus                                              4     2      2     120
                                              0 COMRAM     4     2      2
 ---------------------------------------------------------------------------------
 (1) _SystemSleep                                          0     0      0       0
 ---------------------------------------------------------------------------------
 (1) _SysTickSetup                                         0     0      0       0
 ---------------------------------------------------------------------------------
 (1) _GpioSetup                                            0     0      0       0
 ---------------------------------------------------------------------------------
 (1) _ClockSetup                                           0     0      0       0
 ---------------------------------------------------------------------------------
 Estimated maximum stack depth 1
 ---------------------------------------------------------------------------------

 Call Graph Graphs:

 _main (ROOT)
   _ClockSetup
   _GpioSetup
   _SysTickSetup
   _SystemSleep
   _TimeXus
   _UserAppInitialize
   _UserAppRun

 Address spaces:
Name               Size   Autos  Total    Cost      Usage
BIGRAM            20FF      0       0      71        0.0%
EEDATA             400      0       0       0        0.0%
BITBANK37          100      0       0      70        0.0%
BANK37             100      0       0      68        0.0%
BITBANK36          100      0       0      66        0.0%
BANK36             100      0       0      67        0.0%
BITBANK35          100      0       0      64        0.0%
BANK35             100      0       0      65        0.0%
BITBANK34          100      0       0      62        0.0%
BANK34             100      0       0      63        0.0%
BITBANK33          100      0       0      60        0.0%
BANK33             100      0       0      61        0.0%
BITBANK32          100      0       0      58        0.0%
BANK32             100      0       0      59        0.0%
BITBANK31          100      0       0      56        0.0%
BANK31             100      0       0      57        0.0%
BITBANK30          100      0       0      54        0.0%
BANK30             100      0       0      55        0.0%
BITBANK29          100      0       0      52        0.0%
BANK29             100      0       0      53        0.0%
BITBANK28          100      0       0      50        0.0%
BANK28             100      0       0      51        0.0%
BITBANK27          100      0       0      48        0.0%
BANK27             100      0       0      49        0.0%
BITBANK26          100      0       0      46        0.0%
BANK26             100      0       0      47        0.0%
BITBANK25          100      0       0      44        0.0%
BANK25             100      0       0      45        0.0%
BITBANK24          100      0       0      42        0.0%
BANK24             100      0       0      43        0.0%
BITBANK23          100      0       0      40        0.0%
BANK23             100      0       0      41        0.0%
BITBANK22          100      0       0      38        0.0%
BANK22             100      0       0      39        0.0%
BITBANK21          100      0       0      36        0.0%
BANK21             100      0       0      37        0.0%
BITBANK20          100      0       0      34        0.0%
BANK20             100      0       0      35        0.0%
BITBANK19          100      0       0      32        0.0%
BANK19             100      0       0      33        0.0%
BITBANK18          100      0       0      30        0.0%
BANK18             100      0       0      31        0.0%
BITBANK17          100      0       0      28        0.0%
BANK17             100      0       0      29        0.0%
BITBANK16          100      0       0      26        0.0%
BANK16             100      0       0      27        0.0%
BITBANK15          100      0       0      24        0.0%
BANK15             100      0       0      25        0.0%
BITBANK14          100      0       0      22        0.0%
BANK14             100      0       0      23        0.0%
BITBANK13          100      0       0      20        0.0%
BANK13             100      0       0      21        0.0%
BITBANK12          100      0       0      18        0.0%
BANK12             100      0       0      19        0.0%
BITBANK11          100      0       0      16        0.0%
BANK11             100      0       0      17        0.0%
BITBANK10          100      0       0      14        0.0%
BANK10             100      0       0      15        0.0%
BITBANK9           100      0       0      12        0.0%
BANK9              100      0       0      13        0.0%
BITBANK8           100      0       0      10        0.0%
BANK8              100      0       0      11        0.0%
BITBANK7           100      0       0       8        0.0%
BANK7              100      0       0       9        0.0%
BITBANK6           100      0       0       6        0.0%
BANK6              100      0       0       7        0.0%
BITBANK5            A0      0       0       4        0.0%
BANK5               A0      0       0       5        0.0%
BITCOMRAM           5F      0       0       0        0.0%
COMRAM              5F      7      18       1       25.3%
BITSFR_5             0      0       0     200        0.0%
SFR_5                0      0       0     200        0.0%
BITSFR_4             0      0       0     200        0.0%
SFR_4                0      0       0     200        0.0%
BITSFR_3             0      0       0     200        0.0%
SFR_3                0      0       0     200        0.0%
BITSFR_2             0      0       0     200        0.0%
SFR_2                0      0       0     200        0.0%
BITSFR_1             0      0       0     200        0.0%
SFR_1                0      0       0     200        0.0%
BITSFR               0      0       0     200        0.0%
SFR                  0      0       0     200        0.0%
STACK                0      0       0       2        0.0%
NULL                 0      0       0       0        0.0%
ABS                  0      0      18      69        0.0%
DATA                 0      0      18       3        0.0%
CODE                 0      0       0       0        0.0%


Microchip Technology PIC18 Macro Assembler V2.31 build 20201012212115 
Symbol Table                                                                                   Fri Mar 05 10:24:22 2021

     __size_of_SysTickSetup 0022                          l22 FEF6                          l25 FF18  
                        l19 FEC8                          l28 FECA                          l80 FEDA  
                        l58 FF9A                          l91 FFFA                          l94 FF3A  
                        u10 FFDA                          u11 FFD6                          u30 FFA8  
                        u31 FFA4                         l820 FF1A                         l822 FF1E  
                       l830 FF78                         l824 FF30                         l840 FF8A  
                       l832 FF7C                         l770 FEDC                         l818 FEF8  
                       l842 FF8E                         l834 FF80                         l826 FF72  
                       l780 FFC2                         l844 FFA8                         l836 FF84  
                       l828 FF74                         l774 FED0                         l790 FFF4  
                       l782 FFCA                         l838 FF88                         l784 FFDA  
                       l776 FFB2                         l786 FFE0                         l778 FFBC  
                       l788 FFE4                         wreg 0004E8                        _LATA 0004BE  
                      _PIR3 0004B1                        _main FF72                _SysTickSetup FEF8  
                      indf2 0004DF                        fsr2l 0004D9                        start FFFC  
      __size_of_SystemSleep 0002                ___param_bank 000000                  _ClockSetup FEC8  
           __end_of_TimeXus FF3C                       ?_main 050F                       _TMR0H 000319  
                     _TMR0L 000318                       _PORTB 0004CF                       _TRISA 0004C6  
                     _TRISB 0004C7                       tablat 0004F5             __initialization FF3C  
              __end_of_main FFB2                      ??_main 0516               __activetblptr 000000  
                    _ANSELA 000400                      _ANSELB 000408                      _T0CON0 00031A  
                    _T0CON1 00031B          __size_of_GpioSetup 001C                   ??_TimeXus 0511  
               ?_ClockSetup 050F                      clear_0 FF66                __pdataCOMRAM 0516  
                    tblptrh 0004F7                      tblptrl 0004F6                      tblptru 0004F8  
                _UserAppRun FFB2                  __accesstop 0560     __end_of__initialization FF6C  
             ___rparam_used 000001            _G_u8UserAppFlags 050E              __pcstackCOMRAM 050F  
         __end_of_GpioSetup FEF8         __size_of_ClockSetup 0002                 ?_UserAppRun 050F  
             ??_SystemSleep 050F                     __Hparam 0000                     __Lparam 0000  
                   _TimeXus FF1A                     __pcinit FF3C                     __ramtop 2600  
                   __ptext0 FF72                     __ptext1 FFB2                     __ptext2 FED0  
                   __ptext3 FF1A                     __ptext4 FECA                     __ptext5 FEF8  
                   __ptext6 FEDC                     __ptext7 FEC8             UserAppRun@u8Var 0515  
      end_of_initialization FF6C            _G_u32SystemFlags 0501                     postinc0 0004EE  
       __end_of_SystemSleep FECC                ??_ClockSetup 050F         __size_of_UserAppRun 004A  
        __end_of_ClockSetup FECA                 UserAppRun@n 0518               __pidataCOMRAM FECD  
                 _GpioSetup FEDC         start_initialization FF3C               ?_SysTickSetup 050F  
               _SystemSleep FECA                  ?_GpioSetup 050F                 __pbssCOMRAM 0501  
         _UserAppInitialize FED0                ??_UserAppRun 050F          ?_UserAppInitialize 050F  
            ??_SysTickSetup 050F         ??_UserAppInitialize 050F                    ?_TimeXus 050F  
        __end_of_UserAppRun FFFC   __end_of_UserAppInitialize FEDC                 ??_GpioSetup 050F  
                  __Hrparam 0000                    __Lrparam 0000            __size_of_TimeXus 0022  
      UserAppRun@increments 050D         UserAppRun@u8Counter 0511            UserAppRun@F15926 0516  
       UserAppRun@u8Pattern 050F        __end_of_SysTickSetup FF1A  __size_of_UserAppInitialize 000C  
             __size_of_main 0040                ?_SystemSleep 050F        TimeXus@u16Time_delay 050F  
        _G_u32SystemTime1ms 0509           _G_u32SystemTime1s 0505  
