

Microchip MPLAB XC8 Assembler V2.31 build 20201012212115 
                                                                                               Sun Feb 28 19:37:04 2021

Microchip MPLAB XC8 C Compiler v2.31 (Free license) build 20201012212115 Og1 
     1                           	processor	18F27Q43
     2                           	fnconf	rparam,??,?,0
     3                           	pagewidth 120
     4                           	opt	flic
     5                           	psect	idataCOMRAM,global,class=CODE,delta=1,noexec
     6                           	psect	cinit,global,reloc=2,class=CODE,delta=1
     7                           	psect	bssCOMRAM,global,class=COMRAM,space=1,delta=1,lowdata,noexec
     8                           	psect	dataCOMRAM,global,class=COMRAM,space=1,delta=1,lowdata,noexec
     9                           	psect	cstackCOMRAM,global,class=COMRAM,space=1,delta=1,lowdata,noexec
    10                           	psect	text0,global,reloc=2,class=CODE,delta=1
    11                           	psect	text1,global,reloc=2,class=CODE,delta=1
    12                           	psect	text2,global,reloc=2,class=CODE,delta=1
    13                           	psect	text3,global,reloc=2,class=CODE,delta=1
    14                           	psect	text4,global,reloc=2,class=CODE,delta=1
    15                           	psect	text5,global,reloc=2,class=CODE,delta=1
    16                           	psect	text6,global,reloc=2,class=CODE,delta=1
    17                           	psect	intsave_regs,global,class=BIGRAM,space=1,delta=1,noexec
    18                           	psect	rparam,global,class=COMRAM,space=1,delta=1,noexec
    19                           	psect	idloc,global,abs,ovrld,class=IDLOC,space=5,delta=1,noexec
    20                           	psect	config,global,abs,ovrld,class=CONFIG,space=4,delta=1,noexec
    21  0000                     
    22                           ; Version 2.30
    23                           ; Generated 20/08/2020 GMT
    24                           ; 
    25                           ; Copyright © 2020, Microchip Technology Inc. and its subsidiaries ("Microchip")
    26                           ; All rights reserved.
    27                           ; 
    28                           ; This software is developed by Microchip Technology Inc. and its subsidiaries ("Microch
      +                          ip").
    29                           ; 
    30                           ; Redistribution and use in source and binary forms, with or without modification, are
    31                           ; permitted provided that the following conditions are met:
    32                           ; 
    33                           ;     1. Redistributions of source code must retain the above copyright notice, this lis
      +                          t of
    34                           ;        conditions and the following disclaimer.
    35                           ; 
    36                           ;     2. Redistributions in binary form must reproduce the above copyright notice, this 
      +                          list
    37                           ;        of conditions and the following disclaimer in the documentation and/or other
    38                           ;        materials provided with the distribution. Publication is not required when
    39                           ;        this file is used in an embedded application.
    40                           ; 
    41                           ;     3. Microchip's name may not be used to endorse or promote products derived from th
      +                          is
    42                           ;        software without specific prior written permission.
    43                           ; 
    44                           ; THIS SOFTWARE IS PROVIDED BY MICROCHIP "AS IS" AND ANY EXPRESS OR IMPLIED WARRANTIES,
    45                           ; INCLUDING, BUT NOT LIMITED TO, THE IMPLIED WARRANTIES OF MERCHANTABILITY AND FITNESS F
      +                          OR
    46                           ; PURPOSE ARE DISCLAIMED.  IN NO EVENT SHALL MICROCHIP BE LIABLE FOR ANY DIRECT, INDIREC
      +                          T,
    47                           ; INCIDENTAL, SPECIAL, EXEMPLARY, OR CONSEQUENTIAL DAMAGES (INCLUDING BUT NOT LIMITED TO
    48                           ; PROCUREMENT OF SUBSTITUTE GOODS OR SERVICES; LOSS OF USE, DATA OR PROFITS; OR BUSINESS
    49                           ; INTERRUPTION) HOWSOEVER CAUSED AND ON ANY THEORY OF LIABILITY, WHETHER IN CONTRACT, ST
      +                          RICT
    50                           ; LIABILITY, OR TORT (INCLUDING NEGLIGENCE OR OTHERWISE) ARISING IN ANY WAY OUT OF THE U
      +                          SE OF
    51                           ; THIS SOFTWARE, EVEN IF ADVISED OF THE POSSIBILITY OF SUCH DAMAGE.
    52                           ; 
    53                           ; 
    54                           ; Code-generator required, PIC18F27Q43 Definitions
    55                           ; 
    56                           ; SFR Addresses
    57  0000                     
    58                           	psect	idataCOMRAM
    59  01FECA                     __pidataCOMRAM:
    60                           	callstack 0
    61                           
    62                           ;initializer for UserAppRun@Buttonold
    63  01FECA  0001               	dw	1
    64  01FECC  0000               	dw	0
    65                           
    66                           ;initializer for UserAppRun@u32Counter
    67  01FECE  0080               	dw	128
    68  01FED0  0000               	dw	0
    69  0000                     _ANSELB	set	1032
    70  0000                     _ANSELA	set	1024
    71  0000                     _TRISB	set	1223
    72  0000                     _PORTB	set	1231
    73  0000                     _LATA	set	1214
    74  0000                     _TRISA	set	1222
    75                           
    76                           ; #config settings
    77                           
    78                           	psect	cinit
    79  01FF32                     __pcinit:
    80                           	callstack 0
    81  01FF32                     start_initialization:
    82                           	callstack 0
    83  01FF32                     __initialization:
    84                           	callstack 0
    85                           
    86                           ; Initialize objects allocated to COMRAM (8 bytes)
    87                           ; load TBLPTR registers with __pidataCOMRAM
    88  01FF32  0ECA               	movlw	low __pidataCOMRAM
    89  01FF34  6EF6               	movwf	tblptrl,c
    90  01FF36  0EFE               	movlw	high __pidataCOMRAM
    91  01FF38  6EF7               	movwf	tblptrh,c
    92  01FF3A  0E01               	movlw	low (__pidataCOMRAM shr (0+16))
    93  01FF3C  6EF8               	movwf	tblptru,c
    94  01FF3E  EE01  F117         	lfsr	0,__pdataCOMRAM
    95  01FF42  EE10 F008          	lfsr	1,8
    96  01FF46                     copy_data0:
    97  01FF46  0009               	tblrd		*+
    98  01FF48  C4F5 F4EE          	movff	tablat,postinc0
    99  01FF4C  50E5               	movf	postdec1,w,c
   100  01FF4E  50E1               	movf	fsr1l,w,c
   101  01FF50  E1FA               	bnz	copy_data0
   102                           
   103                           ; Clear objects allocated to COMRAM (13 bytes)
   104  01FF52  EE01  F101         	lfsr	0,__pbssCOMRAM
   105  01FF56  0E0D               	movlw	13
   106  01FF58                     clear_0:
   107  01FF58  6AEE               	clrf	postinc0,c
   108  01FF5A  06E8               	decf	wreg,f,c
   109  01FF5C  E1FD               	bnz	clear_0
   110  01FF5E                     end_of_initialization:
   111                           	callstack 0
   112  01FF5E                     __end_of__initialization:
   113                           	callstack 0
   114  01FF5E  0100               	movlb	0
   115  01FF60  EF88  F0FF         	goto	_main	;jump to C main() function
   116                           
   117                           	psect	bssCOMRAM
   118  000501                     __pbssCOMRAM:
   119                           	callstack 0
   120  000501                     _G_u32SystemFlags:
   121                           	callstack 0
   122  000501                     	ds	4
   123  000505                     _G_u32SystemTime1s:
   124                           	callstack 0
   125  000505                     	ds	4
   126  000509                     _G_u32SystemTime1ms:
   127                           	callstack 0
   128  000509                     	ds	4
   129  00050D                     _G_u8UserAppFlags:
   130                           	callstack 0
   131  00050D                     	ds	1
   132                           
   133                           	psect	dataCOMRAM
   134  000517                     __pdataCOMRAM:
   135                           	callstack 0
   136  000517                     UserAppRun@Buttonold:
   137                           	callstack 0
   138  000517                     	ds	4
   139  00051B                     UserAppRun@u32Counter:
   140                           	callstack 0
   141  00051B                     	ds	4
   142                           
   143                           	psect	cstackCOMRAM
   144  00050E                     __pcstackCOMRAM:
   145                           	callstack 0
   146  00050E                     ??_UserAppRun:
   147  00050E                     
   148                           ; 1 bytes @ 0x0
   149  00050E                     	ds	5
   150  000513                     UserAppRun@Buttonnew:
   151                           	callstack 0
   152                           
   153                           ; 4 bytes @ 0x5
   154  000513                     	ds	4
   155  000517                     
   156                           ; 1 bytes @ 0x9
   157 ;;
   158 ;;Main: autosize = 0, tempsize = 0, incstack = 0, save=0
   159 ;;
   160 ;; *************** function _main *****************
   161 ;; Defined at:
   162 ;;		line 35 in file "main.c"
   163 ;; Parameters:    Size  Location     Type
   164 ;;		None
   165 ;; Auto vars:     Size  Location     Type
   166 ;;		None
   167 ;; Return value:  Size  Location     Type
   168 ;;                  1    wreg      void 
   169 ;; Registers used:
   170 ;;		wreg, status,2, status,0, cstack
   171 ;; Tracked objects:
   172 ;;		On entry : 0/0
   173 ;;		On exit  : 0/0
   174 ;;		Unchanged: 0/0
   175 ;; Data sizes:     COMRAM   BANK5   BANK6   BANK7   BANK8   BANK9  BANK10  BANK11  BANK12  BANK13  BANK14  BANK15  BANK1
      +6  BANK17  BANK18  BANK19  BANK20  BANK21  BANK22  BANK23  BANK24  BANK25  BANK26  BANK27  BANK28  BANK29  BANK30  BANK3
      +1  BANK32  BANK33  BANK34  BANK35  BANK36  BANK37
   176 ;;      Params:         0       0       0       0       0       0       0       0       0       0       0       0       
      +0       0       0       0       0       0       0       0       0       0       0       0       0       0       0       
      +0       0       0       0       0       0       0
   177 ;;      Locals:         0       0       0       0       0       0       0       0       0       0       0       0       
      +0       0       0       0       0       0       0       0       0       0       0       0       0       0       0       
      +0       0       0       0       0       0       0
   178 ;;      Temps:          0       0       0       0       0       0       0       0       0       0       0       0       
      +0       0       0       0       0       0       0       0       0       0       0       0       0       0       0       
      +0       0       0       0       0       0       0
   179 ;;      Totals:         0       0       0       0       0       0       0       0       0       0       0       0       
      +0       0       0       0       0       0       0       0       0       0       0       0       0       0       0       
      +0       0       0       0       0       0       0
   180 ;;Total ram usage:        0 bytes
   181 ;; Hardware stack levels required when called:    1
   182 ;; This function calls:
   183 ;;		_ClockSetup
   184 ;;		_GpioSetup
   185 ;;		_SysTickSetup
   186 ;;		_SystemSleep
   187 ;;		_UserAppInitialize
   188 ;;		_UserAppRun
   189 ;; This function is called by:
   190 ;;		Startup code after reset
   191 ;; This function uses a non-reentrant model
   192 ;;
   193                           
   194                           	psect	text0
   195  01FF10                     __ptext0:
   196                           	callstack 0
   197  01FF10                     _main:
   198                           	callstack 127
   199  01FF10                     
   200                           ;main.c: 37:   G_u32SystemFlags |= (u32)0x80000000;
   201  01FF10  8E04               	bsf	(_G_u32SystemFlags+3)^(0+1280),7,c	;volatile
   202  01FF12                     
   203                           ;main.c: 40:   ClockSetup();
   204  01FF12  EC62  F0FF         	call	_ClockSetup	;wreg free
   205  01FF16                     
   206                           ;main.c: 41:   SysTickSetup();
   207  01FF16  EC77  F0FF         	call	_SysTickSetup	;wreg free
   208  01FF1A                     
   209                           ;main.c: 42:   GpioSetup();
   210  01FF1A  EC69  F0FF         	call	_GpioSetup	;wreg free
   211  01FF1E                     
   212                           ;main.c: 47:   UserAppInitialize();
   213  01FF1E  EC64  F0FF         	call	_UserAppInitialize	;wreg free
   214  01FF22                     l803:
   215                           
   216                           ;main.c: 53:   {;main.c: 57:     UserAppRun();
   217  01FF22  ECB2  F0FF         	call	_UserAppRun	;wreg free
   218  01FF26                     
   219                           ;main.c: 62:     SystemSleep();
   220  01FF26  EC63  F0FF         	call	_SystemSleep	;wreg free
   221  01FF2A  EF91  F0FF         	goto	l803
   222  01FF2E  EFFE  F0FF         	goto	start
   223  01FF32                     __end_of_main:
   224                           	callstack 0
   225                           
   226 ;; *************** function _UserAppRun *****************
   227 ;; Defined at:
   228 ;;		line 95 in file "user_app.c"
   229 ;; Parameters:    Size  Location     Type
   230 ;;		None
   231 ;; Auto vars:     Size  Location     Type
   232 ;;  Buttonnew       4    5[COMRAM] unsigned long 
   233 ;;  Led             4    0        unsigned long 
   234 ;; Return value:  Size  Location     Type
   235 ;;                  1    wreg      void 
   236 ;; Registers used:
   237 ;;		wreg, status,2, status,0
   238 ;; Tracked objects:
   239 ;;		On entry : 0/0
   240 ;;		On exit  : 0/0
   241 ;;		Unchanged: 0/0
   242 ;; Data sizes:     COMRAM   BANK5   BANK6   BANK7   BANK8   BANK9  BANK10  BANK11  BANK12  BANK13  BANK14  BANK15  BANK1
      +6  BANK17  BANK18  BANK19  BANK20  BANK21  BANK22  BANK23  BANK24  BANK25  BANK26  BANK27  BANK28  BANK29  BANK30  BANK3
      +1  BANK32  BANK33  BANK34  BANK35  BANK36  BANK37
   243 ;;      Params:         0       0       0       0       0       0       0       0       0       0       0       0       
      +0       0       0       0       0       0       0       0       0       0       0       0       0       0       0       
      +0       0       0       0       0       0       0
   244 ;;      Locals:         8       0       0       0       0       0       0       0       0       0       0       0       
      +0       0       0       0       0       0       0       0       0       0       0       0       0       0       0       
      +0       0       0       0       0       0       0
   245 ;;      Temps:          1       0       0       0       0       0       0       0       0       0       0       0       
      +0       0       0       0       0       0       0       0       0       0       0       0       0       0       0       
      +0       0       0       0       0       0       0
   246 ;;      Totals:         9       0       0       0       0       0       0       0       0       0       0       0       
      +0       0       0       0       0       0       0       0       0       0       0       0       0       0       0       
      +0       0       0       0       0       0       0
   247 ;;Total ram usage:        9 bytes
   248 ;; Hardware stack levels used:    1
   249 ;; This function calls:
   250 ;;		Nothing
   251 ;; This function is called by:
   252 ;;		_main
   253 ;; This function uses a non-reentrant model
   254 ;;
   255                           
   256                           	psect	text1
   257  01FF64                     __ptext1:
   258                           	callstack 0
   259  01FF64                     _UserAppRun:
   260                           	callstack 127
   261  01FF64                     
   262                           ;user_app.c: 99:     static u32 Buttonold=1;;user_app.c: 100:     u32 Buttonnew=PORTB & 
      +                          0x20 ;
   263  01FF64  0061 F33C  F50E    	movff	1231,??_UserAppRun	;volatile
   264  01FF6A  0E20               	movlw	32
   265  01FF6C  160E               	andwf	??_UserAppRun^(0+1280),f,c
   266  01FF6E  500E               	movf	??_UserAppRun^(0+1280),w,c
   267  01FF70  6E13               	movwf	UserAppRun@Buttonnew^(0+1280),c
   268  01FF72  6A14               	clrf	(UserAppRun@Buttonnew+1)^(0+1280),c
   269  01FF74  6A15               	clrf	(UserAppRun@Buttonnew+2)^(0+1280),c
   270  01FF76  6A16               	clrf	(UserAppRun@Buttonnew+3)^(0+1280),c
   271  01FF78                     
   272                           ;user_app.c: 102:     if((Buttonold==0) && (Buttonnew==0x20))
   273  01FF78  5017               	movf	UserAppRun@Buttonold^(0+1280),w,c
   274  01FF7A  1018               	iorwf	(UserAppRun@Buttonold+1)^(0+1280),w,c
   275  01FF7C  1019               	iorwf	(UserAppRun@Buttonold+2)^(0+1280),w,c
   276  01FF7E  101A               	iorwf	(UserAppRun@Buttonold+3)^(0+1280),w,c
   277  01FF80  A4D8               	btfss	status,2,c
   278  01FF82  EFC5  F0FF         	goto	u11
   279  01FF86  EFC7  F0FF         	goto	u10
   280  01FF8A                     u11:
   281  01FF8A  EFF5  F0FF         	goto	l775
   282  01FF8E                     u10:
   283  01FF8E  0E20               	movlw	32
   284  01FF90  1813               	xorwf	UserAppRun@Buttonnew^(0+1280),w,c
   285  01FF92  1014               	iorwf	(UserAppRun@Buttonnew+1)^(0+1280),w,c
   286  01FF94  1015               	iorwf	(UserAppRun@Buttonnew+2)^(0+1280),w,c
   287  01FF96  1016               	iorwf	(UserAppRun@Buttonnew+3)^(0+1280),w,c
   288  01FF98  A4D8               	btfss	status,2,c
   289  01FF9A  EFD1  F0FF         	goto	u21
   290  01FF9E  EFD3  F0FF         	goto	u20
   291  01FFA2                     u21:
   292  01FFA2  EFF5  F0FF         	goto	l775
   293  01FFA6                     u20:
   294  01FFA6  501E               	movf	(UserAppRun@u32Counter+3)^(0+1280),w,c
   295  01FFA8  101D               	iorwf	(UserAppRun@u32Counter+2)^(0+1280),w,c
   296  01FFAA  101C               	iorwf	(UserAppRun@u32Counter+1)^(0+1280),w,c
   297  01FFAC  E107               	bnz	u31
   298  01FFAE  0EC0               	movlw	192
   299  01FFB0  5C1B               	subwf	UserAppRun@u32Counter^(0+1280),w,c
   300  01FFB2  B0D8               	btfsc	status,0,c
   301  01FFB4  EFDE  F0FF         	goto	u31
   302  01FFB8  EFE0  F0FF         	goto	u30
   303  01FFBC                     u31:
   304  01FFBC  EFEB  F0FF         	goto	l771
   305  01FFC0                     u30:
   306  01FFC0                     
   307                           ;user_app.c: 105:         {;user_app.c: 106:             u32Counter+=1;
   308  01FFC0  0E01               	movlw	1
   309  01FFC2  261B               	addwf	UserAppRun@u32Counter^(0+1280),f,c
   310  01FFC4  0E00               	movlw	0
   311  01FFC6  221C               	addwfc	(UserAppRun@u32Counter+1)^(0+1280),f,c
   312  01FFC8  221D               	addwfc	(UserAppRun@u32Counter+2)^(0+1280),f,c
   313  01FFCA  221E               	addwfc	(UserAppRun@u32Counter+3)^(0+1280),f,c
   314  01FFCC                     
   315                           ;user_app.c: 108:             LATA^=u32Counter^LATA;;
   316  01FFCC  50BE               	movf	190,w,c	;volatile
   317  01FFCE  181B               	xorwf	UserAppRun@u32Counter^(0+1280),w,c	;volatile
   318  01FFD0  1ABE               	xorwf	190,f,c	;volatile
   319                           
   320                           ;user_app.c: 109:         }
   321  01FFD2  EFF5  F0FF         	goto	l775
   322  01FFD6                     l771:
   323                           
   324                           ;user_app.c: 111:         {;user_app.c: 112:             Buttonnew=PORTB & 0x20;
   325  01FFD6  0061 F33C  F50E    	movff	1231,??_UserAppRun	;volatile
   326  01FFDC  0E20               	movlw	32
   327  01FFDE  160E               	andwf	??_UserAppRun^(0+1280),f,c
   328  01FFE0  500E               	movf	??_UserAppRun^(0+1280),w,c
   329  01FFE2  6E13               	movwf	UserAppRun@Buttonnew^(0+1280),c
   330  01FFE4  6A14               	clrf	(UserAppRun@Buttonnew+1)^(0+1280),c
   331  01FFE6  6A15               	clrf	(UserAppRun@Buttonnew+2)^(0+1280),c
   332  01FFE8  6A16               	clrf	(UserAppRun@Buttonnew+3)^(0+1280),c
   333  01FFEA                     l775:
   334                           
   335                           ;user_app.c: 116:    Buttonold=Buttonnew;
   336  01FFEA  C513  F517         	movff	UserAppRun@Buttonnew,UserAppRun@Buttonold
   337  01FFEE  C514  F518         	movff	UserAppRun@Buttonnew+1,UserAppRun@Buttonold+1
   338  01FFF2  C515  F519         	movff	UserAppRun@Buttonnew+2,UserAppRun@Buttonold+2
   339  01FFF6  C516  F51A         	movff	UserAppRun@Buttonnew+3,UserAppRun@Buttonold+3
   340  01FFFA  0012               	return		;funcret
   341  01FFFC                     __end_of_UserAppRun:
   342                           	callstack 0
   343                           
   344 ;; *************** function _UserAppInitialize *****************
   345 ;; Defined at:
   346 ;;		line 76 in file "user_app.c"
   347 ;; Parameters:    Size  Location     Type
   348 ;;		None
   349 ;; Auto vars:     Size  Location     Type
   350 ;;		None
   351 ;; Return value:  Size  Location     Type
   352 ;;                  1    wreg      void 
   353 ;; Registers used:
   354 ;;		None
   355 ;; Tracked objects:
   356 ;;		On entry : 0/0
   357 ;;		On exit  : 0/0
   358 ;;		Unchanged: 0/0
   359 ;; Data sizes:     COMRAM   BANK5   BANK6   BANK7   BANK8   BANK9  BANK10  BANK11  BANK12  BANK13  BANK14  BANK15  BANK1
      +6  BANK17  BANK18  BANK19  BANK20  BANK21  BANK22  BANK23  BANK24  BANK25  BANK26  BANK27  BANK28  BANK29  BANK30  BANK3
      +1  BANK32  BANK33  BANK34  BANK35  BANK36  BANK37
   360 ;;      Params:         0       0       0       0       0       0       0       0       0       0       0       0       
      +0       0       0       0       0       0       0       0       0       0       0       0       0       0       0       
      +0       0       0       0       0       0       0
   361 ;;      Locals:         0       0       0       0       0       0       0       0       0       0       0       0       
      +0       0       0       0       0       0       0       0       0       0       0       0       0       0       0       
      +0       0       0       0       0       0       0
   362 ;;      Temps:          0       0       0       0       0       0       0       0       0       0       0       0       
      +0       0       0       0       0       0       0       0       0       0       0       0       0       0       0       
      +0       0       0       0       0       0       0
   363 ;;      Totals:         0       0       0       0       0       0       0       0       0       0       0       0       
      +0       0       0       0       0       0       0       0       0       0       0       0       0       0       0       
      +0       0       0       0       0       0       0
   364 ;;Total ram usage:        0 bytes
   365 ;; Hardware stack levels used:    1
   366 ;; This function calls:
   367 ;;		Nothing
   368 ;; This function is called by:
   369 ;;		_main
   370 ;; This function uses a non-reentrant model
   371 ;;
   372                           
   373                           	psect	text2
   374  01FEC8                     __ptext2:
   375                           	callstack 0
   376  01FEC8                     _UserAppInitialize:
   377                           	callstack 127
   378  01FEC8  0012               	return		;funcret
   379  01FECA                     __end_of_UserAppInitialize:
   380                           	callstack 0
   381                           
   382 ;; *************** function _SystemSleep *****************
   383 ;; Defined at:
   384 ;;		line 137 in file "encm369_pic18.c"
   385 ;; Parameters:    Size  Location     Type
   386 ;;		None
   387 ;; Auto vars:     Size  Location     Type
   388 ;;		None
   389 ;; Return value:  Size  Location     Type
   390 ;;                  1    wreg      void 
   391 ;; Registers used:
   392 ;;		None
   393 ;; Tracked objects:
   394 ;;		On entry : 0/0
   395 ;;		On exit  : 0/0
   396 ;;		Unchanged: 0/0
   397 ;; Data sizes:     COMRAM   BANK5   BANK6   BANK7   BANK8   BANK9  BANK10  BANK11  BANK12  BANK13  BANK14  BANK15  BANK1
      +6  BANK17  BANK18  BANK19  BANK20  BANK21  BANK22  BANK23  BANK24  BANK25  BANK26  BANK27  BANK28  BANK29  BANK30  BANK3
      +1  BANK32  BANK33  BANK34  BANK35  BANK36  BANK37
   398 ;;      Params:         0       0       0       0       0       0       0       0       0       0       0       0       
      +0       0       0       0       0       0       0       0       0       0       0       0       0       0       0       
      +0       0       0       0       0       0       0
   399 ;;      Locals:         0       0       0       0       0       0       0       0       0       0       0       0       
      +0       0       0       0       0       0       0       0       0       0       0       0       0       0       0       
      +0       0       0       0       0       0       0
   400 ;;      Temps:          0       0       0       0       0       0       0       0       0       0       0       0       
      +0       0       0       0       0       0       0       0       0       0       0       0       0       0       0       
      +0       0       0       0       0       0       0
   401 ;;      Totals:         0       0       0       0       0       0       0       0       0       0       0       0       
      +0       0       0       0       0       0       0       0       0       0       0       0       0       0       0       
      +0       0       0       0       0       0       0
   402 ;;Total ram usage:        0 bytes
   403 ;; Hardware stack levels used:    1
   404 ;; This function calls:
   405 ;;		Nothing
   406 ;; This function is called by:
   407 ;;		_main
   408 ;; This function uses a non-reentrant model
   409 ;;
   410                           
   411                           	psect	text3
   412  01FEC6                     __ptext3:
   413                           	callstack 0
   414  01FEC6                     _SystemSleep:
   415                           	callstack 127
   416  01FEC6  0012               	return		;funcret
   417  01FEC8                     __end_of_SystemSleep:
   418                           	callstack 0
   419                           
   420 ;; *************** function _SysTickSetup *****************
   421 ;; Defined at:
   422 ;;		line 115 in file "encm369_pic18.c"
   423 ;; Parameters:    Size  Location     Type
   424 ;;		None
   425 ;; Auto vars:     Size  Location     Type
   426 ;;		None
   427 ;; Return value:  Size  Location     Type
   428 ;;                  1    wreg      void 
   429 ;; Registers used:
   430 ;;		wreg, status,2
   431 ;; Tracked objects:
   432 ;;		On entry : 0/0
   433 ;;		On exit  : 0/0
   434 ;;		Unchanged: 0/0
   435 ;; Data sizes:     COMRAM   BANK5   BANK6   BANK7   BANK8   BANK9  BANK10  BANK11  BANK12  BANK13  BANK14  BANK15  BANK1
      +6  BANK17  BANK18  BANK19  BANK20  BANK21  BANK22  BANK23  BANK24  BANK25  BANK26  BANK27  BANK28  BANK29  BANK30  BANK3
      +1  BANK32  BANK33  BANK34  BANK35  BANK36  BANK37
   436 ;;      Params:         0       0       0       0       0       0       0       0       0       0       0       0       
      +0       0       0       0       0       0       0       0       0       0       0       0       0       0       0       
      +0       0       0       0       0       0       0
   437 ;;      Locals:         0       0       0       0       0       0       0       0       0       0       0       0       
      +0       0       0       0       0       0       0       0       0       0       0       0       0       0       0       
      +0       0       0       0       0       0       0
   438 ;;      Temps:          0       0       0       0       0       0       0       0       0       0       0       0       
      +0       0       0       0       0       0       0       0       0       0       0       0       0       0       0       
      +0       0       0       0       0       0       0
   439 ;;      Totals:         0       0       0       0       0       0       0       0       0       0       0       0       
      +0       0       0       0       0       0       0       0       0       0       0       0       0       0       0       
      +0       0       0       0       0       0       0
   440 ;;Total ram usage:        0 bytes
   441 ;; Hardware stack levels used:    1
   442 ;; This function calls:
   443 ;;		Nothing
   444 ;; This function is called by:
   445 ;;		_main
   446 ;; This function uses a non-reentrant model
   447 ;;
   448                           
   449                           	psect	text4
   450  01FEEE                     __ptext4:
   451                           	callstack 0
   452  01FEEE                     _SysTickSetup:
   453                           	callstack 127
   454  01FEEE                     
   455                           ;encm369_pic18.c: 117:   G_u32SystemTime1ms = 0;
   456  01FEEE  0E00               	movlw	0
   457  01FEF0  6E09               	movwf	_G_u32SystemTime1ms^(0+1280),c	;volatile
   458  01FEF2  0E00               	movlw	0
   459  01FEF4  6E0A               	movwf	(_G_u32SystemTime1ms+1)^(0+1280),c	;volatile
   460  01FEF6  0E00               	movlw	0
   461  01FEF8  6E0B               	movwf	(_G_u32SystemTime1ms+2)^(0+1280),c	;volatile
   462  01FEFA  0E00               	movlw	0
   463  01FEFC  6E0C               	movwf	(_G_u32SystemTime1ms+3)^(0+1280),c	;volatile
   464                           
   465                           ;encm369_pic18.c: 118:   G_u32SystemTime1s = 0;
   466  01FEFE  0E00               	movlw	0
   467  01FF00  6E05               	movwf	_G_u32SystemTime1s^(0+1280),c	;volatile
   468  01FF02  0E00               	movlw	0
   469  01FF04  6E06               	movwf	(_G_u32SystemTime1s+1)^(0+1280),c	;volatile
   470  01FF06  0E00               	movlw	0
   471  01FF08  6E07               	movwf	(_G_u32SystemTime1s+2)^(0+1280),c	;volatile
   472  01FF0A  0E00               	movlw	0
   473  01FF0C  6E08               	movwf	(_G_u32SystemTime1s+3)^(0+1280),c	;volatile
   474  01FF0E  0012               	return		;funcret
   475  01FF10                     __end_of_SysTickSetup:
   476                           	callstack 0
   477                           
   478 ;; *************** function _GpioSetup *****************
   479 ;; Defined at:
   480 ;;		line 89 in file "encm369_pic18.c"
   481 ;; Parameters:    Size  Location     Type
   482 ;;		None
   483 ;; Auto vars:     Size  Location     Type
   484 ;;		None
   485 ;; Return value:  Size  Location     Type
   486 ;;                  1    wreg      void 
   487 ;; Registers used:
   488 ;;		wreg, status,2
   489 ;; Tracked objects:
   490 ;;		On entry : 0/0
   491 ;;		On exit  : 0/0
   492 ;;		Unchanged: 0/0
   493 ;; Data sizes:     COMRAM   BANK5   BANK6   BANK7   BANK8   BANK9  BANK10  BANK11  BANK12  BANK13  BANK14  BANK15  BANK1
      +6  BANK17  BANK18  BANK19  BANK20  BANK21  BANK22  BANK23  BANK24  BANK25  BANK26  BANK27  BANK28  BANK29  BANK30  BANK3
      +1  BANK32  BANK33  BANK34  BANK35  BANK36  BANK37
   494 ;;      Params:         0       0       0       0       0       0       0       0       0       0       0       0       
      +0       0       0       0       0       0       0       0       0       0       0       0       0       0       0       
      +0       0       0       0       0       0       0
   495 ;;      Locals:         0       0       0       0       0       0       0       0       0       0       0       0       
      +0       0       0       0       0       0       0       0       0       0       0       0       0       0       0       
      +0       0       0       0       0       0       0
   496 ;;      Temps:          0       0       0       0       0       0       0       0       0       0       0       0       
      +0       0       0       0       0       0       0       0       0       0       0       0       0       0       0       
      +0       0       0       0       0       0       0
   497 ;;      Totals:         0       0       0       0       0       0       0       0       0       0       0       0       
      +0       0       0       0       0       0       0       0       0       0       0       0       0       0       0       
      +0       0       0       0       0       0       0
   498 ;;Total ram usage:        0 bytes
   499 ;; Hardware stack levels used:    1
   500 ;; This function calls:
   501 ;;		Nothing
   502 ;; This function is called by:
   503 ;;		_main
   504 ;; This function uses a non-reentrant model
   505 ;;
   506                           
   507                           	psect	text5
   508  01FED2                     __ptext5:
   509                           	callstack 0
   510  01FED2                     _GpioSetup:
   511                           	callstack 127
   512  01FED2                     
   513                           ;encm369_pic18.c: 91:   TRISA = 0x00;
   514  01FED2  0E00               	movlw	0
   515  01FED4  6EC6               	movwf	198,c	;volatile
   516                           
   517                           ;encm369_pic18.c: 92:   LATA = 0x80;
   518  01FED6  0E80               	movlw	128
   519  01FED8  6EBE               	movwf	190,c	;volatile
   520                           
   521                           ;encm369_pic18.c: 93:   ANSELA = 0x00;
   522  01FEDA  0E00               	movlw	0
   523  01FEDC  0104               	movlb	4	; () banked
   524  01FEDE  6F00               	movwf	0,b	;volatile
   525                           
   526                           ;encm369_pic18.c: 95:   PORTB= 0x00;
   527  01FEE0  0E00               	movlw	0
   528  01FEE2  6ECF               	movwf	207,c	;volatile
   529                           
   530                           ;encm369_pic18.c: 96:   ANSELB= 0x00;
   531  01FEE4  0E00               	movlw	0
   532  01FEE6  6F08               	movwf	8,b	;volatile
   533                           
   534                           ;encm369_pic18.c: 97:   TRISB= 0x30;
   535  01FEE8  0E30               	movlw	48
   536  01FEEA  6EC7               	movwf	199,c	;volatile
   537  01FEEC                     
   538                           ; BSR set to: 4
   539  01FEEC  0012               	return		;funcret
   540  01FEEE                     __end_of_GpioSetup:
   541                           	callstack 0
   542                           
   543 ;; *************** function _ClockSetup *****************
   544 ;; Defined at:
   545 ;;		line 70 in file "encm369_pic18.c"
   546 ;; Parameters:    Size  Location     Type
   547 ;;		None
   548 ;; Auto vars:     Size  Location     Type
   549 ;;		None
   550 ;; Return value:  Size  Location     Type
   551 ;;                  1    wreg      void 
   552 ;; Registers used:
   553 ;;		None
   554 ;; Tracked objects:
   555 ;;		On entry : 0/0
   556 ;;		On exit  : 0/0
   557 ;;		Unchanged: 0/0
   558 ;; Data sizes:     COMRAM   BANK5   BANK6   BANK7   BANK8   BANK9  BANK10  BANK11  BANK12  BANK13  BANK14  BANK15  BANK1
      +6  BANK17  BANK18  BANK19  BANK20  BANK21  BANK22  BANK23  BANK24  BANK25  BANK26  BANK27  BANK28  BANK29  BANK30  BANK3
      +1  BANK32  BANK33  BANK34  BANK35  BANK36  BANK37
   559 ;;      Params:         0       0       0       0       0       0       0       0       0       0       0       0       
      +0       0       0       0       0       0       0       0       0       0       0       0       0       0       0       
      +0       0       0       0       0       0       0
   560 ;;      Locals:         0       0       0       0       0       0       0       0       0       0       0       0       
      +0       0       0       0       0       0       0       0       0       0       0       0       0       0       0       
      +0       0       0       0       0       0       0
   561 ;;      Temps:          0       0       0       0       0       0       0       0       0       0       0       0       
      +0       0       0       0       0       0       0       0       0       0       0       0       0       0       0       
      +0       0       0       0       0       0       0
   562 ;;      Totals:         0       0       0       0       0       0       0       0       0       0       0       0       
      +0       0       0       0       0       0       0       0       0       0       0       0       0       0       0       
      +0       0       0       0       0       0       0
   563 ;;Total ram usage:        0 bytes
   564 ;; Hardware stack levels used:    1
   565 ;; This function calls:
   566 ;;		Nothing
   567 ;; This function is called by:
   568 ;;		_main
   569 ;; This function uses a non-reentrant model
   570 ;;
   571                           
   572                           	psect	text6
   573  01FEC4                     __ptext6:
   574                           	callstack 0
   575  01FEC4                     _ClockSetup:
   576                           	callstack 127
   577  01FEC4  0012               	return		;funcret
   578  01FEC6                     __end_of_ClockSetup:
   579                           	callstack 0
   580  0000                     
   581                           	psect	rparam
   582  0000                     
   583                           	psect	idloc
   584                           
   585                           ;Config register IDLOC0 @ 0x200000
   586                           ;	unspecified, using default values
   587  200000                     	org	2097152
   588  200000  0FFF               	dw	4095
   589                           
   590                           ;Config register IDLOC1 @ 0x200002
   591                           ;	unspecified, using default values
   592  200002                     	org	2097154
   593  200002  0FFF               	dw	4095
   594                           
   595                           ;Config register IDLOC2 @ 0x200004
   596                           ;	unspecified, using default values
   597  200004                     	org	2097156
   598  200004  0FFF               	dw	4095
   599                           
   600                           ;Config register IDLOC3 @ 0x200006
   601                           ;	unspecified, using default values
   602  200006                     	org	2097158
   603  200006  0FFF               	dw	4095
   604                           
   605                           ;Config register IDLOC4 @ 0x200008
   606                           ;	unspecified, using default values
   607  200008                     	org	2097160
   608  200008  0FFF               	dw	4095
   609                           
   610                           ;Config register IDLOC5 @ 0x20000A
   611                           ;	unspecified, using default values
   612  20000A                     	org	2097162
   613  20000A  0FFF               	dw	4095
   614                           
   615                           ;Config register IDLOC6 @ 0x20000C
   616                           ;	unspecified, using default values
   617  20000C                     	org	2097164
   618  20000C  0FFF               	dw	4095
   619                           
   620                           ;Config register IDLOC7 @ 0x20000E
   621                           ;	unspecified, using default values
   622  20000E                     	org	2097166
   623  20000E  0FFF               	dw	4095
   624                           
   625                           ;Config register IDLOC8 @ 0x200010
   626                           ;	unspecified, using default values
   627  200010                     	org	2097168
   628  200010  0FFF               	dw	4095
   629                           
   630                           ;Config register IDLOC9 @ 0x200012
   631                           ;	unspecified, using default values
   632  200012                     	org	2097170
   633  200012  0FFF               	dw	4095
   634                           
   635                           ;Config register IDLOC10 @ 0x200014
   636                           ;	unspecified, using default values
   637  200014                     	org	2097172
   638  200014  0FFF               	dw	4095
   639                           
   640                           ;Config register IDLOC11 @ 0x200016
   641                           ;	unspecified, using default values
   642  200016                     	org	2097174
   643  200016  0FFF               	dw	4095
   644                           
   645                           ;Config register IDLOC12 @ 0x200018
   646                           ;	unspecified, using default values
   647  200018                     	org	2097176
   648  200018  0FFF               	dw	4095
   649                           
   650                           ;Config register IDLOC13 @ 0x20001A
   651                           ;	unspecified, using default values
   652  20001A                     	org	2097178
   653  20001A  0FFF               	dw	4095
   654                           
   655                           ;Config register IDLOC14 @ 0x20001C
   656                           ;	unspecified, using default values
   657  20001C                     	org	2097180
   658  20001C  0FFF               	dw	4095
   659                           
   660                           ;Config register IDLOC15 @ 0x20001E
   661                           ;	unspecified, using default values
   662  20001E                     	org	2097182
   663  20001E  0FFF               	dw	4095
   664                           
   665                           	psect	config
   666                           
   667                           ;Config register CONFIG1 @ 0x300000
   668                           ;	External Oscillator Selection
   669                           ;	FEXTOSC = OFF, Oscillator not enabled
   670                           ;	Reset Oscillator Selection
   671                           ;	RSTOSC = HFINTOSC_64MHZ, HFINTOSC with HFFRQ = 64 MHz and CDIV = 1:1
   672  300000                     	org	3145728
   673  300000  8C                 	db	140
   674                           
   675                           ;Config register CONFIG2 @ 0x300001
   676                           ;	Clock out Enable bit
   677                           ;	CLKOUTEN = ON, CLKOUT function is enabled
   678                           ;	PRLOCKED One-Way Set Enable bit
   679                           ;	PR1WAY = ON, PRLOCKED bit can be cleared and set only once
   680                           ;	Clock Switch Enable bit
   681                           ;	CSWEN = ON, Writing to NOSC and NDIV is allowed
   682                           ;	Fail-Safe Clock Monitor Enable bit
   683                           ;	FCMEN = ON, Fail-Safe Clock Monitor enabled
   684  300001                     	org	3145729
   685  300001  FE                 	db	254
   686                           
   687                           ;Config register CONFIG3 @ 0x300002
   688                           ;	MCLR Enable bit
   689                           ;	MCLRE = EXTMCLR, If LVP = 0, MCLR pin is MCLR; If LVP = 1, RE3 pin function is MCLR
   690                           ;	Power-up timer selection bits
   691                           ;	PWRTS = PWRT_OFF, PWRT is disabled
   692                           ;	Multi-vector enable bit
   693                           ;	MVECEN = ON, Multi-vector enabled, Vector table used for interrupts
   694                           ;	IVTLOCK bit One-way set enable bit
   695                           ;	IVT1WAY = ON, IVTLOCKED bit can be cleared and set only once
   696                           ;	Low Power BOR Enable bit
   697                           ;	LPBOREN = OFF, Low-Power BOR disabled
   698                           ;	Brown-out Reset Enable bits
   699                           ;	BOREN = SBORDIS, Brown-out Reset enabled , SBOREN bit is ignored
   700  300002                     	org	3145730
   701  300002  FF                 	db	255
   702                           
   703                           ;Config register CONFIG4 @ 0x300003
   704                           ;	Brown-out Reset Voltage Selection bits
   705                           ;	BORV = VBOR_2P85, Brown-out Reset Voltage (VBOR) set to 2.8V
   706                           ;	ZCD Disable bit
   707                           ;	ZCD = OFF, ZCD module is disabled. ZCD can be enabled by setting the ZCDSEN bit of ZCD
      +                          CON
   708                           ;	PPSLOCK bit One-Way Set Enable bit
   709                           ;	PPS1WAY = ON, PPSLOCKED bit can be cleared and set only once; PPS registers remain loc
      +                          ked after one clear/set cycle
   710                           ;	Stack Full/Underflow Reset Enable bit
   711                           ;	STVREN = ON, Stack full/underflow will cause Reset
   712                           ;	Low Voltage Programming Enable bit
   713                           ;	LVP = ON, Low voltage programming enabled. MCLR/VPP pin function is MCLR. MCLRE config
      +                          uration bit is ignored
   714                           ;	Extended Instruction Set Enable bit
   715                           ;	XINST = OFF, Extended Instruction Set and Indexed Addressing Mode disabled
   716  300003                     	org	3145731
   717  300003  FC                 	db	252
   718                           
   719                           ;Config register CONFIG5 @ 0x300004
   720                           ;	WDT Period selection bits
   721                           ;	WDTCPS = WDTCPS_31, Divider ratio 1:65536; software control of WDTPS
   722                           ;	WDT operating mode
   723                           ;	WDTE = OFF, WDT Disabled; SWDTEN is ignored
   724  300004                     	org	3145732
   725  300004  9F                 	db	159
   726                           
   727                           ;Config register CONFIG6 @ 0x300005
   728                           ;	WDT Window Select bits
   729                           ;	WDTCWS = WDTCWS_7, window always open (100%); software control; keyed access not requi
      +                          red
   730                           ;	WDT input clock selector
   731                           ;	WDTCCS = SC, Software Control
   732  300005                     	org	3145733
   733  300005  FF                 	db	255
   734                           
   735                           ;Config register CONFIG7 @ 0x300006
   736                           ;	Boot Block Size selection bits
   737                           ;	BBSIZE = BBSIZE_512, Boot Block size is 512 words
   738                           ;	Boot Block enable bit
   739                           ;	BBEN = OFF, Boot block disabled
   740                           ;	Storage Area Flash enable bit
   741                           ;	SAFEN = OFF, SAF disabled
   742                           ;	Background Debugger
   743                           ;	DEBUG = OFF, Background Debugger disabled
   744  300006                     	org	3145734
   745  300006  FF                 	db	255
   746                           
   747                           ;Config register CONFIG8 @ 0x300007
   748                           ;	Boot Block Write Protection bit
   749                           ;	WRTB = OFF, Boot Block not Write protected
   750                           ;	Configuration Register Write Protection bit
   751                           ;	WRTC = OFF, Configuration registers not Write protected
   752                           ;	Data EEPROM Write Protection bit
   753                           ;	WRTD = OFF, Data EEPROM not Write protected
   754                           ;	SAF Write protection bit
   755                           ;	WRTSAF = OFF, SAF not Write Protected
   756                           ;	Application Block write protection bit
   757                           ;	WRTAPP = OFF, Application Block not write protected
   758  300007                     	org	3145735
   759  300007  FF                 	db	255
   760                           
   761                           ; Padding undefined space
   762  300008                     	org	3145736
   763  300008  FF                 	db	255
   764                           
   765                           ;Config register CONFIG10 @ 0x300009
   766                           ;	PFM and Data EEPROM Code Protection bit
   767                           ;	CP = OFF, PFM and Data EEPROM code protection disabled
   768  300009                     	org	3145737
   769  300009  FF                 	db	255
   770                           tosu	equ	0x4FF
   771                           tosh	equ	0x4FE
   772                           tosl	equ	0x4FD
   773                           stkptr	equ	0x4FC
   774                           pclatu	equ	0x4FB
   775                           pclath	equ	0x4FA
   776                           pcl	equ	0x4F9
   777                           tblptru	equ	0x4F8
   778                           tblptrh	equ	0x4F7
   779                           tblptrl	equ	0x4F6
   780                           tablat	equ	0x4F5
   781                           prodh	equ	0x4F4
   782                           prodl	equ	0x4F3
   783                           indf0	equ	0x4EF
   784                           postinc0	equ	0x4EE
   785                           postdec0	equ	0x4ED
   786                           preinc0	equ	0x4EC
   787                           plusw0	equ	0x4EB
   788                           fsr0h	equ	0x4EA
   789                           fsr0l	equ	0x4E9
   790                           wreg	equ	0x4E8
   791                           indf1	equ	0x4E7
   792                           postinc1	equ	0x4E6
   793                           postdec1	equ	0x4E5
   794                           preinc1	equ	0x4E4
   795                           plusw1	equ	0x4E3
   796                           fsr1h	equ	0x4E2
   797                           fsr1l	equ	0x4E1
   798                           bsr	equ	0x4E0
   799                           indf2	equ	0x4DF
   800                           postinc2	equ	0x4DE
   801                           postdec2	equ	0x4DD
   802                           preinc2	equ	0x4DC
   803                           plusw2	equ	0x4DB
   804                           fsr2h	equ	0x4DA
   805                           fsr2l	equ	0x4D9
   806                           status	equ	0x4D8

Data Sizes:
    Strings     0
    Constant    0
    Data        8
    BSS         13
    Persistent  0
    Stack       0

Auto Spaces:
    Space          Size  Autos    Used
    COMRAM           95      9      30
    BANK5           160      0       0
    BANK6           256      0       0
    BANK7           256      0       0
    BANK8           256      0       0
    BANK9           256      0       0
    BANK10          256      0       0
    BANK11          256      0       0
    BANK12          256      0       0
    BANK13          256      0       0
    BANK14          256      0       0
    BANK15          256      0       0
    BANK16          256      0       0
    BANK17          256      0       0
    BANK18          256      0       0
    BANK19          256      0       0
    BANK20          256      0       0
    BANK21          256      0       0
    BANK22          256      0       0
    BANK23          256      0       0
    BANK24          256      0       0
    BANK25          256      0       0
    BANK26          256      0       0
    BANK27          256      0       0
    BANK28          256      0       0
    BANK29          256      0       0
    BANK30          256      0       0
    BANK31          256      0       0
    BANK32          256      0       0
    BANK33          256      0       0
    BANK34          256      0       0
    BANK35          256      0       0
    BANK36          256      0       0
    BANK37          256      0       0

Pointer List with Targets:

    None.

Critical Paths under _main in COMRAM

    _main->_UserAppRun

Critical Paths under _main in BANK5

    None.

Critical Paths under _main in BANK6

    None.

Critical Paths under _main in BANK7

    None.

Critical Paths under _main in BANK8

    None.

Critical Paths under _main in BANK9

    None.

Critical Paths under _main in BANK10

    None.

Critical Paths under _main in BANK11

    None.

Critical Paths under _main in BANK12

    None.

Critical Paths under _main in BANK13

    None.

Critical Paths under _main in BANK14

    None.

Critical Paths under _main in BANK15

    None.

Critical Paths under _main in BANK16

    None.

Critical Paths under _main in BANK17

    None.

Critical Paths under _main in BANK18

    None.

Critical Paths under _main in BANK19

    None.

Critical Paths under _main in BANK20

    None.

Critical Paths under _main in BANK21

    None.

Critical Paths under _main in BANK22

    None.

Critical Paths under _main in BANK23

    None.

Critical Paths under _main in BANK24

    None.

Critical Paths under _main in BANK25

    None.

Critical Paths under _main in BANK26

    None.

Critical Paths under _main in BANK27

    None.

Critical Paths under _main in BANK28

    None.

Critical Paths under _main in BANK29

    None.

Critical Paths under _main in BANK30

    None.

Critical Paths under _main in BANK31

    None.

Critical Paths under _main in BANK32

    None.

Critical Paths under _main in BANK33

    None.

Critical Paths under _main in BANK34

    None.

Critical Paths under _main in BANK35

    None.

Critical Paths under _main in BANK36

    None.

Critical Paths under _main in BANK37

    None.

Call Graph Tables:

 ---------------------------------------------------------------------------------
 (Depth) Function   	        Calls       Base Space   Used Autos Params    Refs
 ---------------------------------------------------------------------------------
 (0) _main                                                 0     0      0      45
                         _ClockSetup
                          _GpioSetup
                       _SysTickSetup
                        _SystemSleep
                  _UserAppInitialize
                         _UserAppRun
 ---------------------------------------------------------------------------------
 (1) _UserAppRun                                           9     9      0      45
                                              0 COMRAM     9     9      0
 ---------------------------------------------------------------------------------
 (1) _UserAppInitialize                                    0     0      0       0
 ---------------------------------------------------------------------------------
 (1) _SystemSleep                                          0     0      0       0
 ---------------------------------------------------------------------------------
 (1) _SysTickSetup                                         0     0      0       0
 ---------------------------------------------------------------------------------
 (1) _GpioSetup                                            0     0      0       0
 ---------------------------------------------------------------------------------
 (1) _ClockSetup                                           0     0      0       0
 ---------------------------------------------------------------------------------
 Estimated maximum stack depth 1
 ---------------------------------------------------------------------------------

 Call Graph Graphs:

 _main (ROOT)
   _ClockSetup
   _GpioSetup
   _SysTickSetup
   _SystemSleep
   _UserAppInitialize
   _UserAppRun

 Address spaces:
Name               Size   Autos  Total    Cost      Usage
BIGRAM            20FF      0       0      71        0.0%
EEDATA             400      0       0       0        0.0%
BITBANK37          100      0       0      70        0.0%
BANK37             100      0       0      68        0.0%
BITBANK36          100      0       0      66        0.0%
BANK36             100      0       0      67        0.0%
BITBANK35          100      0       0      64        0.0%
BANK35             100      0       0      65        0.0%
BITBANK34          100      0       0      62        0.0%
BANK34             100      0       0      63        0.0%
BITBANK33          100      0       0      60        0.0%
BANK33             100      0       0      61        0.0%
BITBANK32          100      0       0      58        0.0%
BANK32             100      0       0      59        0.0%
BITBANK31          100      0       0      56        0.0%
BANK31             100      0       0      57        0.0%
BITBANK30          100      0       0      54        0.0%
BANK30             100      0       0      55        0.0%
BITBANK29          100      0       0      52        0.0%
BANK29             100      0       0      53        0.0%
BITBANK28          100      0       0      50        0.0%
BANK28             100      0       0      51        0.0%
BITBANK27          100      0       0      48        0.0%
BANK27             100      0       0      49        0.0%
BITBANK26          100      0       0      46        0.0%
BANK26             100      0       0      47        0.0%
BITBANK25          100      0       0      44        0.0%
BANK25             100      0       0      45        0.0%
BITBANK24          100      0       0      42        0.0%
BANK24             100      0       0      43        0.0%
BITBANK23          100      0       0      40        0.0%
BANK23             100      0       0      41        0.0%
BITBANK22          100      0       0      38        0.0%
BANK22             100      0       0      39        0.0%
BITBANK21          100      0       0      36        0.0%
BANK21             100      0       0      37        0.0%
BITBANK20          100      0       0      34        0.0%
BANK20             100      0       0      35        0.0%
BITBANK19          100      0       0      32        0.0%
BANK19             100      0       0      33        0.0%
BITBANK18          100      0       0      30        0.0%
BANK18             100      0       0      31        0.0%
BITBANK17          100      0       0      28        0.0%
BANK17             100      0       0      29        0.0%
BITBANK16          100      0       0      26        0.0%
BANK16             100      0       0      27        0.0%
BITBANK15          100      0       0      24        0.0%
BANK15             100      0       0      25        0.0%
BITBANK14          100      0       0      22        0.0%
BANK14             100      0       0      23        0.0%
BITBANK13          100      0       0      20        0.0%
BANK13             100      0       0      21        0.0%
BITBANK12          100      0       0      18        0.0%
BANK12             100      0       0      19        0.0%
BITBANK11          100      0       0      16        0.0%
BANK11             100      0       0      17        0.0%
BITBANK10          100      0       0      14        0.0%
BANK10             100      0       0      15        0.0%
BITBANK9           100      0       0      12        0.0%
BANK9              100      0       0      13        0.0%
BITBANK8           100      0       0      10        0.0%
BANK8              100      0       0      11        0.0%
BITBANK7           100      0       0       8        0.0%
BANK7              100      0       0       9        0.0%
BITBANK6           100      0       0       6        0.0%
BANK6              100      0       0       7        0.0%
BITBANK5            A0      0       0       4        0.0%
BANK5               A0      0       0       5        0.0%
BITCOMRAM           5F      0       0       0        0.0%
COMRAM              5F      9      1E       1       31.6%
BITSFR_5             0      0       0     200        0.0%
SFR_5                0      0       0     200        0.0%
BITSFR_4             0      0       0     200        0.0%
SFR_4                0      0       0     200        0.0%
BITSFR_3             0      0       0     200        0.0%
SFR_3                0      0       0     200        0.0%
BITSFR_2             0      0       0     200        0.0%
SFR_2                0      0       0     200        0.0%
BITSFR_1             0      0       0     200        0.0%
SFR_1                0      0       0     200        0.0%
BITSFR               0      0       0     200        0.0%
SFR                  0      0       0     200        0.0%
STACK                0      0       0       2        0.0%
NULL                 0      0       0       0        0.0%
ABS                  0      0      1E      69        0.0%
DATA                 0      0      1E       3        0.0%
CODE                 0      0       0       0        0.0%


Microchip Technology PIC18 Macro Assembler V2.31 build 20201012212115 
Symbol Table                                                                                   Sun Feb 28 19:37:04 2021

     __size_of_SysTickSetup 0022                          l22 FEEC                          l25 FF0E  
                        l19 FEC4                          l28 FEC6                          l63 FEC8  
                        l73 FFFA                          u10 FF8E                          u11 FF8A  
                        u20 FFA6                          u21 FFA2                          u30 FFC0  
                        u31 FFBC                         l801 FF1E                         l803 FF22  
                       l805 FF26                         l761 FFA6                         l753 FF64  
                       l771 FFD6                         l763 FFA6                         l755 FF64  
                       l749 FED2                         l773 FFEA                         l765 FFC0  
                       l757 FF78                         l791 FEEE                         l767 FFCC  
                       l759 FF8E                         l775 FFEA                         l769 FFCC  
                       l793 FF10                         l795 FF12                         l797 FF16  
                       l799 FF1A                         wreg 0004E8                        _LATA 0004BE  
                      _main FF10                _SysTickSetup FEEE                        fsr1l 0004E1  
                      start FFFC        __size_of_SystemSleep 0002                ___param_bank 000000  
                _ClockSetup FEC4                       ?_main 050E                       _PORTB 0004CF  
                     _TRISA 0004C6                       _TRISB 0004C7                       tablat 0004F5  
                     status 0004D8             __initialization FF32                __end_of_main FF32  
                    ??_main 0517               __activetblptr 000000                      _ANSELA 000400  
                    _ANSELB 000408          __size_of_GpioSetup 001C                 ?_ClockSetup 050E  
                    clear_0 FF58                __pdataCOMRAM 0517                      tblptrh 0004F7  
                    tblptrl 0004F6                      tblptru 0004F8                  _UserAppRun FF64  
                __accesstop 0560     __end_of__initialization FF5E               ___rparam_used 000001  
          _G_u8UserAppFlags 050D              __pcstackCOMRAM 050E           __end_of_GpioSetup FEEE  
       __size_of_ClockSetup 0002                 ?_UserAppRun 050E               ??_SystemSleep 050E  
                   __Hparam 0000                     __Lparam 0000                     __pcinit FF32  
                   __ramtop 2600                     __ptext0 FF10                     __ptext1 FF64  
                   __ptext2 FEC8                     __ptext3 FEC6                     __ptext4 FEEE  
                   __ptext5 FED2                     __ptext6 FEC4        end_of_initialization FF5E  
          _G_u32SystemFlags 0501                     postdec1 0004E5                     postinc0 0004EE  
       __end_of_SystemSleep FEC8                ??_ClockSetup 050E         __size_of_UserAppRun 0098  
      UserAppRun@u32Counter 051B          __end_of_ClockSetup FEC6               __pidataCOMRAM FECA  
                 _GpioSetup FED2         start_initialization FF32               ?_SysTickSetup 050E  
               _SystemSleep FEC6                  ?_GpioSetup 050E                 __pbssCOMRAM 0501  
         _UserAppInitialize FEC8                ??_UserAppRun 050E          ?_UserAppInitialize 050E  
            ??_SysTickSetup 050E         ??_UserAppInitialize 050E          __end_of_UserAppRun FFFC  
 __end_of_UserAppInitialize FECA                 ??_GpioSetup 050E                   copy_data0 FF46  
       UserAppRun@Buttonold 0517         UserAppRun@Buttonnew 0513                    __Hrparam 0000  
                  __Lrparam 0000        __end_of_SysTickSetup FF10  __size_of_UserAppInitialize 0002  
             __size_of_main 0022                ?_SystemSleep 050E          _G_u32SystemTime1ms 0509  
         _G_u32SystemTime1s 0505  
