

Microchip MPLAB XC8 Assembler V2.31 build 20201012212115 
                                                                                               Wed Mar 24 20:23:55 2021

Microchip MPLAB XC8 C Compiler v2.31 (Free license) build 20201012212115 Og1 
     1                           	processor	18F27Q43
     2                           	fnconf	rparam,??,?,0
     3                           	pagewidth 120
     4                           	opt	flic
     5                           	psect	cinit,global,reloc=2,class=CODE,delta=1
     6                           	psect	bssCOMRAM,global,class=COMRAM,space=1,delta=1,lowdata,noexec
     7                           	psect	cstackCOMRAM,global,class=COMRAM,space=1,delta=1,lowdata,noexec
     8                           	psect	text0,global,reloc=2,class=CODE,delta=1
     9                           	psect	text1,global,reloc=2,class=CODE,delta=1
    10                           	psect	text2,global,reloc=2,class=CODE,delta=1
    11                           	psect	text3,global,reloc=2,class=CODE,delta=1
    12                           	psect	text4,global,reloc=2,class=CODE,delta=1
    13                           	psect	text5,global,reloc=2,class=CODE,delta=1
    14                           	psect	text6,global,reloc=2,class=CODE,delta=1
    15                           	psect	text7,global,reloc=2,class=CODE,delta=1
    16                           	psect	intsave_regs,global,class=BIGRAM,space=1,delta=1,noexec
    17                           	psect	rparam,global,class=COMRAM,space=1,delta=1,noexec
    18                           	psect	idloc,global,abs,ovrld,class=IDLOC,space=5,delta=1,noexec
    19                           	psect	config,global,abs,ovrld,class=CONFIG,space=4,delta=1,noexec
    20  0000                     
    21                           ; Version 2.30
    22                           ; Generated 20/08/2020 GMT
    23                           ; 
    24                           ; Copyright © 2020, Microchip Technology Inc. and its subsidiaries ("Microchip")
    25                           ; All rights reserved.
    26                           ; 
    27                           ; This software is developed by Microchip Technology Inc. and its subsidiaries ("Microch
      +                          ip").
    28                           ; 
    29                           ; Redistribution and use in source and binary forms, with or without modification, are
    30                           ; permitted provided that the following conditions are met:
    31                           ; 
    32                           ;     1. Redistributions of source code must retain the above copyright notice, this lis
      +                          t of
    33                           ;        conditions and the following disclaimer.
    34                           ; 
    35                           ;     2. Redistributions in binary form must reproduce the above copyright notice, this 
      +                          list
    36                           ;        of conditions and the following disclaimer in the documentation and/or other
    37                           ;        materials provided with the distribution. Publication is not required when
    38                           ;        this file is used in an embedded application.
    39                           ; 
    40                           ;     3. Microchip's name may not be used to endorse or promote products derived from th
      +                          is
    41                           ;        software without specific prior written permission.
    42                           ; 
    43                           ; THIS SOFTWARE IS PROVIDED BY MICROCHIP "AS IS" AND ANY EXPRESS OR IMPLIED WARRANTIES,
    44                           ; INCLUDING, BUT NOT LIMITED TO, THE IMPLIED WARRANTIES OF MERCHANTABILITY AND FITNESS F
      +                          OR
    45                           ; PURPOSE ARE DISCLAIMED.  IN NO EVENT SHALL MICROCHIP BE LIABLE FOR ANY DIRECT, INDIREC
      +                          T,
    46                           ; INCIDENTAL, SPECIAL, EXEMPLARY, OR CONSEQUENTIAL DAMAGES (INCLUDING BUT NOT LIMITED TO
    47                           ; PROCUREMENT OF SUBSTITUTE GOODS OR SERVICES; LOSS OF USE, DATA OR PROFITS; OR BUSINESS
    48                           ; INTERRUPTION) HOWSOEVER CAUSED AND ON ANY THEORY OF LIABILITY, WHETHER IN CONTRACT, ST
      +                          RICT
    49                           ; LIABILITY, OR TORT (INCLUDING NEGLIGENCE OR OTHERWISE) ARISING IN ANY WAY OUT OF THE U
      +                          SE OF
    50                           ; THIS SOFTWARE, EVEN IF ADVISED OF THE POSSIBILITY OF SUCH DAMAGE.
    51                           ; 
    52                           ; 
    53                           ; Code-generator required, PIC18F27Q43 Definitions
    54                           ; 
    55                           ; SFR Addresses
    56  0000                     _DAC1CON	set	127
    57  0000                     _TMR0L	set	792
    58  0000                     _TMR0H	set	793
    59  0000                     _T0CON1	set	795
    60  0000                     _T0CON0	set	794
    61  0000                     _ANSELA	set	1024
    62  0000                     _PIR3	set	1201
    63  0000                     _LATA	set	1214
    64  0000                     _TRISA	set	1222
    65                           
    66                           ; #config settings
    67                           
    68                           	psect	cinit
    69  01FF66                     __pcinit:
    70                           	callstack 0
    71  01FF66                     start_initialization:
    72                           	callstack 0
    73  01FF66                     __initialization:
    74                           	callstack 0
    75                           
    76                           ; Clear objects allocated to COMRAM (13 bytes)
    77  01FF66  EE01  F101         	lfsr	0,__pbssCOMRAM
    78  01FF6A  0E0D               	movlw	13
    79  01FF6C                     clear_0:
    80  01FF6C  6AEE               	clrf	postinc0,c
    81  01FF6E  06E8               	decf	wreg,f,c
    82  01FF70  E1FD               	bnz	clear_0
    83  01FF72                     end_of_initialization:
    84                           	callstack 0
    85  01FF72                     __end_of__initialization:
    86                           	callstack 0
    87  01FF72  0100               	movlb	0
    88  01FF74  EFDE  F0FF         	goto	_main	;jump to C main() function
    89                           
    90                           	psect	bssCOMRAM
    91  000501                     __pbssCOMRAM:
    92                           	callstack 0
    93  000501                     _G_u32SystemFlags:
    94                           	callstack 0
    95  000501                     	ds	4
    96  000505                     _G_u32SystemTime1s:
    97                           	callstack 0
    98  000505                     	ds	4
    99  000509                     _G_u32SystemTime1ms:
   100                           	callstack 0
   101  000509                     	ds	4
   102  00050D                     _G_u8UserAppFlags:
   103                           	callstack 0
   104  00050D                     	ds	1
   105                           
   106                           	psect	cstackCOMRAM
   107  00050E                     __pcstackCOMRAM:
   108                           	callstack 0
   109  00050E                     TimeXus@u16Time_delay:
   110                           	callstack 0
   111                           
   112                           ; 2 bytes @ 0x0
   113  00050E                     	ds	2
   114  000510                     ??_TimeXus:
   115                           
   116                           ; 1 bytes @ 0x2
   117  000510                     	ds	2
   118  000512                     
   119                           ; 1 bytes @ 0x4
   120 ;;
   121 ;;Main: autosize = 0, tempsize = 0, incstack = 0, save=0
   122 ;;
   123 ;; *************** function _main *****************
   124 ;; Defined at:
   125 ;;		line 35 in file "main.c"
   126 ;; Parameters:    Size  Location     Type
   127 ;;		None
   128 ;; Auto vars:     Size  Location     Type
   129 ;;		None
   130 ;; Return value:  Size  Location     Type
   131 ;;                  1    wreg      void 
   132 ;; Registers used:
   133 ;;		wreg, status,2, status,0, cstack
   134 ;; Tracked objects:
   135 ;;		On entry : 0/0
   136 ;;		On exit  : 0/0
   137 ;;		Unchanged: 0/0
   138 ;; Data sizes:     COMRAM   BANK5   BANK6   BANK7   BANK8   BANK9  BANK10  BANK11  BANK12  BANK13  BANK14  BANK15  BANK1
      +6  BANK17  BANK18  BANK19  BANK20  BANK21  BANK22  BANK23  BANK24  BANK25  BANK26  BANK27  BANK28  BANK29  BANK30  BANK3
      +1  BANK32  BANK33  BANK34  BANK35  BANK36  BANK37
   139 ;;      Params:         0       0       0       0       0       0       0       0       0       0       0       0       
      +0       0       0       0       0       0       0       0       0       0       0       0       0       0       0       
      +0       0       0       0       0       0       0
   140 ;;      Locals:         0       0       0       0       0       0       0       0       0       0       0       0       
      +0       0       0       0       0       0       0       0       0       0       0       0       0       0       0       
      +0       0       0       0       0       0       0
   141 ;;      Temps:          0       0       0       0       0       0       0       0       0       0       0       0       
      +0       0       0       0       0       0       0       0       0       0       0       0       0       0       0       
      +0       0       0       0       0       0       0
   142 ;;      Totals:         0       0       0       0       0       0       0       0       0       0       0       0       
      +0       0       0       0       0       0       0       0       0       0       0       0       0       0       0       
      +0       0       0       0       0       0       0
   143 ;;Total ram usage:        0 bytes
   144 ;; Hardware stack levels required when called:    1
   145 ;; This function calls:
   146 ;;		_ClockSetup
   147 ;;		_GpioSetup
   148 ;;		_SysTickSetup
   149 ;;		_SystemSleep
   150 ;;		_TimeXus
   151 ;;		_UserAppInitialize
   152 ;;		_UserAppRun
   153 ;; This function is called by:
   154 ;;		Startup code after reset
   155 ;; This function uses a non-reentrant model
   156 ;;
   157                           
   158                           	psect	text0
   159  01FFBC                     __ptext0:
   160                           	callstack 0
   161  01FFBC                     _main:
   162                           	callstack 127
   163  01FFBC                     
   164                           ;main.c: 37:   G_u32SystemFlags |= (u32)0x80000000;
   165  01FFBC  8E04               	bsf	(_G_u32SystemFlags+3)^(0+1280),7,c	;volatile
   166  01FFBE                     
   167                           ;main.c: 40:   ClockSetup();
   168  01FFBE  EC9F  F0FF         	call	_ClockSetup	;wreg free
   169  01FFC2                     
   170                           ;main.c: 41:   SysTickSetup();
   171  01FFC2  ECBC  F0FF         	call	_SysTickSetup	;wreg free
   172  01FFC6                     
   173                           ;main.c: 42:   GpioSetup();
   174  01FFC6  ECAA  F0FF         	call	_GpioSetup	;wreg free
   175  01FFCA                     
   176                           ;main.c: 47:   UserAppInitialize();
   177  01FFCA  ECA2  F0FF         	call	_UserAppInitialize	;wreg free
   178  01FFCE                     l804:
   179                           
   180                           ;main.c: 53:   {;main.c: 57:     UserAppRun();
   181  01FFCE  ECA1  F0FF         	call	_UserAppRun	;wreg free
   182  01FFD2                     
   183                           ;main.c: 61:     (LATA &=0x7F);
   184  01FFD2  9EBE               	bcf	190,7,c	;volatile
   185  01FFD4                     
   186                           ;main.c: 62:     SystemSleep();
   187  01FFD4  ECA0  F0FF         	call	_SystemSleep	;wreg free
   188  01FFD8                     
   189                           ;main.c: 63:     TimeXus(0x3e8);
   190  01FFD8  0E03               	movlw	3
   191  01FFDA  6E0F               	movwf	(TimeXus@u16Time_delay+1)^(0+1280),c
   192  01FFDC  0EE8               	movlw	232
   193  01FFDE  6E0E               	movwf	TimeXus@u16Time_delay^(0+1280),c
   194  01FFE0  ECCD  F0FF         	call	_TimeXus	;wreg free
   195  01FFE4                     l52:
   196                           
   197                           ;main.c: 64:     while((PIR3 & 0x80)!=0x80)
   198  01FFE4  AEB1               	btfss	177,7,c	;volatile
   199  01FFE6  EFF7  F0FF         	goto	u21
   200  01FFEA  EFF9  F0FF         	goto	u20
   201  01FFEE                     u21:
   202  01FFEE  EFF2  F0FF         	goto	l52
   203  01FFF2                     u20:
   204  01FFF2                     
   205                           ;main.c: 68:     (LATA |=0x80);
   206  01FFF2  8EBE               	bsf	190,7,c	;volatile
   207  01FFF4  EFE7  F0FF         	goto	l804
   208  01FFF8  EFFE  F0FF         	goto	start
   209  01FFFC                     __end_of_main:
   210                           	callstack 0
   211                           
   212 ;; *************** function _UserAppRun *****************
   213 ;; Defined at:
   214 ;;		line 98 in file "user_app.c"
   215 ;; Parameters:    Size  Location     Type
   216 ;;		None
   217 ;; Auto vars:     Size  Location     Type
   218 ;;		None
   219 ;; Return value:  Size  Location     Type
   220 ;;                  1    wreg      void 
   221 ;; Registers used:
   222 ;;		None
   223 ;; Tracked objects:
   224 ;;		On entry : 0/0
   225 ;;		On exit  : 0/0
   226 ;;		Unchanged: 0/0
   227 ;; Data sizes:     COMRAM   BANK5   BANK6   BANK7   BANK8   BANK9  BANK10  BANK11  BANK12  BANK13  BANK14  BANK15  BANK1
      +6  BANK17  BANK18  BANK19  BANK20  BANK21  BANK22  BANK23  BANK24  BANK25  BANK26  BANK27  BANK28  BANK29  BANK30  BANK3
      +1  BANK32  BANK33  BANK34  BANK35  BANK36  BANK37
   228 ;;      Params:         0       0       0       0       0       0       0       0       0       0       0       0       
      +0       0       0       0       0       0       0       0       0       0       0       0       0       0       0       
      +0       0       0       0       0       0       0
   229 ;;      Locals:         0       0       0       0       0       0       0       0       0       0       0       0       
      +0       0       0       0       0       0       0       0       0       0       0       0       0       0       0       
      +0       0       0       0       0       0       0
   230 ;;      Temps:          0       0       0       0       0       0       0       0       0       0       0       0       
      +0       0       0       0       0       0       0       0       0       0       0       0       0       0       0       
      +0       0       0       0       0       0       0
   231 ;;      Totals:         0       0       0       0       0       0       0       0       0       0       0       0       
      +0       0       0       0       0       0       0       0       0       0       0       0       0       0       0       
      +0       0       0       0       0       0       0
   232 ;;Total ram usage:        0 bytes
   233 ;; Hardware stack levels used:    1
   234 ;; This function calls:
   235 ;;		Nothing
   236 ;; This function is called by:
   237 ;;		_main
   238 ;; This function uses a non-reentrant model
   239 ;;
   240                           
   241                           	psect	text1
   242  01FF42                     __ptext1:
   243                           	callstack 0
   244  01FF42                     _UserAppRun:
   245                           	callstack 127
   246  01FF42  0012               	return		;funcret
   247  01FF44                     __end_of_UserAppRun:
   248                           	callstack 0
   249                           
   250 ;; *************** function _UserAppInitialize *****************
   251 ;; Defined at:
   252 ;;		line 77 in file "user_app.c"
   253 ;; Parameters:    Size  Location     Type
   254 ;;		None
   255 ;; Auto vars:     Size  Location     Type
   256 ;;		None
   257 ;; Return value:  Size  Location     Type
   258 ;;                  1    wreg      void 
   259 ;; Registers used:
   260 ;;		wreg, status,2
   261 ;; Tracked objects:
   262 ;;		On entry : 0/0
   263 ;;		On exit  : 0/0
   264 ;;		Unchanged: 0/0
   265 ;; Data sizes:     COMRAM   BANK5   BANK6   BANK7   BANK8   BANK9  BANK10  BANK11  BANK12  BANK13  BANK14  BANK15  BANK1
      +6  BANK17  BANK18  BANK19  BANK20  BANK21  BANK22  BANK23  BANK24  BANK25  BANK26  BANK27  BANK28  BANK29  BANK30  BANK3
      +1  BANK32  BANK33  BANK34  BANK35  BANK36  BANK37
   266 ;;      Params:         0       0       0       0       0       0       0       0       0       0       0       0       
      +0       0       0       0       0       0       0       0       0       0       0       0       0       0       0       
      +0       0       0       0       0       0       0
   267 ;;      Locals:         0       0       0       0       0       0       0       0       0       0       0       0       
      +0       0       0       0       0       0       0       0       0       0       0       0       0       0       0       
      +0       0       0       0       0       0       0
   268 ;;      Temps:          0       0       0       0       0       0       0       0       0       0       0       0       
      +0       0       0       0       0       0       0       0       0       0       0       0       0       0       0       
      +0       0       0       0       0       0       0
   269 ;;      Totals:         0       0       0       0       0       0       0       0       0       0       0       0       
      +0       0       0       0       0       0       0       0       0       0       0       0       0       0       0       
      +0       0       0       0       0       0       0
   270 ;;Total ram usage:        0 bytes
   271 ;; Hardware stack levels used:    1
   272 ;; This function calls:
   273 ;;		Nothing
   274 ;; This function is called by:
   275 ;;		_main
   276 ;; This function uses a non-reentrant model
   277 ;;
   278                           
   279                           	psect	text2
   280  01FF44                     __ptext2:
   281                           	callstack 0
   282  01FF44                     _UserAppInitialize:
   283                           	callstack 127
   284  01FF44                     
   285                           ;user_app.c: 79:     LATA=0x80;
   286  01FF44  0E80               	movlw	128
   287  01FF46  6EBE               	movwf	190,c	;volatile
   288                           
   289                           ;user_app.c: 80:     T0CON0 = 0x90;
   290  01FF48  0E90               	movlw	144
   291  01FF4A  0103               	movlb	3	; () banked
   292  01FF4C  6F1A               	movwf	26,b	;volatile
   293                           
   294                           ;user_app.c: 81:     T0CON1 = 0x54;
   295  01FF4E  0E54               	movlw	84
   296  01FF50  6F1B               	movwf	27,b	;volatile
   297  01FF52                     
   298                           ; BSR set to: 3
   299  01FF52  0012               	return		;funcret
   300  01FF54                     __end_of_UserAppInitialize:
   301                           	callstack 0
   302                           
   303 ;; *************** function _TimeXus *****************
   304 ;; Defined at:
   305 ;;		line 104 in file "user_app.c"
   306 ;; Parameters:    Size  Location     Type
   307 ;;  u16Time_dela    2    0[COMRAM] unsigned short 
   308 ;; Auto vars:     Size  Location     Type
   309 ;;		None
   310 ;; Return value:  Size  Location     Type
   311 ;;                  1    wreg      void 
   312 ;; Registers used:
   313 ;;		wreg, status,2, status,0
   314 ;; Tracked objects:
   315 ;;		On entry : 0/0
   316 ;;		On exit  : 0/0
   317 ;;		Unchanged: 0/0
   318 ;; Data sizes:     COMRAM   BANK5   BANK6   BANK7   BANK8   BANK9  BANK10  BANK11  BANK12  BANK13  BANK14  BANK15  BANK1
      +6  BANK17  BANK18  BANK19  BANK20  BANK21  BANK22  BANK23  BANK24  BANK25  BANK26  BANK27  BANK28  BANK29  BANK30  BANK3
      +1  BANK32  BANK33  BANK34  BANK35  BANK36  BANK37
   319 ;;      Params:         2       0       0       0       0       0       0       0       0       0       0       0       
      +0       0       0       0       0       0       0       0       0       0       0       0       0       0       0       
      +0       0       0       0       0       0       0
   320 ;;      Locals:         0       0       0       0       0       0       0       0       0       0       0       0       
      +0       0       0       0       0       0       0       0       0       0       0       0       0       0       0       
      +0       0       0       0       0       0       0
   321 ;;      Temps:          2       0       0       0       0       0       0       0       0       0       0       0       
      +0       0       0       0       0       0       0       0       0       0       0       0       0       0       0       
      +0       0       0       0       0       0       0
   322 ;;      Totals:         4       0       0       0       0       0       0       0       0       0       0       0       
      +0       0       0       0       0       0       0       0       0       0       0       0       0       0       0       
      +0       0       0       0       0       0       0
   323 ;;Total ram usage:        4 bytes
   324 ;; Hardware stack levels used:    1
   325 ;; This function calls:
   326 ;;		Nothing
   327 ;; This function is called by:
   328 ;;		_main
   329 ;; This function uses a non-reentrant model
   330 ;;
   331                           
   332                           	psect	text3
   333  01FF9A                     __ptext3:
   334                           	callstack 0
   335  01FF9A                     _TimeXus:
   336                           	callstack 127
   337  01FF9A                     
   338                           ;user_app.c: 104: void TimeXus(u16 u16Time_delay);user_app.c: 105: {;user_app.c: 106:   
      +                            T0CON0 &= 0x7F;
   339  01FF9A  0103               	movlb	3	; () banked
   340  01FF9C  9F1A               	bcf	26,7,b	;volatile
   341  01FF9E                     
   342                           ; BSR set to: 3
   343                           ;user_app.c: 109:     TMR0H = (u8)((0xFFFF - u16Time_delay) >> 8);
   344  01FF9E  1C0E               	comf	TimeXus@u16Time_delay^(0+1280),w,c
   345  01FFA0  6E10               	movwf	??_TimeXus^(0+1280),c
   346  01FFA2  1C0F               	comf	(TimeXus@u16Time_delay+1)^(0+1280),w,c
   347  01FFA4  6E11               	movwf	(??_TimeXus+1)^(0+1280),c
   348  01FFA6  C511  F510         	movff	??_TimeXus+1,??_TimeXus
   349  01FFAA  6A11               	clrf	(??_TimeXus+1)^(0+1280),c
   350  01FFAC  5010               	movf	??_TimeXus^(0+1280),w,c
   351  01FFAE  6F19               	movwf	25,b	;volatile
   352  01FFB0                     
   353                           ; BSR set to: 3
   354                           ;user_app.c: 110:     TMR0L = (u8)((0xFFFF - u16Time_delay) & 0x00FF);
   355  01FFB0  500E               	movf	TimeXus@u16Time_delay^(0+1280),w,c
   356  01FFB2  0AFF               	xorlw	255
   357  01FFB4  6F18               	movwf	24,b	;volatile
   358                           
   359                           ;user_app.c: 113:     PIR3 &= 0x7F;
   360  01FFB6  9EB1               	bcf	177,7,c	;volatile
   361                           
   362                           ;user_app.c: 114:     T0CON0 |= 0x80;
   363  01FFB8  8F1A               	bsf	26,7,b	;volatile
   364  01FFBA                     
   365                           ; BSR set to: 3
   366  01FFBA  0012               	return		;funcret
   367  01FFBC                     __end_of_TimeXus:
   368                           	callstack 0
   369                           
   370 ;; *************** function _SystemSleep *****************
   371 ;; Defined at:
   372 ;;		line 139 in file "encm369_pic18.c"
   373 ;; Parameters:    Size  Location     Type
   374 ;;		None
   375 ;; Auto vars:     Size  Location     Type
   376 ;;		None
   377 ;; Return value:  Size  Location     Type
   378 ;;                  1    wreg      void 
   379 ;; Registers used:
   380 ;;		None
   381 ;; Tracked objects:
   382 ;;		On entry : 0/0
   383 ;;		On exit  : 0/0
   384 ;;		Unchanged: 0/0
   385 ;; Data sizes:     COMRAM   BANK5   BANK6   BANK7   BANK8   BANK9  BANK10  BANK11  BANK12  BANK13  BANK14  BANK15  BANK1
      +6  BANK17  BANK18  BANK19  BANK20  BANK21  BANK22  BANK23  BANK24  BANK25  BANK26  BANK27  BANK28  BANK29  BANK30  BANK3
      +1  BANK32  BANK33  BANK34  BANK35  BANK36  BANK37
   386 ;;      Params:         0       0       0       0       0       0       0       0       0       0       0       0       
      +0       0       0       0       0       0       0       0       0       0       0       0       0       0       0       
      +0       0       0       0       0       0       0
   387 ;;      Locals:         0       0       0       0       0       0       0       0       0       0       0       0       
      +0       0       0       0       0       0       0       0       0       0       0       0       0       0       0       
      +0       0       0       0       0       0       0
   388 ;;      Temps:          0       0       0       0       0       0       0       0       0       0       0       0       
      +0       0       0       0       0       0       0       0       0       0       0       0       0       0       0       
      +0       0       0       0       0       0       0
   389 ;;      Totals:         0       0       0       0       0       0       0       0       0       0       0       0       
      +0       0       0       0       0       0       0       0       0       0       0       0       0       0       0       
      +0       0       0       0       0       0       0
   390 ;;Total ram usage:        0 bytes
   391 ;; Hardware stack levels used:    1
   392 ;; This function calls:
   393 ;;		Nothing
   394 ;; This function is called by:
   395 ;;		_main
   396 ;; This function uses a non-reentrant model
   397 ;;
   398                           
   399                           	psect	text4
   400  01FF40                     __ptext4:
   401                           	callstack 0
   402  01FF40                     _SystemSleep:
   403                           	callstack 127
   404  01FF40  0012               	return		;funcret
   405  01FF42                     __end_of_SystemSleep:
   406                           	callstack 0
   407                           
   408 ;; *************** function _SysTickSetup *****************
   409 ;; Defined at:
   410 ;;		line 117 in file "encm369_pic18.c"
   411 ;; Parameters:    Size  Location     Type
   412 ;;		None
   413 ;; Auto vars:     Size  Location     Type
   414 ;;		None
   415 ;; Return value:  Size  Location     Type
   416 ;;                  1    wreg      void 
   417 ;; Registers used:
   418 ;;		wreg, status,2
   419 ;; Tracked objects:
   420 ;;		On entry : 0/0
   421 ;;		On exit  : 0/0
   422 ;;		Unchanged: 0/0
   423 ;; Data sizes:     COMRAM   BANK5   BANK6   BANK7   BANK8   BANK9  BANK10  BANK11  BANK12  BANK13  BANK14  BANK15  BANK1
      +6  BANK17  BANK18  BANK19  BANK20  BANK21  BANK22  BANK23  BANK24  BANK25  BANK26  BANK27  BANK28  BANK29  BANK30  BANK3
      +1  BANK32  BANK33  BANK34  BANK35  BANK36  BANK37
   424 ;;      Params:         0       0       0       0       0       0       0       0       0       0       0       0       
      +0       0       0       0       0       0       0       0       0       0       0       0       0       0       0       
      +0       0       0       0       0       0       0
   425 ;;      Locals:         0       0       0       0       0       0       0       0       0       0       0       0       
      +0       0       0       0       0       0       0       0       0       0       0       0       0       0       0       
      +0       0       0       0       0       0       0
   426 ;;      Temps:          0       0       0       0       0       0       0       0       0       0       0       0       
      +0       0       0       0       0       0       0       0       0       0       0       0       0       0       0       
      +0       0       0       0       0       0       0
   427 ;;      Totals:         0       0       0       0       0       0       0       0       0       0       0       0       
      +0       0       0       0       0       0       0       0       0       0       0       0       0       0       0       
      +0       0       0       0       0       0       0
   428 ;;Total ram usage:        0 bytes
   429 ;; Hardware stack levels used:    1
   430 ;; This function calls:
   431 ;;		Nothing
   432 ;; This function is called by:
   433 ;;		_main
   434 ;; This function uses a non-reentrant model
   435 ;;
   436                           
   437                           	psect	text5
   438  01FF78                     __ptext5:
   439                           	callstack 0
   440  01FF78                     _SysTickSetup:
   441                           	callstack 127
   442  01FF78                     
   443                           ;encm369_pic18.c: 119:   G_u32SystemTime1ms = 0;
   444  01FF78  0E00               	movlw	0
   445  01FF7A  6E09               	movwf	_G_u32SystemTime1ms^(0+1280),c	;volatile
   446  01FF7C  0E00               	movlw	0
   447  01FF7E  6E0A               	movwf	(_G_u32SystemTime1ms+1)^(0+1280),c	;volatile
   448  01FF80  0E00               	movlw	0
   449  01FF82  6E0B               	movwf	(_G_u32SystemTime1ms+2)^(0+1280),c	;volatile
   450  01FF84  0E00               	movlw	0
   451  01FF86  6E0C               	movwf	(_G_u32SystemTime1ms+3)^(0+1280),c	;volatile
   452                           
   453                           ;encm369_pic18.c: 120:   G_u32SystemTime1s = 0;
   454  01FF88  0E00               	movlw	0
   455  01FF8A  6E05               	movwf	_G_u32SystemTime1s^(0+1280),c	;volatile
   456  01FF8C  0E00               	movlw	0
   457  01FF8E  6E06               	movwf	(_G_u32SystemTime1s+1)^(0+1280),c	;volatile
   458  01FF90  0E00               	movlw	0
   459  01FF92  6E07               	movwf	(_G_u32SystemTime1s+2)^(0+1280),c	;volatile
   460  01FF94  0E00               	movlw	0
   461  01FF96  6E08               	movwf	(_G_u32SystemTime1s+3)^(0+1280),c	;volatile
   462  01FF98  0012               	return		;funcret
   463  01FF9A                     __end_of_SysTickSetup:
   464                           	callstack 0
   465                           
   466 ;; *************** function _GpioSetup *****************
   467 ;; Defined at:
   468 ;;		line 89 in file "encm369_pic18.c"
   469 ;; Parameters:    Size  Location     Type
   470 ;;		None
   471 ;; Auto vars:     Size  Location     Type
   472 ;;		None
   473 ;; Return value:  Size  Location     Type
   474 ;;                  1    wreg      void 
   475 ;; Registers used:
   476 ;;		wreg, status,2
   477 ;; Tracked objects:
   478 ;;		On entry : 0/0
   479 ;;		On exit  : 0/0
   480 ;;		Unchanged: 0/0
   481 ;; Data sizes:     COMRAM   BANK5   BANK6   BANK7   BANK8   BANK9  BANK10  BANK11  BANK12  BANK13  BANK14  BANK15  BANK1
      +6  BANK17  BANK18  BANK19  BANK20  BANK21  BANK22  BANK23  BANK24  BANK25  BANK26  BANK27  BANK28  BANK29  BANK30  BANK3
      +1  BANK32  BANK33  BANK34  BANK35  BANK36  BANK37
   482 ;;      Params:         0       0       0       0       0       0       0       0       0       0       0       0       
      +0       0       0       0       0       0       0       0       0       0       0       0       0       0       0       
      +0       0       0       0       0       0       0
   483 ;;      Locals:         0       0       0       0       0       0       0       0       0       0       0       0       
      +0       0       0       0       0       0       0       0       0       0       0       0       0       0       0       
      +0       0       0       0       0       0       0
   484 ;;      Temps:          0       0       0       0       0       0       0       0       0       0       0       0       
      +0       0       0       0       0       0       0       0       0       0       0       0       0       0       0       
      +0       0       0       0       0       0       0
   485 ;;      Totals:         0       0       0       0       0       0       0       0       0       0       0       0       
      +0       0       0       0       0       0       0       0       0       0       0       0       0       0       0       
      +0       0       0       0       0       0       0
   486 ;;Total ram usage:        0 bytes
   487 ;; Hardware stack levels used:    1
   488 ;; This function calls:
   489 ;;		Nothing
   490 ;; This function is called by:
   491 ;;		_main
   492 ;; This function uses a non-reentrant model
   493 ;;
   494                           
   495                           	psect	text6
   496  01FF54                     __ptext6:
   497                           	callstack 0
   498  01FF54                     _GpioSetup:
   499                           	callstack 127
   500  01FF54                     
   501                           ;encm369_pic18.c: 92:     TRISA=0x00;
   502  01FF54  0E00               	movlw	0
   503  01FF56  6EC6               	movwf	198,c	;volatile
   504                           
   505                           ;encm369_pic18.c: 93:     ANSELA=0x00;
   506  01FF58  0E00               	movlw	0
   507  01FF5A  0104               	movlb	4	; () banked
   508  01FF5C  6F00               	movwf	0,b	;volatile
   509                           
   510                           ;encm369_pic18.c: 99:     DAC1CON= 0xA0;
   511  01FF5E  0EA0               	movlw	160
   512  01FF60  0100               	movlb	0	; () banked
   513  01FF62  6F7F               	movwf	127,b	;volatile
   514  01FF64                     
   515                           ; BSR set to: 0
   516  01FF64  0012               	return		;funcret
   517  01FF66                     __end_of_GpioSetup:
   518                           	callstack 0
   519                           
   520 ;; *************** function _ClockSetup *****************
   521 ;; Defined at:
   522 ;;		line 70 in file "encm369_pic18.c"
   523 ;; Parameters:    Size  Location     Type
   524 ;;		None
   525 ;; Auto vars:     Size  Location     Type
   526 ;;		None
   527 ;; Return value:  Size  Location     Type
   528 ;;                  1    wreg      void 
   529 ;; Registers used:
   530 ;;		None
   531 ;; Tracked objects:
   532 ;;		On entry : 0/0
   533 ;;		On exit  : 0/0
   534 ;;		Unchanged: 0/0
   535 ;; Data sizes:     COMRAM   BANK5   BANK6   BANK7   BANK8   BANK9  BANK10  BANK11  BANK12  BANK13  BANK14  BANK15  BANK1
      +6  BANK17  BANK18  BANK19  BANK20  BANK21  BANK22  BANK23  BANK24  BANK25  BANK26  BANK27  BANK28  BANK29  BANK30  BANK3
      +1  BANK32  BANK33  BANK34  BANK35  BANK36  BANK37
   536 ;;      Params:         0       0       0       0       0       0       0       0       0       0       0       0       
      +0       0       0       0       0       0       0       0       0       0       0       0       0       0       0       
      +0       0       0       0       0       0       0
   537 ;;      Locals:         0       0       0       0       0       0       0       0       0       0       0       0       
      +0       0       0       0       0       0       0       0       0       0       0       0       0       0       0       
      +0       0       0       0       0       0       0
   538 ;;      Temps:          0       0       0       0       0       0       0       0       0       0       0       0       
      +0       0       0       0       0       0       0       0       0       0       0       0       0       0       0       
      +0       0       0       0       0       0       0
   539 ;;      Totals:         0       0       0       0       0       0       0       0       0       0       0       0       
      +0       0       0       0       0       0       0       0       0       0       0       0       0       0       0       
      +0       0       0       0       0       0       0
   540 ;;Total ram usage:        0 bytes
   541 ;; Hardware stack levels used:    1
   542 ;; This function calls:
   543 ;;		Nothing
   544 ;; This function is called by:
   545 ;;		_main
   546 ;; This function uses a non-reentrant model
   547 ;;
   548                           
   549                           	psect	text7
   550  01FF3E                     __ptext7:
   551                           	callstack 0
   552  01FF3E                     _ClockSetup:
   553                           	callstack 127
   554  01FF3E  0012               	return		;funcret
   555  01FF40                     __end_of_ClockSetup:
   556                           	callstack 0
   557  0000                     
   558                           	psect	rparam
   559  0000                     
   560                           	psect	idloc
   561                           
   562                           ;Config register IDLOC0 @ 0x200000
   563                           ;	unspecified, using default values
   564  200000                     	org	2097152
   565  200000  0FFF               	dw	4095
   566                           
   567                           ;Config register IDLOC1 @ 0x200002
   568                           ;	unspecified, using default values
   569  200002                     	org	2097154
   570  200002  0FFF               	dw	4095
   571                           
   572                           ;Config register IDLOC2 @ 0x200004
   573                           ;	unspecified, using default values
   574  200004                     	org	2097156
   575  200004  0FFF               	dw	4095
   576                           
   577                           ;Config register IDLOC3 @ 0x200006
   578                           ;	unspecified, using default values
   579  200006                     	org	2097158
   580  200006  0FFF               	dw	4095
   581                           
   582                           ;Config register IDLOC4 @ 0x200008
   583                           ;	unspecified, using default values
   584  200008                     	org	2097160
   585  200008  0FFF               	dw	4095
   586                           
   587                           ;Config register IDLOC5 @ 0x20000A
   588                           ;	unspecified, using default values
   589  20000A                     	org	2097162
   590  20000A  0FFF               	dw	4095
   591                           
   592                           ;Config register IDLOC6 @ 0x20000C
   593                           ;	unspecified, using default values
   594  20000C                     	org	2097164
   595  20000C  0FFF               	dw	4095
   596                           
   597                           ;Config register IDLOC7 @ 0x20000E
   598                           ;	unspecified, using default values
   599  20000E                     	org	2097166
   600  20000E  0FFF               	dw	4095
   601                           
   602                           ;Config register IDLOC8 @ 0x200010
   603                           ;	unspecified, using default values
   604  200010                     	org	2097168
   605  200010  0FFF               	dw	4095
   606                           
   607                           ;Config register IDLOC9 @ 0x200012
   608                           ;	unspecified, using default values
   609  200012                     	org	2097170
   610  200012  0FFF               	dw	4095
   611                           
   612                           ;Config register IDLOC10 @ 0x200014
   613                           ;	unspecified, using default values
   614  200014                     	org	2097172
   615  200014  0FFF               	dw	4095
   616                           
   617                           ;Config register IDLOC11 @ 0x200016
   618                           ;	unspecified, using default values
   619  200016                     	org	2097174
   620  200016  0FFF               	dw	4095
   621                           
   622                           ;Config register IDLOC12 @ 0x200018
   623                           ;	unspecified, using default values
   624  200018                     	org	2097176
   625  200018  0FFF               	dw	4095
   626                           
   627                           ;Config register IDLOC13 @ 0x20001A
   628                           ;	unspecified, using default values
   629  20001A                     	org	2097178
   630  20001A  0FFF               	dw	4095
   631                           
   632                           ;Config register IDLOC14 @ 0x20001C
   633                           ;	unspecified, using default values
   634  20001C                     	org	2097180
   635  20001C  0FFF               	dw	4095
   636                           
   637                           ;Config register IDLOC15 @ 0x20001E
   638                           ;	unspecified, using default values
   639  20001E                     	org	2097182
   640  20001E  0FFF               	dw	4095
   641                           
   642                           	psect	config
   643                           
   644                           ;Config register CONFIG1 @ 0x300000
   645                           ;	External Oscillator Selection
   646                           ;	FEXTOSC = OFF, Oscillator not enabled
   647                           ;	Reset Oscillator Selection
   648                           ;	RSTOSC = HFINTOSC_64MHZ, HFINTOSC with HFFRQ = 64 MHz and CDIV = 1:1
   649  300000                     	org	3145728
   650  300000  8C                 	db	140
   651                           
   652                           ;Config register CONFIG2 @ 0x300001
   653                           ;	Clock out Enable bit
   654                           ;	CLKOUTEN = ON, CLKOUT function is enabled
   655                           ;	PRLOCKED One-Way Set Enable bit
   656                           ;	PR1WAY = ON, PRLOCKED bit can be cleared and set only once
   657                           ;	Clock Switch Enable bit
   658                           ;	CSWEN = ON, Writing to NOSC and NDIV is allowed
   659                           ;	Fail-Safe Clock Monitor Enable bit
   660                           ;	FCMEN = ON, Fail-Safe Clock Monitor enabled
   661  300001                     	org	3145729
   662  300001  FE                 	db	254
   663                           
   664                           ;Config register CONFIG3 @ 0x300002
   665                           ;	MCLR Enable bit
   666                           ;	MCLRE = EXTMCLR, If LVP = 0, MCLR pin is MCLR; If LVP = 1, RE3 pin function is MCLR
   667                           ;	Power-up timer selection bits
   668                           ;	PWRTS = PWRT_OFF, PWRT is disabled
   669                           ;	Multi-vector enable bit
   670                           ;	MVECEN = ON, Multi-vector enabled, Vector table used for interrupts
   671                           ;	IVTLOCK bit One-way set enable bit
   672                           ;	IVT1WAY = ON, IVTLOCKED bit can be cleared and set only once
   673                           ;	Low Power BOR Enable bit
   674                           ;	LPBOREN = OFF, Low-Power BOR disabled
   675                           ;	Brown-out Reset Enable bits
   676                           ;	BOREN = SBORDIS, Brown-out Reset enabled , SBOREN bit is ignored
   677  300002                     	org	3145730
   678  300002  FF                 	db	255
   679                           
   680                           ;Config register CONFIG4 @ 0x300003
   681                           ;	Brown-out Reset Voltage Selection bits
   682                           ;	BORV = VBOR_2P85, Brown-out Reset Voltage (VBOR) set to 2.8V
   683                           ;	ZCD Disable bit
   684                           ;	ZCD = OFF, ZCD module is disabled. ZCD can be enabled by setting the ZCDSEN bit of ZCD
      +                          CON
   685                           ;	PPSLOCK bit One-Way Set Enable bit
   686                           ;	PPS1WAY = ON, PPSLOCKED bit can be cleared and set only once; PPS registers remain loc
      +                          ked after one clear/set cycle
   687                           ;	Stack Full/Underflow Reset Enable bit
   688                           ;	STVREN = ON, Stack full/underflow will cause Reset
   689                           ;	Low Voltage Programming Enable bit
   690                           ;	LVP = ON, Low voltage programming enabled. MCLR/VPP pin function is MCLR. MCLRE config
      +                          uration bit is ignored
   691                           ;	Extended Instruction Set Enable bit
   692                           ;	XINST = OFF, Extended Instruction Set and Indexed Addressing Mode disabled
   693  300003                     	org	3145731
   694  300003  FC                 	db	252
   695                           
   696                           ;Config register CONFIG5 @ 0x300004
   697                           ;	WDT Period selection bits
   698                           ;	WDTCPS = WDTCPS_31, Divider ratio 1:65536; software control of WDTPS
   699                           ;	WDT operating mode
   700                           ;	WDTE = OFF, WDT Disabled; SWDTEN is ignored
   701  300004                     	org	3145732
   702  300004  9F                 	db	159
   703                           
   704                           ;Config register CONFIG6 @ 0x300005
   705                           ;	WDT Window Select bits
   706                           ;	WDTCWS = WDTCWS_7, window always open (100%); software control; keyed access not requi
      +                          red
   707                           ;	WDT input clock selector
   708                           ;	WDTCCS = SC, Software Control
   709  300005                     	org	3145733
   710  300005  FF                 	db	255
   711                           
   712                           ;Config register CONFIG7 @ 0x300006
   713                           ;	Boot Block Size selection bits
   714                           ;	BBSIZE = BBSIZE_512, Boot Block size is 512 words
   715                           ;	Boot Block enable bit
   716                           ;	BBEN = OFF, Boot block disabled
   717                           ;	Storage Area Flash enable bit
   718                           ;	SAFEN = OFF, SAF disabled
   719                           ;	Background Debugger
   720                           ;	DEBUG = OFF, Background Debugger disabled
   721  300006                     	org	3145734
   722  300006  FF                 	db	255
   723                           
   724                           ;Config register CONFIG8 @ 0x300007
   725                           ;	Boot Block Write Protection bit
   726                           ;	WRTB = OFF, Boot Block not Write protected
   727                           ;	Configuration Register Write Protection bit
   728                           ;	WRTC = OFF, Configuration registers not Write protected
   729                           ;	Data EEPROM Write Protection bit
   730                           ;	WRTD = OFF, Data EEPROM not Write protected
   731                           ;	SAF Write protection bit
   732                           ;	WRTSAF = OFF, SAF not Write Protected
   733                           ;	Application Block write protection bit
   734                           ;	WRTAPP = OFF, Application Block not write protected
   735  300007                     	org	3145735
   736  300007  FF                 	db	255
   737                           
   738                           ; Padding undefined space
   739  300008                     	org	3145736
   740  300008  FF                 	db	255
   741                           
   742                           ;Config register CONFIG10 @ 0x300009
   743                           ;	PFM and Data EEPROM Code Protection bit
   744                           ;	CP = OFF, PFM and Data EEPROM code protection disabled
   745  300009                     	org	3145737
   746  300009  FF                 	db	255
   747                           tosu	equ	0x4FF
   748                           tosh	equ	0x4FE
   749                           tosl	equ	0x4FD
   750                           stkptr	equ	0x4FC
   751                           pclatu	equ	0x4FB
   752                           pclath	equ	0x4FA
   753                           pcl	equ	0x4F9
   754                           tblptru	equ	0x4F8
   755                           tblptrh	equ	0x4F7
   756                           tblptrl	equ	0x4F6
   757                           tablat	equ	0x4F5
   758                           prodh	equ	0x4F4
   759                           prodl	equ	0x4F3
   760                           indf0	equ	0x4EF
   761                           postinc0	equ	0x4EE
   762                           postdec0	equ	0x4ED
   763                           preinc0	equ	0x4EC
   764                           plusw0	equ	0x4EB
   765                           fsr0h	equ	0x4EA
   766                           fsr0l	equ	0x4E9
   767                           wreg	equ	0x4E8
   768                           indf1	equ	0x4E7
   769                           postinc1	equ	0x4E6
   770                           postdec1	equ	0x4E5
   771                           preinc1	equ	0x4E4
   772                           plusw1	equ	0x4E3
   773                           fsr1h	equ	0x4E2
   774                           fsr1l	equ	0x4E1
   775                           bsr	equ	0x4E0
   776                           indf2	equ	0x4DF
   777                           postinc2	equ	0x4DE
   778                           postdec2	equ	0x4DD
   779                           preinc2	equ	0x4DC
   780                           plusw2	equ	0x4DB
   781                           fsr2h	equ	0x4DA
   782                           fsr2l	equ	0x4D9
   783                           status	equ	0x4D8

Data Sizes:
    Strings     0
    Constant    0
    Data        0
    BSS         13
    Persistent  0
    Stack       0

Auto Spaces:
    Space          Size  Autos    Used
    COMRAM           95      4      17
    BANK5           160      0       0
    BANK6           256      0       0
    BANK7           256      0       0
    BANK8           256      0       0
    BANK9           256      0       0
    BANK10          256      0       0
    BANK11          256      0       0
    BANK12          256      0       0
    BANK13          256      0       0
    BANK14          256      0       0
    BANK15          256      0       0
    BANK16          256      0       0
    BANK17          256      0       0
    BANK18          256      0       0
    BANK19          256      0       0
    BANK20          256      0       0
    BANK21          256      0       0
    BANK22          256      0       0
    BANK23          256      0       0
    BANK24          256      0       0
    BANK25          256      0       0
    BANK26          256      0       0
    BANK27          256      0       0
    BANK28          256      0       0
    BANK29          256      0       0
    BANK30          256      0       0
    BANK31          256      0       0
    BANK32          256      0       0
    BANK33          256      0       0
    BANK34          256      0       0
    BANK35          256      0       0
    BANK36          256      0       0
    BANK37          256      0       0

Pointer List with Targets:

    None.

Critical Paths under _main in COMRAM

    _main->_TimeXus

Critical Paths under _main in BANK5

    None.

Critical Paths under _main in BANK6

    None.

Critical Paths under _main in BANK7

    None.

Critical Paths under _main in BANK8

    None.

Critical Paths under _main in BANK9

    None.

Critical Paths under _main in BANK10

    None.

Critical Paths under _main in BANK11

    None.

Critical Paths under _main in BANK12

    None.

Critical Paths under _main in BANK13

    None.

Critical Paths under _main in BANK14

    None.

Critical Paths under _main in BANK15

    None.

Critical Paths under _main in BANK16

    None.

Critical Paths under _main in BANK17

    None.

Critical Paths under _main in BANK18

    None.

Critical Paths under _main in BANK19

    None.

Critical Paths under _main in BANK20

    None.

Critical Paths under _main in BANK21

    None.

Critical Paths under _main in BANK22

    None.

Critical Paths under _main in BANK23

    None.

Critical Paths under _main in BANK24

    None.

Critical Paths under _main in BANK25

    None.

Critical Paths under _main in BANK26

    None.

Critical Paths under _main in BANK27

    None.

Critical Paths under _main in BANK28

    None.

Critical Paths under _main in BANK29

    None.

Critical Paths under _main in BANK30

    None.

Critical Paths under _main in BANK31

    None.

Critical Paths under _main in BANK32

    None.

Critical Paths under _main in BANK33

    None.

Critical Paths under _main in BANK34

    None.

Critical Paths under _main in BANK35

    None.

Critical Paths under _main in BANK36

    None.

Critical Paths under _main in BANK37

    None.

Call Graph Tables:

 ---------------------------------------------------------------------------------
 (Depth) Function   	        Calls       Base Space   Used Autos Params    Refs
 ---------------------------------------------------------------------------------
 (0) _main                                                 0     0      0     120
                         _ClockSetup
                          _GpioSetup
                       _SysTickSetup
                        _SystemSleep
                            _TimeXus
                  _UserAppInitialize
                         _UserAppRun
 ---------------------------------------------------------------------------------
 (1) _UserAppRun                                           0     0      0       0
 ---------------------------------------------------------------------------------
 (1) _UserAppInitialize                                    0     0      0       0
 ---------------------------------------------------------------------------------
 (1) _TimeXus                                              4     2      2     120
                                              0 COMRAM     4     2      2
 ---------------------------------------------------------------------------------
 (1) _SystemSleep                                          0     0      0       0
 ---------------------------------------------------------------------------------
 (1) _SysTickSetup                                         0     0      0       0
 ---------------------------------------------------------------------------------
 (1) _GpioSetup                                            0     0      0       0
 ---------------------------------------------------------------------------------
 (1) _ClockSetup                                           0     0      0       0
 ---------------------------------------------------------------------------------
 Estimated maximum stack depth 1
 ---------------------------------------------------------------------------------

 Call Graph Graphs:

 _main (ROOT)
   _ClockSetup
   _GpioSetup
   _SysTickSetup
   _SystemSleep
   _TimeXus
   _UserAppInitialize
   _UserAppRun

 Address spaces:
Name               Size   Autos  Total    Cost      Usage
BIGRAM            20FF      0       0      71        0.0%
EEDATA             400      0       0       0        0.0%
BITBANK37          100      0       0      70        0.0%
BANK37             100      0       0      68        0.0%
BITBANK36          100      0       0      66        0.0%
BANK36             100      0       0      67        0.0%
BITBANK35          100      0       0      64        0.0%
BANK35             100      0       0      65        0.0%
BITBANK34          100      0       0      62        0.0%
BANK34             100      0       0      63        0.0%
BITBANK33          100      0       0      60        0.0%
BANK33             100      0       0      61        0.0%
BITBANK32          100      0       0      58        0.0%
BANK32             100      0       0      59        0.0%
BITBANK31          100      0       0      56        0.0%
BANK31             100      0       0      57        0.0%
BITBANK30          100      0       0      54        0.0%
BANK30             100      0       0      55        0.0%
BITBANK29          100      0       0      52        0.0%
BANK29             100      0       0      53        0.0%
BITBANK28          100      0       0      50        0.0%
BANK28             100      0       0      51        0.0%
BITBANK27          100      0       0      48        0.0%
BANK27             100      0       0      49        0.0%
BITBANK26          100      0       0      46        0.0%
BANK26             100      0       0      47        0.0%
BITBANK25          100      0       0      44        0.0%
BANK25             100      0       0      45        0.0%
BITBANK24          100      0       0      42        0.0%
BANK24             100      0       0      43        0.0%
BITBANK23          100      0       0      40        0.0%
BANK23             100      0       0      41        0.0%
BITBANK22          100      0       0      38        0.0%
BANK22             100      0       0      39        0.0%
BITBANK21          100      0       0      36        0.0%
BANK21             100      0       0      37        0.0%
BITBANK20          100      0       0      34        0.0%
BANK20             100      0       0      35        0.0%
BITBANK19          100      0       0      32        0.0%
BANK19             100      0       0      33        0.0%
BITBANK18          100      0       0      30        0.0%
BANK18             100      0       0      31        0.0%
BITBANK17          100      0       0      28        0.0%
BANK17             100      0       0      29        0.0%
BITBANK16          100      0       0      26        0.0%
BANK16             100      0       0      27        0.0%
BITBANK15          100      0       0      24        0.0%
BANK15             100      0       0      25        0.0%
BITBANK14          100      0       0      22        0.0%
BANK14             100      0       0      23        0.0%
BITBANK13          100      0       0      20        0.0%
BANK13             100      0       0      21        0.0%
BITBANK12          100      0       0      18        0.0%
BANK12             100      0       0      19        0.0%
BITBANK11          100      0       0      16        0.0%
BANK11             100      0       0      17        0.0%
BITBANK10          100      0       0      14        0.0%
BANK10             100      0       0      15        0.0%
BITBANK9           100      0       0      12        0.0%
BANK9              100      0       0      13        0.0%
BITBANK8           100      0       0      10        0.0%
BANK8              100      0       0      11        0.0%
BITBANK7           100      0       0       8        0.0%
BANK7              100      0       0       9        0.0%
BITBANK6           100      0       0       6        0.0%
BANK6              100      0       0       7        0.0%
BITBANK5            A0      0       0       4        0.0%
BANK5               A0      0       0       5        0.0%
BITCOMRAM           5F      0       0       0        0.0%
COMRAM              5F      4      11       1       17.9%
BITSFR_5             0      0       0     200        0.0%
SFR_5                0      0       0     200        0.0%
BITSFR_4             0      0       0     200        0.0%
SFR_4                0      0       0     200        0.0%
BITSFR_3             0      0       0     200        0.0%
SFR_3                0      0       0     200        0.0%
BITSFR_2             0      0       0     200        0.0%
SFR_2                0      0       0     200        0.0%
BITSFR_1             0      0       0     200        0.0%
SFR_1                0      0       0     200        0.0%
BITSFR               0      0       0     200        0.0%
SFR                  0      0       0     200        0.0%
STACK                0      0       0       2        0.0%
NULL                 0      0       0       0        0.0%
ABS                  0      0      11      69        0.0%
DATA                 0      0      11       3        0.0%
CODE                 0      0       0       0        0.0%


Microchip Technology PIC18 Macro Assembler V2.31 build 20201012212115 
Symbol Table                                                                                   Wed Mar 24 20:23:55 2021

     __size_of_SysTickSetup 0022                          l13 FF3E                          l22 FF40  
                        l16 FF64                          l19 FF98                          l52 FFE4  
                        l80 FFBA                          l74 FF52                          l77 FF42  
                        u20 FFF2                          u21 FFEE                         l800 FFC6  
                       l810 FFD8                         l802 FFCA                         l812 FFF2  
                       l804 FFCE                         l806 FFD2                         l760 FF44  
                       l808 FFD4                         l756 FF54                         l790 FF9E  
                       l792 FFB0                         l786 FF78                         l794 FFBC  
                       l788 FF9A                         l796 FFBE                         l798 FFC2  
                       wreg 0004E8                        _LATA 0004BE                        _PIR3 0004B1  
                      _main FFBC                _SysTickSetup FF78                        start FFFC  
      __size_of_SystemSleep 0002                ___param_bank 000000                  _ClockSetup FF3E  
           __end_of_TimeXus FFBC                       ?_main 050E                       _TMR0H 000319  
                     _TMR0L 000318                       _TRISA 0004C6             __initialization FF66  
              __end_of_main FFFC                      ??_main 0512               __activetblptr 000000  
                    _ANSELA 000400                      _T0CON0 00031A                      _T0CON1 00031B  
        __size_of_GpioSetup 0012                   ??_TimeXus 0510                 ?_ClockSetup 050E  
                    clear_0 FF6C                  _UserAppRun FF42                  __accesstop 0560  
   __end_of__initialization FF72               ___rparam_used 000001            _G_u8UserAppFlags 050D  
            __pcstackCOMRAM 050E           __end_of_GpioSetup FF66         __size_of_ClockSetup 0002  
                   _DAC1CON 00007F                 ?_UserAppRun 050E               ??_SystemSleep 050E  
                   __Hparam 0000                     __Lparam 0000                     _TimeXus FF9A  
                   __pcinit FF66                     __ramtop 2600                     __ptext0 FFBC  
                   __ptext1 FF42                     __ptext2 FF44                     __ptext3 FF9A  
                   __ptext4 FF40                     __ptext5 FF78                     __ptext6 FF54  
                   __ptext7 FF3E        end_of_initialization FF72            _G_u32SystemFlags 0501  
                   postinc0 0004EE         __end_of_SystemSleep FF42                ??_ClockSetup 050E  
       __size_of_UserAppRun 0002          __end_of_ClockSetup FF40                   _GpioSetup FF54  
       start_initialization FF66               ?_SysTickSetup 050E                 _SystemSleep FF40  
                ?_GpioSetup 050E                 __pbssCOMRAM 0501           _UserAppInitialize FF44  
              ??_UserAppRun 050E          ?_UserAppInitialize 050E              ??_SysTickSetup 050E  
       ??_UserAppInitialize 050E                    ?_TimeXus 050E          __end_of_UserAppRun FF44  
 __end_of_UserAppInitialize FF54                 ??_GpioSetup 050E                    __Hrparam 0000  
                  __Lrparam 0000            __size_of_TimeXus 0022        __end_of_SysTickSetup FF9A  
__size_of_UserAppInitialize 0010               __size_of_main 0040                ?_SystemSleep 050E  
      TimeXus@u16Time_delay 050E          _G_u32SystemTime1ms 0509           _G_u32SystemTime1s 0505  
