

Microchip MPLAB XC8 Assembler V2.31 build 20201012212115 
                                                                                               Sat Mar 06 21:33:10 2021

Microchip MPLAB XC8 C Compiler v2.31 (Free license) build 20201012212115 Og1 
     1                           	processor	18F27Q43
     2                           	fnconf	rparam,??,?,0
     3                           	pagewidth 120
     4                           	opt	flic
     5                           	psect	idataCOMRAM,global,class=CODE,delta=1,noexec
     6                           	psect	cinit,global,reloc=2,class=CODE,delta=1
     7                           	psect	bssCOMRAM,global,class=COMRAM,space=1,delta=1,lowdata,noexec
     8                           	psect	dataCOMRAM,global,class=COMRAM,space=1,delta=1,lowdata,noexec
     9                           	psect	cstackCOMRAM,global,class=COMRAM,space=1,delta=1,lowdata,noexec
    10                           	psect	text0,global,reloc=2,class=CODE,delta=1
    11                           	psect	text1,global,reloc=2,class=CODE,delta=1
    12                           	psect	text2,global,reloc=2,class=CODE,delta=1
    13                           	psect	text3,global,reloc=2,class=CODE,delta=1
    14                           	psect	text4,global,reloc=2,class=CODE,delta=1
    15                           	psect	text5,global,reloc=2,class=CODE,delta=1
    16                           	psect	text6,global,reloc=2,class=CODE,delta=1
    17                           	psect	text7,global,reloc=2,class=CODE,delta=1
    18                           	psect	intsave_regs,global,class=BIGRAM,space=1,delta=1,noexec
    19                           	psect	rparam,global,class=COMRAM,space=1,delta=1,noexec
    20                           	psect	idloc,global,abs,ovrld,class=IDLOC,space=5,delta=1,noexec
    21                           	psect	config,global,abs,ovrld,class=CONFIG,space=4,delta=1,noexec
    22  0000                     
    23                           ; Version 2.30
    24                           ; Generated 20/08/2020 GMT
    25                           ; 
    26                           ; Copyright © 2020, Microchip Technology Inc. and its subsidiaries ("Microchip")
    27                           ; All rights reserved.
    28                           ; 
    29                           ; This software is developed by Microchip Technology Inc. and its subsidiaries ("Microch
      +                          ip").
    30                           ; 
    31                           ; Redistribution and use in source and binary forms, with or without modification, are
    32                           ; permitted provided that the following conditions are met:
    33                           ; 
    34                           ;     1. Redistributions of source code must retain the above copyright notice, this lis
      +                          t of
    35                           ;        conditions and the following disclaimer.
    36                           ; 
    37                           ;     2. Redistributions in binary form must reproduce the above copyright notice, this 
      +                          list
    38                           ;        of conditions and the following disclaimer in the documentation and/or other
    39                           ;        materials provided with the distribution. Publication is not required when
    40                           ;        this file is used in an embedded application.
    41                           ; 
    42                           ;     3. Microchip's name may not be used to endorse or promote products derived from th
      +                          is
    43                           ;        software without specific prior written permission.
    44                           ; 
    45                           ; THIS SOFTWARE IS PROVIDED BY MICROCHIP "AS IS" AND ANY EXPRESS OR IMPLIED WARRANTIES,
    46                           ; INCLUDING, BUT NOT LIMITED TO, THE IMPLIED WARRANTIES OF MERCHANTABILITY AND FITNESS F
      +                          OR
    47                           ; PURPOSE ARE DISCLAIMED.  IN NO EVENT SHALL MICROCHIP BE LIABLE FOR ANY DIRECT, INDIREC
      +                          T,
    48                           ; INCIDENTAL, SPECIAL, EXEMPLARY, OR CONSEQUENTIAL DAMAGES (INCLUDING BUT NOT LIMITED TO
    49                           ; PROCUREMENT OF SUBSTITUTE GOODS OR SERVICES; LOSS OF USE, DATA OR PROFITS; OR BUSINESS
    50                           ; INTERRUPTION) HOWSOEVER CAUSED AND ON ANY THEORY OF LIABILITY, WHETHER IN CONTRACT, ST
      +                          RICT
    51                           ; LIABILITY, OR TORT (INCLUDING NEGLIGENCE OR OTHERWISE) ARISING IN ANY WAY OUT OF THE U
      +                          SE OF
    52                           ; THIS SOFTWARE, EVEN IF ADVISED OF THE POSSIBILITY OF SUCH DAMAGE.
    53                           ; 
    54                           ; 
    55                           ; Code-generator required, PIC18F27Q43 Definitions
    56                           ; 
    57                           ; SFR Addresses
    58  0000                     
    59                           	psect	idataCOMRAM
    60  01FE69                     __pidataCOMRAM:
    61                           	callstack 0
    62                           
    63                           ;initializer for UserAppRun@F15925
    64  01FE69  01                 	db	1
    65  01FE6A  02                 	db	2
    66  01FE6B  04                 	db	4
    67  01FE6C  10                 	db	16
    68  01FE6D  20                 	db	32
    69  0000                     _TMR0L	set	792
    70  0000                     _TMR0H	set	793
    71  0000                     _T0CON1	set	795
    72  0000                     _T0CON0	set	794
    73  0000                     _ANSELB	set	1032
    74  0000                     _ANSELA	set	1024
    75  0000                     _PIR3	set	1201
    76  0000                     _LATA	set	1214
    77  0000                     _TRISB	set	1223
    78  0000                     _PORTB	set	1231
    79  0000                     _TRISA	set	1222
    80  0000                     _PORTA	set	1230
    81                           
    82                           ; #config settings
    83                           
    84                           	psect	cinit
    85  01FEDE                     __pcinit:
    86                           	callstack 0
    87  01FEDE                     start_initialization:
    88                           	callstack 0
    89  01FEDE                     __initialization:
    90                           	callstack 0
    91                           
    92                           ; Initialize objects allocated to COMRAM (5 bytes)
    93                           ; load TBLPTR registers with __pidataCOMRAM
    94  01FEDE  0E69               	movlw	low __pidataCOMRAM
    95  01FEE0  6EF6               	movwf	tblptrl,c
    96  01FEE2  0EFE               	movlw	high __pidataCOMRAM
    97  01FEE4  6EF7               	movwf	tblptrh,c
    98  01FEE6  0E01               	movlw	low (__pidataCOMRAM shr (0+16))
    99  01FEE8  6EF8               	movwf	tblptru,c
   100  01FEEA  EE01  F114         	lfsr	0,__pdataCOMRAM
   101  01FEEE  EE10 F005          	lfsr	1,5
   102  01FEF2                     copy_data0:
   103  01FEF2  0009               	tblrd		*+
   104  01FEF4  C4F5 F4EE          	movff	tablat,postinc0
   105  01FEF8  50E5               	movf	postdec1,w,c
   106  01FEFA  50E1               	movf	fsr1l,w,c
   107  01FEFC  E1FA               	bnz	copy_data0
   108                           
   109                           ; Clear objects allocated to COMRAM (19 bytes)
   110  01FEFE  EE01  F101         	lfsr	0,__pbssCOMRAM
   111  01FF02  0E13               	movlw	19
   112  01FF04                     clear_0:
   113  01FF04  6AEE               	clrf	postinc0,c
   114  01FF06  06E8               	decf	wreg,f,c
   115  01FF08  E1FD               	bnz	clear_0
   116  01FF0A                     end_of_initialization:
   117                           	callstack 0
   118  01FF0A                     __end_of__initialization:
   119                           	callstack 0
   120  01FF0A  0100               	movlb	0
   121  01FF0C  EF88  F0FF         	goto	_main	;jump to C main() function
   122                           
   123                           	psect	bssCOMRAM
   124  000501                     __pbssCOMRAM:
   125                           	callstack 0
   126  000501                     UserAppRun@u16Count:
   127                           	callstack 0
   128  000501                     	ds	4
   129  000505                     _G_u32SystemFlags:
   130                           	callstack 0
   131  000505                     	ds	4
   132  000509                     _G_u32SystemTime1s:
   133                           	callstack 0
   134  000509                     	ds	4
   135  00050D                     _G_u32SystemTime1ms:
   136                           	callstack 0
   137  00050D                     	ds	4
   138  000511                     UserAppRun@n:
   139                           	callstack 0
   140  000511                     	ds	1
   141  000512                     UserAppRun@Toggle:
   142                           	callstack 0
   143  000512                     	ds	1
   144  000513                     _G_u8UserAppFlags:
   145                           	callstack 0
   146  000513                     	ds	1
   147                           
   148                           	psect	dataCOMRAM
   149  000514                     __pdataCOMRAM:
   150                           	callstack 0
   151  000514                     UserAppRun@F15925:
   152                           	callstack 0
   153  000514                     	ds	5
   154                           
   155                           	psect	cstackCOMRAM
   156  000519                     __pcstackCOMRAM:
   157                           	callstack 0
   158  000519                     TimeXus@u16Time_delay:
   159                           	callstack 0
   160  000519                     UserAppRun@au8Pattern:
   161                           	callstack 0
   162                           
   163                           ; 5 bytes @ 0x0
   164  000519                     	ds	2
   165  00051B                     ??_TimeXus:
   166                           
   167                           ; 1 bytes @ 0x2
   168  00051B                     	ds	3
   169  00051E                     
   170                           ; 1 bytes @ 0x5
   171 ;;
   172 ;;Main: autosize = 0, tempsize = 0, incstack = 0, save=0
   173 ;;
   174 ;; *************** function _main *****************
   175 ;; Defined at:
   176 ;;		line 35 in file "main.c"
   177 ;; Parameters:    Size  Location     Type
   178 ;;		None
   179 ;; Auto vars:     Size  Location     Type
   180 ;;		None
   181 ;; Return value:  Size  Location     Type
   182 ;;                  1    wreg      void 
   183 ;; Registers used:
   184 ;;		wreg, fsr1l, fsr1h, fsr2l, fsr2h, status,2, status,0, cstack
   185 ;; Tracked objects:
   186 ;;		On entry : 0/0
   187 ;;		On exit  : 0/0
   188 ;;		Unchanged: 0/0
   189 ;; Data sizes:     COMRAM   BANK5   BANK6   BANK7   BANK8   BANK9  BANK10  BANK11  BANK12  BANK13  BANK14  BANK15  BANK1
      +6  BANK17  BANK18  BANK19  BANK20  BANK21  BANK22  BANK23  BANK24  BANK25  BANK26  BANK27  BANK28  BANK29  BANK30  BANK3
      +1  BANK32  BANK33  BANK34  BANK35  BANK36  BANK37
   190 ;;      Params:         0       0       0       0       0       0       0       0       0       0       0       0       
      +0       0       0       0       0       0       0       0       0       0       0       0       0       0       0       
      +0       0       0       0       0       0       0
   191 ;;      Locals:         0       0       0       0       0       0       0       0       0       0       0       0       
      +0       0       0       0       0       0       0       0       0       0       0       0       0       0       0       
      +0       0       0       0       0       0       0
   192 ;;      Temps:          0       0       0       0       0       0       0       0       0       0       0       0       
      +0       0       0       0       0       0       0       0       0       0       0       0       0       0       0       
      +0       0       0       0       0       0       0
   193 ;;      Totals:         0       0       0       0       0       0       0       0       0       0       0       0       
      +0       0       0       0       0       0       0       0       0       0       0       0       0       0       0       
      +0       0       0       0       0       0       0
   194 ;;Total ram usage:        0 bytes
   195 ;; Hardware stack levels required when called:    1
   196 ;; This function calls:
   197 ;;		_ClockSetup
   198 ;;		_GpioSetup
   199 ;;		_SysTickSetup
   200 ;;		_SystemSleep
   201 ;;		_TimeXus
   202 ;;		_UserAppInitialize
   203 ;;		_UserAppRun
   204 ;; This function is called by:
   205 ;;		Startup code after reset
   206 ;; This function uses a non-reentrant model
   207 ;;
   208                           
   209                           	psect	text0
   210  01FF10                     __ptext0:
   211                           	callstack 0
   212  01FF10                     _main:
   213                           	callstack 127
   214  01FF10                     
   215                           ;main.c: 37:   G_u32SystemFlags |= (u32)0x80000000;
   216  01FF10  8E08               	bsf	(_G_u32SystemFlags+3)^(0+1280),7,c	;volatile
   217  01FF12                     
   218                           ;main.c: 40:   ClockSetup();
   219  01FF12  EC32  F0FF         	call	_ClockSetup	;wreg free
   220  01FF16                     
   221                           ;main.c: 41:   SysTickSetup();
   222  01FF16  EC4D  F0FF         	call	_SysTickSetup	;wreg free
   223  01FF1A                     
   224                           ;main.c: 42:   GpioSetup();
   225  01FF1A  EC3F  F0FF         	call	_GpioSetup	;wreg free
   226  01FF1E                     
   227                           ;main.c: 47:   UserAppInitialize();
   228  01FF1E  EC37  F0FF         	call	_UserAppInitialize	;wreg free
   229  01FF22                     l850:
   230                           
   231                           ;main.c: 53:   {;main.c: 57:     UserAppRun();
   232  01FF22  ECA8  F0FF         	call	_UserAppRun	;wreg free
   233  01FF26                     
   234                           ;main.c: 61:     (LATA &=0x7F);
   235  01FF26  9EBE               	bcf	190,7,c	;volatile
   236  01FF28                     
   237                           ;main.c: 62:     SystemSleep();
   238  01FF28  EC33  F0FF         	call	_SystemSleep	;wreg free
   239  01FF2C                     
   240                           ;main.c: 63:     TimeXus(0x3e8);
   241  01FF2C  0E03               	movlw	3
   242  01FF2E  6E1A               	movwf	(TimeXus@u16Time_delay+1)^(0+1280),c
   243  01FF30  0EE8               	movlw	232
   244  01FF32  6E19               	movwf	TimeXus@u16Time_delay^(0+1280),c
   245  01FF34  EC5E  F0FF         	call	_TimeXus	;wreg free
   246  01FF38                     l58:
   247                           
   248                           ;main.c: 64:     while((PIR3 & 0x80)!=0x80)
   249  01FF38  AEB1               	btfss	177,7,c	;volatile
   250  01FF3A  EFA1  F0FF         	goto	u61
   251  01FF3E  EFA3  F0FF         	goto	u60
   252  01FF42                     u61:
   253  01FF42  EF9C  F0FF         	goto	l58
   254  01FF46                     u60:
   255  01FF46                     
   256                           ;main.c: 68:     (LATA |=0x80);
   257  01FF46  8EBE               	bsf	190,7,c	;volatile
   258  01FF48  EF91  F0FF         	goto	l850
   259  01FF4C  EFFE  F0FF         	goto	start
   260  01FF50                     __end_of_main:
   261                           	callstack 0
   262                           
   263 ;; *************** function _UserAppRun *****************
   264 ;; Defined at:
   265 ;;		line 98 in file "user_app.c"
   266 ;; Parameters:    Size  Location     Type
   267 ;;		None
   268 ;; Auto vars:     Size  Location     Type
   269 ;;  au8Pattern      5    0[COMRAM] unsigned char [5]
   270 ;; Return value:  Size  Location     Type
   271 ;;                  1    wreg      void 
   272 ;; Registers used:
   273 ;;		wreg, fsr1l, fsr1h, fsr2l, fsr2h, status,2, status,0
   274 ;; Tracked objects:
   275 ;;		On entry : 0/0
   276 ;;		On exit  : 0/0
   277 ;;		Unchanged: 0/0
   278 ;; Data sizes:     COMRAM   BANK5   BANK6   BANK7   BANK8   BANK9  BANK10  BANK11  BANK12  BANK13  BANK14  BANK15  BANK1
      +6  BANK17  BANK18  BANK19  BANK20  BANK21  BANK22  BANK23  BANK24  BANK25  BANK26  BANK27  BANK28  BANK29  BANK30  BANK3
      +1  BANK32  BANK33  BANK34  BANK35  BANK36  BANK37
   279 ;;      Params:         0       0       0       0       0       0       0       0       0       0       0       0       
      +0       0       0       0       0       0       0       0       0       0       0       0       0       0       0       
      +0       0       0       0       0       0       0
   280 ;;      Locals:         5       0       0       0       0       0       0       0       0       0       0       0       
      +0       0       0       0       0       0       0       0       0       0       0       0       0       0       0       
      +0       0       0       0       0       0       0
   281 ;;      Temps:          0       0       0       0       0       0       0       0       0       0       0       0       
      +0       0       0       0       0       0       0       0       0       0       0       0       0       0       0       
      +0       0       0       0       0       0       0
   282 ;;      Totals:         5       0       0       0       0       0       0       0       0       0       0       0       
      +0       0       0       0       0       0       0       0       0       0       0       0       0       0       0       
      +0       0       0       0       0       0       0
   283 ;;Total ram usage:        5 bytes
   284 ;; Hardware stack levels used:    1
   285 ;; This function calls:
   286 ;;		Nothing
   287 ;; This function is called by:
   288 ;;		_main
   289 ;; This function uses a non-reentrant model
   290 ;;
   291                           
   292                           	psect	text1
   293  01FF50                     __ptext1:
   294                           	callstack 0
   295  01FF50                     _UserAppRun:
   296                           	callstack 127
   297  01FF50                     
   298                           ;user_app.c: 101:     static u32 u16Count=0;;user_app.c: 102:     static u8 Toggle=0;;us
      +                          er_app.c: 103:     u16Count+=1;
   299  01FF50  0E01               	movlw	1
   300  01FF52  2601               	addwf	UserAppRun@u16Count^(0+1280),f,c
   301  01FF54  0E00               	movlw	0
   302  01FF56  2202               	addwfc	(UserAppRun@u16Count+1)^(0+1280),f,c
   303  01FF58  2203               	addwfc	(UserAppRun@u16Count+2)^(0+1280),f,c
   304  01FF5A  2204               	addwfc	(UserAppRun@u16Count+3)^(0+1280),f,c
   305  01FF5C                     
   306                           ;user_app.c: 104:     u8 au8Pattern[]={0x01,0x02,0x04,0x10,0x20};
   307  01FF5C  EE21  F114         	lfsr	2,UserAppRun@F15925
   308  01FF60  EE11  F119         	lfsr	1,UserAppRun@au8Pattern
   309  01FF64  0E04               	movlw	4
   310  01FF66                     u11:
   311  01FF66  C4DB F4E3          	movff	plusw2,plusw1
   312  01FF6A  06E8               	decf	wreg,f,c
   313  01FF6C  E2FC               	bc	u11
   314  01FF6E                     
   315                           ;user_app.c: 105:     static u8 n=0;;user_app.c: 106:     if(u16Count==500 && Toggle==0)
      +                          {
   316  01FF6E  0EF4               	movlw	244
   317  01FF70  1801               	xorwf	UserAppRun@u16Count^(0+1280),w,c
   318  01FF72  E108               	bnz	u21
   319  01FF74  0402               	decf	(UserAppRun@u16Count+1)^(0+1280),w,c
   320  01FF76  1003               	iorwf	(UserAppRun@u16Count+2)^(0+1280),w,c
   321  01FF78  1004               	iorwf	(UserAppRun@u16Count+3)^(0+1280),w,c
   322  01FF7A  A4D8               	btfss	status,2,c
   323  01FF7C  EFC2  F0FF         	goto	u21
   324  01FF80  EFC4  F0FF         	goto	u20
   325  01FF84                     u21:
   326  01FF84  EFFB  F0FF         	goto	l804
   327  01FF88                     u20:
   328  01FF88  5012               	movf	UserAppRun@Toggle^(0+1280),w,c
   329  01FF8A  A4D8               	btfss	status,2,c
   330  01FF8C  EFCA  F0FF         	goto	u31
   331  01FF90  EFCC  F0FF         	goto	u30
   332  01FF94                     u31:
   333  01FF94  EFFB  F0FF         	goto	l804
   334  01FF98                     u30:
   335  01FF98                     
   336                           ;user_app.c: 107:         if(n<5){
   337  01FF98  0E05               	movlw	5
   338  01FF9A  6011               	cpfslt	UserAppRun@n^(0+1280),c
   339  01FF9C  EFD2  F0FF         	goto	u41
   340  01FFA0  EFD4  F0FF         	goto	u40
   341  01FFA4                     u41:
   342  01FFA4  EFEA  F0FF         	goto	l798
   343  01FFA8                     u40:
   344  01FFA8                     
   345                           ;user_app.c: 108:                 u16Count=0;
   346  01FFA8  0E00               	movlw	0
   347  01FFAA  6E01               	movwf	UserAppRun@u16Count^(0+1280),c
   348  01FFAC  0E00               	movlw	0
   349  01FFAE  6E02               	movwf	(UserAppRun@u16Count+1)^(0+1280),c
   350  01FFB0  0E00               	movlw	0
   351  01FFB2  6E03               	movwf	(UserAppRun@u16Count+2)^(0+1280),c
   352  01FFB4  0E00               	movlw	0
   353  01FFB6  6E04               	movwf	(UserAppRun@u16Count+3)^(0+1280),c
   354  01FFB8                     
   355                           ;user_app.c: 109:                 LATA=au8Pattern[n]|0x80;
   356  01FFB8  0E19               	movlw	low UserAppRun@au8Pattern
   357  01FFBA  2411               	addwf	UserAppRun@n^(0+1280),w,c
   358  01FFBC  6ED9               	movwf	fsr2l,c
   359  01FFBE  6ADA               	clrf	fsr2h,c
   360  01FFC0  0E05               	movlw	high UserAppRun@au8Pattern
   361  01FFC2  22DA               	addwfc	fsr2h,f,c
   362  01FFC4  50DF               	movf	indf2,w,c
   363  01FFC6  0980               	iorlw	128
   364  01FFC8  6EBE               	movwf	190,c	;volatile
   365  01FFCA                     
   366                           ;user_app.c: 110:                 Toggle=1;
   367  01FFCA  0E01               	movlw	1
   368  01FFCC  6E12               	movwf	UserAppRun@Toggle^(0+1280),c
   369  01FFCE                     
   370                           ;user_app.c: 111:                 n+=1;
   371  01FFCE  2A11               	incf	UserAppRun@n^(0+1280),f,c
   372                           
   373                           ;user_app.c: 112:         }
   374  01FFD0  EFFD  F0FF         	goto	l95
   375  01FFD4                     l798:
   376                           
   377                           ;user_app.c: 114:             n=0;
   378  01FFD4  0E00               	movlw	0
   379  01FFD6  6E11               	movwf	UserAppRun@n^(0+1280),c
   380                           
   381                           ;user_app.c: 115:             u16Count=0;
   382  01FFD8  0E00               	movlw	0
   383  01FFDA  6E01               	movwf	UserAppRun@u16Count^(0+1280),c
   384  01FFDC  0E00               	movlw	0
   385  01FFDE  6E02               	movwf	(UserAppRun@u16Count+1)^(0+1280),c
   386  01FFE0  0E00               	movlw	0
   387  01FFE2  6E03               	movwf	(UserAppRun@u16Count+2)^(0+1280),c
   388  01FFE4  0E00               	movlw	0
   389  01FFE6  6E04               	movwf	(UserAppRun@u16Count+3)^(0+1280),c
   390  01FFE8                     
   391                           ;user_app.c: 116:             LATA=au8Pattern[n]|0x80;
   392  01FFE8  5019               	movf	UserAppRun@au8Pattern^(0+1280),w,c
   393  01FFEA  0980               	iorlw	128
   394  01FFEC  6EBE               	movwf	190,c	;volatile
   395  01FFEE                     
   396                           ;user_app.c: 117:             Toggle=1;
   397  01FFEE  0E01               	movlw	1
   398  01FFF0  6E12               	movwf	UserAppRun@Toggle^(0+1280),c
   399  01FFF2  EFFD  F0FF         	goto	l95
   400  01FFF6                     l804:
   401                           
   402                           ;user_app.c: 121:         Toggle=0;
   403  01FFF6  0E00               	movlw	0
   404  01FFF8  6E12               	movwf	UserAppRun@Toggle^(0+1280),c
   405  01FFFA                     l95:
   406  01FFFA  0012               	return		;funcret
   407  01FFFC                     __end_of_UserAppRun:
   408                           	callstack 0
   409                           
   410 ;; *************** function _UserAppInitialize *****************
   411 ;; Defined at:
   412 ;;		line 77 in file "user_app.c"
   413 ;; Parameters:    Size  Location     Type
   414 ;;		None
   415 ;; Auto vars:     Size  Location     Type
   416 ;;		None
   417 ;; Return value:  Size  Location     Type
   418 ;;                  1    wreg      void 
   419 ;; Registers used:
   420 ;;		wreg, status,2
   421 ;; Tracked objects:
   422 ;;		On entry : 0/0
   423 ;;		On exit  : 0/0
   424 ;;		Unchanged: 0/0
   425 ;; Data sizes:     COMRAM   BANK5   BANK6   BANK7   BANK8   BANK9  BANK10  BANK11  BANK12  BANK13  BANK14  BANK15  BANK1
      +6  BANK17  BANK18  BANK19  BANK20  BANK21  BANK22  BANK23  BANK24  BANK25  BANK26  BANK27  BANK28  BANK29  BANK30  BANK3
      +1  BANK32  BANK33  BANK34  BANK35  BANK36  BANK37
   426 ;;      Params:         0       0       0       0       0       0       0       0       0       0       0       0       
      +0       0       0       0       0       0       0       0       0       0       0       0       0       0       0       
      +0       0       0       0       0       0       0
   427 ;;      Locals:         0       0       0       0       0       0       0       0       0       0       0       0       
      +0       0       0       0       0       0       0       0       0       0       0       0       0       0       0       
      +0       0       0       0       0       0       0
   428 ;;      Temps:          0       0       0       0       0       0       0       0       0       0       0       0       
      +0       0       0       0       0       0       0       0       0       0       0       0       0       0       0       
      +0       0       0       0       0       0       0
   429 ;;      Totals:         0       0       0       0       0       0       0       0       0       0       0       0       
      +0       0       0       0       0       0       0       0       0       0       0       0       0       0       0       
      +0       0       0       0       0       0       0
   430 ;;Total ram usage:        0 bytes
   431 ;; Hardware stack levels used:    1
   432 ;; This function calls:
   433 ;;		Nothing
   434 ;; This function is called by:
   435 ;;		_main
   436 ;; This function uses a non-reentrant model
   437 ;;
   438                           
   439                           	psect	text2
   440  01FE6E                     __ptext2:
   441                           	callstack 0
   442  01FE6E                     _UserAppInitialize:
   443                           	callstack 127
   444  01FE6E                     
   445                           ;user_app.c: 79:     LATA=0x80;
   446  01FE6E  0E80               	movlw	128
   447  01FE70  6EBE               	movwf	190,c	;volatile
   448                           
   449                           ;user_app.c: 80:     T0CON0 = 0x90;
   450  01FE72  0E90               	movlw	144
   451  01FE74  0103               	movlb	3	; () banked
   452  01FE76  6F1A               	movwf	26,b	;volatile
   453                           
   454                           ;user_app.c: 81:     T0CON1 = 0x54;
   455  01FE78  0E54               	movlw	84
   456  01FE7A  6F1B               	movwf	27,b	;volatile
   457  01FE7C                     
   458                           ; BSR set to: 3
   459  01FE7C  0012               	return		;funcret
   460  01FE7E                     __end_of_UserAppInitialize:
   461                           	callstack 0
   462                           
   463 ;; *************** function _TimeXus *****************
   464 ;; Defined at:
   465 ;;		line 126 in file "user_app.c"
   466 ;; Parameters:    Size  Location     Type
   467 ;;  u16Time_dela    2    0[COMRAM] unsigned short 
   468 ;; Auto vars:     Size  Location     Type
   469 ;;		None
   470 ;; Return value:  Size  Location     Type
   471 ;;                  1    wreg      void 
   472 ;; Registers used:
   473 ;;		wreg, status,2, status,0
   474 ;; Tracked objects:
   475 ;;		On entry : 0/0
   476 ;;		On exit  : 0/0
   477 ;;		Unchanged: 0/0
   478 ;; Data sizes:     COMRAM   BANK5   BANK6   BANK7   BANK8   BANK9  BANK10  BANK11  BANK12  BANK13  BANK14  BANK15  BANK1
      +6  BANK17  BANK18  BANK19  BANK20  BANK21  BANK22  BANK23  BANK24  BANK25  BANK26  BANK27  BANK28  BANK29  BANK30  BANK3
      +1  BANK32  BANK33  BANK34  BANK35  BANK36  BANK37
   479 ;;      Params:         2       0       0       0       0       0       0       0       0       0       0       0       
      +0       0       0       0       0       0       0       0       0       0       0       0       0       0       0       
      +0       0       0       0       0       0       0
   480 ;;      Locals:         0       0       0       0       0       0       0       0       0       0       0       0       
      +0       0       0       0       0       0       0       0       0       0       0       0       0       0       0       
      +0       0       0       0       0       0       0
   481 ;;      Temps:          2       0       0       0       0       0       0       0       0       0       0       0       
      +0       0       0       0       0       0       0       0       0       0       0       0       0       0       0       
      +0       0       0       0       0       0       0
   482 ;;      Totals:         4       0       0       0       0       0       0       0       0       0       0       0       
      +0       0       0       0       0       0       0       0       0       0       0       0       0       0       0       
      +0       0       0       0       0       0       0
   483 ;;Total ram usage:        4 bytes
   484 ;; Hardware stack levels used:    1
   485 ;; This function calls:
   486 ;;		Nothing
   487 ;; This function is called by:
   488 ;;		_main
   489 ;; This function uses a non-reentrant model
   490 ;;
   491                           
   492                           	psect	text3
   493  01FEBC                     __ptext3:
   494                           	callstack 0
   495  01FEBC                     _TimeXus:
   496                           	callstack 127
   497  01FEBC                     
   498                           ;user_app.c: 126: void TimeXus(u16 u16Time_delay);user_app.c: 127: {;user_app.c: 128:   
      +                            T0CON0 &= 0x7F;
   499  01FEBC  0103               	movlb	3	; () banked
   500  01FEBE  9F1A               	bcf	26,7,b	;volatile
   501  01FEC0                     
   502                           ; BSR set to: 3
   503                           ;user_app.c: 131:     TMR0H = (u8)((0xFFFF - u16Time_delay) >> 8);
   504  01FEC0  1C19               	comf	TimeXus@u16Time_delay^(0+1280),w,c
   505  01FEC2  6E1B               	movwf	??_TimeXus^(0+1280),c
   506  01FEC4  1C1A               	comf	(TimeXus@u16Time_delay+1)^(0+1280),w,c
   507  01FEC6  6E1C               	movwf	(??_TimeXus+1)^(0+1280),c
   508  01FEC8  C51C  F51B         	movff	??_TimeXus+1,??_TimeXus
   509  01FECC  6A1C               	clrf	(??_TimeXus+1)^(0+1280),c
   510  01FECE  501B               	movf	??_TimeXus^(0+1280),w,c
   511  01FED0  6F19               	movwf	25,b	;volatile
   512  01FED2                     
   513                           ; BSR set to: 3
   514                           ;user_app.c: 132:     TMR0L = (u8)((0xFFFF - u16Time_delay) & 0x00FF);
   515  01FED2  5019               	movf	TimeXus@u16Time_delay^(0+1280),w,c
   516  01FED4  0AFF               	xorlw	255
   517  01FED6  6F18               	movwf	24,b	;volatile
   518                           
   519                           ;user_app.c: 135:     PIR3 &= 0x7F;
   520  01FED8  9EB1               	bcf	177,7,c	;volatile
   521                           
   522                           ;user_app.c: 136:     T0CON0 |= 0x80;
   523  01FEDA  8F1A               	bsf	26,7,b	;volatile
   524  01FEDC                     
   525                           ; BSR set to: 3
   526  01FEDC  0012               	return		;funcret
   527  01FEDE                     __end_of_TimeXus:
   528                           	callstack 0
   529                           
   530 ;; *************** function _SystemSleep *****************
   531 ;; Defined at:
   532 ;;		line 136 in file "encm369_pic18.c"
   533 ;; Parameters:    Size  Location     Type
   534 ;;		None
   535 ;; Auto vars:     Size  Location     Type
   536 ;;		None
   537 ;; Return value:  Size  Location     Type
   538 ;;                  1    wreg      void 
   539 ;; Registers used:
   540 ;;		None
   541 ;; Tracked objects:
   542 ;;		On entry : 0/0
   543 ;;		On exit  : 0/0
   544 ;;		Unchanged: 0/0
   545 ;; Data sizes:     COMRAM   BANK5   BANK6   BANK7   BANK8   BANK9  BANK10  BANK11  BANK12  BANK13  BANK14  BANK15  BANK1
      +6  BANK17  BANK18  BANK19  BANK20  BANK21  BANK22  BANK23  BANK24  BANK25  BANK26  BANK27  BANK28  BANK29  BANK30  BANK3
      +1  BANK32  BANK33  BANK34  BANK35  BANK36  BANK37
   546 ;;      Params:         0       0       0       0       0       0       0       0       0       0       0       0       
      +0       0       0       0       0       0       0       0       0       0       0       0       0       0       0       
      +0       0       0       0       0       0       0
   547 ;;      Locals:         0       0       0       0       0       0       0       0       0       0       0       0       
      +0       0       0       0       0       0       0       0       0       0       0       0       0       0       0       
      +0       0       0       0       0       0       0
   548 ;;      Temps:          0       0       0       0       0       0       0       0       0       0       0       0       
      +0       0       0       0       0       0       0       0       0       0       0       0       0       0       0       
      +0       0       0       0       0       0       0
   549 ;;      Totals:         0       0       0       0       0       0       0       0       0       0       0       0       
      +0       0       0       0       0       0       0       0       0       0       0       0       0       0       0       
      +0       0       0       0       0       0       0
   550 ;;Total ram usage:        0 bytes
   551 ;; Hardware stack levels used:    1
   552 ;; This function calls:
   553 ;;		Nothing
   554 ;; This function is called by:
   555 ;;		_main
   556 ;; This function uses a non-reentrant model
   557 ;;
   558                           
   559                           	psect	text4
   560  01FE66                     __ptext4:
   561                           	callstack 0
   562  01FE66                     _SystemSleep:
   563                           	callstack 127
   564  01FE66  0012               	return		;funcret
   565  01FE68                     __end_of_SystemSleep:
   566                           	callstack 0
   567                           
   568 ;; *************** function _SysTickSetup *****************
   569 ;; Defined at:
   570 ;;		line 114 in file "encm369_pic18.c"
   571 ;; Parameters:    Size  Location     Type
   572 ;;		None
   573 ;; Auto vars:     Size  Location     Type
   574 ;;		None
   575 ;; Return value:  Size  Location     Type
   576 ;;                  1    wreg      void 
   577 ;; Registers used:
   578 ;;		wreg, status,2
   579 ;; Tracked objects:
   580 ;;		On entry : 0/0
   581 ;;		On exit  : 0/0
   582 ;;		Unchanged: 0/0
   583 ;; Data sizes:     COMRAM   BANK5   BANK6   BANK7   BANK8   BANK9  BANK10  BANK11  BANK12  BANK13  BANK14  BANK15  BANK1
      +6  BANK17  BANK18  BANK19  BANK20  BANK21  BANK22  BANK23  BANK24  BANK25  BANK26  BANK27  BANK28  BANK29  BANK30  BANK3
      +1  BANK32  BANK33  BANK34  BANK35  BANK36  BANK37
   584 ;;      Params:         0       0       0       0       0       0       0       0       0       0       0       0       
      +0       0       0       0       0       0       0       0       0       0       0       0       0       0       0       
      +0       0       0       0       0       0       0
   585 ;;      Locals:         0       0       0       0       0       0       0       0       0       0       0       0       
      +0       0       0       0       0       0       0       0       0       0       0       0       0       0       0       
      +0       0       0       0       0       0       0
   586 ;;      Temps:          0       0       0       0       0       0       0       0       0       0       0       0       
      +0       0       0       0       0       0       0       0       0       0       0       0       0       0       0       
      +0       0       0       0       0       0       0
   587 ;;      Totals:         0       0       0       0       0       0       0       0       0       0       0       0       
      +0       0       0       0       0       0       0       0       0       0       0       0       0       0       0       
      +0       0       0       0       0       0       0
   588 ;;Total ram usage:        0 bytes
   589 ;; Hardware stack levels used:    1
   590 ;; This function calls:
   591 ;;		Nothing
   592 ;; This function is called by:
   593 ;;		_main
   594 ;; This function uses a non-reentrant model
   595 ;;
   596                           
   597                           	psect	text5
   598  01FE9A                     __ptext5:
   599                           	callstack 0
   600  01FE9A                     _SysTickSetup:
   601                           	callstack 127
   602  01FE9A                     
   603                           ;encm369_pic18.c: 116:   G_u32SystemTime1ms = 0;
   604  01FE9A  0E00               	movlw	0
   605  01FE9C  6E0D               	movwf	_G_u32SystemTime1ms^(0+1280),c	;volatile
   606  01FE9E  0E00               	movlw	0
   607  01FEA0  6E0E               	movwf	(_G_u32SystemTime1ms+1)^(0+1280),c	;volatile
   608  01FEA2  0E00               	movlw	0
   609  01FEA4  6E0F               	movwf	(_G_u32SystemTime1ms+2)^(0+1280),c	;volatile
   610  01FEA6  0E00               	movlw	0
   611  01FEA8  6E10               	movwf	(_G_u32SystemTime1ms+3)^(0+1280),c	;volatile
   612                           
   613                           ;encm369_pic18.c: 117:   G_u32SystemTime1s = 0;
   614  01FEAA  0E00               	movlw	0
   615  01FEAC  6E09               	movwf	_G_u32SystemTime1s^(0+1280),c	;volatile
   616  01FEAE  0E00               	movlw	0
   617  01FEB0  6E0A               	movwf	(_G_u32SystemTime1s+1)^(0+1280),c	;volatile
   618  01FEB2  0E00               	movlw	0
   619  01FEB4  6E0B               	movwf	(_G_u32SystemTime1s+2)^(0+1280),c	;volatile
   620  01FEB6  0E00               	movlw	0
   621  01FEB8  6E0C               	movwf	(_G_u32SystemTime1s+3)^(0+1280),c	;volatile
   622  01FEBA  0012               	return		;funcret
   623  01FEBC                     __end_of_SysTickSetup:
   624                           	callstack 0
   625                           
   626 ;; *************** function _GpioSetup *****************
   627 ;; Defined at:
   628 ;;		line 89 in file "encm369_pic18.c"
   629 ;; Parameters:    Size  Location     Type
   630 ;;		None
   631 ;; Auto vars:     Size  Location     Type
   632 ;;		None
   633 ;; Return value:  Size  Location     Type
   634 ;;                  1    wreg      void 
   635 ;; Registers used:
   636 ;;		wreg, status,2
   637 ;; Tracked objects:
   638 ;;		On entry : 0/0
   639 ;;		On exit  : 0/0
   640 ;;		Unchanged: 0/0
   641 ;; Data sizes:     COMRAM   BANK5   BANK6   BANK7   BANK8   BANK9  BANK10  BANK11  BANK12  BANK13  BANK14  BANK15  BANK1
      +6  BANK17  BANK18  BANK19  BANK20  BANK21  BANK22  BANK23  BANK24  BANK25  BANK26  BANK27  BANK28  BANK29  BANK30  BANK3
      +1  BANK32  BANK33  BANK34  BANK35  BANK36  BANK37
   642 ;;      Params:         0       0       0       0       0       0       0       0       0       0       0       0       
      +0       0       0       0       0       0       0       0       0       0       0       0       0       0       0       
      +0       0       0       0       0       0       0
   643 ;;      Locals:         0       0       0       0       0       0       0       0       0       0       0       0       
      +0       0       0       0       0       0       0       0       0       0       0       0       0       0       0       
      +0       0       0       0       0       0       0
   644 ;;      Temps:          0       0       0       0       0       0       0       0       0       0       0       0       
      +0       0       0       0       0       0       0       0       0       0       0       0       0       0       0       
      +0       0       0       0       0       0       0
   645 ;;      Totals:         0       0       0       0       0       0       0       0       0       0       0       0       
      +0       0       0       0       0       0       0       0       0       0       0       0       0       0       0       
      +0       0       0       0       0       0       0
   646 ;;Total ram usage:        0 bytes
   647 ;; Hardware stack levels used:    1
   648 ;; This function calls:
   649 ;;		Nothing
   650 ;; This function is called by:
   651 ;;		_main
   652 ;; This function uses a non-reentrant model
   653 ;;
   654                           
   655                           	psect	text6
   656  01FE7E                     __ptext6:
   657                           	callstack 0
   658  01FE7E                     _GpioSetup:
   659                           	callstack 127
   660  01FE7E                     
   661                           ;encm369_pic18.c: 91:     PORTA=0x80;
   662  01FE7E  0E80               	movlw	128
   663  01FE80  6ECE               	movwf	206,c	;volatile
   664                           
   665                           ;encm369_pic18.c: 92:     TRISA=0x00;
   666  01FE82  0E00               	movlw	0
   667  01FE84  6EC6               	movwf	198,c	;volatile
   668                           
   669                           ;encm369_pic18.c: 93:     ANSELA=0x00;
   670  01FE86  0E00               	movlw	0
   671  01FE88  0104               	movlb	4	; () banked
   672  01FE8A  6F00               	movwf	0,b	;volatile
   673                           
   674                           ;encm369_pic18.c: 95:     PORTB= 0x00;
   675  01FE8C  0E00               	movlw	0
   676  01FE8E  6ECF               	movwf	207,c	;volatile
   677                           
   678                           ;encm369_pic18.c: 96:     ANSELB= 0x00;
   679  01FE90  0E00               	movlw	0
   680  01FE92  6F08               	movwf	8,b	;volatile
   681                           
   682                           ;encm369_pic18.c: 97:     TRISB= 0x30;
   683  01FE94  0E30               	movlw	48
   684  01FE96  6EC7               	movwf	199,c	;volatile
   685  01FE98                     
   686                           ; BSR set to: 4
   687  01FE98  0012               	return		;funcret
   688  01FE9A                     __end_of_GpioSetup:
   689                           	callstack 0
   690                           
   691 ;; *************** function _ClockSetup *****************
   692 ;; Defined at:
   693 ;;		line 70 in file "encm369_pic18.c"
   694 ;; Parameters:    Size  Location     Type
   695 ;;		None
   696 ;; Auto vars:     Size  Location     Type
   697 ;;		None
   698 ;; Return value:  Size  Location     Type
   699 ;;                  1    wreg      void 
   700 ;; Registers used:
   701 ;;		None
   702 ;; Tracked objects:
   703 ;;		On entry : 0/0
   704 ;;		On exit  : 0/0
   705 ;;		Unchanged: 0/0
   706 ;; Data sizes:     COMRAM   BANK5   BANK6   BANK7   BANK8   BANK9  BANK10  BANK11  BANK12  BANK13  BANK14  BANK15  BANK1
      +6  BANK17  BANK18  BANK19  BANK20  BANK21  BANK22  BANK23  BANK24  BANK25  BANK26  BANK27  BANK28  BANK29  BANK30  BANK3
      +1  BANK32  BANK33  BANK34  BANK35  BANK36  BANK37
   707 ;;      Params:         0       0       0       0       0       0       0       0       0       0       0       0       
      +0       0       0       0       0       0       0       0       0       0       0       0       0       0       0       
      +0       0       0       0       0       0       0
   708 ;;      Locals:         0       0       0       0       0       0       0       0       0       0       0       0       
      +0       0       0       0       0       0       0       0       0       0       0       0       0       0       0       
      +0       0       0       0       0       0       0
   709 ;;      Temps:          0       0       0       0       0       0       0       0       0       0       0       0       
      +0       0       0       0       0       0       0       0       0       0       0       0       0       0       0       
      +0       0       0       0       0       0       0
   710 ;;      Totals:         0       0       0       0       0       0       0       0       0       0       0       0       
      +0       0       0       0       0       0       0       0       0       0       0       0       0       0       0       
      +0       0       0       0       0       0       0
   711 ;;Total ram usage:        0 bytes
   712 ;; Hardware stack levels used:    1
   713 ;; This function calls:
   714 ;;		Nothing
   715 ;; This function is called by:
   716 ;;		_main
   717 ;; This function uses a non-reentrant model
   718 ;;
   719                           
   720                           	psect	text7
   721  01FE64                     __ptext7:
   722                           	callstack 0
   723  01FE64                     _ClockSetup:
   724                           	callstack 127
   725  01FE64  0012               	return		;funcret
   726  01FE66                     __end_of_ClockSetup:
   727                           	callstack 0
   728  0000                     
   729                           	psect	rparam
   730  0000                     
   731                           	psect	idloc
   732                           
   733                           ;Config register IDLOC0 @ 0x200000
   734                           ;	unspecified, using default values
   735  200000                     	org	2097152
   736  200000  0FFF               	dw	4095
   737                           
   738                           ;Config register IDLOC1 @ 0x200002
   739                           ;	unspecified, using default values
   740  200002                     	org	2097154
   741  200002  0FFF               	dw	4095
   742                           
   743                           ;Config register IDLOC2 @ 0x200004
   744                           ;	unspecified, using default values
   745  200004                     	org	2097156
   746  200004  0FFF               	dw	4095
   747                           
   748                           ;Config register IDLOC3 @ 0x200006
   749                           ;	unspecified, using default values
   750  200006                     	org	2097158
   751  200006  0FFF               	dw	4095
   752                           
   753                           ;Config register IDLOC4 @ 0x200008
   754                           ;	unspecified, using default values
   755  200008                     	org	2097160
   756  200008  0FFF               	dw	4095
   757                           
   758                           ;Config register IDLOC5 @ 0x20000A
   759                           ;	unspecified, using default values
   760  20000A                     	org	2097162
   761  20000A  0FFF               	dw	4095
   762                           
   763                           ;Config register IDLOC6 @ 0x20000C
   764                           ;	unspecified, using default values
   765  20000C                     	org	2097164
   766  20000C  0FFF               	dw	4095
   767                           
   768                           ;Config register IDLOC7 @ 0x20000E
   769                           ;	unspecified, using default values
   770  20000E                     	org	2097166
   771  20000E  0FFF               	dw	4095
   772                           
   773                           ;Config register IDLOC8 @ 0x200010
   774                           ;	unspecified, using default values
   775  200010                     	org	2097168
   776  200010  0FFF               	dw	4095
   777                           
   778                           ;Config register IDLOC9 @ 0x200012
   779                           ;	unspecified, using default values
   780  200012                     	org	2097170
   781  200012  0FFF               	dw	4095
   782                           
   783                           ;Config register IDLOC10 @ 0x200014
   784                           ;	unspecified, using default values
   785  200014                     	org	2097172
   786  200014  0FFF               	dw	4095
   787                           
   788                           ;Config register IDLOC11 @ 0x200016
   789                           ;	unspecified, using default values
   790  200016                     	org	2097174
   791  200016  0FFF               	dw	4095
   792                           
   793                           ;Config register IDLOC12 @ 0x200018
   794                           ;	unspecified, using default values
   795  200018                     	org	2097176
   796  200018  0FFF               	dw	4095
   797                           
   798                           ;Config register IDLOC13 @ 0x20001A
   799                           ;	unspecified, using default values
   800  20001A                     	org	2097178
   801  20001A  0FFF               	dw	4095
   802                           
   803                           ;Config register IDLOC14 @ 0x20001C
   804                           ;	unspecified, using default values
   805  20001C                     	org	2097180
   806  20001C  0FFF               	dw	4095
   807                           
   808                           ;Config register IDLOC15 @ 0x20001E
   809                           ;	unspecified, using default values
   810  20001E                     	org	2097182
   811  20001E  0FFF               	dw	4095
   812                           
   813                           	psect	config
   814                           
   815                           ;Config register CONFIG1 @ 0x300000
   816                           ;	External Oscillator Selection
   817                           ;	FEXTOSC = OFF, Oscillator not enabled
   818                           ;	Reset Oscillator Selection
   819                           ;	RSTOSC = HFINTOSC_64MHZ, HFINTOSC with HFFRQ = 64 MHz and CDIV = 1:1
   820  300000                     	org	3145728
   821  300000  8C                 	db	140
   822                           
   823                           ;Config register CONFIG2 @ 0x300001
   824                           ;	Clock out Enable bit
   825                           ;	CLKOUTEN = ON, CLKOUT function is enabled
   826                           ;	PRLOCKED One-Way Set Enable bit
   827                           ;	PR1WAY = ON, PRLOCKED bit can be cleared and set only once
   828                           ;	Clock Switch Enable bit
   829                           ;	CSWEN = ON, Writing to NOSC and NDIV is allowed
   830                           ;	Fail-Safe Clock Monitor Enable bit
   831                           ;	FCMEN = ON, Fail-Safe Clock Monitor enabled
   832  300001                     	org	3145729
   833  300001  FE                 	db	254
   834                           
   835                           ;Config register CONFIG3 @ 0x300002
   836                           ;	MCLR Enable bit
   837                           ;	MCLRE = EXTMCLR, If LVP = 0, MCLR pin is MCLR; If LVP = 1, RE3 pin function is MCLR
   838                           ;	Power-up timer selection bits
   839                           ;	PWRTS = PWRT_OFF, PWRT is disabled
   840                           ;	Multi-vector enable bit
   841                           ;	MVECEN = ON, Multi-vector enabled, Vector table used for interrupts
   842                           ;	IVTLOCK bit One-way set enable bit
   843                           ;	IVT1WAY = ON, IVTLOCKED bit can be cleared and set only once
   844                           ;	Low Power BOR Enable bit
   845                           ;	LPBOREN = OFF, Low-Power BOR disabled
   846                           ;	Brown-out Reset Enable bits
   847                           ;	BOREN = SBORDIS, Brown-out Reset enabled , SBOREN bit is ignored
   848  300002                     	org	3145730
   849  300002  FF                 	db	255
   850                           
   851                           ;Config register CONFIG4 @ 0x300003
   852                           ;	Brown-out Reset Voltage Selection bits
   853                           ;	BORV = VBOR_2P85, Brown-out Reset Voltage (VBOR) set to 2.8V
   854                           ;	ZCD Disable bit
   855                           ;	ZCD = OFF, ZCD module is disabled. ZCD can be enabled by setting the ZCDSEN bit of ZCD
      +                          CON
   856                           ;	PPSLOCK bit One-Way Set Enable bit
   857                           ;	PPS1WAY = ON, PPSLOCKED bit can be cleared and set only once; PPS registers remain loc
      +                          ked after one clear/set cycle
   858                           ;	Stack Full/Underflow Reset Enable bit
   859                           ;	STVREN = ON, Stack full/underflow will cause Reset
   860                           ;	Low Voltage Programming Enable bit
   861                           ;	LVP = ON, Low voltage programming enabled. MCLR/VPP pin function is MCLR. MCLRE config
      +                          uration bit is ignored
   862                           ;	Extended Instruction Set Enable bit
   863                           ;	XINST = OFF, Extended Instruction Set and Indexed Addressing Mode disabled
   864  300003                     	org	3145731
   865  300003  FC                 	db	252
   866                           
   867                           ;Config register CONFIG5 @ 0x300004
   868                           ;	WDT Period selection bits
   869                           ;	WDTCPS = WDTCPS_31, Divider ratio 1:65536; software control of WDTPS
   870                           ;	WDT operating mode
   871                           ;	WDTE = OFF, WDT Disabled; SWDTEN is ignored
   872  300004                     	org	3145732
   873  300004  9F                 	db	159
   874                           
   875                           ;Config register CONFIG6 @ 0x300005
   876                           ;	WDT Window Select bits
   877                           ;	WDTCWS = WDTCWS_7, window always open (100%); software control; keyed access not requi
      +                          red
   878                           ;	WDT input clock selector
   879                           ;	WDTCCS = SC, Software Control
   880  300005                     	org	3145733
   881  300005  FF                 	db	255
   882                           
   883                           ;Config register CONFIG7 @ 0x300006
   884                           ;	Boot Block Size selection bits
   885                           ;	BBSIZE = BBSIZE_512, Boot Block size is 512 words
   886                           ;	Boot Block enable bit
   887                           ;	BBEN = OFF, Boot block disabled
   888                           ;	Storage Area Flash enable bit
   889                           ;	SAFEN = OFF, SAF disabled
   890                           ;	Background Debugger
   891                           ;	DEBUG = OFF, Background Debugger disabled
   892  300006                     	org	3145734
   893  300006  FF                 	db	255
   894                           
   895                           ;Config register CONFIG8 @ 0x300007
   896                           ;	Boot Block Write Protection bit
   897                           ;	WRTB = OFF, Boot Block not Write protected
   898                           ;	Configuration Register Write Protection bit
   899                           ;	WRTC = OFF, Configuration registers not Write protected
   900                           ;	Data EEPROM Write Protection bit
   901                           ;	WRTD = OFF, Data EEPROM not Write protected
   902                           ;	SAF Write protection bit
   903                           ;	WRTSAF = OFF, SAF not Write Protected
   904                           ;	Application Block write protection bit
   905                           ;	WRTAPP = OFF, Application Block not write protected
   906  300007                     	org	3145735
   907  300007  FF                 	db	255
   908                           
   909                           ; Padding undefined space
   910  300008                     	org	3145736
   911  300008  FF                 	db	255
   912                           
   913                           ;Config register CONFIG10 @ 0x300009
   914                           ;	PFM and Data EEPROM Code Protection bit
   915                           ;	CP = OFF, PFM and Data EEPROM code protection disabled
   916  300009                     	org	3145737
   917  300009  FF                 	db	255
   918                           tosu	equ	0x4FF
   919                           tosh	equ	0x4FE
   920                           tosl	equ	0x4FD
   921                           stkptr	equ	0x4FC
   922                           pclatu	equ	0x4FB
   923                           pclath	equ	0x4FA
   924                           pcl	equ	0x4F9
   925                           tblptru	equ	0x4F8
   926                           tblptrh	equ	0x4F7
   927                           tblptrl	equ	0x4F6
   928                           tablat	equ	0x4F5
   929                           prodh	equ	0x4F4
   930                           prodl	equ	0x4F3
   931                           indf0	equ	0x4EF
   932                           postinc0	equ	0x4EE
   933                           postdec0	equ	0x4ED
   934                           preinc0	equ	0x4EC
   935                           plusw0	equ	0x4EB
   936                           fsr0h	equ	0x4EA
   937                           fsr0l	equ	0x4E9
   938                           wreg	equ	0x4E8
   939                           indf1	equ	0x4E7
   940                           postinc1	equ	0x4E6
   941                           postdec1	equ	0x4E5
   942                           preinc1	equ	0x4E4
   943                           plusw1	equ	0x4E3
   944                           fsr1h	equ	0x4E2
   945                           fsr1l	equ	0x4E1
   946                           bsr	equ	0x4E0
   947                           indf2	equ	0x4DF
   948                           postinc2	equ	0x4DE
   949                           postdec2	equ	0x4DD
   950                           preinc2	equ	0x4DC
   951                           plusw2	equ	0x4DB
   952                           fsr2h	equ	0x4DA
   953                           fsr2l	equ	0x4D9
   954                           status	equ	0x4D8

Data Sizes:
    Strings     0
    Constant    0
    Data        5
    BSS         19
    Persistent  0
    Stack       0

Auto Spaces:
    Space          Size  Autos    Used
    COMRAM           95      5      29
    BANK5           160      0       0
    BANK6           256      0       0
    BANK7           256      0       0
    BANK8           256      0       0
    BANK9           256      0       0
    BANK10          256      0       0
    BANK11          256      0       0
    BANK12          256      0       0
    BANK13          256      0       0
    BANK14          256      0       0
    BANK15          256      0       0
    BANK16          256      0       0
    BANK17          256      0       0
    BANK18          256      0       0
    BANK19          256      0       0
    BANK20          256      0       0
    BANK21          256      0       0
    BANK22          256      0       0
    BANK23          256      0       0
    BANK24          256      0       0
    BANK25          256      0       0
    BANK26          256      0       0
    BANK27          256      0       0
    BANK28          256      0       0
    BANK29          256      0       0
    BANK30          256      0       0
    BANK31          256      0       0
    BANK32          256      0       0
    BANK33          256      0       0
    BANK34          256      0       0
    BANK35          256      0       0
    BANK36          256      0       0
    BANK37          256      0       0

Pointer List with Targets:

    None.

Critical Paths under _main in COMRAM

    _main->_UserAppRun

Critical Paths under _main in BANK5

    None.

Critical Paths under _main in BANK6

    None.

Critical Paths under _main in BANK7

    None.

Critical Paths under _main in BANK8

    None.

Critical Paths under _main in BANK9

    None.

Critical Paths under _main in BANK10

    None.

Critical Paths under _main in BANK11

    None.

Critical Paths under _main in BANK12

    None.

Critical Paths under _main in BANK13

    None.

Critical Paths under _main in BANK14

    None.

Critical Paths under _main in BANK15

    None.

Critical Paths under _main in BANK16

    None.

Critical Paths under _main in BANK17

    None.

Critical Paths under _main in BANK18

    None.

Critical Paths under _main in BANK19

    None.

Critical Paths under _main in BANK20

    None.

Critical Paths under _main in BANK21

    None.

Critical Paths under _main in BANK22

    None.

Critical Paths under _main in BANK23

    None.

Critical Paths under _main in BANK24

    None.

Critical Paths under _main in BANK25

    None.

Critical Paths under _main in BANK26

    None.

Critical Paths under _main in BANK27

    None.

Critical Paths under _main in BANK28

    None.

Critical Paths under _main in BANK29

    None.

Critical Paths under _main in BANK30

    None.

Critical Paths under _main in BANK31

    None.

Critical Paths under _main in BANK32

    None.

Critical Paths under _main in BANK33

    None.

Critical Paths under _main in BANK34

    None.

Critical Paths under _main in BANK35

    None.

Critical Paths under _main in BANK36

    None.

Critical Paths under _main in BANK37

    None.

Call Graph Tables:

 ---------------------------------------------------------------------------------
 (Depth) Function   	        Calls       Base Space   Used Autos Params    Refs
 ---------------------------------------------------------------------------------
 (0) _main                                                 0     0      0     150
                         _ClockSetup
                          _GpioSetup
                       _SysTickSetup
                        _SystemSleep
                            _TimeXus
                  _UserAppInitialize
                         _UserAppRun
 ---------------------------------------------------------------------------------
 (1) _UserAppRun                                           5     5      0      30
                                              0 COMRAM     5     5      0
 ---------------------------------------------------------------------------------
 (1) _UserAppInitialize                                    0     0      0       0
 ---------------------------------------------------------------------------------
 (1) _TimeXus                                              4     2      2     120
                                              0 COMRAM     4     2      2
 ---------------------------------------------------------------------------------
 (1) _SystemSleep                                          0     0      0       0
 ---------------------------------------------------------------------------------
 (1) _SysTickSetup                                         0     0      0       0
 ---------------------------------------------------------------------------------
 (1) _GpioSetup                                            0     0      0       0
 ---------------------------------------------------------------------------------
 (1) _ClockSetup                                           0     0      0       0
 ---------------------------------------------------------------------------------
 Estimated maximum stack depth 1
 ---------------------------------------------------------------------------------

 Call Graph Graphs:

 _main (ROOT)
   _ClockSetup
   _GpioSetup
   _SysTickSetup
   _SystemSleep
   _TimeXus
   _UserAppInitialize
   _UserAppRun

 Address spaces:
Name               Size   Autos  Total    Cost      Usage
BIGRAM            20FF      0       0      71        0.0%
EEDATA             400      0       0       0        0.0%
BITBANK37          100      0       0      70        0.0%
BANK37             100      0       0      68        0.0%
BITBANK36          100      0       0      66        0.0%
BANK36             100      0       0      67        0.0%
BITBANK35          100      0       0      64        0.0%
BANK35             100      0       0      65        0.0%
BITBANK34          100      0       0      62        0.0%
BANK34             100      0       0      63        0.0%
BITBANK33          100      0       0      60        0.0%
BANK33             100      0       0      61        0.0%
BITBANK32          100      0       0      58        0.0%
BANK32             100      0       0      59        0.0%
BITBANK31          100      0       0      56        0.0%
BANK31             100      0       0      57        0.0%
BITBANK30          100      0       0      54        0.0%
BANK30             100      0       0      55        0.0%
BITBANK29          100      0       0      52        0.0%
BANK29             100      0       0      53        0.0%
BITBANK28          100      0       0      50        0.0%
BANK28             100      0       0      51        0.0%
BITBANK27          100      0       0      48        0.0%
BANK27             100      0       0      49        0.0%
BITBANK26          100      0       0      46        0.0%
BANK26             100      0       0      47        0.0%
BITBANK25          100      0       0      44        0.0%
BANK25             100      0       0      45        0.0%
BITBANK24          100      0       0      42        0.0%
BANK24             100      0       0      43        0.0%
BITBANK23          100      0       0      40        0.0%
BANK23             100      0       0      41        0.0%
BITBANK22          100      0       0      38        0.0%
BANK22             100      0       0      39        0.0%
BITBANK21          100      0       0      36        0.0%
BANK21             100      0       0      37        0.0%
BITBANK20          100      0       0      34        0.0%
BANK20             100      0       0      35        0.0%
BITBANK19          100      0       0      32        0.0%
BANK19             100      0       0      33        0.0%
BITBANK18          100      0       0      30        0.0%
BANK18             100      0       0      31        0.0%
BITBANK17          100      0       0      28        0.0%
BANK17             100      0       0      29        0.0%
BITBANK16          100      0       0      26        0.0%
BANK16             100      0       0      27        0.0%
BITBANK15          100      0       0      24        0.0%
BANK15             100      0       0      25        0.0%
BITBANK14          100      0       0      22        0.0%
BANK14             100      0       0      23        0.0%
BITBANK13          100      0       0      20        0.0%
BANK13             100      0       0      21        0.0%
BITBANK12          100      0       0      18        0.0%
BANK12             100      0       0      19        0.0%
BITBANK11          100      0       0      16        0.0%
BANK11             100      0       0      17        0.0%
BITBANK10          100      0       0      14        0.0%
BANK10             100      0       0      15        0.0%
BITBANK9           100      0       0      12        0.0%
BANK9              100      0       0      13        0.0%
BITBANK8           100      0       0      10        0.0%
BANK8              100      0       0      11        0.0%
BITBANK7           100      0       0       8        0.0%
BANK7              100      0       0       9        0.0%
BITBANK6           100      0       0       6        0.0%
BANK6              100      0       0       7        0.0%
BITBANK5            A0      0       0       4        0.0%
BANK5               A0      0       0       5        0.0%
BITCOMRAM           5F      0       0       0        0.0%
COMRAM              5F      5      1D       1       30.5%
BITSFR_5             0      0       0     200        0.0%
SFR_5                0      0       0     200        0.0%
BITSFR_4             0      0       0     200        0.0%
SFR_4                0      0       0     200        0.0%
BITSFR_3             0      0       0     200        0.0%
SFR_3                0      0       0     200        0.0%
BITSFR_2             0      0       0     200        0.0%
SFR_2                0      0       0     200        0.0%
BITSFR_1             0      0       0     200        0.0%
SFR_1                0      0       0     200        0.0%
BITSFR               0      0       0     200        0.0%
SFR                  0      0       0     200        0.0%
STACK                0      0       0       2        0.0%
NULL                 0      0       0       0        0.0%
ABS                  0      0      1D      69        0.0%
DATA                 0      0      1D       3        0.0%
CODE                 0      0       0       0        0.0%


Microchip Technology PIC18 Macro Assembler V2.31 build 20201012212115 
Symbol Table                                                                                   Sat Mar 06 21:33:10 2021

     __size_of_SysTickSetup 0022                          l22 FE98                          l25 FEBA  
                        l19 FE64                          l28 FE66                          l80 FE7C  
                        l58 FF38                          l95 FFFA                          l98 FEDC  
                        u11 FF66                          u20 FF88                          u21 FF84  
                        u30 FF98                          u31 FF94                          u40 FFA8  
                        u41 FFA4                          u60 FF46                          u61 FF42  
                       l800 FFE8                         l802 FFEE                         l804 FFF6  
                       l832 FE9A                         l840 FF10                         l834 FEBC  
                       l850 FF22                         l842 FF12                         l836 FEC0  
                       l780 FF50                         l852 FF26                         l844 FF16  
                       l774 FE7E                         l838 FED2                         l790 FFA8  
                       l782 FF5C                         l854 FF28                         l846 FF1A  
                       l792 FFB8                         l784 FF6E                         l856 FF2C  
                       l848 FF1E                         l778 FE6E                         l794 FFCA  
                       l786 FF88                         l858 FF46                         l796 FFCE  
                       l788 FF98                         l798 FFD4                         wreg 0004E8  
                      _LATA 0004BE                        _PIR3 0004B1                        _main FF10  
              _SysTickSetup FE9A                        indf2 0004DF                        fsr1l 0004E1  
                      fsr2l 0004D9                        start FFFC        __size_of_SystemSleep 0002  
              ___param_bank 000000                  _ClockSetup FE64             __end_of_TimeXus FEDE  
                     ?_main 0519                       _TMR0H 000319                       _TMR0L 000318  
                     _PORTA 0004CE                       _PORTB 0004CF                       _TRISA 0004C6  
                     _TRISB 0004C7                       tablat 0004F5                       plusw1 0004E3  
                     plusw2 0004DB                       status 0004D8             __initialization FEDE  
              __end_of_main FF50                      ??_main 051E               __activetblptr 000000  
                    _ANSELA 000400                      _ANSELB 000408                      _T0CON0 00031A  
                    _T0CON1 00031B          __size_of_GpioSetup 001C                   ??_TimeXus 051B  
               ?_ClockSetup 0519                      clear_0 FF04                __pdataCOMRAM 0514  
                    tblptrh 0004F7                      tblptrl 0004F6                      tblptru 0004F8  
                _UserAppRun FF50                  __accesstop 0560     __end_of__initialization FF0A  
             ___rparam_used 000001            _G_u8UserAppFlags 0513              __pcstackCOMRAM 0519  
         __end_of_GpioSetup FE9A         __size_of_ClockSetup 0002                 ?_UserAppRun 0519  
        UserAppRun@u16Count 0501               ??_SystemSleep 0519                     __Hparam 0000  
                   __Lparam 0000                     _TimeXus FEBC                     __pcinit FEDE  
                   __ramtop 2600                     __ptext0 FF10                     __ptext1 FF50  
                   __ptext2 FE6E                     __ptext3 FEBC                     __ptext4 FE66  
                   __ptext5 FE9A                     __ptext6 FE7E                     __ptext7 FE64  
      end_of_initialization FF0A            _G_u32SystemFlags 0505                     postdec1 0004E5  
                   postinc0 0004EE         __end_of_SystemSleep FE68                ??_ClockSetup 0519  
       __size_of_UserAppRun 00AC          __end_of_ClockSetup FE66                 UserAppRun@n 0511  
             __pidataCOMRAM FE69                   _GpioSetup FE7E         start_initialization FEDE  
             ?_SysTickSetup 0519                 _SystemSleep FE66                  ?_GpioSetup 0519  
               __pbssCOMRAM 0501           _UserAppInitialize FE6E                ??_UserAppRun 0519  
      UserAppRun@au8Pattern 0519          ?_UserAppInitialize 0519              ??_SysTickSetup 0519  
       ??_UserAppInitialize 0519                    ?_TimeXus 0519          __end_of_UserAppRun FFFC  
 __end_of_UserAppInitialize FE7E                 ??_GpioSetup 0519                   copy_data0 FEF2  
                  __Hrparam 0000                    __Lrparam 0000            __size_of_TimeXus 0022  
          UserAppRun@F15925 0514        __end_of_SysTickSetup FEBC  __size_of_UserAppInitialize 0010  
          UserAppRun@Toggle 0512               __size_of_main 0040                ?_SystemSleep 0519  
      TimeXus@u16Time_delay 0519          _G_u32SystemTime1ms 050D           _G_u32SystemTime1s 0509  
