

Microchip MPLAB XC8 Assembler V2.31 build 20201012212115 
                                                                                               Thu Mar 25 00:23:50 2021

Microchip MPLAB XC8 C Compiler v2.31 (Free license) build 20201012212115 Og1 
     1                           	processor	18F27Q43
     2                           	fnconf	rparam,??,?,0
     3                           	pagewidth 120
     4                           	opt	flic
     5                           	psect	idataBANK6,global,class=CODE,delta=1,noexec
     6                           	psect	cinit,global,reloc=2,class=CODE,delta=1
     7                           	psect	bssCOMRAM,global,class=COMRAM,space=1,delta=1,lowdata,noexec
     8                           	psect	dataBANK6,global,class=BANK6,space=1,delta=1,lowdata,noexec
     9                           	psect	cstackCOMRAM,global,class=COMRAM,space=1,delta=1,lowdata,noexec
    10                           	psect	text0,global,reloc=2,class=CODE,delta=1
    11                           	psect	text1,global,reloc=2,class=CODE,delta=1
    12                           	psect	text2,global,reloc=2,class=CODE,delta=1
    13                           	psect	text3,global,reloc=2,class=CODE,delta=1
    14                           	psect	text4,global,reloc=2,class=CODE,delta=1
    15                           	psect	text5,global,reloc=2,class=CODE,delta=1
    16                           	psect	text6,global,reloc=2,class=CODE,delta=1
    17                           	psect	text7,global,reloc=2,class=CODE,delta=1
    18                           	psect	intsave_regs,global,class=BIGRAM,space=1,delta=1,noexec
    19                           	psect	rparam,global,class=COMRAM,space=1,delta=1,noexec
    20                           	psect	idloc,global,abs,ovrld,class=IDLOC,space=5,delta=1,noexec
    21                           	psect	config,global,abs,ovrld,class=CONFIG,space=4,delta=1,noexec
    22  0000                     
    23                           ; Version 2.30
    24                           ; Generated 20/08/2020 GMT
    25                           ; 
    26                           ; Copyright © 2020, Microchip Technology Inc. and its subsidiaries ("Microchip")
    27                           ; All rights reserved.
    28                           ; 
    29                           ; This software is developed by Microchip Technology Inc. and its subsidiaries ("Microch
      +                          ip").
    30                           ; 
    31                           ; Redistribution and use in source and binary forms, with or without modification, are
    32                           ; permitted provided that the following conditions are met:
    33                           ; 
    34                           ;     1. Redistributions of source code must retain the above copyright notice, this lis
      +                          t of
    35                           ;        conditions and the following disclaimer.
    36                           ; 
    37                           ;     2. Redistributions in binary form must reproduce the above copyright notice, this 
      +                          list
    38                           ;        of conditions and the following disclaimer in the documentation and/or other
    39                           ;        materials provided with the distribution. Publication is not required when
    40                           ;        this file is used in an embedded application.
    41                           ; 
    42                           ;     3. Microchip's name may not be used to endorse or promote products derived from th
      +                          is
    43                           ;        software without specific prior written permission.
    44                           ; 
    45                           ; THIS SOFTWARE IS PROVIDED BY MICROCHIP "AS IS" AND ANY EXPRESS OR IMPLIED WARRANTIES,
    46                           ; INCLUDING, BUT NOT LIMITED TO, THE IMPLIED WARRANTIES OF MERCHANTABILITY AND FITNESS F
      +                          OR
    47                           ; PURPOSE ARE DISCLAIMED.  IN NO EVENT SHALL MICROCHIP BE LIABLE FOR ANY DIRECT, INDIREC
      +                          T,
    48                           ; INCIDENTAL, SPECIAL, EXEMPLARY, OR CONSEQUENTIAL DAMAGES (INCLUDING BUT NOT LIMITED TO
    49                           ; PROCUREMENT OF SUBSTITUTE GOODS OR SERVICES; LOSS OF USE, DATA OR PROFITS; OR BUSINESS
    50                           ; INTERRUPTION) HOWSOEVER CAUSED AND ON ANY THEORY OF LIABILITY, WHETHER IN CONTRACT, ST
      +                          RICT
    51                           ; LIABILITY, OR TORT (INCLUDING NEGLIGENCE OR OTHERWISE) ARISING IN ANY WAY OUT OF THE U
      +                          SE OF
    52                           ; THIS SOFTWARE, EVEN IF ADVISED OF THE POSSIBILITY OF SUCH DAMAGE.
    53                           ; 
    54                           ; 
    55                           ; Code-generator required, PIC18F27Q43 Definitions
    56                           ; 
    57                           ; SFR Addresses
    58  0000                     
    59                           	psect	idataBANK6
    60  01FEFC                     __pidataBANK6:
    61                           	callstack 0
    62                           
    63                           ;initializer for _UserApp_au8sinTable
    64  01FEFC  80                 	db	128
    65  01FEFD  83                 	db	131
    66  01FEFE  86                 	db	134
    67  01FEFF  89                 	db	137
    68  01FF00  8C                 	db	140
    69  01FF01  8F                 	db	143
    70  01FF02  92                 	db	146
    71  01FF03  95                 	db	149
    72  01FF04  98                 	db	152
    73  01FF05  9B                 	db	155
    74  01FF06  9E                 	db	158
    75  01FF07  A2                 	db	162
    76  01FF08  A5                 	db	165
    77  01FF09  A7                 	db	167
    78  01FF0A  AA                 	db	170
    79  01FF0B  AD                 	db	173
    80  01FF0C  B0                 	db	176
    81  01FF0D  B3                 	db	179
    82  01FF0E  B6                 	db	182
    83  01FF0F  B9                 	db	185
    84  01FF10  BC                 	db	188
    85  01FF11  BE                 	db	190
    86  01FF12  C1                 	db	193
    87  01FF13  C4                 	db	196
    88  01FF14  C6                 	db	198
    89  01FF15  C9                 	db	201
    90  01FF16  CB                 	db	203
    91  01FF17  CE                 	db	206
    92  01FF18  D0                 	db	208
    93  01FF19  D3                 	db	211
    94  01FF1A  D5                 	db	213
    95  01FF1B  D7                 	db	215
    96  01FF1C  DA                 	db	218
    97  01FF1D  DC                 	db	220
    98  01FF1E  DE                 	db	222
    99  01FF1F  E0                 	db	224
   100  01FF20  E2                 	db	226
   101  01FF21  E4                 	db	228
   102  01FF22  E6                 	db	230
   103  01FF23  E8                 	db	232
   104  01FF24  EA                 	db	234
   105  01FF25  EB                 	db	235
   106  01FF26  ED                 	db	237
   107  01FF27  EE                 	db	238
   108  01FF28  F0                 	db	240
   109  01FF29  F1                 	db	241
   110  01FF2A  F3                 	db	243
   111  01FF2B  F4                 	db	244
   112  01FF2C  F5                 	db	245
   113  01FF2D  F6                 	db	246
   114  01FF2E  F8                 	db	248
   115  01FF2F  F9                 	db	249
   116  01FF30  FA                 	db	250
   117  01FF31  FA                 	db	250
   118  01FF32  FB                 	db	251
   119  01FF33  FC                 	db	252
   120  01FF34  FD                 	db	253
   121  01FF35  FD                 	db	253
   122  01FF36  FE                 	db	254
   123  01FF37  FE                 	db	254
   124  01FF38  FE                 	db	254
   125  01FF39  FF                 	db	255
   126  01FF3A  FF                 	db	255
   127  01FF3B  FF                 	db	255
   128  01FF3C  FF                 	db	255
   129  01FF3D  FF                 	db	255
   130  01FF3E  FF                 	db	255
   131  01FF3F  FF                 	db	255
   132  01FF40  FE                 	db	254
   133  01FF41  FE                 	db	254
   134  01FF42  FE                 	db	254
   135  01FF43  FD                 	db	253
   136  01FF44  FD                 	db	253
   137  01FF45  FC                 	db	252
   138  01FF46  FB                 	db	251
   139  01FF47  FA                 	db	250
   140  01FF48  FA                 	db	250
   141  01FF49  F9                 	db	249
   142  01FF4A  F8                 	db	248
   143  01FF4B  F6                 	db	246
   144  01FF4C  F5                 	db	245
   145  01FF4D  F4                 	db	244
   146  01FF4E  F3                 	db	243
   147  01FF4F  F1                 	db	241
   148  01FF50  F0                 	db	240
   149  01FF51  EE                 	db	238
   150  01FF52  ED                 	db	237
   151  01FF53  EB                 	db	235
   152  01FF54  EA                 	db	234
   153  01FF55  E8                 	db	232
   154  01FF56  E6                 	db	230
   155  01FF57  E4                 	db	228
   156  01FF58  E2                 	db	226
   157  01FF59  E0                 	db	224
   158  01FF5A  DE                 	db	222
   159  01FF5B  DC                 	db	220
   160  01FF5C  DA                 	db	218
   161  01FF5D  D7                 	db	215
   162  01FF5E  D5                 	db	213
   163  01FF5F  D3                 	db	211
   164  01FF60  D0                 	db	208
   165  01FF61  CE                 	db	206
   166  01FF62  CB                 	db	203
   167  01FF63  C9                 	db	201
   168  01FF64  C6                 	db	198
   169  01FF65  C4                 	db	196
   170  01FF66  C1                 	db	193
   171  01FF67  BE                 	db	190
   172  01FF68  BC                 	db	188
   173  01FF69  B9                 	db	185
   174  01FF6A  B6                 	db	182
   175  01FF6B  B3                 	db	179
   176  01FF6C  B0                 	db	176
   177  01FF6D  AD                 	db	173
   178  01FF6E  AA                 	db	170
   179  01FF6F  A7                 	db	167
   180  01FF70  A5                 	db	165
   181  01FF71  A2                 	db	162
   182  01FF72  9E                 	db	158
   183  01FF73  9B                 	db	155
   184  01FF74  98                 	db	152
   185  01FF75  95                 	db	149
   186  01FF76  92                 	db	146
   187  01FF77  8F                 	db	143
   188  01FF78  8C                 	db	140
   189  01FF79  89                 	db	137
   190  01FF7A  86                 	db	134
   191  01FF7B  83                 	db	131
   192  01FF7C  80                 	db	128
   193  01FF7D  7C                 	db	124
   194  01FF7E  79                 	db	121
   195  01FF7F  76                 	db	118
   196  01FF80  73                 	db	115
   197  01FF81  70                 	db	112
   198  01FF82  6D                 	db	109
   199  01FF83  6A                 	db	106
   200  01FF84  67                 	db	103
   201  01FF85  64                 	db	100
   202  01FF86  61                 	db	97
   203  01FF87  5D                 	db	93
   204  01FF88  5A                 	db	90
   205  01FF89  58                 	db	88
   206  01FF8A  55                 	db	85
   207  01FF8B  52                 	db	82
   208  01FF8C  4F                 	db	79
   209  01FF8D  4C                 	db	76
   210  01FF8E  49                 	db	73
   211  01FF8F  46                 	db	70
   212  01FF90  43                 	db	67
   213  01FF91  41                 	db	65
   214  01FF92  3E                 	db	62
   215  01FF93  3B                 	db	59
   216  01FF94  39                 	db	57
   217  01FF95  36                 	db	54
   218  01FF96  34                 	db	52
   219  01FF97  31                 	db	49
   220  01FF98  2F                 	db	47
   221  01FF99  2C                 	db	44
   222  01FF9A  2A                 	db	42
   223  01FF9B  28                 	db	40
   224  01FF9C  25                 	db	37
   225  01FF9D  23                 	db	35
   226  01FF9E  21                 	db	33
   227  01FF9F  1F                 	db	31
   228  01FFA0  1D                 	db	29
   229  01FFA1  1B                 	db	27
   230  01FFA2  19                 	db	25
   231  01FFA3  17                 	db	23
   232  01FFA4  15                 	db	21
   233  01FFA5  14                 	db	20
   234  01FFA6  12                 	db	18
   235  01FFA7  11                 	db	17
   236  01FFA8  0F                 	db	15
   237  01FFA9  0E                 	db	14
   238  01FFAA  0C                 	db	12
   239  01FFAB  0B                 	db	11
   240  01FFAC  0A                 	db	10
   241  01FFAD  09                 	db	9
   242  01FFAE  07                 	db	7
   243  01FFAF  06                 	db	6
   244  01FFB0  05                 	db	5
   245  01FFB1  05                 	db	5
   246  01FFB2  04                 	db	4
   247  01FFB3  03                 	db	3
   248  01FFB4  02                 	db	2
   249  01FFB5  02                 	db	2
   250  01FFB6  01                 	db	1
   251  01FFB7  01                 	db	1
   252  01FFB8  01                 	db	1
   253  01FFB9  00                 	db	0
   254  01FFBA  00                 	db	0
   255  01FFBB  00                 	db	0
   256  01FFBC  00                 	db	0
   257  01FFBD  00                 	db	0
   258  01FFBE  00                 	db	0
   259  01FFBF  00                 	db	0
   260  01FFC0  01                 	db	1
   261  01FFC1  01                 	db	1
   262  01FFC2  01                 	db	1
   263  01FFC3  02                 	db	2
   264  01FFC4  02                 	db	2
   265  01FFC5  03                 	db	3
   266  01FFC6  04                 	db	4
   267  01FFC7  05                 	db	5
   268  01FFC8  05                 	db	5
   269  01FFC9  06                 	db	6
   270  01FFCA  07                 	db	7
   271  01FFCB  09                 	db	9
   272  01FFCC  0A                 	db	10
   273  01FFCD  0B                 	db	11
   274  01FFCE  0C                 	db	12
   275  01FFCF  0E                 	db	14
   276  01FFD0  0F                 	db	15
   277  01FFD1  11                 	db	17
   278  01FFD2  12                 	db	18
   279  01FFD3  14                 	db	20
   280  01FFD4  15                 	db	21
   281  01FFD5  17                 	db	23
   282  01FFD6  19                 	db	25
   283  01FFD7  1B                 	db	27
   284  01FFD8  1D                 	db	29
   285  01FFD9  1F                 	db	31
   286  01FFDA  21                 	db	33
   287  01FFDB  23                 	db	35
   288  01FFDC  25                 	db	37
   289  01FFDD  28                 	db	40
   290  01FFDE  2A                 	db	42
   291  01FFDF  2C                 	db	44
   292  01FFE0  2F                 	db	47
   293  01FFE1  31                 	db	49
   294  01FFE2  34                 	db	52
   295  01FFE3  36                 	db	54
   296  01FFE4  39                 	db	57
   297  01FFE5  3B                 	db	59
   298  01FFE6  3E                 	db	62
   299  01FFE7  41                 	db	65
   300  01FFE8  43                 	db	67
   301  01FFE9  46                 	db	70
   302  01FFEA  49                 	db	73
   303  01FFEB  4C                 	db	76
   304  01FFEC  4F                 	db	79
   305  01FFED  52                 	db	82
   306  01FFEE  55                 	db	85
   307  01FFEF  58                 	db	88
   308  01FFF0  5A                 	db	90
   309  01FFF1  5D                 	db	93
   310  01FFF2  61                 	db	97
   311  01FFF3  64                 	db	100
   312  01FFF4  67                 	db	103
   313  01FFF5  6A                 	db	106
   314  01FFF6  6D                 	db	109
   315  01FFF7  70                 	db	112
   316  01FFF8  73                 	db	115
   317  01FFF9  76                 	db	118
   318  01FFFA  79                 	db	121
   319  01FFFB  7C                 	db	124
   320  0000                     _DAC1DATL	set	125
   321  0000                     _DAC1CON	set	127
   322  0000                     _TMR0L	set	792
   323  0000                     _TMR0H	set	793
   324  0000                     _T0CON1	set	795
   325  0000                     _T0CON0	set	794
   326  0000                     _ANSELA	set	1024
   327  0000                     _PIR3	set	1201
   328  0000                     _LATA	set	1214
   329  0000                     _TRISA	set	1222
   330                           
   331                           ; #config settings
   332                           
   333                           	psect	cinit
   334  01FE86                     __pcinit:
   335                           	callstack 0
   336  01FE86                     start_initialization:
   337                           	callstack 0
   338  01FE86                     __initialization:
   339                           	callstack 0
   340                           
   341                           ; Initialize objects allocated to BANK6 (256 bytes)
   342                           ; load TBLPTR registers with __pidataBANK6
   343  01FE86  0EFC               	movlw	low __pidataBANK6
   344  01FE88  6EF6               	movwf	tblptrl,c
   345  01FE8A  0EFE               	movlw	high __pidataBANK6
   346  01FE8C  6EF7               	movwf	tblptrh,c
   347  01FE8E  0E01               	movlw	low (__pidataBANK6 shr (0+16))
   348  01FE90  6EF8               	movwf	tblptru,c
   349  01FE92  EE01  F200         	lfsr	0,__pdataBANK6
   350  01FE96  EE10 F100          	lfsr	1,256
   351  01FE9A                     copy_data0:
   352  01FE9A  0009               	tblrd		*+
   353  01FE9C  C4F5 F4EE          	movff	tablat,postinc0
   354  01FEA0  50E5               	movf	postdec1,w,c
   355  01FEA2  50E1               	movf	fsr1l,w,c
   356  01FEA4  E1FA               	bnz	copy_data0
   357  01FEA6  50E2               	movf	fsr1h,w,c
   358  01FEA8  E1F8               	bnz	copy_data0
   359                           
   360                           ; Clear objects allocated to COMRAM (14 bytes)
   361  01FEAA  EE01  F101         	lfsr	0,__pbssCOMRAM
   362  01FEAE  0E0E               	movlw	14
   363  01FEB0                     clear_0:
   364  01FEB0  6AEE               	clrf	postinc0,c
   365  01FEB2  06E8               	decf	wreg,f,c
   366  01FEB4  E1FD               	bnz	clear_0
   367  01FEB6                     end_of_initialization:
   368                           	callstack 0
   369  01FEB6                     __end_of__initialization:
   370                           	callstack 0
   371  01FEB6  0100               	movlb	0
   372  01FEB8  EF5E  F0FF         	goto	_main	;jump to C main() function
   373                           
   374                           	psect	bssCOMRAM
   375  000501                     __pbssCOMRAM:
   376                           	callstack 0
   377  000501                     _G_u32SystemFlags:
   378                           	callstack 0
   379  000501                     	ds	4
   380  000505                     _G_u32SystemTime1s:
   381                           	callstack 0
   382  000505                     	ds	4
   383  000509                     _G_u32SystemTime1ms:
   384                           	callstack 0
   385  000509                     	ds	4
   386  00050D                     UserAppRun@u8Index:
   387                           	callstack 0
   388  00050D                     	ds	1
   389  00050E                     _G_u8UserAppFlags:
   390                           	callstack 0
   391  00050E                     	ds	1
   392                           
   393                           	psect	dataBANK6
   394  000600                     __pdataBANK6:
   395                           	callstack 0
   396  000600                     _UserApp_au8sinTable:
   397                           	callstack 0
   398  000600                     	ds	256
   399                           
   400                           	psect	cstackCOMRAM
   401  00050F                     __pcstackCOMRAM:
   402                           	callstack 0
   403  00050F                     TimeXus@u16Time_delay:
   404                           	callstack 0
   405                           
   406                           ; 2 bytes @ 0x0
   407  00050F                     	ds	2
   408  000511                     ??_TimeXus:
   409                           
   410                           ; 1 bytes @ 0x2
   411  000511                     	ds	2
   412  000513                     
   413                           ; 1 bytes @ 0x4
   414 ;;
   415 ;;Main: autosize = 0, tempsize = 0, incstack = 0, save=0
   416 ;;
   417 ;; *************** function _main *****************
   418 ;; Defined at:
   419 ;;		line 35 in file "main.c"
   420 ;; Parameters:    Size  Location     Type
   421 ;;		None
   422 ;; Auto vars:     Size  Location     Type
   423 ;;		None
   424 ;; Return value:  Size  Location     Type
   425 ;;                  1    wreg      void 
   426 ;; Registers used:
   427 ;;		wreg, fsr2l, fsr2h, status,2, status,0, cstack
   428 ;; Tracked objects:
   429 ;;		On entry : 0/0
   430 ;;		On exit  : 0/0
   431 ;;		Unchanged: 0/0
   432 ;; Data sizes:     COMRAM   BANK5   BANK6   BANK7   BANK8   BANK9  BANK10  BANK11  BANK12  BANK13  BANK14  BANK15  BANK1
      +6  BANK17  BANK18  BANK19  BANK20  BANK21  BANK22  BANK23  BANK24  BANK25  BANK26  BANK27  BANK28  BANK29  BANK30  BANK3
      +1  BANK32  BANK33  BANK34  BANK35  BANK36  BANK37
   433 ;;      Params:         0       0       0       0       0       0       0       0       0       0       0       0       
      +0       0       0       0       0       0       0       0       0       0       0       0       0       0       0       
      +0       0       0       0       0       0       0
   434 ;;      Locals:         0       0       0       0       0       0       0       0       0       0       0       0       
      +0       0       0       0       0       0       0       0       0       0       0       0       0       0       0       
      +0       0       0       0       0       0       0
   435 ;;      Temps:          0       0       0       0       0       0       0       0       0       0       0       0       
      +0       0       0       0       0       0       0       0       0       0       0       0       0       0       0       
      +0       0       0       0       0       0       0
   436 ;;      Totals:         0       0       0       0       0       0       0       0       0       0       0       0       
      +0       0       0       0       0       0       0       0       0       0       0       0       0       0       0       
      +0       0       0       0       0       0       0
   437 ;;Total ram usage:        0 bytes
   438 ;; Hardware stack levels required when called:    1
   439 ;; This function calls:
   440 ;;		_ClockSetup
   441 ;;		_GpioSetup
   442 ;;		_SysTickSetup
   443 ;;		_SystemSleep
   444 ;;		_TimeXus
   445 ;;		_UserAppInitialize
   446 ;;		_UserAppRun
   447 ;; This function is called by:
   448 ;;		Startup code after reset
   449 ;; This function uses a non-reentrant model
   450 ;;
   451                           
   452                           	psect	text0
   453  01FEBC                     __ptext0:
   454                           	callstack 0
   455  01FEBC                     _main:
   456                           	callstack 127
   457  01FEBC                     
   458                           ;main.c: 37:   G_u32SystemFlags |= (u32)0x80000000;
   459  01FEBC  8E04               	bsf	(_G_u32SystemFlags+3)^(0+1280),7,c	;volatile
   460  01FEBE                     
   461                           ;main.c: 40:   ClockSetup();
   462  01FEBE  ECFF  F0FE         	call	_ClockSetup	;wreg free
   463  01FEC2                     
   464                           ;main.c: 41:   SysTickSetup();
   465  01FEC2  EC21  F0FF         	call	_SysTickSetup	;wreg free
   466  01FEC6                     
   467                           ;main.c: 42:   GpioSetup();
   468  01FEC6  EC01  F0FF         	call	_GpioSetup	;wreg free
   469  01FECA                     
   470                           ;main.c: 47:   UserAppInitialize();
   471  01FECA  EC0A  F0FF         	call	_UserAppInitialize	;wreg free
   472  01FECE                     l816:
   473                           
   474                           ;main.c: 53:   {;main.c: 66:     UserAppRun();
   475  01FECE  EC15  F0FF         	call	_UserAppRun	;wreg free
   476  01FED2                     
   477                           ;main.c: 68:     (LATA &=0x7F);
   478  01FED2  9EBE               	bcf	190,7,c	;volatile
   479  01FED4                     
   480                           ;main.c: 69:     SystemSleep();
   481  01FED4  EC00  F0FF         	call	_SystemSleep	;wreg free
   482  01FED8                     
   483                           ;main.c: 70:     TimeXus(11);
   484  01FED8  0E00               	movlw	0
   485  01FEDA  6E10               	movwf	(TimeXus@u16Time_delay+1)^(0+1280),c
   486  01FEDC  0E0B               	movlw	11
   487  01FEDE  6E0F               	movwf	TimeXus@u16Time_delay^(0+1280),c
   488  01FEE0  EC32  F0FF         	call	_TimeXus	;wreg free
   489  01FEE4                     l52:
   490                           
   491                           ;main.c: 71:     while((PIR3 & 0x80)!=0x80)
   492  01FEE4  AEB1               	btfss	177,7,c	;volatile
   493  01FEE6  EF77  F0FF         	goto	u21
   494  01FEEA  EF79  F0FF         	goto	u20
   495  01FEEE                     u21:
   496  01FEEE  EF72  F0FF         	goto	l52
   497  01FEF2                     u20:
   498  01FEF2                     
   499                           ;main.c: 75:     (LATA |=0x80);
   500  01FEF2  8EBE               	bsf	190,7,c	;volatile
   501  01FEF4  EF67  F0FF         	goto	l816
   502  01FEF8  EFFE  F0FF         	goto	start
   503  01FEFC                     __end_of_main:
   504                           	callstack 0
   505                           
   506 ;; *************** function _UserAppRun *****************
   507 ;; Defined at:
   508 ;;		line 118 in file "user_app.c"
   509 ;; Parameters:    Size  Location     Type
   510 ;;		None
   511 ;; Auto vars:     Size  Location     Type
   512 ;;		None
   513 ;; Return value:  Size  Location     Type
   514 ;;                  1    wreg      void 
   515 ;; Registers used:
   516 ;;		wreg, fsr2l, fsr2h, status,2, status,0
   517 ;; Tracked objects:
   518 ;;		On entry : 0/0
   519 ;;		On exit  : 0/0
   520 ;;		Unchanged: 0/0
   521 ;; Data sizes:     COMRAM   BANK5   BANK6   BANK7   BANK8   BANK9  BANK10  BANK11  BANK12  BANK13  BANK14  BANK15  BANK1
      +6  BANK17  BANK18  BANK19  BANK20  BANK21  BANK22  BANK23  BANK24  BANK25  BANK26  BANK27  BANK28  BANK29  BANK30  BANK3
      +1  BANK32  BANK33  BANK34  BANK35  BANK36  BANK37
   522 ;;      Params:         0       0       0       0       0       0       0       0       0       0       0       0       
      +0       0       0       0       0       0       0       0       0       0       0       0       0       0       0       
      +0       0       0       0       0       0       0
   523 ;;      Locals:         0       0       0       0       0       0       0       0       0       0       0       0       
      +0       0       0       0       0       0       0       0       0       0       0       0       0       0       0       
      +0       0       0       0       0       0       0
   524 ;;      Temps:          0       0       0       0       0       0       0       0       0       0       0       0       
      +0       0       0       0       0       0       0       0       0       0       0       0       0       0       0       
      +0       0       0       0       0       0       0
   525 ;;      Totals:         0       0       0       0       0       0       0       0       0       0       0       0       
      +0       0       0       0       0       0       0       0       0       0       0       0       0       0       0       
      +0       0       0       0       0       0       0
   526 ;;Total ram usage:        0 bytes
   527 ;; Hardware stack levels used:    1
   528 ;; This function calls:
   529 ;;		Nothing
   530 ;; This function is called by:
   531 ;;		_main
   532 ;; This function uses a non-reentrant model
   533 ;;
   534                           
   535                           	psect	text1
   536  01FE2A                     __ptext1:
   537                           	callstack 0
   538  01FE2A                     _UserAppRun:
   539                           	callstack 127
   540  01FE2A                     
   541                           ;user_app.c: 120:     static u8 u8Index=0;;user_app.c: 121:     DAC1DATL= UserApp_au8sin
      +                          Table[u8Index];
   542  01FE2A  0E00               	movlw	low _UserApp_au8sinTable
   543  01FE2C  240D               	addwf	UserAppRun@u8Index^(0+1280),w,c
   544  01FE2E  6ED9               	movwf	fsr2l,c
   545  01FE30  6ADA               	clrf	fsr2h,c
   546  01FE32  0E06               	movlw	high _UserApp_au8sinTable
   547  01FE34  22DA               	addwfc	fsr2h,f,c
   548  01FE36  50DF               	movf	indf2,w,c
   549  01FE38  0100               	movlb	0	; () banked
   550  01FE3A  6F7D               	movwf	125,b	;volatile
   551  01FE3C                     
   552                           ; BSR set to: 0
   553                           ;user_app.c: 122:     u8Index+=4;
   554  01FE3C  0E04               	movlw	4
   555  01FE3E  260D               	addwf	UserAppRun@u8Index^(0+1280),f,c
   556  01FE40                     
   557                           ; BSR set to: 0
   558  01FE40  0012               	return		;funcret
   559  01FE42                     __end_of_UserAppRun:
   560                           	callstack 0
   561                           
   562 ;; *************** function _UserAppInitialize *****************
   563 ;; Defined at:
   564 ;;		line 95 in file "user_app.c"
   565 ;; Parameters:    Size  Location     Type
   566 ;;		None
   567 ;; Auto vars:     Size  Location     Type
   568 ;;		None
   569 ;; Return value:  Size  Location     Type
   570 ;;                  1    wreg      void 
   571 ;; Registers used:
   572 ;;		wreg, status,2
   573 ;; Tracked objects:
   574 ;;		On entry : 0/0
   575 ;;		On exit  : 0/0
   576 ;;		Unchanged: 0/0
   577 ;; Data sizes:     COMRAM   BANK5   BANK6   BANK7   BANK8   BANK9  BANK10  BANK11  BANK12  BANK13  BANK14  BANK15  BANK1
      +6  BANK17  BANK18  BANK19  BANK20  BANK21  BANK22  BANK23  BANK24  BANK25  BANK26  BANK27  BANK28  BANK29  BANK30  BANK3
      +1  BANK32  BANK33  BANK34  BANK35  BANK36  BANK37
   578 ;;      Params:         0       0       0       0       0       0       0       0       0       0       0       0       
      +0       0       0       0       0       0       0       0       0       0       0       0       0       0       0       
      +0       0       0       0       0       0       0
   579 ;;      Locals:         0       0       0       0       0       0       0       0       0       0       0       0       
      +0       0       0       0       0       0       0       0       0       0       0       0       0       0       0       
      +0       0       0       0       0       0       0
   580 ;;      Temps:          0       0       0       0       0       0       0       0       0       0       0       0       
      +0       0       0       0       0       0       0       0       0       0       0       0       0       0       0       
      +0       0       0       0       0       0       0
   581 ;;      Totals:         0       0       0       0       0       0       0       0       0       0       0       0       
      +0       0       0       0       0       0       0       0       0       0       0       0       0       0       0       
      +0       0       0       0       0       0       0
   582 ;;Total ram usage:        0 bytes
   583 ;; Hardware stack levels used:    1
   584 ;; This function calls:
   585 ;;		Nothing
   586 ;; This function is called by:
   587 ;;		_main
   588 ;; This function uses a non-reentrant model
   589 ;;
   590                           
   591                           	psect	text2
   592  01FE14                     __ptext2:
   593                           	callstack 0
   594  01FE14                     _UserAppInitialize:
   595                           	callstack 127
   596  01FE14                     
   597                           ;user_app.c: 97:     LATA=0x80;
   598  01FE14  0E80               	movlw	128
   599  01FE16  6EBE               	movwf	190,c	;volatile
   600                           
   601                           ;user_app.c: 98:     T0CON0 = 0x90;
   602  01FE18  0E90               	movlw	144
   603  01FE1A  0103               	movlb	3	; () banked
   604  01FE1C  6F1A               	movwf	26,b	;volatile
   605                           
   606                           ;user_app.c: 99:     T0CON1 = 0x54;
   607  01FE1E  0E54               	movlw	84
   608  01FE20  6F1B               	movwf	27,b	;volatile
   609                           
   610                           ;user_app.c: 101:     DAC1DATL= 0;
   611  01FE22  0E00               	movlw	0
   612  01FE24  0100               	movlb	0	; () banked
   613  01FE26  6F7D               	movwf	125,b	;volatile
   614  01FE28                     
   615                           ; BSR set to: 0
   616  01FE28  0012               	return		;funcret
   617  01FE2A                     __end_of_UserAppInitialize:
   618                           	callstack 0
   619                           
   620 ;; *************** function _TimeXus *****************
   621 ;; Defined at:
   622 ;;		line 148 in file "user_app.c"
   623 ;; Parameters:    Size  Location     Type
   624 ;;  u16Time_dela    2    0[COMRAM] unsigned short 
   625 ;; Auto vars:     Size  Location     Type
   626 ;;		None
   627 ;; Return value:  Size  Location     Type
   628 ;;                  1    wreg      void 
   629 ;; Registers used:
   630 ;;		wreg, status,2, status,0
   631 ;; Tracked objects:
   632 ;;		On entry : 0/0
   633 ;;		On exit  : 0/0
   634 ;;		Unchanged: 0/0
   635 ;; Data sizes:     COMRAM   BANK5   BANK6   BANK7   BANK8   BANK9  BANK10  BANK11  BANK12  BANK13  BANK14  BANK15  BANK1
      +6  BANK17  BANK18  BANK19  BANK20  BANK21  BANK22  BANK23  BANK24  BANK25  BANK26  BANK27  BANK28  BANK29  BANK30  BANK3
      +1  BANK32  BANK33  BANK34  BANK35  BANK36  BANK37
   636 ;;      Params:         2       0       0       0       0       0       0       0       0       0       0       0       
      +0       0       0       0       0       0       0       0       0       0       0       0       0       0       0       
      +0       0       0       0       0       0       0
   637 ;;      Locals:         0       0       0       0       0       0       0       0       0       0       0       0       
      +0       0       0       0       0       0       0       0       0       0       0       0       0       0       0       
      +0       0       0       0       0       0       0
   638 ;;      Temps:          2       0       0       0       0       0       0       0       0       0       0       0       
      +0       0       0       0       0       0       0       0       0       0       0       0       0       0       0       
      +0       0       0       0       0       0       0
   639 ;;      Totals:         4       0       0       0       0       0       0       0       0       0       0       0       
      +0       0       0       0       0       0       0       0       0       0       0       0       0       0       0       
      +0       0       0       0       0       0       0
   640 ;;Total ram usage:        4 bytes
   641 ;; Hardware stack levels used:    1
   642 ;; This function calls:
   643 ;;		Nothing
   644 ;; This function is called by:
   645 ;;		_main
   646 ;; This function uses a non-reentrant model
   647 ;;
   648                           
   649                           	psect	text3
   650  01FE64                     __ptext3:
   651                           	callstack 0
   652  01FE64                     _TimeXus:
   653                           	callstack 127
   654  01FE64                     
   655                           ;user_app.c: 148: void TimeXus(u16 u16Time_delay);user_app.c: 149: {;user_app.c: 150:   
      +                            T0CON0 &= 0x7F;
   656  01FE64  0103               	movlb	3	; () banked
   657  01FE66  9F1A               	bcf	26,7,b	;volatile
   658  01FE68                     
   659                           ; BSR set to: 3
   660                           ;user_app.c: 153:     TMR0H = (u8)((0xFFFF - u16Time_delay) >> 8);
   661  01FE68  1C0F               	comf	TimeXus@u16Time_delay^(0+1280),w,c
   662  01FE6A  6E11               	movwf	??_TimeXus^(0+1280),c
   663  01FE6C  1C10               	comf	(TimeXus@u16Time_delay+1)^(0+1280),w,c
   664  01FE6E  6E12               	movwf	(??_TimeXus+1)^(0+1280),c
   665  01FE70  C512  F511         	movff	??_TimeXus+1,??_TimeXus
   666  01FE74  6A12               	clrf	(??_TimeXus+1)^(0+1280),c
   667  01FE76  5011               	movf	??_TimeXus^(0+1280),w,c
   668  01FE78  6F19               	movwf	25,b	;volatile
   669  01FE7A                     
   670                           ; BSR set to: 3
   671                           ;user_app.c: 154:     TMR0L = (u8)((0xFFFF - u16Time_delay) & 0x00FF);
   672  01FE7A  500F               	movf	TimeXus@u16Time_delay^(0+1280),w,c
   673  01FE7C  0AFF               	xorlw	255
   674  01FE7E  6F18               	movwf	24,b	;volatile
   675                           
   676                           ;user_app.c: 157:     PIR3 &= 0x7F;
   677  01FE80  9EB1               	bcf	177,7,c	;volatile
   678                           
   679                           ;user_app.c: 158:     T0CON0 |= 0x80;
   680  01FE82  8F1A               	bsf	26,7,b	;volatile
   681  01FE84                     
   682                           ; BSR set to: 3
   683  01FE84  0012               	return		;funcret
   684  01FE86                     __end_of_TimeXus:
   685                           	callstack 0
   686                           
   687 ;; *************** function _SystemSleep *****************
   688 ;; Defined at:
   689 ;;		line 139 in file "encm369_pic18.c"
   690 ;; Parameters:    Size  Location     Type
   691 ;;		None
   692 ;; Auto vars:     Size  Location     Type
   693 ;;		None
   694 ;; Return value:  Size  Location     Type
   695 ;;                  1    wreg      void 
   696 ;; Registers used:
   697 ;;		None
   698 ;; Tracked objects:
   699 ;;		On entry : 0/0
   700 ;;		On exit  : 0/0
   701 ;;		Unchanged: 0/0
   702 ;; Data sizes:     COMRAM   BANK5   BANK6   BANK7   BANK8   BANK9  BANK10  BANK11  BANK12  BANK13  BANK14  BANK15  BANK1
      +6  BANK17  BANK18  BANK19  BANK20  BANK21  BANK22  BANK23  BANK24  BANK25  BANK26  BANK27  BANK28  BANK29  BANK30  BANK3
      +1  BANK32  BANK33  BANK34  BANK35  BANK36  BANK37
   703 ;;      Params:         0       0       0       0       0       0       0       0       0       0       0       0       
      +0       0       0       0       0       0       0       0       0       0       0       0       0       0       0       
      +0       0       0       0       0       0       0
   704 ;;      Locals:         0       0       0       0       0       0       0       0       0       0       0       0       
      +0       0       0       0       0       0       0       0       0       0       0       0       0       0       0       
      +0       0       0       0       0       0       0
   705 ;;      Temps:          0       0       0       0       0       0       0       0       0       0       0       0       
      +0       0       0       0       0       0       0       0       0       0       0       0       0       0       0       
      +0       0       0       0       0       0       0
   706 ;;      Totals:         0       0       0       0       0       0       0       0       0       0       0       0       
      +0       0       0       0       0       0       0       0       0       0       0       0       0       0       0       
      +0       0       0       0       0       0       0
   707 ;;Total ram usage:        0 bytes
   708 ;; Hardware stack levels used:    1
   709 ;; This function calls:
   710 ;;		Nothing
   711 ;; This function is called by:
   712 ;;		_main
   713 ;; This function uses a non-reentrant model
   714 ;;
   715                           
   716                           	psect	text4
   717  01FE00                     __ptext4:
   718                           	callstack 0
   719  01FE00                     _SystemSleep:
   720                           	callstack 127
   721  01FE00  0012               	return		;funcret
   722  01FE02                     __end_of_SystemSleep:
   723                           	callstack 0
   724                           
   725 ;; *************** function _SysTickSetup *****************
   726 ;; Defined at:
   727 ;;		line 117 in file "encm369_pic18.c"
   728 ;; Parameters:    Size  Location     Type
   729 ;;		None
   730 ;; Auto vars:     Size  Location     Type
   731 ;;		None
   732 ;; Return value:  Size  Location     Type
   733 ;;                  1    wreg      void 
   734 ;; Registers used:
   735 ;;		wreg, status,2
   736 ;; Tracked objects:
   737 ;;		On entry : 0/0
   738 ;;		On exit  : 0/0
   739 ;;		Unchanged: 0/0
   740 ;; Data sizes:     COMRAM   BANK5   BANK6   BANK7   BANK8   BANK9  BANK10  BANK11  BANK12  BANK13  BANK14  BANK15  BANK1
      +6  BANK17  BANK18  BANK19  BANK20  BANK21  BANK22  BANK23  BANK24  BANK25  BANK26  BANK27  BANK28  BANK29  BANK30  BANK3
      +1  BANK32  BANK33  BANK34  BANK35  BANK36  BANK37
   741 ;;      Params:         0       0       0       0       0       0       0       0       0       0       0       0       
      +0       0       0       0       0       0       0       0       0       0       0       0       0       0       0       
      +0       0       0       0       0       0       0
   742 ;;      Locals:         0       0       0       0       0       0       0       0       0       0       0       0       
      +0       0       0       0       0       0       0       0       0       0       0       0       0       0       0       
      +0       0       0       0       0       0       0
   743 ;;      Temps:          0       0       0       0       0       0       0       0       0       0       0       0       
      +0       0       0       0       0       0       0       0       0       0       0       0       0       0       0       
      +0       0       0       0       0       0       0
   744 ;;      Totals:         0       0       0       0       0       0       0       0       0       0       0       0       
      +0       0       0       0       0       0       0       0       0       0       0       0       0       0       0       
      +0       0       0       0       0       0       0
   745 ;;Total ram usage:        0 bytes
   746 ;; Hardware stack levels used:    1
   747 ;; This function calls:
   748 ;;		Nothing
   749 ;; This function is called by:
   750 ;;		_main
   751 ;; This function uses a non-reentrant model
   752 ;;
   753                           
   754                           	psect	text5
   755  01FE42                     __ptext5:
   756                           	callstack 0
   757  01FE42                     _SysTickSetup:
   758                           	callstack 127
   759  01FE42                     
   760                           ;encm369_pic18.c: 119:   G_u32SystemTime1ms = 0;
   761  01FE42  0E00               	movlw	0
   762  01FE44  6E09               	movwf	_G_u32SystemTime1ms^(0+1280),c	;volatile
   763  01FE46  0E00               	movlw	0
   764  01FE48  6E0A               	movwf	(_G_u32SystemTime1ms+1)^(0+1280),c	;volatile
   765  01FE4A  0E00               	movlw	0
   766  01FE4C  6E0B               	movwf	(_G_u32SystemTime1ms+2)^(0+1280),c	;volatile
   767  01FE4E  0E00               	movlw	0
   768  01FE50  6E0C               	movwf	(_G_u32SystemTime1ms+3)^(0+1280),c	;volatile
   769                           
   770                           ;encm369_pic18.c: 120:   G_u32SystemTime1s = 0;
   771  01FE52  0E00               	movlw	0
   772  01FE54  6E05               	movwf	_G_u32SystemTime1s^(0+1280),c	;volatile
   773  01FE56  0E00               	movlw	0
   774  01FE58  6E06               	movwf	(_G_u32SystemTime1s+1)^(0+1280),c	;volatile
   775  01FE5A  0E00               	movlw	0
   776  01FE5C  6E07               	movwf	(_G_u32SystemTime1s+2)^(0+1280),c	;volatile
   777  01FE5E  0E00               	movlw	0
   778  01FE60  6E08               	movwf	(_G_u32SystemTime1s+3)^(0+1280),c	;volatile
   779  01FE62  0012               	return		;funcret
   780  01FE64                     __end_of_SysTickSetup:
   781                           	callstack 0
   782                           
   783 ;; *************** function _GpioSetup *****************
   784 ;; Defined at:
   785 ;;		line 89 in file "encm369_pic18.c"
   786 ;; Parameters:    Size  Location     Type
   787 ;;		None
   788 ;; Auto vars:     Size  Location     Type
   789 ;;		None
   790 ;; Return value:  Size  Location     Type
   791 ;;                  1    wreg      void 
   792 ;; Registers used:
   793 ;;		wreg, status,2
   794 ;; Tracked objects:
   795 ;;		On entry : 0/0
   796 ;;		On exit  : 0/0
   797 ;;		Unchanged: 0/0
   798 ;; Data sizes:     COMRAM   BANK5   BANK6   BANK7   BANK8   BANK9  BANK10  BANK11  BANK12  BANK13  BANK14  BANK15  BANK1
      +6  BANK17  BANK18  BANK19  BANK20  BANK21  BANK22  BANK23  BANK24  BANK25  BANK26  BANK27  BANK28  BANK29  BANK30  BANK3
      +1  BANK32  BANK33  BANK34  BANK35  BANK36  BANK37
   799 ;;      Params:         0       0       0       0       0       0       0       0       0       0       0       0       
      +0       0       0       0       0       0       0       0       0       0       0       0       0       0       0       
      +0       0       0       0       0       0       0
   800 ;;      Locals:         0       0       0       0       0       0       0       0       0       0       0       0       
      +0       0       0       0       0       0       0       0       0       0       0       0       0       0       0       
      +0       0       0       0       0       0       0
   801 ;;      Temps:          0       0       0       0       0       0       0       0       0       0       0       0       
      +0       0       0       0       0       0       0       0       0       0       0       0       0       0       0       
      +0       0       0       0       0       0       0
   802 ;;      Totals:         0       0       0       0       0       0       0       0       0       0       0       0       
      +0       0       0       0       0       0       0       0       0       0       0       0       0       0       0       
      +0       0       0       0       0       0       0
   803 ;;Total ram usage:        0 bytes
   804 ;; Hardware stack levels used:    1
   805 ;; This function calls:
   806 ;;		Nothing
   807 ;; This function is called by:
   808 ;;		_main
   809 ;; This function uses a non-reentrant model
   810 ;;
   811                           
   812                           	psect	text6
   813  01FE02                     __ptext6:
   814                           	callstack 0
   815  01FE02                     _GpioSetup:
   816                           	callstack 127
   817  01FE02                     
   818                           ;encm369_pic18.c: 92:     TRISA=0x00;
   819  01FE02  0E00               	movlw	0
   820  01FE04  6EC6               	movwf	198,c	;volatile
   821                           
   822                           ;encm369_pic18.c: 93:     ANSELA=0x00;
   823  01FE06  0E00               	movlw	0
   824  01FE08  0104               	movlb	4	; () banked
   825  01FE0A  6F00               	movwf	0,b	;volatile
   826                           
   827                           ;encm369_pic18.c: 99:     DAC1CON= 0xA0;
   828  01FE0C  0EA0               	movlw	160
   829  01FE0E  0100               	movlb	0	; () banked
   830  01FE10  6F7F               	movwf	127,b	;volatile
   831  01FE12                     
   832                           ; BSR set to: 0
   833  01FE12  0012               	return		;funcret
   834  01FE14                     __end_of_GpioSetup:
   835                           	callstack 0
   836                           
   837 ;; *************** function _ClockSetup *****************
   838 ;; Defined at:
   839 ;;		line 70 in file "encm369_pic18.c"
   840 ;; Parameters:    Size  Location     Type
   841 ;;		None
   842 ;; Auto vars:     Size  Location     Type
   843 ;;		None
   844 ;; Return value:  Size  Location     Type
   845 ;;                  1    wreg      void 
   846 ;; Registers used:
   847 ;;		None
   848 ;; Tracked objects:
   849 ;;		On entry : 0/0
   850 ;;		On exit  : 0/0
   851 ;;		Unchanged: 0/0
   852 ;; Data sizes:     COMRAM   BANK5   BANK6   BANK7   BANK8   BANK9  BANK10  BANK11  BANK12  BANK13  BANK14  BANK15  BANK1
      +6  BANK17  BANK18  BANK19  BANK20  BANK21  BANK22  BANK23  BANK24  BANK25  BANK26  BANK27  BANK28  BANK29  BANK30  BANK3
      +1  BANK32  BANK33  BANK34  BANK35  BANK36  BANK37
   853 ;;      Params:         0       0       0       0       0       0       0       0       0       0       0       0       
      +0       0       0       0       0       0       0       0       0       0       0       0       0       0       0       
      +0       0       0       0       0       0       0
   854 ;;      Locals:         0       0       0       0       0       0       0       0       0       0       0       0       
      +0       0       0       0       0       0       0       0       0       0       0       0       0       0       0       
      +0       0       0       0       0       0       0
   855 ;;      Temps:          0       0       0       0       0       0       0       0       0       0       0       0       
      +0       0       0       0       0       0       0       0       0       0       0       0       0       0       0       
      +0       0       0       0       0       0       0
   856 ;;      Totals:         0       0       0       0       0       0       0       0       0       0       0       0       
      +0       0       0       0       0       0       0       0       0       0       0       0       0       0       0       
      +0       0       0       0       0       0       0
   857 ;;Total ram usage:        0 bytes
   858 ;; Hardware stack levels used:    1
   859 ;; This function calls:
   860 ;;		Nothing
   861 ;; This function is called by:
   862 ;;		_main
   863 ;; This function uses a non-reentrant model
   864 ;;
   865                           
   866                           	psect	text7
   867  01FDFE                     __ptext7:
   868                           	callstack 0
   869  01FDFE                     _ClockSetup:
   870                           	callstack 127
   871  01FDFE  0012               	return		;funcret
   872  01FE00                     __end_of_ClockSetup:
   873                           	callstack 0
   874  0000                     
   875                           	psect	rparam
   876  0000                     
   877                           	psect	idloc
   878                           
   879                           ;Config register IDLOC0 @ 0x200000
   880                           ;	unspecified, using default values
   881  200000                     	org	2097152
   882  200000  0FFF               	dw	4095
   883                           
   884                           ;Config register IDLOC1 @ 0x200002
   885                           ;	unspecified, using default values
   886  200002                     	org	2097154
   887  200002  0FFF               	dw	4095
   888                           
   889                           ;Config register IDLOC2 @ 0x200004
   890                           ;	unspecified, using default values
   891  200004                     	org	2097156
   892  200004  0FFF               	dw	4095
   893                           
   894                           ;Config register IDLOC3 @ 0x200006
   895                           ;	unspecified, using default values
   896  200006                     	org	2097158
   897  200006  0FFF               	dw	4095
   898                           
   899                           ;Config register IDLOC4 @ 0x200008
   900                           ;	unspecified, using default values
   901  200008                     	org	2097160
   902  200008  0FFF               	dw	4095
   903                           
   904                           ;Config register IDLOC5 @ 0x20000A
   905                           ;	unspecified, using default values
   906  20000A                     	org	2097162
   907  20000A  0FFF               	dw	4095
   908                           
   909                           ;Config register IDLOC6 @ 0x20000C
   910                           ;	unspecified, using default values
   911  20000C                     	org	2097164
   912  20000C  0FFF               	dw	4095
   913                           
   914                           ;Config register IDLOC7 @ 0x20000E
   915                           ;	unspecified, using default values
   916  20000E                     	org	2097166
   917  20000E  0FFF               	dw	4095
   918                           
   919                           ;Config register IDLOC8 @ 0x200010
   920                           ;	unspecified, using default values
   921  200010                     	org	2097168
   922  200010  0FFF               	dw	4095
   923                           
   924                           ;Config register IDLOC9 @ 0x200012
   925                           ;	unspecified, using default values
   926  200012                     	org	2097170
   927  200012  0FFF               	dw	4095
   928                           
   929                           ;Config register IDLOC10 @ 0x200014
   930                           ;	unspecified, using default values
   931  200014                     	org	2097172
   932  200014  0FFF               	dw	4095
   933                           
   934                           ;Config register IDLOC11 @ 0x200016
   935                           ;	unspecified, using default values
   936  200016                     	org	2097174
   937  200016  0FFF               	dw	4095
   938                           
   939                           ;Config register IDLOC12 @ 0x200018
   940                           ;	unspecified, using default values
   941  200018                     	org	2097176
   942  200018  0FFF               	dw	4095
   943                           
   944                           ;Config register IDLOC13 @ 0x20001A
   945                           ;	unspecified, using default values
   946  20001A                     	org	2097178
   947  20001A  0FFF               	dw	4095
   948                           
   949                           ;Config register IDLOC14 @ 0x20001C
   950                           ;	unspecified, using default values
   951  20001C                     	org	2097180
   952  20001C  0FFF               	dw	4095
   953                           
   954                           ;Config register IDLOC15 @ 0x20001E
   955                           ;	unspecified, using default values
   956  20001E                     	org	2097182
   957  20001E  0FFF               	dw	4095
   958                           
   959                           	psect	config
   960                           
   961                           ;Config register CONFIG1 @ 0x300000
   962                           ;	External Oscillator Selection
   963                           ;	FEXTOSC = OFF, Oscillator not enabled
   964                           ;	Reset Oscillator Selection
   965                           ;	RSTOSC = HFINTOSC_64MHZ, HFINTOSC with HFFRQ = 64 MHz and CDIV = 1:1
   966  300000                     	org	3145728
   967  300000  8C                 	db	140
   968                           
   969                           ;Config register CONFIG2 @ 0x300001
   970                           ;	Clock out Enable bit
   971                           ;	CLKOUTEN = ON, CLKOUT function is enabled
   972                           ;	PRLOCKED One-Way Set Enable bit
   973                           ;	PR1WAY = ON, PRLOCKED bit can be cleared and set only once
   974                           ;	Clock Switch Enable bit
   975                           ;	CSWEN = ON, Writing to NOSC and NDIV is allowed
   976                           ;	Fail-Safe Clock Monitor Enable bit
   977                           ;	FCMEN = ON, Fail-Safe Clock Monitor enabled
   978  300001                     	org	3145729
   979  300001  FE                 	db	254
   980                           
   981                           ;Config register CONFIG3 @ 0x300002
   982                           ;	MCLR Enable bit
   983                           ;	MCLRE = EXTMCLR, If LVP = 0, MCLR pin is MCLR; If LVP = 1, RE3 pin function is MCLR
   984                           ;	Power-up timer selection bits
   985                           ;	PWRTS = PWRT_OFF, PWRT is disabled
   986                           ;	Multi-vector enable bit
   987                           ;	MVECEN = ON, Multi-vector enabled, Vector table used for interrupts
   988                           ;	IVTLOCK bit One-way set enable bit
   989                           ;	IVT1WAY = ON, IVTLOCKED bit can be cleared and set only once
   990                           ;	Low Power BOR Enable bit
   991                           ;	LPBOREN = OFF, Low-Power BOR disabled
   992                           ;	Brown-out Reset Enable bits
   993                           ;	BOREN = SBORDIS, Brown-out Reset enabled , SBOREN bit is ignored
   994  300002                     	org	3145730
   995  300002  FF                 	db	255
   996                           
   997                           ;Config register CONFIG4 @ 0x300003
   998                           ;	Brown-out Reset Voltage Selection bits
   999                           ;	BORV = VBOR_2P85, Brown-out Reset Voltage (VBOR) set to 2.8V
  1000                           ;	ZCD Disable bit
  1001                           ;	ZCD = OFF, ZCD module is disabled. ZCD can be enabled by setting the ZCDSEN bit of ZCD
      +                          CON
  1002                           ;	PPSLOCK bit One-Way Set Enable bit
  1003                           ;	PPS1WAY = ON, PPSLOCKED bit can be cleared and set only once; PPS registers remain loc
      +                          ked after one clear/set cycle
  1004                           ;	Stack Full/Underflow Reset Enable bit
  1005                           ;	STVREN = ON, Stack full/underflow will cause Reset
  1006                           ;	Low Voltage Programming Enable bit
  1007                           ;	LVP = ON, Low voltage programming enabled. MCLR/VPP pin function is MCLR. MCLRE config
      +                          uration bit is ignored
  1008                           ;	Extended Instruction Set Enable bit
  1009                           ;	XINST = OFF, Extended Instruction Set and Indexed Addressing Mode disabled
  1010  300003                     	org	3145731
  1011  300003  FC                 	db	252
  1012                           
  1013                           ;Config register CONFIG5 @ 0x300004
  1014                           ;	WDT Period selection bits
  1015                           ;	WDTCPS = WDTCPS_31, Divider ratio 1:65536; software control of WDTPS
  1016                           ;	WDT operating mode
  1017                           ;	WDTE = OFF, WDT Disabled; SWDTEN is ignored
  1018  300004                     	org	3145732
  1019  300004  9F                 	db	159
  1020                           
  1021                           ;Config register CONFIG6 @ 0x300005
  1022                           ;	WDT Window Select bits
  1023                           ;	WDTCWS = WDTCWS_7, window always open (100%); software control; keyed access not requi
      +                          red
  1024                           ;	WDT input clock selector
  1025                           ;	WDTCCS = SC, Software Control
  1026  300005                     	org	3145733
  1027  300005  FF                 	db	255
  1028                           
  1029                           ;Config register CONFIG7 @ 0x300006
  1030                           ;	Boot Block Size selection bits
  1031                           ;	BBSIZE = BBSIZE_512, Boot Block size is 512 words
  1032                           ;	Boot Block enable bit
  1033                           ;	BBEN = OFF, Boot block disabled
  1034                           ;	Storage Area Flash enable bit
  1035                           ;	SAFEN = OFF, SAF disabled
  1036                           ;	Background Debugger
  1037                           ;	DEBUG = OFF, Background Debugger disabled
  1038  300006                     	org	3145734
  1039  300006  FF                 	db	255
  1040                           
  1041                           ;Config register CONFIG8 @ 0x300007
  1042                           ;	Boot Block Write Protection bit
  1043                           ;	WRTB = OFF, Boot Block not Write protected
  1044                           ;	Configuration Register Write Protection bit
  1045                           ;	WRTC = OFF, Configuration registers not Write protected
  1046                           ;	Data EEPROM Write Protection bit
  1047                           ;	WRTD = OFF, Data EEPROM not Write protected
  1048                           ;	SAF Write protection bit
  1049                           ;	WRTSAF = OFF, SAF not Write Protected
  1050                           ;	Application Block write protection bit
  1051                           ;	WRTAPP = OFF, Application Block not write protected
  1052  300007                     	org	3145735
  1053  300007  FF                 	db	255
  1054                           
  1055                           ; Padding undefined space
  1056  300008                     	org	3145736
  1057  300008  FF                 	db	255
  1058                           
  1059                           ;Config register CONFIG10 @ 0x300009
  1060                           ;	PFM and Data EEPROM Code Protection bit
  1061                           ;	CP = OFF, PFM and Data EEPROM code protection disabled
  1062  300009                     	org	3145737
  1063  300009  FF                 	db	255
  1064                           tosu	equ	0x4FF
  1065                           tosh	equ	0x4FE
  1066                           tosl	equ	0x4FD
  1067                           stkptr	equ	0x4FC
  1068                           pclatu	equ	0x4FB
  1069                           pclath	equ	0x4FA
  1070                           pcl	equ	0x4F9
  1071                           tblptru	equ	0x4F8
  1072                           tblptrh	equ	0x4F7
  1073                           tblptrl	equ	0x4F6
  1074                           tablat	equ	0x4F5
  1075                           prodh	equ	0x4F4
  1076                           prodl	equ	0x4F3
  1077                           indf0	equ	0x4EF
  1078                           postinc0	equ	0x4EE
  1079                           postdec0	equ	0x4ED
  1080                           preinc0	equ	0x4EC
  1081                           plusw0	equ	0x4EB
  1082                           fsr0h	equ	0x4EA
  1083                           fsr0l	equ	0x4E9
  1084                           wreg	equ	0x4E8
  1085                           indf1	equ	0x4E7
  1086                           postinc1	equ	0x4E6
  1087                           postdec1	equ	0x4E5
  1088                           preinc1	equ	0x4E4
  1089                           plusw1	equ	0x4E3
  1090                           fsr1h	equ	0x4E2
  1091                           fsr1l	equ	0x4E1
  1092                           bsr	equ	0x4E0
  1093                           indf2	equ	0x4DF
  1094                           postinc2	equ	0x4DE
  1095                           postdec2	equ	0x4DD
  1096                           preinc2	equ	0x4DC
  1097                           plusw2	equ	0x4DB
  1098                           fsr2h	equ	0x4DA
  1099                           fsr2l	equ	0x4D9
  1100                           status	equ	0x4D8

Data Sizes:
    Strings     0
    Constant    0
    Data        256
    BSS         14
    Persistent  0
    Stack       0

Auto Spaces:
    Space          Size  Autos    Used
    COMRAM           95      4      18
    BANK5           160      0       0
    BANK6           256      0     256
    BANK7           256      0       0
    BANK8           256      0       0
    BANK9           256      0       0
    BANK10          256      0       0
    BANK11          256      0       0
    BANK12          256      0       0
    BANK13          256      0       0
    BANK14          256      0       0
    BANK15          256      0       0
    BANK16          256      0       0
    BANK17          256      0       0
    BANK18          256      0       0
    BANK19          256      0       0
    BANK20          256      0       0
    BANK21          256      0       0
    BANK22          256      0       0
    BANK23          256      0       0
    BANK24          256      0       0
    BANK25          256      0       0
    BANK26          256      0       0
    BANK27          256      0       0
    BANK28          256      0       0
    BANK29          256      0       0
    BANK30          256      0       0
    BANK31          256      0       0
    BANK32          256      0       0
    BANK33          256      0       0
    BANK34          256      0       0
    BANK35          256      0       0
    BANK36          256      0       0
    BANK37          256      0       0

Pointer List with Targets:

    None.

Critical Paths under _main in COMRAM

    _main->_TimeXus

Critical Paths under _main in BANK5

    None.

Critical Paths under _main in BANK6

    None.

Critical Paths under _main in BANK7

    None.

Critical Paths under _main in BANK8

    None.

Critical Paths under _main in BANK9

    None.

Critical Paths under _main in BANK10

    None.

Critical Paths under _main in BANK11

    None.

Critical Paths under _main in BANK12

    None.

Critical Paths under _main in BANK13

    None.

Critical Paths under _main in BANK14

    None.

Critical Paths under _main in BANK15

    None.

Critical Paths under _main in BANK16

    None.

Critical Paths under _main in BANK17

    None.

Critical Paths under _main in BANK18

    None.

Critical Paths under _main in BANK19

    None.

Critical Paths under _main in BANK20

    None.

Critical Paths under _main in BANK21

    None.

Critical Paths under _main in BANK22

    None.

Critical Paths under _main in BANK23

    None.

Critical Paths under _main in BANK24

    None.

Critical Paths under _main in BANK25

    None.

Critical Paths under _main in BANK26

    None.

Critical Paths under _main in BANK27

    None.

Critical Paths under _main in BANK28

    None.

Critical Paths under _main in BANK29

    None.

Critical Paths under _main in BANK30

    None.

Critical Paths under _main in BANK31

    None.

Critical Paths under _main in BANK32

    None.

Critical Paths under _main in BANK33

    None.

Critical Paths under _main in BANK34

    None.

Critical Paths under _main in BANK35

    None.

Critical Paths under _main in BANK36

    None.

Critical Paths under _main in BANK37

    None.

Call Graph Tables:

 ---------------------------------------------------------------------------------
 (Depth) Function   	        Calls       Base Space   Used Autos Params    Refs
 ---------------------------------------------------------------------------------
 (0) _main                                                 0     0      0     120
                         _ClockSetup
                          _GpioSetup
                       _SysTickSetup
                        _SystemSleep
                            _TimeXus
                  _UserAppInitialize
                         _UserAppRun
 ---------------------------------------------------------------------------------
 (1) _UserAppRun                                           0     0      0       0
 ---------------------------------------------------------------------------------
 (1) _UserAppInitialize                                    0     0      0       0
 ---------------------------------------------------------------------------------
 (1) _TimeXus                                              4     2      2     120
                                              0 COMRAM     4     2      2
 ---------------------------------------------------------------------------------
 (1) _SystemSleep                                          0     0      0       0
 ---------------------------------------------------------------------------------
 (1) _SysTickSetup                                         0     0      0       0
 ---------------------------------------------------------------------------------
 (1) _GpioSetup                                            0     0      0       0
 ---------------------------------------------------------------------------------
 (1) _ClockSetup                                           0     0      0       0
 ---------------------------------------------------------------------------------
 Estimated maximum stack depth 1
 ---------------------------------------------------------------------------------

 Call Graph Graphs:

 _main (ROOT)
   _ClockSetup
   _GpioSetup
   _SysTickSetup
   _SystemSleep
   _TimeXus
   _UserAppInitialize
   _UserAppRun

 Address spaces:
Name               Size   Autos  Total    Cost      Usage
BIGRAM            20FF      0       0      71        0.0%
EEDATA             400      0       0       0        0.0%
BITBANK37          100      0       0      70        0.0%
BANK37             100      0       0      68        0.0%
BITBANK36          100      0       0      66        0.0%
BANK36             100      0       0      67        0.0%
BITBANK35          100      0       0      64        0.0%
BANK35             100      0       0      65        0.0%
BITBANK34          100      0       0      62        0.0%
BANK34             100      0       0      63        0.0%
BITBANK33          100      0       0      60        0.0%
BANK33             100      0       0      61        0.0%
BITBANK32          100      0       0      58        0.0%
BANK32             100      0       0      59        0.0%
BITBANK31          100      0       0      56        0.0%
BANK31             100      0       0      57        0.0%
BITBANK30          100      0       0      54        0.0%
BANK30             100      0       0      55        0.0%
BITBANK29          100      0       0      52        0.0%
BANK29             100      0       0      53        0.0%
BITBANK28          100      0       0      50        0.0%
BANK28             100      0       0      51        0.0%
BITBANK27          100      0       0      48        0.0%
BANK27             100      0       0      49        0.0%
BITBANK26          100      0       0      46        0.0%
BANK26             100      0       0      47        0.0%
BITBANK25          100      0       0      44        0.0%
BANK25             100      0       0      45        0.0%
BITBANK24          100      0       0      42        0.0%
BANK24             100      0       0      43        0.0%
BITBANK23          100      0       0      40        0.0%
BANK23             100      0       0      41        0.0%
BITBANK22          100      0       0      38        0.0%
BANK22             100      0       0      39        0.0%
BITBANK21          100      0       0      36        0.0%
BANK21             100      0       0      37        0.0%
BITBANK20          100      0       0      34        0.0%
BANK20             100      0       0      35        0.0%
BITBANK19          100      0       0      32        0.0%
BANK19             100      0       0      33        0.0%
BITBANK18          100      0       0      30        0.0%
BANK18             100      0       0      31        0.0%
BITBANK17          100      0       0      28        0.0%
BANK17             100      0       0      29        0.0%
BITBANK16          100      0       0      26        0.0%
BANK16             100      0       0      27        0.0%
BITBANK15          100      0       0      24        0.0%
BANK15             100      0       0      25        0.0%
BITBANK14          100      0       0      22        0.0%
BANK14             100      0       0      23        0.0%
BITBANK13          100      0       0      20        0.0%
BANK13             100      0       0      21        0.0%
BITBANK12          100      0       0      18        0.0%
BANK12             100      0       0      19        0.0%
BITBANK11          100      0       0      16        0.0%
BANK11             100      0       0      17        0.0%
BITBANK10          100      0       0      14        0.0%
BANK10             100      0       0      15        0.0%
BITBANK9           100      0       0      12        0.0%
BANK9              100      0       0      13        0.0%
BITBANK8           100      0       0      10        0.0%
BANK8              100      0       0      11        0.0%
BITBANK7           100      0       0       8        0.0%
BANK7              100      0       0       9        0.0%
BITBANK6           100      0       0       6        0.0%
BANK6              100      0     100       7      100.0%
BITBANK5            A0      0       0       4        0.0%
BANK5               A0      0       0       5        0.0%
BITCOMRAM           5F      0       0       0        0.0%
COMRAM              5F      4      12       1       18.9%
BITSFR_5             0      0       0     200        0.0%
SFR_5                0      0       0     200        0.0%
BITSFR_4             0      0       0     200        0.0%
SFR_4                0      0       0     200        0.0%
BITSFR_3             0      0       0     200        0.0%
SFR_3                0      0       0     200        0.0%
BITSFR_2             0      0       0     200        0.0%
SFR_2                0      0       0     200        0.0%
BITSFR_1             0      0       0     200        0.0%
SFR_1                0      0       0     200        0.0%
BITSFR               0      0       0     200        0.0%
SFR                  0      0       0     200        0.0%
STACK                0      0       0       2        0.0%
NULL                 0      0       0       0        0.0%
ABS                  0      0     112      69        0.0%
DATA                 0      0     112       3        0.0%
CODE                 0      0       0       0        0.0%


Microchip Technology PIC18 Macro Assembler V2.31 build 20201012212115 
Symbol Table                                                                                   Thu Mar 25 00:23:50 2021

     __size_of_SysTickSetup 0022                          l13 FDFE                          l22 FE00  
                        l16 FE12                          l19 FE62                          l52 FEE4  
                        l83 FE40                          l86 FE84                          l78 FE28  
                        u20 FEF2                          u21 FEEE                         l800 FE64  
                       l802 FE68                         l810 FEC2                         l804 FE7A  
                       l820 FED4                         l812 FEC6                         l822 FED8  
                       l814 FECA                         l806 FEBC                         l824 FEF2  
                       l816 FECE                         l808 FEBE                         l762 FE02  
                       l770 FE3C                         l818 FED2                         l766 FE14  
                       l768 FE2A                         l798 FE42                         wreg 0004E8  
                      _LATA 0004BE                        _PIR3 0004B1                        _main FEBC  
              _SysTickSetup FE42                        fsr1h 0004E2                        indf2 0004DF  
                      fsr1l 0004E1                        fsr2l 0004D9                        start FFFC  
      __size_of_SystemSleep 0002                ___param_bank 000000                  _ClockSetup FDFE  
           __end_of_TimeXus FE86                       ?_main 050F                       _TMR0H 000319  
                     _TMR0L 000318                       _TRISA 0004C6                       tablat 0004F5  
           __initialization FE86                __end_of_main FEFC                      ??_main 0513  
             __activetblptr 000000                      _ANSELA 000400                      _T0CON0 00031A  
                    _T0CON1 00031B          __size_of_GpioSetup 0012                   ??_TimeXus 0511  
               ?_ClockSetup 050F                      clear_0 FEB0                      tblptrh 0004F7  
                    tblptrl 0004F6                      tblptru 0004F8                  _UserAppRun FE2A  
                __accesstop 0560     __end_of__initialization FEB6               ___rparam_used 000001  
          _G_u8UserAppFlags 050E              __pcstackCOMRAM 050F                __pidataBANK6 FEFC  
         __end_of_GpioSetup FE14         __size_of_ClockSetup 0002                     _DAC1CON 00007F  
               ?_UserAppRun 050F               ??_SystemSleep 050F                     __Hparam 0000  
                   __Lparam 0000                     _TimeXus FE64                     __pcinit FE86  
                   __ramtop 2600                     __ptext0 FEBC                     __ptext1 FE2A  
                   __ptext2 FE14                     __ptext3 FE64                     __ptext4 FE00  
                   __ptext5 FE42                     __ptext6 FE02                     __ptext7 FDFE  
      end_of_initialization FEB6            _G_u32SystemFlags 0501                     postdec1 0004E5  
                   postinc0 0004EE         __end_of_SystemSleep FE02                ??_ClockSetup 050F  
       __size_of_UserAppRun 0018          __end_of_ClockSetup FE00                   _GpioSetup FE02  
       start_initialization FE86               ?_SysTickSetup 050F                 _SystemSleep FE00  
               __pdataBANK6 0600                  ?_GpioSetup 050F                 __pbssCOMRAM 0501  
         _UserAppInitialize FE14                ??_UserAppRun 050F          ?_UserAppInitialize 050F  
            ??_SysTickSetup 050F         ??_UserAppInitialize 050F                    ?_TimeXus 050F  
        __end_of_UserAppRun FE42                    _DAC1DATL 00007D   __end_of_UserAppInitialize FE2A  
         UserAppRun@u8Index 050D                 ??_GpioSetup 050F                   copy_data0 FE9A  
                  __Hrparam 0000                    __Lrparam 0000            __size_of_TimeXus 0022  
      __end_of_SysTickSetup FE64  __size_of_UserAppInitialize 0016               __size_of_main 0040  
              ?_SystemSleep 050F        TimeXus@u16Time_delay 050F          _G_u32SystemTime1ms 0509  
         _G_u32SystemTime1s 0505         _UserApp_au8sinTable 0600  
