

Microchip MPLAB XC8 Assembler V2.31 build 20201012212115 
                                                                                               Sat Feb 06 20:47:23 2021

Microchip MPLAB XC8 C Compiler v2.31 (Free license) build 20201012212115 Og1 
     1                           	processor	18F27Q43
     2                           	fnconf	rparam,??,?,0
     3                           	pagewidth 120
     4                           	opt	flic
     5                           	psect	cinit,global,reloc=2,class=CODE,delta=1
     6                           	psect	bssCOMRAM,global,class=COMRAM,space=1,delta=1,lowdata,noexec
     7                           	psect	cstackCOMRAM,global,class=COMRAM,space=1,delta=1,lowdata,noexec
     8                           	psect	text0,global,reloc=2,class=CODE,delta=1
     9                           	psect	text1,global,reloc=2,class=CODE,delta=1
    10                           	psect	text2,global,reloc=2,class=CODE,delta=1
    11                           	psect	text3,global,reloc=2,class=CODE,delta=1
    12                           	psect	text4,global,reloc=2,class=CODE,delta=1
    13                           	psect	text5,global,reloc=2,class=CODE,delta=1
    14                           	psect	text6,global,reloc=2,class=CODE,delta=1
    15                           	psect	intsave_regs,global,class=BIGRAM,space=1,delta=1,noexec
    16                           	psect	rparam,global,class=COMRAM,space=1,delta=1,noexec
    17                           	psect	idloc,global,abs,ovrld,class=IDLOC,space=5,delta=1,noexec
    18                           	psect	config,global,abs,ovrld,class=CONFIG,space=4,delta=1,noexec
    19  0000                     
    20                           ; Version 2.30
    21                           ; Generated 20/08/2020 GMT
    22                           ; 
    23                           ; Copyright © 2020, Microchip Technology Inc. and its subsidiaries ("Microchip")
    24                           ; All rights reserved.
    25                           ; 
    26                           ; This software is developed by Microchip Technology Inc. and its subsidiaries ("Microch
      +                          ip").
    27                           ; 
    28                           ; Redistribution and use in source and binary forms, with or without modification, are
    29                           ; permitted provided that the following conditions are met:
    30                           ; 
    31                           ;     1. Redistributions of source code must retain the above copyright notice, this lis
      +                          t of
    32                           ;        conditions and the following disclaimer.
    33                           ; 
    34                           ;     2. Redistributions in binary form must reproduce the above copyright notice, this 
      +                          list
    35                           ;        of conditions and the following disclaimer in the documentation and/or other
    36                           ;        materials provided with the distribution. Publication is not required when
    37                           ;        this file is used in an embedded application.
    38                           ; 
    39                           ;     3. Microchip's name may not be used to endorse or promote products derived from th
      +                          is
    40                           ;        software without specific prior written permission.
    41                           ; 
    42                           ; THIS SOFTWARE IS PROVIDED BY MICROCHIP "AS IS" AND ANY EXPRESS OR IMPLIED WARRANTIES,
    43                           ; INCLUDING, BUT NOT LIMITED TO, THE IMPLIED WARRANTIES OF MERCHANTABILITY AND FITNESS F
      +                          OR
    44                           ; PURPOSE ARE DISCLAIMED.  IN NO EVENT SHALL MICROCHIP BE LIABLE FOR ANY DIRECT, INDIREC
      +                          T,
    45                           ; INCIDENTAL, SPECIAL, EXEMPLARY, OR CONSEQUENTIAL DAMAGES (INCLUDING BUT NOT LIMITED TO
    46                           ; PROCUREMENT OF SUBSTITUTE GOODS OR SERVICES; LOSS OF USE, DATA OR PROFITS; OR BUSINESS
    47                           ; INTERRUPTION) HOWSOEVER CAUSED AND ON ANY THEORY OF LIABILITY, WHETHER IN CONTRACT, ST
      +                          RICT
    48                           ; LIABILITY, OR TORT (INCLUDING NEGLIGENCE OR OTHERWISE) ARISING IN ANY WAY OUT OF THE U
      +                          SE OF
    49                           ; THIS SOFTWARE, EVEN IF ADVISED OF THE POSSIBILITY OF SUCH DAMAGE.
    50                           ; 
    51                           ; 
    52                           ; Code-generator required, PIC18F27Q43 Definitions
    53                           ; 
    54                           ; SFR Addresses
    55  0000                     _ANSELA	set	1024
    56  0000                     _TRISA	set	1222
    57  0000                     _PORTA	set	1230
    58  0000                     _RA0	set	9840
    59                           
    60                           ; #config settings
    61                           
    62                           	psect	cinit
    63  01FF74                     __pcinit:
    64                           	callstack 0
    65  01FF74                     start_initialization:
    66                           	callstack 0
    67  01FF74                     __initialization:
    68                           	callstack 0
    69                           
    70                           ; Clear objects allocated to COMRAM (13 bytes)
    71  01FF74  EE01  F101         	lfsr	0,__pbssCOMRAM
    72  01FF78  0E0D               	movlw	13
    73  01FF7A                     clear_0:
    74  01FF7A  6AEE               	clrf	postinc0,c
    75  01FF7C  06E8               	decf	wreg,f,c
    76  01FF7E  E1FD               	bnz	clear_0
    77  01FF80                     end_of_initialization:
    78                           	callstack 0
    79  01FF80                     __end_of__initialization:
    80                           	callstack 0
    81  01FF80  0100               	movlb	0
    82  01FF82  EFD4  F0FF         	goto	_main	;jump to C main() function
    83                           
    84                           	psect	bssCOMRAM
    85  000501                     __pbssCOMRAM:
    86                           	callstack 0
    87  000501                     _G_u32SystemFlags:
    88                           	callstack 0
    89  000501                     	ds	4
    90  000505                     _G_u32SystemTime1s:
    91                           	callstack 0
    92  000505                     	ds	4
    93  000509                     _G_u32SystemTime1ms:
    94                           	callstack 0
    95  000509                     	ds	4
    96  00050D                     _G_u8UserAppFlags:
    97                           	callstack 0
    98  00050D                     	ds	1
    99                           
   100                           	psect	cstackCOMRAM
   101  00050E                     __pcstackCOMRAM:
   102                           	callstack 0
   103  00050E                     ??_UserAppRun:
   104  00050E                     
   105                           ; 1 bytes @ 0x0
   106  00050E                     	ds	2
   107  000510                     
   108                           ; 1 bytes @ 0x2
   109 ;;
   110 ;;Main: autosize = 0, tempsize = 0, incstack = 0, save=0
   111 ;;
   112 ;; *************** function _main *****************
   113 ;; Defined at:
   114 ;;		line 35 in file "main.c"
   115 ;; Parameters:    Size  Location     Type
   116 ;;		None
   117 ;; Auto vars:     Size  Location     Type
   118 ;;		None
   119 ;; Return value:  Size  Location     Type
   120 ;;                  1    wreg      void 
   121 ;; Registers used:
   122 ;;		wreg, status,2, status,0, cstack
   123 ;; Tracked objects:
   124 ;;		On entry : 0/0
   125 ;;		On exit  : 0/0
   126 ;;		Unchanged: 0/0
   127 ;; Data sizes:     COMRAM   BANK5   BANK6   BANK7   BANK8   BANK9  BANK10  BANK11  BANK12  BANK13  BANK14  BANK15  BANK1
      +6  BANK17  BANK18  BANK19  BANK20  BANK21  BANK22  BANK23  BANK24  BANK25  BANK26  BANK27  BANK28  BANK29  BANK30  BANK3
      +1  BANK32  BANK33  BANK34  BANK35  BANK36  BANK37
   128 ;;      Params:         0       0       0       0       0       0       0       0       0       0       0       0       
      +0       0       0       0       0       0       0       0       0       0       0       0       0       0       0       
      +0       0       0       0       0       0       0
   129 ;;      Locals:         0       0       0       0       0       0       0       0       0       0       0       0       
      +0       0       0       0       0       0       0       0       0       0       0       0       0       0       0       
      +0       0       0       0       0       0       0
   130 ;;      Temps:          0       0       0       0       0       0       0       0       0       0       0       0       
      +0       0       0       0       0       0       0       0       0       0       0       0       0       0       0       
      +0       0       0       0       0       0       0
   131 ;;      Totals:         0       0       0       0       0       0       0       0       0       0       0       0       
      +0       0       0       0       0       0       0       0       0       0       0       0       0       0       0       
      +0       0       0       0       0       0       0
   132 ;;Total ram usage:        0 bytes
   133 ;; Hardware stack levels required when called:    1
   134 ;; This function calls:
   135 ;;		_ClockSetup
   136 ;;		_GpioSetup
   137 ;;		_SysTickSetup
   138 ;;		_SystemSleep
   139 ;;		_UserAppInitialize
   140 ;;		_UserAppRun
   141 ;; This function is called by:
   142 ;;		Startup code after reset
   143 ;; This function uses a non-reentrant model
   144 ;;
   145                           
   146                           	psect	text0
   147  01FFA8                     __ptext0:
   148                           	callstack 0
   149  01FFA8                     _main:
   150                           	callstack 127
   151  01FFA8                     
   152                           ;main.c: 37:   G_u32SystemFlags |= (u32)0x80000000;
   153  01FFA8  8E04               	bsf	(_G_u32SystemFlags+3)^(0+1280),7,c	;volatile
   154  01FFAA                     
   155                           ;main.c: 40:   ClockSetup();
   156  01FFAA  ECAF  F0FF         	call	_ClockSetup	;wreg free
   157  01FFAE                     
   158                           ;main.c: 41:   SysTickSetup();
   159  01FFAE  ECC3  F0FF         	call	_SysTickSetup	;wreg free
   160  01FFB2                     
   161                           ;main.c: 42:   GpioSetup();
   162  01FFB2  ECB2  F0FF         	call	_GpioSetup	;wreg free
   163  01FFB6                     
   164                           ;main.c: 47:   UserAppInitialize();
   165  01FFB6  ECB1  F0FF         	call	_UserAppInitialize	;wreg free
   166  01FFBA                     l773:
   167                           
   168                           ;main.c: 53:   {;main.c: 57:     UserAppRun();
   169  01FFBA  ECE5  F0FF         	call	_UserAppRun	;wreg free
   170  01FFBE                     
   171                           ;main.c: 62:     SystemSleep();
   172  01FFBE  ECB0  F0FF         	call	_SystemSleep	;wreg free
   173  01FFC2  EFDD  F0FF         	goto	l773
   174  01FFC6  EFFE  F0FF         	goto	start
   175  01FFCA                     __end_of_main:
   176                           	callstack 0
   177                           
   178 ;; *************** function _UserAppRun *****************
   179 ;; Defined at:
   180 ;;		line 95 in file "user_app.c"
   181 ;; Parameters:    Size  Location     Type
   182 ;;		None
   183 ;; Auto vars:     Size  Location     Type
   184 ;;		None
   185 ;; Return value:  Size  Location     Type
   186 ;;                  1    wreg      void 
   187 ;; Registers used:
   188 ;;		wreg
   189 ;; Tracked objects:
   190 ;;		On entry : 0/0
   191 ;;		On exit  : 0/0
   192 ;;		Unchanged: 0/0
   193 ;; Data sizes:     COMRAM   BANK5   BANK6   BANK7   BANK8   BANK9  BANK10  BANK11  BANK12  BANK13  BANK14  BANK15  BANK1
      +6  BANK17  BANK18  BANK19  BANK20  BANK21  BANK22  BANK23  BANK24  BANK25  BANK26  BANK27  BANK28  BANK29  BANK30  BANK3
      +1  BANK32  BANK33  BANK34  BANK35  BANK36  BANK37
   194 ;;      Params:         0       0       0       0       0       0       0       0       0       0       0       0       
      +0       0       0       0       0       0       0       0       0       0       0       0       0       0       0       
      +0       0       0       0       0       0       0
   195 ;;      Locals:         0       0       0       0       0       0       0       0       0       0       0       0       
      +0       0       0       0       0       0       0       0       0       0       0       0       0       0       0       
      +0       0       0       0       0       0       0
   196 ;;      Temps:          2       0       0       0       0       0       0       0       0       0       0       0       
      +0       0       0       0       0       0       0       0       0       0       0       0       0       0       0       
      +0       0       0       0       0       0       0
   197 ;;      Totals:         2       0       0       0       0       0       0       0       0       0       0       0       
      +0       0       0       0       0       0       0       0       0       0       0       0       0       0       0       
      +0       0       0       0       0       0       0
   198 ;;Total ram usage:        2 bytes
   199 ;; Hardware stack levels used:    1
   200 ;; This function calls:
   201 ;;		Nothing
   202 ;; This function is called by:
   203 ;;		_main
   204 ;; This function uses a non-reentrant model
   205 ;;
   206                           
   207                           	psect	text1
   208  01FFCA                     __ptext1:
   209                           	callstack 0
   210  01FFCA                     _UserAppRun:
   211                           	callstack 127
   212  01FFCA                     
   213                           ;user_app.c: 99:     {;user_app.c: 100:         RA0=1;
   214  01FFCA  80CE               	bsf	1230,0,c	;volatile
   215  01FFCC                     
   216                           ;user_app.c: 101:         _delay((unsigned long)((250)*(16000000/4000.0)));
   217  01FFCC  0E06               	movlw	6
   218  01FFCE  6E0F               	movwf	(??_UserAppRun+1)^(0+1280),c
   219  01FFD0  0E13               	movlw	19
   220  01FFD2  6E0E               	movwf	??_UserAppRun^(0+1280),c
   221  01FFD4  0EAE               	movlw	174
   222  01FFD6                     u17:
   223  01FFD6  2EE8               	decfsz	wreg,f,c
   224  01FFD8  D7FE               	bra	u17
   225  01FFDA  2E0E               	decfsz	??_UserAppRun^(0+1280),f,c
   226  01FFDC  D7FC               	bra	u17
   227  01FFDE  2E0F               	decfsz	(??_UserAppRun+1)^(0+1280),f,c
   228  01FFE0  D7FA               	bra	u17
   229  01FFE2                     
   230                           ;user_app.c: 102:         RA0=0;
   231  01FFE2  90CE               	bcf	1230,0,c	;volatile
   232                           
   233                           ;user_app.c: 103:         _delay((unsigned long)((250)*(16000000/4000.0)));
   234  01FFE4  0E06               	movlw	6
   235  01FFE6  6E0F               	movwf	(??_UserAppRun+1)^(0+1280),c
   236  01FFE8  0E13               	movlw	19
   237  01FFEA  6E0E               	movwf	??_UserAppRun^(0+1280),c
   238  01FFEC  0EAE               	movlw	174
   239  01FFEE                     u27:
   240  01FFEE  2EE8               	decfsz	wreg,f,c
   241  01FFF0  D7FE               	bra	u27
   242  01FFF2  2E0E               	decfsz	??_UserAppRun^(0+1280),f,c
   243  01FFF4  D7FC               	bra	u27
   244  01FFF6  2E0F               	decfsz	(??_UserAppRun+1)^(0+1280),f,c
   245  01FFF8  D7FA               	bra	u27
   246  01FFFA  0012               	return		;funcret
   247  01FFFC                     __end_of_UserAppRun:
   248                           	callstack 0
   249                           
   250 ;; *************** function _UserAppInitialize *****************
   251 ;; Defined at:
   252 ;;		line 76 in file "user_app.c"
   253 ;; Parameters:    Size  Location     Type
   254 ;;		None
   255 ;; Auto vars:     Size  Location     Type
   256 ;;		None
   257 ;; Return value:  Size  Location     Type
   258 ;;                  1    wreg      void 
   259 ;; Registers used:
   260 ;;		None
   261 ;; Tracked objects:
   262 ;;		On entry : 0/0
   263 ;;		On exit  : 0/0
   264 ;;		Unchanged: 0/0
   265 ;; Data sizes:     COMRAM   BANK5   BANK6   BANK7   BANK8   BANK9  BANK10  BANK11  BANK12  BANK13  BANK14  BANK15  BANK1
      +6  BANK17  BANK18  BANK19  BANK20  BANK21  BANK22  BANK23  BANK24  BANK25  BANK26  BANK27  BANK28  BANK29  BANK30  BANK3
      +1  BANK32  BANK33  BANK34  BANK35  BANK36  BANK37
   266 ;;      Params:         0       0       0       0       0       0       0       0       0       0       0       0       
      +0       0       0       0       0       0       0       0       0       0       0       0       0       0       0       
      +0       0       0       0       0       0       0
   267 ;;      Locals:         0       0       0       0       0       0       0       0       0       0       0       0       
      +0       0       0       0       0       0       0       0       0       0       0       0       0       0       0       
      +0       0       0       0       0       0       0
   268 ;;      Temps:          0       0       0       0       0       0       0       0       0       0       0       0       
      +0       0       0       0       0       0       0       0       0       0       0       0       0       0       0       
      +0       0       0       0       0       0       0
   269 ;;      Totals:         0       0       0       0       0       0       0       0       0       0       0       0       
      +0       0       0       0       0       0       0       0       0       0       0       0       0       0       0       
      +0       0       0       0       0       0       0
   270 ;;Total ram usage:        0 bytes
   271 ;; Hardware stack levels used:    1
   272 ;; This function calls:
   273 ;;		Nothing
   274 ;; This function is called by:
   275 ;;		_main
   276 ;; This function uses a non-reentrant model
   277 ;;
   278                           
   279                           	psect	text2
   280  01FF62                     __ptext2:
   281                           	callstack 0
   282  01FF62                     _UserAppInitialize:
   283                           	callstack 127
   284  01FF62  0012               	return		;funcret
   285  01FF64                     __end_of_UserAppInitialize:
   286                           	callstack 0
   287                           
   288 ;; *************** function _SystemSleep *****************
   289 ;; Defined at:
   290 ;;		line 133 in file "encm369_pic18.c"
   291 ;; Parameters:    Size  Location     Type
   292 ;;		None
   293 ;; Auto vars:     Size  Location     Type
   294 ;;		None
   295 ;; Return value:  Size  Location     Type
   296 ;;                  1    wreg      void 
   297 ;; Registers used:
   298 ;;		None
   299 ;; Tracked objects:
   300 ;;		On entry : 0/0
   301 ;;		On exit  : 0/0
   302 ;;		Unchanged: 0/0
   303 ;; Data sizes:     COMRAM   BANK5   BANK6   BANK7   BANK8   BANK9  BANK10  BANK11  BANK12  BANK13  BANK14  BANK15  BANK1
      +6  BANK17  BANK18  BANK19  BANK20  BANK21  BANK22  BANK23  BANK24  BANK25  BANK26  BANK27  BANK28  BANK29  BANK30  BANK3
      +1  BANK32  BANK33  BANK34  BANK35  BANK36  BANK37
   304 ;;      Params:         0       0       0       0       0       0       0       0       0       0       0       0       
      +0       0       0       0       0       0       0       0       0       0       0       0       0       0       0       
      +0       0       0       0       0       0       0
   305 ;;      Locals:         0       0       0       0       0       0       0       0       0       0       0       0       
      +0       0       0       0       0       0       0       0       0       0       0       0       0       0       0       
      +0       0       0       0       0       0       0
   306 ;;      Temps:          0       0       0       0       0       0       0       0       0       0       0       0       
      +0       0       0       0       0       0       0       0       0       0       0       0       0       0       0       
      +0       0       0       0       0       0       0
   307 ;;      Totals:         0       0       0       0       0       0       0       0       0       0       0       0       
      +0       0       0       0       0       0       0       0       0       0       0       0       0       0       0       
      +0       0       0       0       0       0       0
   308 ;;Total ram usage:        0 bytes
   309 ;; Hardware stack levels used:    1
   310 ;; This function calls:
   311 ;;		Nothing
   312 ;; This function is called by:
   313 ;;		_main
   314 ;; This function uses a non-reentrant model
   315 ;;
   316                           
   317                           	psect	text3
   318  01FF60                     __ptext3:
   319                           	callstack 0
   320  01FF60                     _SystemSleep:
   321                           	callstack 127
   322  01FF60  0012               	return		;funcret
   323  01FF62                     __end_of_SystemSleep:
   324                           	callstack 0
   325                           
   326 ;; *************** function _SysTickSetup *****************
   327 ;; Defined at:
   328 ;;		line 111 in file "encm369_pic18.c"
   329 ;; Parameters:    Size  Location     Type
   330 ;;		None
   331 ;; Auto vars:     Size  Location     Type
   332 ;;		None
   333 ;; Return value:  Size  Location     Type
   334 ;;                  1    wreg      void 
   335 ;; Registers used:
   336 ;;		wreg, status,2
   337 ;; Tracked objects:
   338 ;;		On entry : 0/0
   339 ;;		On exit  : 0/0
   340 ;;		Unchanged: 0/0
   341 ;; Data sizes:     COMRAM   BANK5   BANK6   BANK7   BANK8   BANK9  BANK10  BANK11  BANK12  BANK13  BANK14  BANK15  BANK1
      +6  BANK17  BANK18  BANK19  BANK20  BANK21  BANK22  BANK23  BANK24  BANK25  BANK26  BANK27  BANK28  BANK29  BANK30  BANK3
      +1  BANK32  BANK33  BANK34  BANK35  BANK36  BANK37
   342 ;;      Params:         0       0       0       0       0       0       0       0       0       0       0       0       
      +0       0       0       0       0       0       0       0       0       0       0       0       0       0       0       
      +0       0       0       0       0       0       0
   343 ;;      Locals:         0       0       0       0       0       0       0       0       0       0       0       0       
      +0       0       0       0       0       0       0       0       0       0       0       0       0       0       0       
      +0       0       0       0       0       0       0
   344 ;;      Temps:          0       0       0       0       0       0       0       0       0       0       0       0       
      +0       0       0       0       0       0       0       0       0       0       0       0       0       0       0       
      +0       0       0       0       0       0       0
   345 ;;      Totals:         0       0       0       0       0       0       0       0       0       0       0       0       
      +0       0       0       0       0       0       0       0       0       0       0       0       0       0       0       
      +0       0       0       0       0       0       0
   346 ;;Total ram usage:        0 bytes
   347 ;; Hardware stack levels used:    1
   348 ;; This function calls:
   349 ;;		Nothing
   350 ;; This function is called by:
   351 ;;		_main
   352 ;; This function uses a non-reentrant model
   353 ;;
   354                           
   355                           	psect	text4
   356  01FF86                     __ptext4:
   357                           	callstack 0
   358  01FF86                     _SysTickSetup:
   359                           	callstack 127
   360  01FF86                     
   361                           ;encm369_pic18.c: 113:   G_u32SystemTime1ms = 0;
   362  01FF86  0E00               	movlw	0
   363  01FF88  6E09               	movwf	_G_u32SystemTime1ms^(0+1280),c	;volatile
   364  01FF8A  0E00               	movlw	0
   365  01FF8C  6E0A               	movwf	(_G_u32SystemTime1ms+1)^(0+1280),c	;volatile
   366  01FF8E  0E00               	movlw	0
   367  01FF90  6E0B               	movwf	(_G_u32SystemTime1ms+2)^(0+1280),c	;volatile
   368  01FF92  0E00               	movlw	0
   369  01FF94  6E0C               	movwf	(_G_u32SystemTime1ms+3)^(0+1280),c	;volatile
   370                           
   371                           ;encm369_pic18.c: 114:   G_u32SystemTime1s = 0;
   372  01FF96  0E00               	movlw	0
   373  01FF98  6E05               	movwf	_G_u32SystemTime1s^(0+1280),c	;volatile
   374  01FF9A  0E00               	movlw	0
   375  01FF9C  6E06               	movwf	(_G_u32SystemTime1s+1)^(0+1280),c	;volatile
   376  01FF9E  0E00               	movlw	0
   377  01FFA0  6E07               	movwf	(_G_u32SystemTime1s+2)^(0+1280),c	;volatile
   378  01FFA2  0E00               	movlw	0
   379  01FFA4  6E08               	movwf	(_G_u32SystemTime1s+3)^(0+1280),c	;volatile
   380  01FFA6  0012               	return		;funcret
   381  01FFA8                     __end_of_SysTickSetup:
   382                           	callstack 0
   383                           
   384 ;; *************** function _GpioSetup *****************
   385 ;; Defined at:
   386 ;;		line 89 in file "encm369_pic18.c"
   387 ;; Parameters:    Size  Location     Type
   388 ;;		None
   389 ;; Auto vars:     Size  Location     Type
   390 ;;		None
   391 ;; Return value:  Size  Location     Type
   392 ;;                  1    wreg      void 
   393 ;; Registers used:
   394 ;;		wreg, status,2
   395 ;; Tracked objects:
   396 ;;		On entry : 0/0
   397 ;;		On exit  : 0/0
   398 ;;		Unchanged: 0/0
   399 ;; Data sizes:     COMRAM   BANK5   BANK6   BANK7   BANK8   BANK9  BANK10  BANK11  BANK12  BANK13  BANK14  BANK15  BANK1
      +6  BANK17  BANK18  BANK19  BANK20  BANK21  BANK22  BANK23  BANK24  BANK25  BANK26  BANK27  BANK28  BANK29  BANK30  BANK3
      +1  BANK32  BANK33  BANK34  BANK35  BANK36  BANK37
   400 ;;      Params:         0       0       0       0       0       0       0       0       0       0       0       0       
      +0       0       0       0       0       0       0       0       0       0       0       0       0       0       0       
      +0       0       0       0       0       0       0
   401 ;;      Locals:         0       0       0       0       0       0       0       0       0       0       0       0       
      +0       0       0       0       0       0       0       0       0       0       0       0       0       0       0       
      +0       0       0       0       0       0       0
   402 ;;      Temps:          0       0       0       0       0       0       0       0       0       0       0       0       
      +0       0       0       0       0       0       0       0       0       0       0       0       0       0       0       
      +0       0       0       0       0       0       0
   403 ;;      Totals:         0       0       0       0       0       0       0       0       0       0       0       0       
      +0       0       0       0       0       0       0       0       0       0       0       0       0       0       0       
      +0       0       0       0       0       0       0
   404 ;;Total ram usage:        0 bytes
   405 ;; Hardware stack levels used:    1
   406 ;; This function calls:
   407 ;;		Nothing
   408 ;; This function is called by:
   409 ;;		_main
   410 ;; This function uses a non-reentrant model
   411 ;;
   412                           
   413                           	psect	text5
   414  01FF64                     __ptext5:
   415                           	callstack 0
   416  01FF64                     _GpioSetup:
   417                           	callstack 127
   418  01FF64                     
   419                           ;encm369_pic18.c: 91:     PORTA=0x00;
   420  01FF64  0E00               	movlw	0
   421  01FF66  6ECE               	movwf	206,c	;volatile
   422                           
   423                           ;encm369_pic18.c: 92:     TRISA=0x38;
   424  01FF68  0E38               	movlw	56
   425  01FF6A  6EC6               	movwf	198,c	;volatile
   426                           
   427                           ;encm369_pic18.c: 93:     ANSELA=0x00;
   428  01FF6C  0E00               	movlw	0
   429  01FF6E  0104               	movlb	4	; () banked
   430  01FF70  6F00               	movwf	0,b	;volatile
   431  01FF72                     
   432                           ; BSR set to: 4
   433  01FF72  0012               	return		;funcret
   434  01FF74                     __end_of_GpioSetup:
   435                           	callstack 0
   436                           
   437 ;; *************** function _ClockSetup *****************
   438 ;; Defined at:
   439 ;;		line 70 in file "encm369_pic18.c"
   440 ;; Parameters:    Size  Location     Type
   441 ;;		None
   442 ;; Auto vars:     Size  Location     Type
   443 ;;		None
   444 ;; Return value:  Size  Location     Type
   445 ;;                  1    wreg      void 
   446 ;; Registers used:
   447 ;;		None
   448 ;; Tracked objects:
   449 ;;		On entry : 0/0
   450 ;;		On exit  : 0/0
   451 ;;		Unchanged: 0/0
   452 ;; Data sizes:     COMRAM   BANK5   BANK6   BANK7   BANK8   BANK9  BANK10  BANK11  BANK12  BANK13  BANK14  BANK15  BANK1
      +6  BANK17  BANK18  BANK19  BANK20  BANK21  BANK22  BANK23  BANK24  BANK25  BANK26  BANK27  BANK28  BANK29  BANK30  BANK3
      +1  BANK32  BANK33  BANK34  BANK35  BANK36  BANK37
   453 ;;      Params:         0       0       0       0       0       0       0       0       0       0       0       0       
      +0       0       0       0       0       0       0       0       0       0       0       0       0       0       0       
      +0       0       0       0       0       0       0
   454 ;;      Locals:         0       0       0       0       0       0       0       0       0       0       0       0       
      +0       0       0       0       0       0       0       0       0       0       0       0       0       0       0       
      +0       0       0       0       0       0       0
   455 ;;      Temps:          0       0       0       0       0       0       0       0       0       0       0       0       
      +0       0       0       0       0       0       0       0       0       0       0       0       0       0       0       
      +0       0       0       0       0       0       0
   456 ;;      Totals:         0       0       0       0       0       0       0       0       0       0       0       0       
      +0       0       0       0       0       0       0       0       0       0       0       0       0       0       0       
      +0       0       0       0       0       0       0
   457 ;;Total ram usage:        0 bytes
   458 ;; Hardware stack levels used:    1
   459 ;; This function calls:
   460 ;;		Nothing
   461 ;; This function is called by:
   462 ;;		_main
   463 ;; This function uses a non-reentrant model
   464 ;;
   465                           
   466                           	psect	text6
   467  01FF5E                     __ptext6:
   468                           	callstack 0
   469  01FF5E                     _ClockSetup:
   470                           	callstack 127
   471  01FF5E  0012               	return		;funcret
   472  01FF60                     __end_of_ClockSetup:
   473                           	callstack 0
   474  0000                     
   475                           	psect	rparam
   476  0000                     
   477                           	psect	idloc
   478                           
   479                           ;Config register IDLOC0 @ 0x200000
   480                           ;	unspecified, using default values
   481  200000                     	org	2097152
   482  200000  0FFF               	dw	4095
   483                           
   484                           ;Config register IDLOC1 @ 0x200002
   485                           ;	unspecified, using default values
   486  200002                     	org	2097154
   487  200002  0FFF               	dw	4095
   488                           
   489                           ;Config register IDLOC2 @ 0x200004
   490                           ;	unspecified, using default values
   491  200004                     	org	2097156
   492  200004  0FFF               	dw	4095
   493                           
   494                           ;Config register IDLOC3 @ 0x200006
   495                           ;	unspecified, using default values
   496  200006                     	org	2097158
   497  200006  0FFF               	dw	4095
   498                           
   499                           ;Config register IDLOC4 @ 0x200008
   500                           ;	unspecified, using default values
   501  200008                     	org	2097160
   502  200008  0FFF               	dw	4095
   503                           
   504                           ;Config register IDLOC5 @ 0x20000A
   505                           ;	unspecified, using default values
   506  20000A                     	org	2097162
   507  20000A  0FFF               	dw	4095
   508                           
   509                           ;Config register IDLOC6 @ 0x20000C
   510                           ;	unspecified, using default values
   511  20000C                     	org	2097164
   512  20000C  0FFF               	dw	4095
   513                           
   514                           ;Config register IDLOC7 @ 0x20000E
   515                           ;	unspecified, using default values
   516  20000E                     	org	2097166
   517  20000E  0FFF               	dw	4095
   518                           
   519                           ;Config register IDLOC8 @ 0x200010
   520                           ;	unspecified, using default values
   521  200010                     	org	2097168
   522  200010  0FFF               	dw	4095
   523                           
   524                           ;Config register IDLOC9 @ 0x200012
   525                           ;	unspecified, using default values
   526  200012                     	org	2097170
   527  200012  0FFF               	dw	4095
   528                           
   529                           ;Config register IDLOC10 @ 0x200014
   530                           ;	unspecified, using default values
   531  200014                     	org	2097172
   532  200014  0FFF               	dw	4095
   533                           
   534                           ;Config register IDLOC11 @ 0x200016
   535                           ;	unspecified, using default values
   536  200016                     	org	2097174
   537  200016  0FFF               	dw	4095
   538                           
   539                           ;Config register IDLOC12 @ 0x200018
   540                           ;	unspecified, using default values
   541  200018                     	org	2097176
   542  200018  0FFF               	dw	4095
   543                           
   544                           ;Config register IDLOC13 @ 0x20001A
   545                           ;	unspecified, using default values
   546  20001A                     	org	2097178
   547  20001A  0FFF               	dw	4095
   548                           
   549                           ;Config register IDLOC14 @ 0x20001C
   550                           ;	unspecified, using default values
   551  20001C                     	org	2097180
   552  20001C  0FFF               	dw	4095
   553                           
   554                           ;Config register IDLOC15 @ 0x20001E
   555                           ;	unspecified, using default values
   556  20001E                     	org	2097182
   557  20001E  0FFF               	dw	4095
   558                           
   559                           	psect	config
   560                           
   561                           ;Config register CONFIG1 @ 0x300000
   562                           ;	External Oscillator Selection
   563                           ;	FEXTOSC = OFF, Oscillator not enabled
   564                           ;	Reset Oscillator Selection
   565                           ;	RSTOSC = HFINTOSC_64MHZ, HFINTOSC with HFFRQ = 64 MHz and CDIV = 1:1
   566  300000                     	org	3145728
   567  300000  8C                 	db	140
   568                           
   569                           ;Config register CONFIG2 @ 0x300001
   570                           ;	Clock out Enable bit
   571                           ;	CLKOUTEN = ON, CLKOUT function is enabled
   572                           ;	PRLOCKED One-Way Set Enable bit
   573                           ;	PR1WAY = ON, PRLOCKED bit can be cleared and set only once
   574                           ;	Clock Switch Enable bit
   575                           ;	CSWEN = ON, Writing to NOSC and NDIV is allowed
   576                           ;	Fail-Safe Clock Monitor Enable bit
   577                           ;	FCMEN = ON, Fail-Safe Clock Monitor enabled
   578  300001                     	org	3145729
   579  300001  FE                 	db	254
   580                           
   581                           ;Config register CONFIG3 @ 0x300002
   582                           ;	MCLR Enable bit
   583                           ;	MCLRE = EXTMCLR, If LVP = 0, MCLR pin is MCLR; If LVP = 1, RE3 pin function is MCLR
   584                           ;	Power-up timer selection bits
   585                           ;	PWRTS = PWRT_OFF, PWRT is disabled
   586                           ;	Multi-vector enable bit
   587                           ;	MVECEN = ON, Multi-vector enabled, Vector table used for interrupts
   588                           ;	IVTLOCK bit One-way set enable bit
   589                           ;	IVT1WAY = ON, IVTLOCKED bit can be cleared and set only once
   590                           ;	Low Power BOR Enable bit
   591                           ;	LPBOREN = OFF, Low-Power BOR disabled
   592                           ;	Brown-out Reset Enable bits
   593                           ;	BOREN = SBORDIS, Brown-out Reset enabled , SBOREN bit is ignored
   594  300002                     	org	3145730
   595  300002  FF                 	db	255
   596                           
   597                           ;Config register CONFIG4 @ 0x300003
   598                           ;	Brown-out Reset Voltage Selection bits
   599                           ;	BORV = VBOR_2P85, Brown-out Reset Voltage (VBOR) set to 2.8V
   600                           ;	ZCD Disable bit
   601                           ;	ZCD = OFF, ZCD module is disabled. ZCD can be enabled by setting the ZCDSEN bit of ZCD
      +                          CON
   602                           ;	PPSLOCK bit One-Way Set Enable bit
   603                           ;	PPS1WAY = ON, PPSLOCKED bit can be cleared and set only once; PPS registers remain loc
      +                          ked after one clear/set cycle
   604                           ;	Stack Full/Underflow Reset Enable bit
   605                           ;	STVREN = ON, Stack full/underflow will cause Reset
   606                           ;	Low Voltage Programming Enable bit
   607                           ;	LVP = ON, Low voltage programming enabled. MCLR/VPP pin function is MCLR. MCLRE config
      +                          uration bit is ignored
   608                           ;	Extended Instruction Set Enable bit
   609                           ;	XINST = OFF, Extended Instruction Set and Indexed Addressing Mode disabled
   610  300003                     	org	3145731
   611  300003  FC                 	db	252
   612                           
   613                           ;Config register CONFIG5 @ 0x300004
   614                           ;	WDT Period selection bits
   615                           ;	WDTCPS = WDTCPS_31, Divider ratio 1:65536; software control of WDTPS
   616                           ;	WDT operating mode
   617                           ;	WDTE = OFF, WDT Disabled; SWDTEN is ignored
   618  300004                     	org	3145732
   619  300004  9F                 	db	159
   620                           
   621                           ;Config register CONFIG6 @ 0x300005
   622                           ;	WDT Window Select bits
   623                           ;	WDTCWS = WDTCWS_7, window always open (100%); software control; keyed access not requi
      +                          red
   624                           ;	WDT input clock selector
   625                           ;	WDTCCS = SC, Software Control
   626  300005                     	org	3145733
   627  300005  FF                 	db	255
   628                           
   629                           ;Config register CONFIG7 @ 0x300006
   630                           ;	Boot Block Size selection bits
   631                           ;	BBSIZE = BBSIZE_512, Boot Block size is 512 words
   632                           ;	Boot Block enable bit
   633                           ;	BBEN = OFF, Boot block disabled
   634                           ;	Storage Area Flash enable bit
   635                           ;	SAFEN = OFF, SAF disabled
   636                           ;	Background Debugger
   637                           ;	DEBUG = OFF, Background Debugger disabled
   638  300006                     	org	3145734
   639  300006  FF                 	db	255
   640                           
   641                           ;Config register CONFIG8 @ 0x300007
   642                           ;	Boot Block Write Protection bit
   643                           ;	WRTB = OFF, Boot Block not Write protected
   644                           ;	Configuration Register Write Protection bit
   645                           ;	WRTC = OFF, Configuration registers not Write protected
   646                           ;	Data EEPROM Write Protection bit
   647                           ;	WRTD = OFF, Data EEPROM not Write protected
   648                           ;	SAF Write protection bit
   649                           ;	WRTSAF = OFF, SAF not Write Protected
   650                           ;	Application Block write protection bit
   651                           ;	WRTAPP = OFF, Application Block not write protected
   652  300007                     	org	3145735
   653  300007  FF                 	db	255
   654                           
   655                           ; Padding undefined space
   656  300008                     	org	3145736
   657  300008  FF                 	db	255
   658                           
   659                           ;Config register CONFIG10 @ 0x300009
   660                           ;	PFM and Data EEPROM Code Protection bit
   661                           ;	CP = OFF, PFM and Data EEPROM code protection disabled
   662  300009                     	org	3145737
   663  300009  FF                 	db	255
   664                           tosu	equ	0x4FF
   665                           tosh	equ	0x4FE
   666                           tosl	equ	0x4FD
   667                           stkptr	equ	0x4FC
   668                           pclatu	equ	0x4FB
   669                           pclath	equ	0x4FA
   670                           pcl	equ	0x4F9
   671                           tblptru	equ	0x4F8
   672                           tblptrh	equ	0x4F7
   673                           tblptrl	equ	0x4F6
   674                           tablat	equ	0x4F5
   675                           prodh	equ	0x4F4
   676                           prodl	equ	0x4F3
   677                           indf0	equ	0x4EF
   678                           postinc0	equ	0x4EE
   679                           postdec0	equ	0x4ED
   680                           preinc0	equ	0x4EC
   681                           plusw0	equ	0x4EB
   682                           fsr0h	equ	0x4EA
   683                           fsr0l	equ	0x4E9
   684                           wreg	equ	0x4E8
   685                           indf1	equ	0x4E7
   686                           postinc1	equ	0x4E6
   687                           postdec1	equ	0x4E5
   688                           preinc1	equ	0x4E4
   689                           plusw1	equ	0x4E3
   690                           fsr1h	equ	0x4E2
   691                           fsr1l	equ	0x4E1
   692                           bsr	equ	0x4E0
   693                           indf2	equ	0x4DF
   694                           postinc2	equ	0x4DE
   695                           postdec2	equ	0x4DD
   696                           preinc2	equ	0x4DC
   697                           plusw2	equ	0x4DB
   698                           fsr2h	equ	0x4DA
   699                           fsr2l	equ	0x4D9
   700                           status	equ	0x4D8

Data Sizes:
    Strings     0
    Constant    0
    Data        0
    BSS         13
    Persistent  0
    Stack       0

Auto Spaces:
    Space          Size  Autos    Used
    COMRAM           95      2      15
    BANK5           160      0       0
    BANK6           256      0       0
    BANK7           256      0       0
    BANK8           256      0       0
    BANK9           256      0       0
    BANK10          256      0       0
    BANK11          256      0       0
    BANK12          256      0       0
    BANK13          256      0       0
    BANK14          256      0       0
    BANK15          256      0       0
    BANK16          256      0       0
    BANK17          256      0       0
    BANK18          256      0       0
    BANK19          256      0       0
    BANK20          256      0       0
    BANK21          256      0       0
    BANK22          256      0       0
    BANK23          256      0       0
    BANK24          256      0       0
    BANK25          256      0       0
    BANK26          256      0       0
    BANK27          256      0       0
    BANK28          256      0       0
    BANK29          256      0       0
    BANK30          256      0       0
    BANK31          256      0       0
    BANK32          256      0       0
    BANK33          256      0       0
    BANK34          256      0       0
    BANK35          256      0       0
    BANK36          256      0       0
    BANK37          256      0       0

Pointer List with Targets:

    None.

Critical Paths under _main in COMRAM

    _main->_UserAppRun

Critical Paths under _main in BANK5

    None.

Critical Paths under _main in BANK6

    None.

Critical Paths under _main in BANK7

    None.

Critical Paths under _main in BANK8

    None.

Critical Paths under _main in BANK9

    None.

Critical Paths under _main in BANK10

    None.

Critical Paths under _main in BANK11

    None.

Critical Paths under _main in BANK12

    None.

Critical Paths under _main in BANK13

    None.

Critical Paths under _main in BANK14

    None.

Critical Paths under _main in BANK15

    None.

Critical Paths under _main in BANK16

    None.

Critical Paths under _main in BANK17

    None.

Critical Paths under _main in BANK18

    None.

Critical Paths under _main in BANK19

    None.

Critical Paths under _main in BANK20

    None.

Critical Paths under _main in BANK21

    None.

Critical Paths under _main in BANK22

    None.

Critical Paths under _main in BANK23

    None.

Critical Paths under _main in BANK24

    None.

Critical Paths under _main in BANK25

    None.

Critical Paths under _main in BANK26

    None.

Critical Paths under _main in BANK27

    None.

Critical Paths under _main in BANK28

    None.

Critical Paths under _main in BANK29

    None.

Critical Paths under _main in BANK30

    None.

Critical Paths under _main in BANK31

    None.

Critical Paths under _main in BANK32

    None.

Critical Paths under _main in BANK33

    None.

Critical Paths under _main in BANK34

    None.

Critical Paths under _main in BANK35

    None.

Critical Paths under _main in BANK36

    None.

Critical Paths under _main in BANK37

    None.

Call Graph Tables:

 ---------------------------------------------------------------------------------
 (Depth) Function   	        Calls       Base Space   Used Autos Params    Refs
 ---------------------------------------------------------------------------------
 (0) _main                                                 0     0      0       0
                         _ClockSetup
                          _GpioSetup
                       _SysTickSetup
                        _SystemSleep
                  _UserAppInitialize
                         _UserAppRun
 ---------------------------------------------------------------------------------
 (1) _UserAppRun                                           2     2      0       0
                                              0 COMRAM     2     2      0
 ---------------------------------------------------------------------------------
 (1) _UserAppInitialize                                    0     0      0       0
 ---------------------------------------------------------------------------------
 (1) _SystemSleep                                          0     0      0       0
 ---------------------------------------------------------------------------------
 (1) _SysTickSetup                                         0     0      0       0
 ---------------------------------------------------------------------------------
 (1) _GpioSetup                                            0     0      0       0
 ---------------------------------------------------------------------------------
 (1) _ClockSetup                                           0     0      0       0
 ---------------------------------------------------------------------------------
 Estimated maximum stack depth 1
 ---------------------------------------------------------------------------------

 Call Graph Graphs:

 _main (ROOT)
   _ClockSetup
   _GpioSetup
   _SysTickSetup
   _SystemSleep
   _UserAppInitialize
   _UserAppRun

 Address spaces:
Name               Size   Autos  Total    Cost      Usage
BIGRAM            20FF      0       0      71        0.0%
EEDATA             400      0       0       0        0.0%
BITBANK37          100      0       0      70        0.0%
BANK37             100      0       0      68        0.0%
BITBANK36          100      0       0      66        0.0%
BANK36             100      0       0      67        0.0%
BITBANK35          100      0       0      64        0.0%
BANK35             100      0       0      65        0.0%
BITBANK34          100      0       0      62        0.0%
BANK34             100      0       0      63        0.0%
BITBANK33          100      0       0      60        0.0%
BANK33             100      0       0      61        0.0%
BITBANK32          100      0       0      58        0.0%
BANK32             100      0       0      59        0.0%
BITBANK31          100      0       0      56        0.0%
BANK31             100      0       0      57        0.0%
BITBANK30          100      0       0      54        0.0%
BANK30             100      0       0      55        0.0%
BITBANK29          100      0       0      52        0.0%
BANK29             100      0       0      53        0.0%
BITBANK28          100      0       0      50        0.0%
BANK28             100      0       0      51        0.0%
BITBANK27          100      0       0      48        0.0%
BANK27             100      0       0      49        0.0%
BITBANK26          100      0       0      46        0.0%
BANK26             100      0       0      47        0.0%
BITBANK25          100      0       0      44        0.0%
BANK25             100      0       0      45        0.0%
BITBANK24          100      0       0      42        0.0%
BANK24             100      0       0      43        0.0%
BITBANK23          100      0       0      40        0.0%
BANK23             100      0       0      41        0.0%
BITBANK22          100      0       0      38        0.0%
BANK22             100      0       0      39        0.0%
BITBANK21          100      0       0      36        0.0%
BANK21             100      0       0      37        0.0%
BITBANK20          100      0       0      34        0.0%
BANK20             100      0       0      35        0.0%
BITBANK19          100      0       0      32        0.0%
BANK19             100      0       0      33        0.0%
BITBANK18          100      0       0      30        0.0%
BANK18             100      0       0      31        0.0%
BITBANK17          100      0       0      28        0.0%
BANK17             100      0       0      29        0.0%
BITBANK16          100      0       0      26        0.0%
BANK16             100      0       0      27        0.0%
BITBANK15          100      0       0      24        0.0%
BANK15             100      0       0      25        0.0%
BITBANK14          100      0       0      22        0.0%
BANK14             100      0       0      23        0.0%
BITBANK13          100      0       0      20        0.0%
BANK13             100      0       0      21        0.0%
BITBANK12          100      0       0      18        0.0%
BANK12             100      0       0      19        0.0%
BITBANK11          100      0       0      16        0.0%
BANK11             100      0       0      17        0.0%
BITBANK10          100      0       0      14        0.0%
BANK10             100      0       0      15        0.0%
BITBANK9           100      0       0      12        0.0%
BANK9              100      0       0      13        0.0%
BITBANK8           100      0       0      10        0.0%
BANK8              100      0       0      11        0.0%
BITBANK7           100      0       0       8        0.0%
BANK7              100      0       0       9        0.0%
BITBANK6           100      0       0       6        0.0%
BANK6              100      0       0       7        0.0%
BITBANK5            A0      0       0       4        0.0%
BANK5               A0      0       0       5        0.0%
BITCOMRAM           5F      0       0       0        0.0%
COMRAM              5F      2       F       1       15.8%
BITSFR_5             0      0       0     200        0.0%
SFR_5                0      0       0     200        0.0%
BITSFR_4             0      0       0     200        0.0%
SFR_4                0      0       0     200        0.0%
BITSFR_3             0      0       0     200        0.0%
SFR_3                0      0       0     200        0.0%
BITSFR_2             0      0       0     200        0.0%
SFR_2                0      0       0     200        0.0%
BITSFR_1             0      0       0     200        0.0%
SFR_1                0      0       0     200        0.0%
BITSFR               0      0       0     200        0.0%
SFR                  0      0       0     200        0.0%
STACK                0      0       0       2        0.0%
NULL                 0      0       0       0        0.0%
ABS                  0      0       F      69        0.0%
DATA                 0      0       F       3        0.0%
CODE                 0      0       0       0        0.0%


Microchip Technology PIC18 Macro Assembler V2.31 build 20201012212115 
Symbol Table                                                                                   Sat Feb 06 20:47:23 2021

     __size_of_SysTickSetup 0022                          l13 FF5E                          l22 FF60  
                        l16 FF72                          l19 FFA6                          l60 FFCA  
                        l63 FFFA                          l57 FF62                          u17 FFD6  
                        u27 FFEE                         l743 FFCC                         l761 FF86  
                       l745 FFE2                         l739 FF64                         l771 FFB6  
                       l763 FFA8                         l773 FFBA                         l765 FFAA  
                       l775 FFBE                         l767 FFAE                         l769 FFB2  
                       _RA0 002670                         wreg 0004E8                        _main FFA8  
              _SysTickSetup FF86                        start FFFC        __size_of_SystemSleep 0002  
              ___param_bank 000000                  _ClockSetup FF5E                       ?_main 050E  
                     _PORTA 0004CE                       _TRISA 0004C6             __initialization FF74  
              __end_of_main FFCA                      ??_main 0510               __activetblptr 000000  
                    _ANSELA 000400          __size_of_GpioSetup 0010                 ?_ClockSetup 050E  
                    clear_0 FF7A                  _UserAppRun FFCA                  __accesstop 0560  
   __end_of__initialization FF80               ___rparam_used 000001            _G_u8UserAppFlags 050D  
            __pcstackCOMRAM 050E           __end_of_GpioSetup FF74         __size_of_ClockSetup 0002  
               ?_UserAppRun 050E               ??_SystemSleep 050E                     __Hparam 0000  
                   __Lparam 0000                     __pcinit FF74                     __ramtop 2600  
                   __ptext0 FFA8                     __ptext1 FFCA                     __ptext2 FF62  
                   __ptext3 FF60                     __ptext4 FF86                     __ptext5 FF64  
                   __ptext6 FF5E        end_of_initialization FF80            _G_u32SystemFlags 0501  
                   postinc0 0004EE         __end_of_SystemSleep FF62                ??_ClockSetup 050E  
       __size_of_UserAppRun 0032          __end_of_ClockSetup FF60                   _GpioSetup FF64  
       start_initialization FF74               ?_SysTickSetup 050E                 _SystemSleep FF60  
                ?_GpioSetup 050E                 __pbssCOMRAM 0501           _UserAppInitialize FF62  
              ??_UserAppRun 050E          ?_UserAppInitialize 050E              ??_SysTickSetup 050E  
       ??_UserAppInitialize 050E          __end_of_UserAppRun FFFC   __end_of_UserAppInitialize FF64  
               ??_GpioSetup 050E                    __Hrparam 0000                    __Lrparam 0000  
      __end_of_SysTickSetup FFA8  __size_of_UserAppInitialize 0002               __size_of_main 0022  
              ?_SystemSleep 050E          _G_u32SystemTime1ms 0509           _G_u32SystemTime1s 0505  
