

Microchip MPLAB XC8 Assembler V2.31 build 20201012212115 
                                                                                               Sat Mar 06 19:26:48 2021

Microchip MPLAB XC8 C Compiler v2.31 (Free license) build 20201012212115 Og1 
     1                           	processor	18F27Q43
     2                           	fnconf	rparam,??,?,0
     3                           	pagewidth 120
     4                           	opt	flic
     5                           	psect	idataCOMRAM,global,class=CODE,delta=1,noexec
     6                           	psect	cinit,global,reloc=2,class=CODE,delta=1
     7                           	psect	bssCOMRAM,global,class=COMRAM,space=1,delta=1,lowdata,noexec
     8                           	psect	dataCOMRAM,global,class=COMRAM,space=1,delta=1,lowdata,noexec
     9                           	psect	cstackCOMRAM,global,class=COMRAM,space=1,delta=1,lowdata,noexec
    10                           	psect	text0,global,reloc=2,class=CODE,delta=1
    11                           	psect	text1,global,reloc=2,class=CODE,delta=1
    12                           	psect	text2,global,reloc=2,class=CODE,delta=1
    13                           	psect	text3,global,reloc=2,class=CODE,delta=1
    14                           	psect	text4,global,reloc=2,class=CODE,delta=1
    15                           	psect	text5,global,reloc=2,class=CODE,delta=1
    16                           	psect	text6,global,reloc=2,class=CODE,delta=1
    17                           	psect	text7,global,reloc=2,class=CODE,delta=1
    18                           	psect	intsave_regs,global,class=BIGRAM,space=1,delta=1,noexec
    19                           	psect	rparam,global,class=COMRAM,space=1,delta=1,noexec
    20                           	psect	idloc,global,abs,ovrld,class=IDLOC,space=5,delta=1,noexec
    21                           	psect	config,global,abs,ovrld,class=CONFIG,space=4,delta=1,noexec
    22  0000                     
    23                           ; Version 2.30
    24                           ; Generated 20/08/2020 GMT
    25                           ; 
    26                           ; Copyright © 2020, Microchip Technology Inc. and its subsidiaries ("Microchip")
    27                           ; All rights reserved.
    28                           ; 
    29                           ; This software is developed by Microchip Technology Inc. and its subsidiaries ("Microch
      +                          ip").
    30                           ; 
    31                           ; Redistribution and use in source and binary forms, with or without modification, are
    32                           ; permitted provided that the following conditions are met:
    33                           ; 
    34                           ;     1. Redistributions of source code must retain the above copyright notice, this lis
      +                          t of
    35                           ;        conditions and the following disclaimer.
    36                           ; 
    37                           ;     2. Redistributions in binary form must reproduce the above copyright notice, this 
      +                          list
    38                           ;        of conditions and the following disclaimer in the documentation and/or other
    39                           ;        materials provided with the distribution. Publication is not required when
    40                           ;        this file is used in an embedded application.
    41                           ; 
    42                           ;     3. Microchip's name may not be used to endorse or promote products derived from th
      +                          is
    43                           ;        software without specific prior written permission.
    44                           ; 
    45                           ; THIS SOFTWARE IS PROVIDED BY MICROCHIP "AS IS" AND ANY EXPRESS OR IMPLIED WARRANTIES,
    46                           ; INCLUDING, BUT NOT LIMITED TO, THE IMPLIED WARRANTIES OF MERCHANTABILITY AND FITNESS F
      +                          OR
    47                           ; PURPOSE ARE DISCLAIMED.  IN NO EVENT SHALL MICROCHIP BE LIABLE FOR ANY DIRECT, INDIREC
      +                          T,
    48                           ; INCIDENTAL, SPECIAL, EXEMPLARY, OR CONSEQUENTIAL DAMAGES (INCLUDING BUT NOT LIMITED TO
    49                           ; PROCUREMENT OF SUBSTITUTE GOODS OR SERVICES; LOSS OF USE, DATA OR PROFITS; OR BUSINESS
    50                           ; INTERRUPTION) HOWSOEVER CAUSED AND ON ANY THEORY OF LIABILITY, WHETHER IN CONTRACT, ST
      +                          RICT
    51                           ; LIABILITY, OR TORT (INCLUDING NEGLIGENCE OR OTHERWISE) ARISING IN ANY WAY OUT OF THE U
      +                          SE OF
    52                           ; THIS SOFTWARE, EVEN IF ADVISED OF THE POSSIBILITY OF SUCH DAMAGE.
    53                           ; 
    54                           ; 
    55                           ; Code-generator required, PIC18F27Q43 Definitions
    56                           ; 
    57                           ; SFR Addresses
    58  0000                     
    59                           	psect	idataCOMRAM
    60  01FE75                     __pidataCOMRAM:
    61                           	callstack 0
    62                           
    63                           ;initializer for UserAppRun@F15925
    64  01FE75  01                 	db	1
    65  01FE76  02                 	db	2
    66  01FE77  04                 	db	4
    67  01FE78  10                 	db	16
    68  01FE79  20                 	db	32
    69  0000                     _TMR0L	set	792
    70  0000                     _TMR0H	set	793
    71  0000                     _T0CON1	set	795
    72  0000                     _T0CON0	set	794
    73  0000                     _ANSELA	set	1024
    74  0000                     _PIR3	set	1201
    75  0000                     _LATA	set	1214
    76  0000                     _TRISA	set	1222
    77  0000                     _PORTA	set	1230
    78                           
    79                           ; #config settings
    80                           
    81                           	psect	cinit
    82  01FEDE                     __pcinit:
    83                           	callstack 0
    84  01FEDE                     start_initialization:
    85                           	callstack 0
    86  01FEDE                     __initialization:
    87                           	callstack 0
    88                           
    89                           ; Initialize objects allocated to COMRAM (5 bytes)
    90                           ; load TBLPTR registers with __pidataCOMRAM
    91  01FEDE  0E75               	movlw	low __pidataCOMRAM
    92  01FEE0  6EF6               	movwf	tblptrl,c
    93  01FEE2  0EFE               	movlw	high __pidataCOMRAM
    94  01FEE4  6EF7               	movwf	tblptrh,c
    95  01FEE6  0E01               	movlw	low (__pidataCOMRAM shr (0+16))
    96  01FEE8  6EF8               	movwf	tblptru,c
    97  01FEEA  EE01  F11B         	lfsr	0,__pdataCOMRAM
    98  01FEEE  EE10 F005          	lfsr	1,5
    99  01FEF2                     copy_data0:
   100  01FEF2  0009               	tblrd		*+
   101  01FEF4  C4F5 F4EE          	movff	tablat,postinc0
   102  01FEF8  50E5               	movf	postdec1,w,c
   103  01FEFA  50E1               	movf	fsr1l,w,c
   104  01FEFC  E1FA               	bnz	copy_data0
   105                           
   106                           ; Clear objects allocated to COMRAM (19 bytes)
   107  01FEFE  EE01  F101         	lfsr	0,__pbssCOMRAM
   108  01FF02  0E13               	movlw	19
   109  01FF04                     clear_0:
   110  01FF04  6AEE               	clrf	postinc0,c
   111  01FF06  06E8               	decf	wreg,f,c
   112  01FF08  E1FD               	bnz	clear_0
   113  01FF0A                     end_of_initialization:
   114                           	callstack 0
   115  01FF0A                     __end_of__initialization:
   116                           	callstack 0
   117  01FF0A  0100               	movlb	0
   118  01FF0C  EF88  F0FF         	goto	_main	;jump to C main() function
   119                           
   120                           	psect	bssCOMRAM
   121  000501                     __pbssCOMRAM:
   122                           	callstack 0
   123  000501                     UserAppRun@u16Count:
   124                           	callstack 0
   125  000501                     	ds	4
   126  000505                     _G_u32SystemFlags:
   127                           	callstack 0
   128  000505                     	ds	4
   129  000509                     _G_u32SystemTime1s:
   130                           	callstack 0
   131  000509                     	ds	4
   132  00050D                     _G_u32SystemTime1ms:
   133                           	callstack 0
   134  00050D                     	ds	4
   135  000511                     UserAppRun@n:
   136                           	callstack 0
   137  000511                     	ds	1
   138  000512                     UserAppRun@toggle:
   139                           	callstack 0
   140  000512                     	ds	1
   141  000513                     _G_u8UserAppFlags:
   142                           	callstack 0
   143  000513                     	ds	1
   144                           
   145                           	psect	dataCOMRAM
   146  00051B                     __pdataCOMRAM:
   147                           	callstack 0
   148  00051B                     UserAppRun@F15925:
   149                           	callstack 0
   150  00051B                     	ds	5
   151                           
   152                           	psect	cstackCOMRAM
   153  000514                     __pcstackCOMRAM:
   154                           	callstack 0
   155  000514                     TimeXus@u16Time_delay:
   156                           	callstack 0
   157                           
   158                           ; 2 bytes @ 0x0
   159  000514                     	ds	2
   160  000516                     ??_TimeXus:
   161  000516                     UserAppRun@au8Pattern:
   162                           	callstack 0
   163                           
   164                           ; 5 bytes @ 0x2
   165  000516                     	ds	5
   166  00051B                     
   167                           ; 1 bytes @ 0x7
   168 ;;
   169 ;;Main: autosize = 0, tempsize = 0, incstack = 0, save=0
   170 ;;
   171 ;; *************** function _main *****************
   172 ;; Defined at:
   173 ;;		line 35 in file "main.c"
   174 ;; Parameters:    Size  Location     Type
   175 ;;		None
   176 ;; Auto vars:     Size  Location     Type
   177 ;;		None
   178 ;; Return value:  Size  Location     Type
   179 ;;                  1    wreg      void 
   180 ;; Registers used:
   181 ;;		wreg, fsr1l, fsr1h, fsr2l, fsr2h, status,2, status,0, cstack
   182 ;; Tracked objects:
   183 ;;		On entry : 0/0
   184 ;;		On exit  : 0/0
   185 ;;		Unchanged: 0/0
   186 ;; Data sizes:     COMRAM   BANK5   BANK6   BANK7   BANK8   BANK9  BANK10  BANK11  BANK12  BANK13  BANK14  BANK15  BANK1
      +6  BANK17  BANK18  BANK19  BANK20  BANK21  BANK22  BANK23  BANK24  BANK25  BANK26  BANK27  BANK28  BANK29  BANK30  BANK3
      +1  BANK32  BANK33  BANK34  BANK35  BANK36  BANK37
   187 ;;      Params:         0       0       0       0       0       0       0       0       0       0       0       0       
      +0       0       0       0       0       0       0       0       0       0       0       0       0       0       0       
      +0       0       0       0       0       0       0
   188 ;;      Locals:         0       0       0       0       0       0       0       0       0       0       0       0       
      +0       0       0       0       0       0       0       0       0       0       0       0       0       0       0       
      +0       0       0       0       0       0       0
   189 ;;      Temps:          0       0       0       0       0       0       0       0       0       0       0       0       
      +0       0       0       0       0       0       0       0       0       0       0       0       0       0       0       
      +0       0       0       0       0       0       0
   190 ;;      Totals:         0       0       0       0       0       0       0       0       0       0       0       0       
      +0       0       0       0       0       0       0       0       0       0       0       0       0       0       0       
      +0       0       0       0       0       0       0
   191 ;;Total ram usage:        0 bytes
   192 ;; Hardware stack levels required when called:    1
   193 ;; This function calls:
   194 ;;		_ClockSetup
   195 ;;		_GpioSetup
   196 ;;		_SysTickSetup
   197 ;;		_SystemSleep
   198 ;;		_TimeXus
   199 ;;		_UserAppInitialize
   200 ;;		_UserAppRun
   201 ;; This function is called by:
   202 ;;		Startup code after reset
   203 ;; This function uses a non-reentrant model
   204 ;;
   205                           
   206                           	psect	text0
   207  01FF10                     __ptext0:
   208                           	callstack 0
   209  01FF10                     _main:
   210                           	callstack 127
   211  01FF10                     
   212                           ;main.c: 37:   G_u32SystemFlags |= (u32)0x80000000;
   213  01FF10  8E08               	bsf	(_G_u32SystemFlags+3)^(0+1280),7,c	;volatile
   214  01FF12                     
   215                           ;main.c: 40:   ClockSetup();
   216  01FF12  EC38  F0FF         	call	_ClockSetup	;wreg free
   217  01FF16                     
   218                           ;main.c: 41:   SysTickSetup();
   219  01FF16  EC4D  F0FF         	call	_SysTickSetup	;wreg free
   220  01FF1A                     
   221                           ;main.c: 42:   GpioSetup();
   222  01FF1A  EC3D  F0FF         	call	_GpioSetup	;wreg free
   223  01FF1E                     
   224                           ;main.c: 47:   UserAppInitialize();
   225  01FF1E  EC45  F0FF         	call	_UserAppInitialize	;wreg free
   226  01FF22                     l846:
   227                           
   228                           ;main.c: 53:   {;main.c: 57:     UserAppRun();
   229  01FF22  ECA8  F0FF         	call	_UserAppRun	;wreg free
   230  01FF26                     
   231                           ;main.c: 61:     (LATA &=0x7F);
   232  01FF26  9EBE               	bcf	190,7,c	;volatile
   233  01FF28                     
   234                           ;main.c: 62:     SystemSleep();
   235  01FF28  EC39  F0FF         	call	_SystemSleep	;wreg free
   236  01FF2C                     
   237                           ;main.c: 63:     TimeXus(0x3e8);
   238  01FF2C  0E03               	movlw	3
   239  01FF2E  6E15               	movwf	(TimeXus@u16Time_delay+1)^(0+1280),c
   240  01FF30  0EE8               	movlw	232
   241  01FF32  6E14               	movwf	TimeXus@u16Time_delay^(0+1280),c
   242  01FF34  EC5E  F0FF         	call	_TimeXus	;wreg free
   243  01FF38                     l52:
   244                           
   245                           ;main.c: 64:     while((PIR3 & 0x80)!=0x80)
   246  01FF38  AEB1               	btfss	177,7,c	;volatile
   247  01FF3A  EFA1  F0FF         	goto	u61
   248  01FF3E  EFA3  F0FF         	goto	u60
   249  01FF42                     u61:
   250  01FF42  EF9C  F0FF         	goto	l52
   251  01FF46                     u60:
   252  01FF46                     
   253                           ;main.c: 68:     (LATA |=0x80);
   254  01FF46  8EBE               	bsf	190,7,c	;volatile
   255  01FF48  EF91  F0FF         	goto	l846
   256  01FF4C  EFFE  F0FF         	goto	start
   257  01FF50                     __end_of_main:
   258                           	callstack 0
   259                           
   260 ;; *************** function _UserAppRun *****************
   261 ;; Defined at:
   262 ;;		line 98 in file "user_app.c"
   263 ;; Parameters:    Size  Location     Type
   264 ;;		None
   265 ;; Auto vars:     Size  Location     Type
   266 ;;  au8Pattern      5    2[COMRAM] unsigned char [5]
   267 ;;  Temp            2    0        unsigned short 
   268 ;; Return value:  Size  Location     Type
   269 ;;                  1    wreg      void 
   270 ;; Registers used:
   271 ;;		wreg, fsr1l, fsr1h, fsr2l, fsr2h, status,2, status,0
   272 ;; Tracked objects:
   273 ;;		On entry : 0/0
   274 ;;		On exit  : 0/0
   275 ;;		Unchanged: 0/0
   276 ;; Data sizes:     COMRAM   BANK5   BANK6   BANK7   BANK8   BANK9  BANK10  BANK11  BANK12  BANK13  BANK14  BANK15  BANK1
      +6  BANK17  BANK18  BANK19  BANK20  BANK21  BANK22  BANK23  BANK24  BANK25  BANK26  BANK27  BANK28  BANK29  BANK30  BANK3
      +1  BANK32  BANK33  BANK34  BANK35  BANK36  BANK37
   277 ;;      Params:         0       0       0       0       0       0       0       0       0       0       0       0       
      +0       0       0       0       0       0       0       0       0       0       0       0       0       0       0       
      +0       0       0       0       0       0       0
   278 ;;      Locals:         7       0       0       0       0       0       0       0       0       0       0       0       
      +0       0       0       0       0       0       0       0       0       0       0       0       0       0       0       
      +0       0       0       0       0       0       0
   279 ;;      Temps:          0       0       0       0       0       0       0       0       0       0       0       0       
      +0       0       0       0       0       0       0       0       0       0       0       0       0       0       0       
      +0       0       0       0       0       0       0
   280 ;;      Totals:         7       0       0       0       0       0       0       0       0       0       0       0       
      +0       0       0       0       0       0       0       0       0       0       0       0       0       0       0       
      +0       0       0       0       0       0       0
   281 ;;Total ram usage:        7 bytes
   282 ;; Hardware stack levels used:    1
   283 ;; This function calls:
   284 ;;		Nothing
   285 ;; This function is called by:
   286 ;;		_main
   287 ;; This function uses a non-reentrant model
   288 ;;
   289                           
   290                           	psect	text1
   291  01FF50                     __ptext1:
   292                           	callstack 0
   293  01FF50                     _UserAppRun:
   294                           	callstack 127
   295  01FF50                     
   296                           ;user_app.c: 100:     static u32 u16Count=0;;user_app.c: 101:     static u8 toggle=0;;us
      +                          er_app.c: 102:     u16Count+=1;
   297  01FF50  0E01               	movlw	1
   298  01FF52  2601               	addwf	UserAppRun@u16Count^(0+1280),f,c
   299  01FF54  0E00               	movlw	0
   300  01FF56  2202               	addwfc	(UserAppRun@u16Count+1)^(0+1280),f,c
   301  01FF58  2203               	addwfc	(UserAppRun@u16Count+2)^(0+1280),f,c
   302  01FF5A  2204               	addwfc	(UserAppRun@u16Count+3)^(0+1280),f,c
   303  01FF5C  50BE               	movf	190,w,c	;volatile
   304  01FF5E                     
   305                           ;user_app.c: 104:     u8 au8Pattern[]={0x01,0x02,0x04,0x10,0x20};
   306  01FF5E  EE21  F11B         	lfsr	2,UserAppRun@F15925
   307  01FF62  EE11  F116         	lfsr	1,UserAppRun@au8Pattern
   308  01FF66  0E04               	movlw	4
   309  01FF68                     u11:
   310  01FF68  C4DB F4E3          	movff	plusw2,plusw1
   311  01FF6C  06E8               	decf	wreg,f,c
   312  01FF6E  E2FC               	bc	u11
   313  01FF70                     
   314                           ;user_app.c: 105:     static u8 n=0;;user_app.c: 106:     if(u16Count==500 && toggle==0)
      +                          {
   315  01FF70  0EF4               	movlw	244
   316  01FF72  1801               	xorwf	UserAppRun@u16Count^(0+1280),w,c
   317  01FF74  E108               	bnz	u21
   318  01FF76  0402               	decf	(UserAppRun@u16Count+1)^(0+1280),w,c
   319  01FF78  1003               	iorwf	(UserAppRun@u16Count+2)^(0+1280),w,c
   320  01FF7A  1004               	iorwf	(UserAppRun@u16Count+3)^(0+1280),w,c
   321  01FF7C  A4D8               	btfss	status,2,c
   322  01FF7E  EFC3  F0FF         	goto	u21
   323  01FF82  EFC5  F0FF         	goto	u20
   324  01FF86                     u21:
   325  01FF86  EFFB  F0FF         	goto	l800
   326  01FF8A                     u20:
   327  01FF8A  5012               	movf	UserAppRun@toggle^(0+1280),w,c
   328  01FF8C  A4D8               	btfss	status,2,c
   329  01FF8E  EFCB  F0FF         	goto	u31
   330  01FF92  EFCD  F0FF         	goto	u30
   331  01FF96                     u31:
   332  01FF96  EFFB  F0FF         	goto	l800
   333  01FF9A                     u30:
   334  01FF9A                     
   335                           ;user_app.c: 107:         if(n<5){
   336  01FF9A  0E05               	movlw	5
   337  01FF9C  6011               	cpfslt	UserAppRun@n^(0+1280),c
   338  01FF9E  EFD3  F0FF         	goto	u41
   339  01FFA2  EFD5  F0FF         	goto	u40
   340  01FFA6                     u41:
   341  01FFA6  EFEA  F0FF         	goto	l794
   342  01FFAA                     u40:
   343  01FFAA                     
   344                           ;user_app.c: 108:                 u16Count=0;
   345  01FFAA  0E00               	movlw	0
   346  01FFAC  6E01               	movwf	UserAppRun@u16Count^(0+1280),c
   347  01FFAE  0E00               	movlw	0
   348  01FFB0  6E02               	movwf	(UserAppRun@u16Count+1)^(0+1280),c
   349  01FFB2  0E00               	movlw	0
   350  01FFB4  6E03               	movwf	(UserAppRun@u16Count+2)^(0+1280),c
   351  01FFB6  0E00               	movlw	0
   352  01FFB8  6E04               	movwf	(UserAppRun@u16Count+3)^(0+1280),c
   353  01FFBA                     
   354                           ;user_app.c: 109:                 LATA=au8Pattern[n];
   355  01FFBA  0E16               	movlw	low UserAppRun@au8Pattern
   356  01FFBC  2411               	addwf	UserAppRun@n^(0+1280),w,c
   357  01FFBE  6ED9               	movwf	fsr2l,c
   358  01FFC0  6ADA               	clrf	fsr2h,c
   359  01FFC2  0E05               	movlw	high UserAppRun@au8Pattern
   360  01FFC4  22DA               	addwfc	fsr2h,f,c
   361  01FFC6  50DF               	movf	indf2,w,c
   362  01FFC8  6EBE               	movwf	190,c	;volatile
   363  01FFCA                     
   364                           ;user_app.c: 110:                 toggle=1;
   365  01FFCA  0E01               	movlw	1
   366  01FFCC  6E12               	movwf	UserAppRun@toggle^(0+1280),c
   367  01FFCE                     
   368                           ;user_app.c: 111:                 n+=1;
   369  01FFCE  2A11               	incf	UserAppRun@n^(0+1280),f,c
   370                           
   371                           ;user_app.c: 112:         }
   372  01FFD0  EFFD  F0FF         	goto	l89
   373  01FFD4                     l794:
   374                           
   375                           ;user_app.c: 114:             n=0;
   376  01FFD4  0E00               	movlw	0
   377  01FFD6  6E11               	movwf	UserAppRun@n^(0+1280),c
   378                           
   379                           ;user_app.c: 115:             u16Count=0;
   380  01FFD8  0E00               	movlw	0
   381  01FFDA  6E01               	movwf	UserAppRun@u16Count^(0+1280),c
   382  01FFDC  0E00               	movlw	0
   383  01FFDE  6E02               	movwf	(UserAppRun@u16Count+1)^(0+1280),c
   384  01FFE0  0E00               	movlw	0
   385  01FFE2  6E03               	movwf	(UserAppRun@u16Count+2)^(0+1280),c
   386  01FFE4  0E00               	movlw	0
   387  01FFE6  6E04               	movwf	(UserAppRun@u16Count+3)^(0+1280),c
   388  01FFE8                     
   389                           ;user_app.c: 116:             LATA=au8Pattern[n];
   390  01FFE8  0061  F458  F4BE   	movff	UserAppRun@au8Pattern,1214	;volatile
   391  01FFEE                     
   392                           ;user_app.c: 117:             toggle=1;
   393  01FFEE  0E01               	movlw	1
   394  01FFF0  6E12               	movwf	UserAppRun@toggle^(0+1280),c
   395  01FFF2  EFFD  F0FF         	goto	l89
   396  01FFF6                     l800:
   397                           
   398                           ;user_app.c: 121:         toggle=0;
   399  01FFF6  0E00               	movlw	0
   400  01FFF8  6E12               	movwf	UserAppRun@toggle^(0+1280),c
   401  01FFFA                     l89:
   402  01FFFA  0012               	return		;funcret
   403  01FFFC                     __end_of_UserAppRun:
   404                           	callstack 0
   405                           
   406 ;; *************** function _UserAppInitialize *****************
   407 ;; Defined at:
   408 ;;		line 77 in file "user_app.c"
   409 ;; Parameters:    Size  Location     Type
   410 ;;		None
   411 ;; Auto vars:     Size  Location     Type
   412 ;;		None
   413 ;; Return value:  Size  Location     Type
   414 ;;                  1    wreg      void 
   415 ;; Registers used:
   416 ;;		wreg, status,2
   417 ;; Tracked objects:
   418 ;;		On entry : 0/0
   419 ;;		On exit  : 0/0
   420 ;;		Unchanged: 0/0
   421 ;; Data sizes:     COMRAM   BANK5   BANK6   BANK7   BANK8   BANK9  BANK10  BANK11  BANK12  BANK13  BANK14  BANK15  BANK1
      +6  BANK17  BANK18  BANK19  BANK20  BANK21  BANK22  BANK23  BANK24  BANK25  BANK26  BANK27  BANK28  BANK29  BANK30  BANK3
      +1  BANK32  BANK33  BANK34  BANK35  BANK36  BANK37
   422 ;;      Params:         0       0       0       0       0       0       0       0       0       0       0       0       
      +0       0       0       0       0       0       0       0       0       0       0       0       0       0       0       
      +0       0       0       0       0       0       0
   423 ;;      Locals:         0       0       0       0       0       0       0       0       0       0       0       0       
      +0       0       0       0       0       0       0       0       0       0       0       0       0       0       0       
      +0       0       0       0       0       0       0
   424 ;;      Temps:          0       0       0       0       0       0       0       0       0       0       0       0       
      +0       0       0       0       0       0       0       0       0       0       0       0       0       0       0       
      +0       0       0       0       0       0       0
   425 ;;      Totals:         0       0       0       0       0       0       0       0       0       0       0       0       
      +0       0       0       0       0       0       0       0       0       0       0       0       0       0       0       
      +0       0       0       0       0       0       0
   426 ;;Total ram usage:        0 bytes
   427 ;; Hardware stack levels used:    1
   428 ;; This function calls:
   429 ;;		Nothing
   430 ;; This function is called by:
   431 ;;		_main
   432 ;; This function uses a non-reentrant model
   433 ;;
   434                           
   435                           	psect	text2
   436  01FE8A                     __ptext2:
   437                           	callstack 0
   438  01FE8A                     _UserAppInitialize:
   439                           	callstack 127
   440  01FE8A                     
   441                           ;user_app.c: 79:     LATA=0x80;
   442  01FE8A  0E80               	movlw	128
   443  01FE8C  6EBE               	movwf	190,c	;volatile
   444                           
   445                           ;user_app.c: 80:     T0CON0 = 0x90;
   446  01FE8E  0E90               	movlw	144
   447  01FE90  0103               	movlb	3	; () banked
   448  01FE92  6F1A               	movwf	26,b	;volatile
   449                           
   450                           ;user_app.c: 81:     T0CON1 = 0x54;
   451  01FE94  0E54               	movlw	84
   452  01FE96  6F1B               	movwf	27,b	;volatile
   453  01FE98                     
   454                           ; BSR set to: 3
   455  01FE98  0012               	return		;funcret
   456  01FE9A                     __end_of_UserAppInitialize:
   457                           	callstack 0
   458                           
   459 ;; *************** function _TimeXus *****************
   460 ;; Defined at:
   461 ;;		line 126 in file "user_app.c"
   462 ;; Parameters:    Size  Location     Type
   463 ;;  u16Time_dela    2    0[COMRAM] unsigned short 
   464 ;; Auto vars:     Size  Location     Type
   465 ;;		None
   466 ;; Return value:  Size  Location     Type
   467 ;;                  1    wreg      void 
   468 ;; Registers used:
   469 ;;		wreg, status,2, status,0
   470 ;; Tracked objects:
   471 ;;		On entry : 0/0
   472 ;;		On exit  : 0/0
   473 ;;		Unchanged: 0/0
   474 ;; Data sizes:     COMRAM   BANK5   BANK6   BANK7   BANK8   BANK9  BANK10  BANK11  BANK12  BANK13  BANK14  BANK15  BANK1
      +6  BANK17  BANK18  BANK19  BANK20  BANK21  BANK22  BANK23  BANK24  BANK25  BANK26  BANK27  BANK28  BANK29  BANK30  BANK3
      +1  BANK32  BANK33  BANK34  BANK35  BANK36  BANK37
   475 ;;      Params:         2       0       0       0       0       0       0       0       0       0       0       0       
      +0       0       0       0       0       0       0       0       0       0       0       0       0       0       0       
      +0       0       0       0       0       0       0
   476 ;;      Locals:         0       0       0       0       0       0       0       0       0       0       0       0       
      +0       0       0       0       0       0       0       0       0       0       0       0       0       0       0       
      +0       0       0       0       0       0       0
   477 ;;      Temps:          2       0       0       0       0       0       0       0       0       0       0       0       
      +0       0       0       0       0       0       0       0       0       0       0       0       0       0       0       
      +0       0       0       0       0       0       0
   478 ;;      Totals:         4       0       0       0       0       0       0       0       0       0       0       0       
      +0       0       0       0       0       0       0       0       0       0       0       0       0       0       0       
      +0       0       0       0       0       0       0
   479 ;;Total ram usage:        4 bytes
   480 ;; Hardware stack levels used:    1
   481 ;; This function calls:
   482 ;;		Nothing
   483 ;; This function is called by:
   484 ;;		_main
   485 ;; This function uses a non-reentrant model
   486 ;;
   487                           
   488                           	psect	text3
   489  01FEBC                     __ptext3:
   490                           	callstack 0
   491  01FEBC                     _TimeXus:
   492                           	callstack 127
   493  01FEBC                     
   494                           ;user_app.c: 126: void TimeXus(u16 u16Time_delay);user_app.c: 127: {;user_app.c: 128:   
      +                            T0CON0 &= 0x7F;
   495  01FEBC  0103               	movlb	3	; () banked
   496  01FEBE  9F1A               	bcf	26,7,b	;volatile
   497  01FEC0                     
   498                           ; BSR set to: 3
   499                           ;user_app.c: 131:     TMR0H = (u8)((0xFFFF - u16Time_delay) >> 8);
   500  01FEC0  1C14               	comf	TimeXus@u16Time_delay^(0+1280),w,c
   501  01FEC2  6E16               	movwf	??_TimeXus^(0+1280),c
   502  01FEC4  1C15               	comf	(TimeXus@u16Time_delay+1)^(0+1280),w,c
   503  01FEC6  6E17               	movwf	(??_TimeXus+1)^(0+1280),c
   504  01FEC8  C517  F516         	movff	??_TimeXus+1,??_TimeXus
   505  01FECC  6A17               	clrf	(??_TimeXus+1)^(0+1280),c
   506  01FECE  5016               	movf	??_TimeXus^(0+1280),w,c
   507  01FED0  6F19               	movwf	25,b	;volatile
   508  01FED2                     
   509                           ; BSR set to: 3
   510                           ;user_app.c: 132:     TMR0L = (u8)((0xFFFF - u16Time_delay) & 0x00FF);
   511  01FED2  5014               	movf	TimeXus@u16Time_delay^(0+1280),w,c
   512  01FED4  0AFF               	xorlw	255
   513  01FED6  6F18               	movwf	24,b	;volatile
   514                           
   515                           ;user_app.c: 135:     PIR3 &= 0x7F;
   516  01FED8  9EB1               	bcf	177,7,c	;volatile
   517                           
   518                           ;user_app.c: 136:     T0CON0 |= 0x80;
   519  01FEDA  8F1A               	bsf	26,7,b	;volatile
   520  01FEDC                     
   521                           ; BSR set to: 3
   522  01FEDC  0012               	return		;funcret
   523  01FEDE                     __end_of_TimeXus:
   524                           	callstack 0
   525                           
   526 ;; *************** function _SystemSleep *****************
   527 ;; Defined at:
   528 ;;		line 133 in file "encm369_pic18.c"
   529 ;; Parameters:    Size  Location     Type
   530 ;;		None
   531 ;; Auto vars:     Size  Location     Type
   532 ;;		None
   533 ;; Return value:  Size  Location     Type
   534 ;;                  1    wreg      void 
   535 ;; Registers used:
   536 ;;		None
   537 ;; Tracked objects:
   538 ;;		On entry : 0/0
   539 ;;		On exit  : 0/0
   540 ;;		Unchanged: 0/0
   541 ;; Data sizes:     COMRAM   BANK5   BANK6   BANK7   BANK8   BANK9  BANK10  BANK11  BANK12  BANK13  BANK14  BANK15  BANK1
      +6  BANK17  BANK18  BANK19  BANK20  BANK21  BANK22  BANK23  BANK24  BANK25  BANK26  BANK27  BANK28  BANK29  BANK30  BANK3
      +1  BANK32  BANK33  BANK34  BANK35  BANK36  BANK37
   542 ;;      Params:         0       0       0       0       0       0       0       0       0       0       0       0       
      +0       0       0       0       0       0       0       0       0       0       0       0       0       0       0       
      +0       0       0       0       0       0       0
   543 ;;      Locals:         0       0       0       0       0       0       0       0       0       0       0       0       
      +0       0       0       0       0       0       0       0       0       0       0       0       0       0       0       
      +0       0       0       0       0       0       0
   544 ;;      Temps:          0       0       0       0       0       0       0       0       0       0       0       0       
      +0       0       0       0       0       0       0       0       0       0       0       0       0       0       0       
      +0       0       0       0       0       0       0
   545 ;;      Totals:         0       0       0       0       0       0       0       0       0       0       0       0       
      +0       0       0       0       0       0       0       0       0       0       0       0       0       0       0       
      +0       0       0       0       0       0       0
   546 ;;Total ram usage:        0 bytes
   547 ;; Hardware stack levels used:    1
   548 ;; This function calls:
   549 ;;		Nothing
   550 ;; This function is called by:
   551 ;;		_main
   552 ;; This function uses a non-reentrant model
   553 ;;
   554                           
   555                           	psect	text4
   556  01FE72                     __ptext4:
   557                           	callstack 0
   558  01FE72                     _SystemSleep:
   559                           	callstack 127
   560  01FE72  0012               	return		;funcret
   561  01FE74                     __end_of_SystemSleep:
   562                           	callstack 0
   563                           
   564 ;; *************** function _SysTickSetup *****************
   565 ;; Defined at:
   566 ;;		line 111 in file "encm369_pic18.c"
   567 ;; Parameters:    Size  Location     Type
   568 ;;		None
   569 ;; Auto vars:     Size  Location     Type
   570 ;;		None
   571 ;; Return value:  Size  Location     Type
   572 ;;                  1    wreg      void 
   573 ;; Registers used:
   574 ;;		wreg, status,2
   575 ;; Tracked objects:
   576 ;;		On entry : 0/0
   577 ;;		On exit  : 0/0
   578 ;;		Unchanged: 0/0
   579 ;; Data sizes:     COMRAM   BANK5   BANK6   BANK7   BANK8   BANK9  BANK10  BANK11  BANK12  BANK13  BANK14  BANK15  BANK1
      +6  BANK17  BANK18  BANK19  BANK20  BANK21  BANK22  BANK23  BANK24  BANK25  BANK26  BANK27  BANK28  BANK29  BANK30  BANK3
      +1  BANK32  BANK33  BANK34  BANK35  BANK36  BANK37
   580 ;;      Params:         0       0       0       0       0       0       0       0       0       0       0       0       
      +0       0       0       0       0       0       0       0       0       0       0       0       0       0       0       
      +0       0       0       0       0       0       0
   581 ;;      Locals:         0       0       0       0       0       0       0       0       0       0       0       0       
      +0       0       0       0       0       0       0       0       0       0       0       0       0       0       0       
      +0       0       0       0       0       0       0
   582 ;;      Temps:          0       0       0       0       0       0       0       0       0       0       0       0       
      +0       0       0       0       0       0       0       0       0       0       0       0       0       0       0       
      +0       0       0       0       0       0       0
   583 ;;      Totals:         0       0       0       0       0       0       0       0       0       0       0       0       
      +0       0       0       0       0       0       0       0       0       0       0       0       0       0       0       
      +0       0       0       0       0       0       0
   584 ;;Total ram usage:        0 bytes
   585 ;; Hardware stack levels used:    1
   586 ;; This function calls:
   587 ;;		Nothing
   588 ;; This function is called by:
   589 ;;		_main
   590 ;; This function uses a non-reentrant model
   591 ;;
   592                           
   593                           	psect	text5
   594  01FE9A                     __ptext5:
   595                           	callstack 0
   596  01FE9A                     _SysTickSetup:
   597                           	callstack 127
   598  01FE9A                     
   599                           ;encm369_pic18.c: 113:   G_u32SystemTime1ms = 0;
   600  01FE9A  0E00               	movlw	0
   601  01FE9C  6E0D               	movwf	_G_u32SystemTime1ms^(0+1280),c	;volatile
   602  01FE9E  0E00               	movlw	0
   603  01FEA0  6E0E               	movwf	(_G_u32SystemTime1ms+1)^(0+1280),c	;volatile
   604  01FEA2  0E00               	movlw	0
   605  01FEA4  6E0F               	movwf	(_G_u32SystemTime1ms+2)^(0+1280),c	;volatile
   606  01FEA6  0E00               	movlw	0
   607  01FEA8  6E10               	movwf	(_G_u32SystemTime1ms+3)^(0+1280),c	;volatile
   608                           
   609                           ;encm369_pic18.c: 114:   G_u32SystemTime1s = 0;
   610  01FEAA  0E00               	movlw	0
   611  01FEAC  6E09               	movwf	_G_u32SystemTime1s^(0+1280),c	;volatile
   612  01FEAE  0E00               	movlw	0
   613  01FEB0  6E0A               	movwf	(_G_u32SystemTime1s+1)^(0+1280),c	;volatile
   614  01FEB2  0E00               	movlw	0
   615  01FEB4  6E0B               	movwf	(_G_u32SystemTime1s+2)^(0+1280),c	;volatile
   616  01FEB6  0E00               	movlw	0
   617  01FEB8  6E0C               	movwf	(_G_u32SystemTime1s+3)^(0+1280),c	;volatile
   618  01FEBA  0012               	return		;funcret
   619  01FEBC                     __end_of_SysTickSetup:
   620                           	callstack 0
   621                           
   622 ;; *************** function _GpioSetup *****************
   623 ;; Defined at:
   624 ;;		line 89 in file "encm369_pic18.c"
   625 ;; Parameters:    Size  Location     Type
   626 ;;		None
   627 ;; Auto vars:     Size  Location     Type
   628 ;;		None
   629 ;; Return value:  Size  Location     Type
   630 ;;                  1    wreg      void 
   631 ;; Registers used:
   632 ;;		wreg, status,2
   633 ;; Tracked objects:
   634 ;;		On entry : 0/0
   635 ;;		On exit  : 0/0
   636 ;;		Unchanged: 0/0
   637 ;; Data sizes:     COMRAM   BANK5   BANK6   BANK7   BANK8   BANK9  BANK10  BANK11  BANK12  BANK13  BANK14  BANK15  BANK1
      +6  BANK17  BANK18  BANK19  BANK20  BANK21  BANK22  BANK23  BANK24  BANK25  BANK26  BANK27  BANK28  BANK29  BANK30  BANK3
      +1  BANK32  BANK33  BANK34  BANK35  BANK36  BANK37
   638 ;;      Params:         0       0       0       0       0       0       0       0       0       0       0       0       
      +0       0       0       0       0       0       0       0       0       0       0       0       0       0       0       
      +0       0       0       0       0       0       0
   639 ;;      Locals:         0       0       0       0       0       0       0       0       0       0       0       0       
      +0       0       0       0       0       0       0       0       0       0       0       0       0       0       0       
      +0       0       0       0       0       0       0
   640 ;;      Temps:          0       0       0       0       0       0       0       0       0       0       0       0       
      +0       0       0       0       0       0       0       0       0       0       0       0       0       0       0       
      +0       0       0       0       0       0       0
   641 ;;      Totals:         0       0       0       0       0       0       0       0       0       0       0       0       
      +0       0       0       0       0       0       0       0       0       0       0       0       0       0       0       
      +0       0       0       0       0       0       0
   642 ;;Total ram usage:        0 bytes
   643 ;; Hardware stack levels used:    1
   644 ;; This function calls:
   645 ;;		Nothing
   646 ;; This function is called by:
   647 ;;		_main
   648 ;; This function uses a non-reentrant model
   649 ;;
   650                           
   651                           	psect	text6
   652  01FE7A                     __ptext6:
   653                           	callstack 0
   654  01FE7A                     _GpioSetup:
   655                           	callstack 127
   656  01FE7A                     
   657                           ;encm369_pic18.c: 91:     PORTA=0x80;
   658  01FE7A  0E80               	movlw	128
   659  01FE7C  6ECE               	movwf	206,c	;volatile
   660                           
   661                           ;encm369_pic18.c: 92:     TRISA=0x00;
   662  01FE7E  0E00               	movlw	0
   663  01FE80  6EC6               	movwf	198,c	;volatile
   664                           
   665                           ;encm369_pic18.c: 93:     ANSELA=0x00;
   666  01FE82  0E00               	movlw	0
   667  01FE84  0104               	movlb	4	; () banked
   668  01FE86  6F00               	movwf	0,b	;volatile
   669  01FE88                     
   670                           ; BSR set to: 4
   671  01FE88  0012               	return		;funcret
   672  01FE8A                     __end_of_GpioSetup:
   673                           	callstack 0
   674                           
   675 ;; *************** function _ClockSetup *****************
   676 ;; Defined at:
   677 ;;		line 70 in file "encm369_pic18.c"
   678 ;; Parameters:    Size  Location     Type
   679 ;;		None
   680 ;; Auto vars:     Size  Location     Type
   681 ;;		None
   682 ;; Return value:  Size  Location     Type
   683 ;;                  1    wreg      void 
   684 ;; Registers used:
   685 ;;		None
   686 ;; Tracked objects:
   687 ;;		On entry : 0/0
   688 ;;		On exit  : 0/0
   689 ;;		Unchanged: 0/0
   690 ;; Data sizes:     COMRAM   BANK5   BANK6   BANK7   BANK8   BANK9  BANK10  BANK11  BANK12  BANK13  BANK14  BANK15  BANK1
      +6  BANK17  BANK18  BANK19  BANK20  BANK21  BANK22  BANK23  BANK24  BANK25  BANK26  BANK27  BANK28  BANK29  BANK30  BANK3
      +1  BANK32  BANK33  BANK34  BANK35  BANK36  BANK37
   691 ;;      Params:         0       0       0       0       0       0       0       0       0       0       0       0       
      +0       0       0       0       0       0       0       0       0       0       0       0       0       0       0       
      +0       0       0       0       0       0       0
   692 ;;      Locals:         0       0       0       0       0       0       0       0       0       0       0       0       
      +0       0       0       0       0       0       0       0       0       0       0       0       0       0       0       
      +0       0       0       0       0       0       0
   693 ;;      Temps:          0       0       0       0       0       0       0       0       0       0       0       0       
      +0       0       0       0       0       0       0       0       0       0       0       0       0       0       0       
      +0       0       0       0       0       0       0
   694 ;;      Totals:         0       0       0       0       0       0       0       0       0       0       0       0       
      +0       0       0       0       0       0       0       0       0       0       0       0       0       0       0       
      +0       0       0       0       0       0       0
   695 ;;Total ram usage:        0 bytes
   696 ;; Hardware stack levels used:    1
   697 ;; This function calls:
   698 ;;		Nothing
   699 ;; This function is called by:
   700 ;;		_main
   701 ;; This function uses a non-reentrant model
   702 ;;
   703                           
   704                           	psect	text7
   705  01FE70                     __ptext7:
   706                           	callstack 0
   707  01FE70                     _ClockSetup:
   708                           	callstack 127
   709  01FE70  0012               	return		;funcret
   710  01FE72                     __end_of_ClockSetup:
   711                           	callstack 0
   712  0000                     
   713                           	psect	rparam
   714  0000                     
   715                           	psect	idloc
   716                           
   717                           ;Config register IDLOC0 @ 0x200000
   718                           ;	unspecified, using default values
   719  200000                     	org	2097152
   720  200000  0FFF               	dw	4095
   721                           
   722                           ;Config register IDLOC1 @ 0x200002
   723                           ;	unspecified, using default values
   724  200002                     	org	2097154
   725  200002  0FFF               	dw	4095
   726                           
   727                           ;Config register IDLOC2 @ 0x200004
   728                           ;	unspecified, using default values
   729  200004                     	org	2097156
   730  200004  0FFF               	dw	4095
   731                           
   732                           ;Config register IDLOC3 @ 0x200006
   733                           ;	unspecified, using default values
   734  200006                     	org	2097158
   735  200006  0FFF               	dw	4095
   736                           
   737                           ;Config register IDLOC4 @ 0x200008
   738                           ;	unspecified, using default values
   739  200008                     	org	2097160
   740  200008  0FFF               	dw	4095
   741                           
   742                           ;Config register IDLOC5 @ 0x20000A
   743                           ;	unspecified, using default values
   744  20000A                     	org	2097162
   745  20000A  0FFF               	dw	4095
   746                           
   747                           ;Config register IDLOC6 @ 0x20000C
   748                           ;	unspecified, using default values
   749  20000C                     	org	2097164
   750  20000C  0FFF               	dw	4095
   751                           
   752                           ;Config register IDLOC7 @ 0x20000E
   753                           ;	unspecified, using default values
   754  20000E                     	org	2097166
   755  20000E  0FFF               	dw	4095
   756                           
   757                           ;Config register IDLOC8 @ 0x200010
   758                           ;	unspecified, using default values
   759  200010                     	org	2097168
   760  200010  0FFF               	dw	4095
   761                           
   762                           ;Config register IDLOC9 @ 0x200012
   763                           ;	unspecified, using default values
   764  200012                     	org	2097170
   765  200012  0FFF               	dw	4095
   766                           
   767                           ;Config register IDLOC10 @ 0x200014
   768                           ;	unspecified, using default values
   769  200014                     	org	2097172
   770  200014  0FFF               	dw	4095
   771                           
   772                           ;Config register IDLOC11 @ 0x200016
   773                           ;	unspecified, using default values
   774  200016                     	org	2097174
   775  200016  0FFF               	dw	4095
   776                           
   777                           ;Config register IDLOC12 @ 0x200018
   778                           ;	unspecified, using default values
   779  200018                     	org	2097176
   780  200018  0FFF               	dw	4095
   781                           
   782                           ;Config register IDLOC13 @ 0x20001A
   783                           ;	unspecified, using default values
   784  20001A                     	org	2097178
   785  20001A  0FFF               	dw	4095
   786                           
   787                           ;Config register IDLOC14 @ 0x20001C
   788                           ;	unspecified, using default values
   789  20001C                     	org	2097180
   790  20001C  0FFF               	dw	4095
   791                           
   792                           ;Config register IDLOC15 @ 0x20001E
   793                           ;	unspecified, using default values
   794  20001E                     	org	2097182
   795  20001E  0FFF               	dw	4095
   796                           
   797                           	psect	config
   798                           
   799                           ;Config register CONFIG1 @ 0x300000
   800                           ;	External Oscillator Selection
   801                           ;	FEXTOSC = OFF, Oscillator not enabled
   802                           ;	Reset Oscillator Selection
   803                           ;	RSTOSC = HFINTOSC_64MHZ, HFINTOSC with HFFRQ = 64 MHz and CDIV = 1:1
   804  300000                     	org	3145728
   805  300000  8C                 	db	140
   806                           
   807                           ;Config register CONFIG2 @ 0x300001
   808                           ;	Clock out Enable bit
   809                           ;	CLKOUTEN = ON, CLKOUT function is enabled
   810                           ;	PRLOCKED One-Way Set Enable bit
   811                           ;	PR1WAY = ON, PRLOCKED bit can be cleared and set only once
   812                           ;	Clock Switch Enable bit
   813                           ;	CSWEN = ON, Writing to NOSC and NDIV is allowed
   814                           ;	Fail-Safe Clock Monitor Enable bit
   815                           ;	FCMEN = ON, Fail-Safe Clock Monitor enabled
   816  300001                     	org	3145729
   817  300001  FE                 	db	254
   818                           
   819                           ;Config register CONFIG3 @ 0x300002
   820                           ;	MCLR Enable bit
   821                           ;	MCLRE = EXTMCLR, If LVP = 0, MCLR pin is MCLR; If LVP = 1, RE3 pin function is MCLR
   822                           ;	Power-up timer selection bits
   823                           ;	PWRTS = PWRT_OFF, PWRT is disabled
   824                           ;	Multi-vector enable bit
   825                           ;	MVECEN = ON, Multi-vector enabled, Vector table used for interrupts
   826                           ;	IVTLOCK bit One-way set enable bit
   827                           ;	IVT1WAY = ON, IVTLOCKED bit can be cleared and set only once
   828                           ;	Low Power BOR Enable bit
   829                           ;	LPBOREN = OFF, Low-Power BOR disabled
   830                           ;	Brown-out Reset Enable bits
   831                           ;	BOREN = SBORDIS, Brown-out Reset enabled , SBOREN bit is ignored
   832  300002                     	org	3145730
   833  300002  FF                 	db	255
   834                           
   835                           ;Config register CONFIG4 @ 0x300003
   836                           ;	Brown-out Reset Voltage Selection bits
   837                           ;	BORV = VBOR_2P85, Brown-out Reset Voltage (VBOR) set to 2.8V
   838                           ;	ZCD Disable bit
   839                           ;	ZCD = OFF, ZCD module is disabled. ZCD can be enabled by setting the ZCDSEN bit of ZCD
      +                          CON
   840                           ;	PPSLOCK bit One-Way Set Enable bit
   841                           ;	PPS1WAY = ON, PPSLOCKED bit can be cleared and set only once; PPS registers remain loc
      +                          ked after one clear/set cycle
   842                           ;	Stack Full/Underflow Reset Enable bit
   843                           ;	STVREN = ON, Stack full/underflow will cause Reset
   844                           ;	Low Voltage Programming Enable bit
   845                           ;	LVP = ON, Low voltage programming enabled. MCLR/VPP pin function is MCLR. MCLRE config
      +                          uration bit is ignored
   846                           ;	Extended Instruction Set Enable bit
   847                           ;	XINST = OFF, Extended Instruction Set and Indexed Addressing Mode disabled
   848  300003                     	org	3145731
   849  300003  FC                 	db	252
   850                           
   851                           ;Config register CONFIG5 @ 0x300004
   852                           ;	WDT Period selection bits
   853                           ;	WDTCPS = WDTCPS_31, Divider ratio 1:65536; software control of WDTPS
   854                           ;	WDT operating mode
   855                           ;	WDTE = OFF, WDT Disabled; SWDTEN is ignored
   856  300004                     	org	3145732
   857  300004  9F                 	db	159
   858                           
   859                           ;Config register CONFIG6 @ 0x300005
   860                           ;	WDT Window Select bits
   861                           ;	WDTCWS = WDTCWS_7, window always open (100%); software control; keyed access not requi
      +                          red
   862                           ;	WDT input clock selector
   863                           ;	WDTCCS = SC, Software Control
   864  300005                     	org	3145733
   865  300005  FF                 	db	255
   866                           
   867                           ;Config register CONFIG7 @ 0x300006
   868                           ;	Boot Block Size selection bits
   869                           ;	BBSIZE = BBSIZE_512, Boot Block size is 512 words
   870                           ;	Boot Block enable bit
   871                           ;	BBEN = OFF, Boot block disabled
   872                           ;	Storage Area Flash enable bit
   873                           ;	SAFEN = OFF, SAF disabled
   874                           ;	Background Debugger
   875                           ;	DEBUG = OFF, Background Debugger disabled
   876  300006                     	org	3145734
   877  300006  FF                 	db	255
   878                           
   879                           ;Config register CONFIG8 @ 0x300007
   880                           ;	Boot Block Write Protection bit
   881                           ;	WRTB = OFF, Boot Block not Write protected
   882                           ;	Configuration Register Write Protection bit
   883                           ;	WRTC = OFF, Configuration registers not Write protected
   884                           ;	Data EEPROM Write Protection bit
   885                           ;	WRTD = OFF, Data EEPROM not Write protected
   886                           ;	SAF Write protection bit
   887                           ;	WRTSAF = OFF, SAF not Write Protected
   888                           ;	Application Block write protection bit
   889                           ;	WRTAPP = OFF, Application Block not write protected
   890  300007                     	org	3145735
   891  300007  FF                 	db	255
   892                           
   893                           ; Padding undefined space
   894  300008                     	org	3145736
   895  300008  FF                 	db	255
   896                           
   897                           ;Config register CONFIG10 @ 0x300009
   898                           ;	PFM and Data EEPROM Code Protection bit
   899                           ;	CP = OFF, PFM and Data EEPROM code protection disabled
   900  300009                     	org	3145737
   901  300009  FF                 	db	255
   902                           tosu	equ	0x4FF
   903                           tosh	equ	0x4FE
   904                           tosl	equ	0x4FD
   905                           stkptr	equ	0x4FC
   906                           pclatu	equ	0x4FB
   907                           pclath	equ	0x4FA
   908                           pcl	equ	0x4F9
   909                           tblptru	equ	0x4F8
   910                           tblptrh	equ	0x4F7
   911                           tblptrl	equ	0x4F6
   912                           tablat	equ	0x4F5
   913                           prodh	equ	0x4F4
   914                           prodl	equ	0x4F3
   915                           indf0	equ	0x4EF
   916                           postinc0	equ	0x4EE
   917                           postdec0	equ	0x4ED
   918                           preinc0	equ	0x4EC
   919                           plusw0	equ	0x4EB
   920                           fsr0h	equ	0x4EA
   921                           fsr0l	equ	0x4E9
   922                           wreg	equ	0x4E8
   923                           indf1	equ	0x4E7
   924                           postinc1	equ	0x4E6
   925                           postdec1	equ	0x4E5
   926                           preinc1	equ	0x4E4
   927                           plusw1	equ	0x4E3
   928                           fsr1h	equ	0x4E2
   929                           fsr1l	equ	0x4E1
   930                           bsr	equ	0x4E0
   931                           indf2	equ	0x4DF
   932                           postinc2	equ	0x4DE
   933                           postdec2	equ	0x4DD
   934                           preinc2	equ	0x4DC
   935                           plusw2	equ	0x4DB
   936                           fsr2h	equ	0x4DA
   937                           fsr2l	equ	0x4D9
   938                           status	equ	0x4D8

Data Sizes:
    Strings     0
    Constant    0
    Data        5
    BSS         19
    Persistent  0
    Stack       0

Auto Spaces:
    Space          Size  Autos    Used
    COMRAM           95      7      31
    BANK5           160      0       0
    BANK6           256      0       0
    BANK7           256      0       0
    BANK8           256      0       0
    BANK9           256      0       0
    BANK10          256      0       0
    BANK11          256      0       0
    BANK12          256      0       0
    BANK13          256      0       0
    BANK14          256      0       0
    BANK15          256      0       0
    BANK16          256      0       0
    BANK17          256      0       0
    BANK18          256      0       0
    BANK19          256      0       0
    BANK20          256      0       0
    BANK21          256      0       0
    BANK22          256      0       0
    BANK23          256      0       0
    BANK24          256      0       0
    BANK25          256      0       0
    BANK26          256      0       0
    BANK27          256      0       0
    BANK28          256      0       0
    BANK29          256      0       0
    BANK30          256      0       0
    BANK31          256      0       0
    BANK32          256      0       0
    BANK33          256      0       0
    BANK34          256      0       0
    BANK35          256      0       0
    BANK36          256      0       0
    BANK37          256      0       0

Pointer List with Targets:

    None.

Critical Paths under _main in COMRAM

    _main->_UserAppRun

Critical Paths under _main in BANK5

    None.

Critical Paths under _main in BANK6

    None.

Critical Paths under _main in BANK7

    None.

Critical Paths under _main in BANK8

    None.

Critical Paths under _main in BANK9

    None.

Critical Paths under _main in BANK10

    None.

Critical Paths under _main in BANK11

    None.

Critical Paths under _main in BANK12

    None.

Critical Paths under _main in BANK13

    None.

Critical Paths under _main in BANK14

    None.

Critical Paths under _main in BANK15

    None.

Critical Paths under _main in BANK16

    None.

Critical Paths under _main in BANK17

    None.

Critical Paths under _main in BANK18

    None.

Critical Paths under _main in BANK19

    None.

Critical Paths under _main in BANK20

    None.

Critical Paths under _main in BANK21

    None.

Critical Paths under _main in BANK22

    None.

Critical Paths under _main in BANK23

    None.

Critical Paths under _main in BANK24

    None.

Critical Paths under _main in BANK25

    None.

Critical Paths under _main in BANK26

    None.

Critical Paths under _main in BANK27

    None.

Critical Paths under _main in BANK28

    None.

Critical Paths under _main in BANK29

    None.

Critical Paths under _main in BANK30

    None.

Critical Paths under _main in BANK31

    None.

Critical Paths under _main in BANK32

    None.

Critical Paths under _main in BANK33

    None.

Critical Paths under _main in BANK34

    None.

Critical Paths under _main in BANK35

    None.

Critical Paths under _main in BANK36

    None.

Critical Paths under _main in BANK37

    None.

Call Graph Tables:

 ---------------------------------------------------------------------------------
 (Depth) Function   	        Calls       Base Space   Used Autos Params    Refs
 ---------------------------------------------------------------------------------
 (0) _main                                                 0     0      0     150
                         _ClockSetup
                          _GpioSetup
                       _SysTickSetup
                        _SystemSleep
                            _TimeXus
                  _UserAppInitialize
                         _UserAppRun
 ---------------------------------------------------------------------------------
 (1) _UserAppRun                                           7     7      0      30
                                              0 COMRAM     7     7      0
 ---------------------------------------------------------------------------------
 (1) _UserAppInitialize                                    0     0      0       0
 ---------------------------------------------------------------------------------
 (1) _TimeXus                                              4     2      2     120
                                              0 COMRAM     4     2      2
 ---------------------------------------------------------------------------------
 (1) _SystemSleep                                          0     0      0       0
 ---------------------------------------------------------------------------------
 (1) _SysTickSetup                                         0     0      0       0
 ---------------------------------------------------------------------------------
 (1) _GpioSetup                                            0     0      0       0
 ---------------------------------------------------------------------------------
 (1) _ClockSetup                                           0     0      0       0
 ---------------------------------------------------------------------------------
 Estimated maximum stack depth 1
 ---------------------------------------------------------------------------------

 Call Graph Graphs:

 _main (ROOT)
   _ClockSetup
   _GpioSetup
   _SysTickSetup
   _SystemSleep
   _TimeXus
   _UserAppInitialize
   _UserAppRun

 Address spaces:
Name               Size   Autos  Total    Cost      Usage
BIGRAM            20FF      0       0      71        0.0%
EEDATA             400      0       0       0        0.0%
BITBANK37          100      0       0      70        0.0%
BANK37             100      0       0      68        0.0%
BITBANK36          100      0       0      66        0.0%
BANK36             100      0       0      67        0.0%
BITBANK35          100      0       0      64        0.0%
BANK35             100      0       0      65        0.0%
BITBANK34          100      0       0      62        0.0%
BANK34             100      0       0      63        0.0%
BITBANK33          100      0       0      60        0.0%
BANK33             100      0       0      61        0.0%
BITBANK32          100      0       0      58        0.0%
BANK32             100      0       0      59        0.0%
BITBANK31          100      0       0      56        0.0%
BANK31             100      0       0      57        0.0%
BITBANK30          100      0       0      54        0.0%
BANK30             100      0       0      55        0.0%
BITBANK29          100      0       0      52        0.0%
BANK29             100      0       0      53        0.0%
BITBANK28          100      0       0      50        0.0%
BANK28             100      0       0      51        0.0%
BITBANK27          100      0       0      48        0.0%
BANK27             100      0       0      49        0.0%
BITBANK26          100      0       0      46        0.0%
BANK26             100      0       0      47        0.0%
BITBANK25          100      0       0      44        0.0%
BANK25             100      0       0      45        0.0%
BITBANK24          100      0       0      42        0.0%
BANK24             100      0       0      43        0.0%
BITBANK23          100      0       0      40        0.0%
BANK23             100      0       0      41        0.0%
BITBANK22          100      0       0      38        0.0%
BANK22             100      0       0      39        0.0%
BITBANK21          100      0       0      36        0.0%
BANK21             100      0       0      37        0.0%
BITBANK20          100      0       0      34        0.0%
BANK20             100      0       0      35        0.0%
BITBANK19          100      0       0      32        0.0%
BANK19             100      0       0      33        0.0%
BITBANK18          100      0       0      30        0.0%
BANK18             100      0       0      31        0.0%
BITBANK17          100      0       0      28        0.0%
BANK17             100      0       0      29        0.0%
BITBANK16          100      0       0      26        0.0%
BANK16             100      0       0      27        0.0%
BITBANK15          100      0       0      24        0.0%
BANK15             100      0       0      25        0.0%
BITBANK14          100      0       0      22        0.0%
BANK14             100      0       0      23        0.0%
BITBANK13          100      0       0      20        0.0%
BANK13             100      0       0      21        0.0%
BITBANK12          100      0       0      18        0.0%
BANK12             100      0       0      19        0.0%
BITBANK11          100      0       0      16        0.0%
BANK11             100      0       0      17        0.0%
BITBANK10          100      0       0      14        0.0%
BANK10             100      0       0      15        0.0%
BITBANK9           100      0       0      12        0.0%
BANK9              100      0       0      13        0.0%
BITBANK8           100      0       0      10        0.0%
BANK8              100      0       0      11        0.0%
BITBANK7           100      0       0       8        0.0%
BANK7              100      0       0       9        0.0%
BITBANK6           100      0       0       6        0.0%
BANK6              100      0       0       7        0.0%
BITBANK5            A0      0       0       4        0.0%
BANK5               A0      0       0       5        0.0%
BITCOMRAM           5F      0       0       0        0.0%
COMRAM              5F      7      1F       1       32.6%
BITSFR_5             0      0       0     200        0.0%
SFR_5                0      0       0     200        0.0%
BITSFR_4             0      0       0     200        0.0%
SFR_4                0      0       0     200        0.0%
BITSFR_3             0      0       0     200        0.0%
SFR_3                0      0       0     200        0.0%
BITSFR_2             0      0       0     200        0.0%
SFR_2                0      0       0     200        0.0%
BITSFR_1             0      0       0     200        0.0%
SFR_1                0      0       0     200        0.0%
BITSFR               0      0       0     200        0.0%
SFR                  0      0       0     200        0.0%
STACK                0      0       0       2        0.0%
NULL                 0      0       0       0        0.0%
ABS                  0      0      1F      69        0.0%
DATA                 0      0      1F       3        0.0%
CODE                 0      0       0       0        0.0%


Microchip Technology PIC18 Macro Assembler V2.31 build 20201012212115 
Symbol Table                                                                                   Sat Mar 06 19:26:48 2021

     __size_of_SysTickSetup 0022                          l13 FE70                          l22 FE72  
                        l16 FE88                          l19 FEBA                          l52 FF38  
                        l74 FE98                          l92 FEDC                          l89 FFFA  
                        u11 FF68                          u20 FF8A                          u21 FF86  
                        u30 FF9A                          u31 FF96                          u40 FFAA  
                        u41 FFA6                          u60 FF46                          u61 FF42  
                       l800 FFF6                         l830 FEBC                         l832 FEC0  
                       l840 FF16                         l834 FED2                         l850 FF28  
                       l842 FF1A                         l828 FE9A                         l772 FE8A  
                       l780 FF70                         l852 FF2C                         l844 FF1E  
                       l836 FF10                         l790 FFCA                         l782 FF8A  
                       l774 FF50                         l854 FF46                         l846 FF22  
                       l838 FF12                         l768 FE7A                         l792 FFCE  
                       l784 FF9A                         l776 FF5C                         l848 FF26  
                       l786 FFAA                         l794 FFD4                         l778 FF5E  
                       l796 FFE8                         l788 FFBA                         l798 FFEE  
                       wreg 0004E8                        _LATA 0004BE                        _PIR3 0004B1  
                      _main FF10                _SysTickSetup FE9A                        indf2 0004DF  
                      fsr1l 0004E1                        fsr2l 0004D9                        start FFFC  
      __size_of_SystemSleep 0002                ___param_bank 000000                  _ClockSetup FE70  
           __end_of_TimeXus FEDE                       ?_main 0514                       _TMR0H 000319  
                     _TMR0L 000318                       _PORTA 0004CE                       _TRISA 0004C6  
                     tablat 0004F5                       plusw1 0004E3                       plusw2 0004DB  
                     status 0004D8             __initialization FEDE                __end_of_main FF50  
                    ??_main 051B               __activetblptr 000000                      _ANSELA 000400  
                    _T0CON0 00031A                      _T0CON1 00031B          __size_of_GpioSetup 0010  
                 ??_TimeXus 0516                 ?_ClockSetup 0514                      clear_0 FF04  
              __pdataCOMRAM 051B                      tblptrh 0004F7                      tblptrl 0004F6  
                    tblptru 0004F8                  _UserAppRun FF50                  __accesstop 0560  
   __end_of__initialization FF0A               ___rparam_used 000001            _G_u8UserAppFlags 0513  
            __pcstackCOMRAM 0514           __end_of_GpioSetup FE8A         __size_of_ClockSetup 0002  
               ?_UserAppRun 0514          UserAppRun@u16Count 0501               ??_SystemSleep 0514  
                   __Hparam 0000                     __Lparam 0000                     _TimeXus FEBC  
                   __pcinit FEDE                     __ramtop 2600                     __ptext0 FF10  
                   __ptext1 FF50                     __ptext2 FE8A                     __ptext3 FEBC  
                   __ptext4 FE72                     __ptext5 FE9A                     __ptext6 FE7A  
                   __ptext7 FE70        end_of_initialization FF0A            _G_u32SystemFlags 0505  
                   postdec1 0004E5                     postinc0 0004EE         __end_of_SystemSleep FE74  
              ??_ClockSetup 0514         __size_of_UserAppRun 00AC          __end_of_ClockSetup FE72  
               UserAppRun@n 0511               __pidataCOMRAM FE75                   _GpioSetup FE7A  
       start_initialization FEDE               ?_SysTickSetup 0514                 _SystemSleep FE72  
                ?_GpioSetup 0514                 __pbssCOMRAM 0501           _UserAppInitialize FE8A  
              ??_UserAppRun 0514        UserAppRun@au8Pattern 0516          ?_UserAppInitialize 0514  
            ??_SysTickSetup 0514         ??_UserAppInitialize 0514                    ?_TimeXus 0514  
        __end_of_UserAppRun FFFC   __end_of_UserAppInitialize FE9A                 ??_GpioSetup 0514  
                 copy_data0 FEF2                    __Hrparam 0000                    __Lrparam 0000  
          __size_of_TimeXus 0022            UserAppRun@F15925 051B        __end_of_SysTickSetup FEBC  
__size_of_UserAppInitialize 0010               __size_of_main 0040                ?_SystemSleep 0514  
          UserAppRun@toggle 0512        TimeXus@u16Time_delay 0514          _G_u32SystemTime1ms 050D  
         _G_u32SystemTime1s 0509  
